[2023-11-14 15:19:36,034] {processor.py:153} INFO - Started process (PID=5355) to work on /home/pedro/projetos/projetos_python/proj_twitter_pipeline/airflow_pipeline/dags/twitter_dag.py
[2023-11-14 15:19:36,034] {processor.py:641} INFO - Processing file /home/pedro/projetos/projetos_python/proj_twitter_pipeline/airflow_pipeline/dags/twitter_dag.py for tasks to queue
[2023-11-14 15:19:36,034] {logging_mixin.py:115} INFO - [2023-11-14 15:19:36,034] {dagbag.py:507} INFO - Filling up the DagBag from /home/pedro/projetos/projetos_python/proj_twitter_pipeline/airflow_pipeline/dags/twitter_dag.py
[2023-11-14 15:19:36,036] {logging_mixin.py:115} INFO - [2023-11-14 15:19:36,036] {dagbag.py:320} ERROR - Failed to import: /home/pedro/projetos/projetos_python/proj_twitter_pipeline/airflow_pipeline/dags/twitter_dag.py
Traceback (most recent call last):
  File "/home/pedro/projetos/projetos_python/proj_twitter_pipeline/venv/lib/python3.9/site-packages/airflow/models/dagbag.py", line 317, in parse
    loader.exec_module(new_module)
  File "<frozen importlib._bootstrap_external>", line 850, in exec_module
  File "<frozen importlib._bootstrap>", line 228, in _call_with_frames_removed
  File "/home/pedro/projetos/projetos_python/proj_twitter_pipeline/airflow_pipeline/dags/twitter_dag.py", line 6, in <module>
    from airflow.providers.apache.spark.operators.spark_submit import SparkSubmitOperator
ModuleNotFoundError: No module named 'airflow.providers.apache'
[2023-11-14 15:19:36,037] {processor.py:653} WARNING - No viable dags retrieved from /home/pedro/projetos/projetos_python/proj_twitter_pipeline/airflow_pipeline/dags/twitter_dag.py
[2023-11-14 15:19:36,053] {processor.py:161} INFO - Processing /home/pedro/projetos/projetos_python/proj_twitter_pipeline/airflow_pipeline/dags/twitter_dag.py took 0.021 seconds
[2023-11-14 15:33:44,299] {processor.py:153} INFO - Started process (PID=6831) to work on /home/pedro/projetos/projetos_python/proj_twitter_pipeline/airflow_pipeline/dags/twitter_dag.py
[2023-11-14 15:33:44,301] {processor.py:641} INFO - Processing file /home/pedro/projetos/projetos_python/proj_twitter_pipeline/airflow_pipeline/dags/twitter_dag.py for tasks to queue
[2023-11-14 15:33:44,301] {logging_mixin.py:115} INFO - [2023-11-14 15:33:44,301] {dagbag.py:507} INFO - Filling up the DagBag from /home/pedro/projetos/projetos_python/proj_twitter_pipeline/airflow_pipeline/dags/twitter_dag.py
[2023-11-14 15:33:44,303] {logging_mixin.py:115} INFO - [2023-11-14 15:33:44,303] {dagbag.py:320} ERROR - Failed to import: /home/pedro/projetos/projetos_python/proj_twitter_pipeline/airflow_pipeline/dags/twitter_dag.py
Traceback (most recent call last):
  File "/home/pedro/projetos/projetos_python/proj_twitter_pipeline/venv/lib/python3.9/site-packages/airflow/models/dagbag.py", line 317, in parse
    loader.exec_module(new_module)
  File "<frozen importlib._bootstrap_external>", line 850, in exec_module
  File "<frozen importlib._bootstrap>", line 228, in _call_with_frames_removed
  File "/home/pedro/projetos/projetos_python/proj_twitter_pipeline/airflow_pipeline/dags/twitter_dag.py", line 6, in <module>
    from airflow.providers.apache.spark.operators.spark_submit import SparkSubmitOperator
ModuleNotFoundError: No module named 'airflow.providers.apache'
[2023-11-14 15:33:44,303] {processor.py:653} WARNING - No viable dags retrieved from /home/pedro/projetos/projetos_python/proj_twitter_pipeline/airflow_pipeline/dags/twitter_dag.py
[2023-11-14 15:33:44,332] {processor.py:161} INFO - Processing /home/pedro/projetos/projetos_python/proj_twitter_pipeline/airflow_pipeline/dags/twitter_dag.py took 0.036 seconds
[2023-11-14 15:34:14,434] {processor.py:153} INFO - Started process (PID=7138) to work on /home/pedro/projetos/projetos_python/proj_twitter_pipeline/airflow_pipeline/dags/twitter_dag.py
[2023-11-14 15:34:14,434] {processor.py:641} INFO - Processing file /home/pedro/projetos/projetos_python/proj_twitter_pipeline/airflow_pipeline/dags/twitter_dag.py for tasks to queue
[2023-11-14 15:34:14,435] {logging_mixin.py:115} INFO - [2023-11-14 15:34:14,435] {dagbag.py:507} INFO - Filling up the DagBag from /home/pedro/projetos/projetos_python/proj_twitter_pipeline/airflow_pipeline/dags/twitter_dag.py
[2023-11-14 15:34:14,437] {logging_mixin.py:115} INFO - [2023-11-14 15:34:14,436] {dagbag.py:320} ERROR - Failed to import: /home/pedro/projetos/projetos_python/proj_twitter_pipeline/airflow_pipeline/dags/twitter_dag.py
Traceback (most recent call last):
  File "/home/pedro/projetos/projetos_python/proj_twitter_pipeline/venv/lib/python3.9/site-packages/airflow/models/dagbag.py", line 317, in parse
    loader.exec_module(new_module)
  File "<frozen importlib._bootstrap_external>", line 850, in exec_module
  File "<frozen importlib._bootstrap>", line 228, in _call_with_frames_removed
  File "/home/pedro/projetos/projetos_python/proj_twitter_pipeline/airflow_pipeline/dags/twitter_dag.py", line 6, in <module>
    from airflow.providers.apache.spark.operators.spark_submit import SparkSubmitOperator
ModuleNotFoundError: No module named 'airflow.providers.apache'
[2023-11-14 15:34:14,437] {processor.py:653} WARNING - No viable dags retrieved from /home/pedro/projetos/projetos_python/proj_twitter_pipeline/airflow_pipeline/dags/twitter_dag.py
[2023-11-14 15:34:14,455] {processor.py:161} INFO - Processing /home/pedro/projetos/projetos_python/proj_twitter_pipeline/airflow_pipeline/dags/twitter_dag.py took 0.024 seconds
[2023-11-14 15:34:44,775] {processor.py:153} INFO - Started process (PID=7287) to work on /home/pedro/projetos/projetos_python/proj_twitter_pipeline/airflow_pipeline/dags/twitter_dag.py
[2023-11-14 15:34:44,777] {processor.py:641} INFO - Processing file /home/pedro/projetos/projetos_python/proj_twitter_pipeline/airflow_pipeline/dags/twitter_dag.py for tasks to queue
[2023-11-14 15:34:44,777] {logging_mixin.py:115} INFO - [2023-11-14 15:34:44,777] {dagbag.py:507} INFO - Filling up the DagBag from /home/pedro/projetos/projetos_python/proj_twitter_pipeline/airflow_pipeline/dags/twitter_dag.py
[2023-11-14 15:34:44,779] {logging_mixin.py:115} INFO - [2023-11-14 15:34:44,778] {dagbag.py:320} ERROR - Failed to import: /home/pedro/projetos/projetos_python/proj_twitter_pipeline/airflow_pipeline/dags/twitter_dag.py
Traceback (most recent call last):
  File "/home/pedro/projetos/projetos_python/proj_twitter_pipeline/venv/lib/python3.9/site-packages/airflow/models/dagbag.py", line 317, in parse
    loader.exec_module(new_module)
  File "<frozen importlib._bootstrap_external>", line 850, in exec_module
  File "<frozen importlib._bootstrap>", line 228, in _call_with_frames_removed
  File "/home/pedro/projetos/projetos_python/proj_twitter_pipeline/airflow_pipeline/dags/twitter_dag.py", line 6, in <module>
    from airflow.providers.apache.spark.operators.spark_submit import SparkSubmitOperator
ModuleNotFoundError: No module named 'airflow.providers.apache'
[2023-11-14 15:34:44,779] {processor.py:653} WARNING - No viable dags retrieved from /home/pedro/projetos/projetos_python/proj_twitter_pipeline/airflow_pipeline/dags/twitter_dag.py
[2023-11-14 15:34:44,796] {processor.py:161} INFO - Processing /home/pedro/projetos/projetos_python/proj_twitter_pipeline/airflow_pipeline/dags/twitter_dag.py took 0.023 seconds
[2023-11-14 15:35:15,157] {processor.py:153} INFO - Started process (PID=7333) to work on /home/pedro/projetos/projetos_python/proj_twitter_pipeline/airflow_pipeline/dags/twitter_dag.py
[2023-11-14 15:35:15,158] {processor.py:641} INFO - Processing file /home/pedro/projetos/projetos_python/proj_twitter_pipeline/airflow_pipeline/dags/twitter_dag.py for tasks to queue
[2023-11-14 15:35:15,158] {logging_mixin.py:115} INFO - [2023-11-14 15:35:15,158] {dagbag.py:507} INFO - Filling up the DagBag from /home/pedro/projetos/projetos_python/proj_twitter_pipeline/airflow_pipeline/dags/twitter_dag.py
[2023-11-14 15:35:15,161] {logging_mixin.py:115} INFO - [2023-11-14 15:35:15,160] {dagbag.py:320} ERROR - Failed to import: /home/pedro/projetos/projetos_python/proj_twitter_pipeline/airflow_pipeline/dags/twitter_dag.py
Traceback (most recent call last):
  File "/home/pedro/projetos/projetos_python/proj_twitter_pipeline/venv/lib/python3.9/site-packages/airflow/models/dagbag.py", line 317, in parse
    loader.exec_module(new_module)
  File "<frozen importlib._bootstrap_external>", line 850, in exec_module
  File "<frozen importlib._bootstrap>", line 228, in _call_with_frames_removed
  File "/home/pedro/projetos/projetos_python/proj_twitter_pipeline/airflow_pipeline/dags/twitter_dag.py", line 6, in <module>
    from airflow.providers.apache.spark.operators.spark_submit import SparkSubmitOperator
ModuleNotFoundError: No module named 'airflow.providers.apache'
[2023-11-14 15:35:15,161] {processor.py:653} WARNING - No viable dags retrieved from /home/pedro/projetos/projetos_python/proj_twitter_pipeline/airflow_pipeline/dags/twitter_dag.py
[2023-11-14 15:35:15,180] {processor.py:161} INFO - Processing /home/pedro/projetos/projetos_python/proj_twitter_pipeline/airflow_pipeline/dags/twitter_dag.py took 0.025 seconds
[2023-11-14 15:35:45,527] {processor.py:153} INFO - Started process (PID=7377) to work on /home/pedro/projetos/projetos_python/proj_twitter_pipeline/airflow_pipeline/dags/twitter_dag.py
[2023-11-14 15:35:45,528] {processor.py:641} INFO - Processing file /home/pedro/projetos/projetos_python/proj_twitter_pipeline/airflow_pipeline/dags/twitter_dag.py for tasks to queue
[2023-11-14 15:35:45,528] {logging_mixin.py:115} INFO - [2023-11-14 15:35:45,528] {dagbag.py:507} INFO - Filling up the DagBag from /home/pedro/projetos/projetos_python/proj_twitter_pipeline/airflow_pipeline/dags/twitter_dag.py
[2023-11-14 15:35:45,530] {logging_mixin.py:115} INFO - [2023-11-14 15:35:45,529] {dagbag.py:320} ERROR - Failed to import: /home/pedro/projetos/projetos_python/proj_twitter_pipeline/airflow_pipeline/dags/twitter_dag.py
Traceback (most recent call last):
  File "/home/pedro/projetos/projetos_python/proj_twitter_pipeline/venv/lib/python3.9/site-packages/airflow/models/dagbag.py", line 317, in parse
    loader.exec_module(new_module)
  File "<frozen importlib._bootstrap_external>", line 850, in exec_module
  File "<frozen importlib._bootstrap>", line 228, in _call_with_frames_removed
  File "/home/pedro/projetos/projetos_python/proj_twitter_pipeline/airflow_pipeline/dags/twitter_dag.py", line 6, in <module>
    from airflow.providers.apache.spark.operators.spark_submit import SparkSubmitOperator
ModuleNotFoundError: No module named 'airflow.providers.apache'
[2023-11-14 15:35:45,530] {processor.py:653} WARNING - No viable dags retrieved from /home/pedro/projetos/projetos_python/proj_twitter_pipeline/airflow_pipeline/dags/twitter_dag.py
[2023-11-14 15:35:45,548] {processor.py:161} INFO - Processing /home/pedro/projetos/projetos_python/proj_twitter_pipeline/airflow_pipeline/dags/twitter_dag.py took 0.024 seconds
[2023-11-14T15:54:55.961-0300] {processor.py:157} INFO - Started process (PID=9501) to work on /home/pedro/projetos/projetos_python/proj_twitter_pipeline/airflow_pipeline/dags/twitter_dag.py
[2023-11-14T15:54:55.963-0300] {processor.py:829} INFO - Processing file /home/pedro/projetos/projetos_python/proj_twitter_pipeline/airflow_pipeline/dags/twitter_dag.py for tasks to queue
[2023-11-14T15:54:55.964-0300] {logging_mixin.py:154} INFO - [2023-11-14T15:54:55.963-0300] {dagbag.py:536} INFO - Filling up the DagBag from /home/pedro/projetos/projetos_python/proj_twitter_pipeline/airflow_pipeline/dags/twitter_dag.py
[2023-11-14T15:54:55.979-0300] {processor.py:839} INFO - DAG(s) dict_keys(['TwitterDAG']) retrieved from /home/pedro/projetos/projetos_python/proj_twitter_pipeline/airflow_pipeline/dags/twitter_dag.py
[2023-11-14T15:54:55.986-0300] {logging_mixin.py:154} INFO - [2023-11-14T15:54:55.986-0300] {dag.py:2941} INFO - Sync 1 DAGs
[2023-11-14T15:54:56.018-0300] {logging_mixin.py:154} INFO - [2023-11-14T15:54:56.018-0300] {dag.py:3722} INFO - Setting next_dagrun for TwitterDAG to 2023-11-08T00:00:00+00:00, run_after=2023-11-09T00:00:00+00:00
[2023-11-14T15:54:56.045-0300] {processor.py:179} INFO - Processing /home/pedro/projetos/projetos_python/proj_twitter_pipeline/airflow_pipeline/dags/twitter_dag.py took 0.087 seconds
[2023-11-14T15:55:26.317-0300] {processor.py:157} INFO - Started process (PID=9816) to work on /home/pedro/projetos/projetos_python/proj_twitter_pipeline/airflow_pipeline/dags/twitter_dag.py
[2023-11-14T15:55:26.317-0300] {processor.py:829} INFO - Processing file /home/pedro/projetos/projetos_python/proj_twitter_pipeline/airflow_pipeline/dags/twitter_dag.py for tasks to queue
[2023-11-14T15:55:26.319-0300] {logging_mixin.py:154} INFO - [2023-11-14T15:55:26.318-0300] {dagbag.py:536} INFO - Filling up the DagBag from /home/pedro/projetos/projetos_python/proj_twitter_pipeline/airflow_pipeline/dags/twitter_dag.py
[2023-11-14T15:55:26.333-0300] {processor.py:839} INFO - DAG(s) dict_keys(['TwitterDAG']) retrieved from /home/pedro/projetos/projetos_python/proj_twitter_pipeline/airflow_pipeline/dags/twitter_dag.py
[2023-11-14T15:55:26.349-0300] {logging_mixin.py:154} INFO - [2023-11-14T15:55:26.349-0300] {dag.py:2941} INFO - Sync 1 DAGs
[2023-11-14T15:55:26.367-0300] {logging_mixin.py:154} INFO - [2023-11-14T15:55:26.367-0300] {dag.py:3722} INFO - Setting next_dagrun for TwitterDAG to 2023-11-08T00:00:00+00:00, run_after=2023-11-09T00:00:00+00:00
[2023-11-14T15:55:26.388-0300] {processor.py:179} INFO - Processing /home/pedro/projetos/projetos_python/proj_twitter_pipeline/airflow_pipeline/dags/twitter_dag.py took 0.074 seconds
[2023-11-14T15:55:56.674-0300] {processor.py:157} INFO - Started process (PID=9938) to work on /home/pedro/projetos/projetos_python/proj_twitter_pipeline/airflow_pipeline/dags/twitter_dag.py
[2023-11-14T15:55:56.675-0300] {processor.py:829} INFO - Processing file /home/pedro/projetos/projetos_python/proj_twitter_pipeline/airflow_pipeline/dags/twitter_dag.py for tasks to queue
[2023-11-14T15:55:56.676-0300] {logging_mixin.py:154} INFO - [2023-11-14T15:55:56.675-0300] {dagbag.py:536} INFO - Filling up the DagBag from /home/pedro/projetos/projetos_python/proj_twitter_pipeline/airflow_pipeline/dags/twitter_dag.py
[2023-11-14T15:55:56.686-0300] {processor.py:839} INFO - DAG(s) dict_keys(['TwitterDAG']) retrieved from /home/pedro/projetos/projetos_python/proj_twitter_pipeline/airflow_pipeline/dags/twitter_dag.py
[2023-11-14T15:55:56.699-0300] {logging_mixin.py:154} INFO - [2023-11-14T15:55:56.699-0300] {dag.py:2941} INFO - Sync 1 DAGs
[2023-11-14T15:55:56.712-0300] {logging_mixin.py:154} INFO - [2023-11-14T15:55:56.712-0300] {dag.py:3722} INFO - Setting next_dagrun for TwitterDAG to 2023-11-08T00:00:00+00:00, run_after=2023-11-09T00:00:00+00:00
[2023-11-14T15:55:56.737-0300] {processor.py:179} INFO - Processing /home/pedro/projetos/projetos_python/proj_twitter_pipeline/airflow_pipeline/dags/twitter_dag.py took 0.065 seconds
[2023-11-14T15:56:27.079-0300] {processor.py:157} INFO - Started process (PID=10049) to work on /home/pedro/projetos/projetos_python/proj_twitter_pipeline/airflow_pipeline/dags/twitter_dag.py
[2023-11-14T15:56:27.081-0300] {processor.py:829} INFO - Processing file /home/pedro/projetos/projetos_python/proj_twitter_pipeline/airflow_pipeline/dags/twitter_dag.py for tasks to queue
[2023-11-14T15:56:27.081-0300] {logging_mixin.py:154} INFO - [2023-11-14T15:56:27.081-0300] {dagbag.py:536} INFO - Filling up the DagBag from /home/pedro/projetos/projetos_python/proj_twitter_pipeline/airflow_pipeline/dags/twitter_dag.py
[2023-11-14T15:56:27.093-0300] {processor.py:839} INFO - DAG(s) dict_keys(['TwitterDAG']) retrieved from /home/pedro/projetos/projetos_python/proj_twitter_pipeline/airflow_pipeline/dags/twitter_dag.py
[2023-11-14T15:56:27.109-0300] {logging_mixin.py:154} INFO - [2023-11-14T15:56:27.108-0300] {dag.py:2941} INFO - Sync 1 DAGs
[2023-11-14T15:56:27.126-0300] {logging_mixin.py:154} INFO - [2023-11-14T15:56:27.126-0300] {dag.py:3722} INFO - Setting next_dagrun for TwitterDAG to 2023-11-08T00:00:00+00:00, run_after=2023-11-09T00:00:00+00:00
[2023-11-14T15:56:27.154-0300] {processor.py:179} INFO - Processing /home/pedro/projetos/projetos_python/proj_twitter_pipeline/airflow_pipeline/dags/twitter_dag.py took 0.077 seconds
[2023-11-14T15:56:56.353-0300] {processor.py:157} INFO - Started process (PID=10092) to work on /home/pedro/projetos/projetos_python/proj_twitter_pipeline/airflow_pipeline/dags/twitter_dag.py
[2023-11-14T15:56:56.355-0300] {processor.py:829} INFO - Processing file /home/pedro/projetos/projetos_python/proj_twitter_pipeline/airflow_pipeline/dags/twitter_dag.py for tasks to queue
[2023-11-14T15:56:56.356-0300] {logging_mixin.py:154} INFO - [2023-11-14T15:56:56.355-0300] {dagbag.py:536} INFO - Filling up the DagBag from /home/pedro/projetos/projetos_python/proj_twitter_pipeline/airflow_pipeline/dags/twitter_dag.py
[2023-11-14T15:56:56.359-0300] {logging_mixin.py:154} INFO - [2023-11-14T15:56:56.358-0300] {dagbag.py:346} ERROR - Failed to import: /home/pedro/projetos/projetos_python/proj_twitter_pipeline/airflow_pipeline/dags/twitter_dag.py
Traceback (most recent call last):
  File "/home/pedro/projetos/projetos_python/proj_twitter_pipeline/venv/lib/python3.9/site-packages/airflow/models/dagbag.py", line 342, in parse
    loader.exec_module(new_module)
  File "<frozen importlib._bootstrap_external>", line 846, in exec_module
  File "<frozen importlib._bootstrap_external>", line 983, in get_code
  File "<frozen importlib._bootstrap_external>", line 913, in source_to_code
  File "<frozen importlib._bootstrap>", line 228, in _call_with_frames_removed
  File "/home/pedro/projetos/projetos_python/proj_twitter_pipeline/airflow_pipeline/dags/twitter_dag.py", line 81
    twitter_extract >> twitter_transform
    ^
SyntaxError: invalid syntax
[2023-11-14T15:56:56.359-0300] {processor.py:841} WARNING - No viable dags retrieved from /home/pedro/projetos/projetos_python/proj_twitter_pipeline/airflow_pipeline/dags/twitter_dag.py
[2023-11-14T15:56:56.376-0300] {processor.py:179} INFO - Processing /home/pedro/projetos/projetos_python/proj_twitter_pipeline/airflow_pipeline/dags/twitter_dag.py took 0.025 seconds
[2023-11-14T15:57:14.324-0300] {processor.py:157} INFO - Started process (PID=10255) to work on /home/pedro/projetos/projetos_python/proj_twitter_pipeline/airflow_pipeline/dags/twitter_dag.py
[2023-11-14T15:57:14.324-0300] {processor.py:829} INFO - Processing file /home/pedro/projetos/projetos_python/proj_twitter_pipeline/airflow_pipeline/dags/twitter_dag.py for tasks to queue
[2023-11-14T15:57:14.325-0300] {logging_mixin.py:154} INFO - [2023-11-14T15:57:14.325-0300] {dagbag.py:536} INFO - Filling up the DagBag from /home/pedro/projetos/projetos_python/proj_twitter_pipeline/airflow_pipeline/dags/twitter_dag.py
[2023-11-14T15:57:14.329-0300] {logging_mixin.py:154} INFO - [2023-11-14T15:57:14.328-0300] {dagbag.py:346} ERROR - Failed to import: /home/pedro/projetos/projetos_python/proj_twitter_pipeline/airflow_pipeline/dags/twitter_dag.py
Traceback (most recent call last):
  File "/home/pedro/projetos/projetos_python/proj_twitter_pipeline/venv/lib/python3.9/site-packages/airflow/models/dagbag.py", line 342, in parse
    loader.exec_module(new_module)
  File "<frozen importlib._bootstrap_external>", line 846, in exec_module
  File "<frozen importlib._bootstrap_external>", line 983, in get_code
  File "<frozen importlib._bootstrap_external>", line 913, in source_to_code
  File "<frozen importlib._bootstrap>", line 228, in _call_with_frames_removed
  File "/home/pedro/projetos/projetos_python/proj_twitter_pipeline/airflow_pipeline/dags/twitter_dag.py", line 81
    twitter_extract >> twitter_transform
    ^
SyntaxError: invalid syntax
[2023-11-14T15:57:14.330-0300] {processor.py:841} WARNING - No viable dags retrieved from /home/pedro/projetos/projetos_python/proj_twitter_pipeline/airflow_pipeline/dags/twitter_dag.py
[2023-11-14T15:57:14.403-0300] {processor.py:179} INFO - Processing /home/pedro/projetos/projetos_python/proj_twitter_pipeline/airflow_pipeline/dags/twitter_dag.py took 0.082 seconds
[2023-11-14T15:57:30.363-0300] {processor.py:157} INFO - Started process (PID=10405) to work on /home/pedro/projetos/projetos_python/proj_twitter_pipeline/airflow_pipeline/dags/twitter_dag.py
[2023-11-14T15:57:30.365-0300] {processor.py:829} INFO - Processing file /home/pedro/projetos/projetos_python/proj_twitter_pipeline/airflow_pipeline/dags/twitter_dag.py for tasks to queue
[2023-11-14T15:57:30.365-0300] {logging_mixin.py:154} INFO - [2023-11-14T15:57:30.365-0300] {dagbag.py:536} INFO - Filling up the DagBag from /home/pedro/projetos/projetos_python/proj_twitter_pipeline/airflow_pipeline/dags/twitter_dag.py
[2023-11-14T15:57:30.376-0300] {processor.py:839} INFO - DAG(s) dict_keys(['TwitterDAG']) retrieved from /home/pedro/projetos/projetos_python/proj_twitter_pipeline/airflow_pipeline/dags/twitter_dag.py
[2023-11-14T15:57:30.445-0300] {logging_mixin.py:154} INFO - [2023-11-14T15:57:30.445-0300] {dag.py:2941} INFO - Sync 1 DAGs
[2023-11-14T15:57:30.457-0300] {logging_mixin.py:154} INFO - [2023-11-14T15:57:30.457-0300] {dag.py:3722} INFO - Setting next_dagrun for TwitterDAG to 2023-11-08T00:00:00+00:00, run_after=2023-11-09T00:00:00+00:00
[2023-11-14T15:57:30.489-0300] {processor.py:179} INFO - Processing /home/pedro/projetos/projetos_python/proj_twitter_pipeline/airflow_pipeline/dags/twitter_dag.py took 0.129 seconds
[2023-11-14T15:57:54.973-0300] {processor.py:157} INFO - Started process (PID=10516) to work on /home/pedro/projetos/projetos_python/proj_twitter_pipeline/airflow_pipeline/dags/twitter_dag.py
[2023-11-14T15:57:54.974-0300] {processor.py:829} INFO - Processing file /home/pedro/projetos/projetos_python/proj_twitter_pipeline/airflow_pipeline/dags/twitter_dag.py for tasks to queue
[2023-11-14T15:57:54.975-0300] {logging_mixin.py:154} INFO - [2023-11-14T15:57:54.974-0300] {dagbag.py:536} INFO - Filling up the DagBag from /home/pedro/projetos/projetos_python/proj_twitter_pipeline/airflow_pipeline/dags/twitter_dag.py
[2023-11-14T15:57:54.987-0300] {processor.py:839} INFO - DAG(s) dict_keys(['TwitterDAG']) retrieved from /home/pedro/projetos/projetos_python/proj_twitter_pipeline/airflow_pipeline/dags/twitter_dag.py
[2023-11-14T15:57:54.995-0300] {logging_mixin.py:154} INFO - [2023-11-14T15:57:54.995-0300] {dag.py:2941} INFO - Sync 1 DAGs
[2023-11-14T15:57:55.013-0300] {logging_mixin.py:154} INFO - [2023-11-14T15:57:55.013-0300] {dag.py:3722} INFO - Setting next_dagrun for TwitterDAG to 2023-11-08T00:00:00+00:00, run_after=2023-11-09T00:00:00+00:00
[2023-11-14T15:57:55.037-0300] {processor.py:179} INFO - Processing /home/pedro/projetos/projetos_python/proj_twitter_pipeline/airflow_pipeline/dags/twitter_dag.py took 0.067 seconds
[2023-11-14T15:58:25.782-0300] {processor.py:157} INFO - Started process (PID=10883) to work on /home/pedro/projetos/projetos_python/proj_twitter_pipeline/airflow_pipeline/dags/twitter_dag.py
[2023-11-14T15:58:25.785-0300] {processor.py:829} INFO - Processing file /home/pedro/projetos/projetos_python/proj_twitter_pipeline/airflow_pipeline/dags/twitter_dag.py for tasks to queue
[2023-11-14T15:58:25.787-0300] {logging_mixin.py:154} INFO - [2023-11-14T15:58:25.786-0300] {dagbag.py:536} INFO - Filling up the DagBag from /home/pedro/projetos/projetos_python/proj_twitter_pipeline/airflow_pipeline/dags/twitter_dag.py
[2023-11-14T15:58:25.806-0300] {processor.py:839} INFO - DAG(s) dict_keys(['TwitterDAG']) retrieved from /home/pedro/projetos/projetos_python/proj_twitter_pipeline/airflow_pipeline/dags/twitter_dag.py
[2023-11-14T15:58:25.819-0300] {logging_mixin.py:154} INFO - [2023-11-14T15:58:25.819-0300] {dag.py:2941} INFO - Sync 1 DAGs
[2023-11-14T15:58:25.833-0300] {logging_mixin.py:154} INFO - [2023-11-14T15:58:25.833-0300] {dag.py:3722} INFO - Setting next_dagrun for TwitterDAG to 2023-11-14T00:00:00+00:00, run_after=2023-11-15T00:00:00+00:00
[2023-11-14T15:58:25.854-0300] {processor.py:179} INFO - Processing /home/pedro/projetos/projetos_python/proj_twitter_pipeline/airflow_pipeline/dags/twitter_dag.py took 0.077 seconds
[2023-11-14T15:58:55.959-0300] {processor.py:157} INFO - Started process (PID=11134) to work on /home/pedro/projetos/projetos_python/proj_twitter_pipeline/airflow_pipeline/dags/twitter_dag.py
[2023-11-14T15:58:55.959-0300] {processor.py:829} INFO - Processing file /home/pedro/projetos/projetos_python/proj_twitter_pipeline/airflow_pipeline/dags/twitter_dag.py for tasks to queue
[2023-11-14T15:58:55.960-0300] {logging_mixin.py:154} INFO - [2023-11-14T15:58:55.960-0300] {dagbag.py:536} INFO - Filling up the DagBag from /home/pedro/projetos/projetos_python/proj_twitter_pipeline/airflow_pipeline/dags/twitter_dag.py
[2023-11-14T15:58:55.970-0300] {processor.py:839} INFO - DAG(s) dict_keys(['TwitterDAG']) retrieved from /home/pedro/projetos/projetos_python/proj_twitter_pipeline/airflow_pipeline/dags/twitter_dag.py
[2023-11-14T15:58:55.983-0300] {logging_mixin.py:154} INFO - [2023-11-14T15:58:55.983-0300] {dag.py:2941} INFO - Sync 1 DAGs
[2023-11-14T15:58:55.997-0300] {logging_mixin.py:154} INFO - [2023-11-14T15:58:55.997-0300] {dag.py:3722} INFO - Setting next_dagrun for TwitterDAG to 2023-11-14T00:00:00+00:00, run_after=2023-11-15T00:00:00+00:00
[2023-11-14T15:58:56.018-0300] {processor.py:179} INFO - Processing /home/pedro/projetos/projetos_python/proj_twitter_pipeline/airflow_pipeline/dags/twitter_dag.py took 0.061 seconds
[2023-11-14T15:59:26.193-0300] {processor.py:157} INFO - Started process (PID=11333) to work on /home/pedro/projetos/projetos_python/proj_twitter_pipeline/airflow_pipeline/dags/twitter_dag.py
[2023-11-14T15:59:26.195-0300] {processor.py:829} INFO - Processing file /home/pedro/projetos/projetos_python/proj_twitter_pipeline/airflow_pipeline/dags/twitter_dag.py for tasks to queue
[2023-11-14T15:59:26.196-0300] {logging_mixin.py:154} INFO - [2023-11-14T15:59:26.196-0300] {dagbag.py:536} INFO - Filling up the DagBag from /home/pedro/projetos/projetos_python/proj_twitter_pipeline/airflow_pipeline/dags/twitter_dag.py
[2023-11-14T15:59:26.209-0300] {processor.py:839} INFO - DAG(s) dict_keys(['TwitterDAG']) retrieved from /home/pedro/projetos/projetos_python/proj_twitter_pipeline/airflow_pipeline/dags/twitter_dag.py
[2023-11-14T15:59:26.285-0300] {logging_mixin.py:154} INFO - [2023-11-14T15:59:26.285-0300] {dag.py:2941} INFO - Sync 1 DAGs
[2023-11-14T15:59:26.294-0300] {logging_mixin.py:154} INFO - [2023-11-14T15:59:26.294-0300] {dag.py:2963} INFO - Creating ORM DAG for TwitterDAG
[2023-11-14T15:59:26.302-0300] {logging_mixin.py:154} INFO - [2023-11-14T15:59:26.302-0300] {dag.py:3722} INFO - Setting next_dagrun for TwitterDAG to 2023-11-08T00:00:00+00:00, run_after=2023-11-09T00:00:00+00:00
[2023-11-14T15:59:26.324-0300] {processor.py:179} INFO - Processing /home/pedro/projetos/projetos_python/proj_twitter_pipeline/airflow_pipeline/dags/twitter_dag.py took 0.135 seconds
[2023-11-14T16:00:15.164-0300] {processor.py:157} INFO - Started process (PID=12039) to work on /home/pedro/projetos/projetos_python/proj_twitter_pipeline/airflow_pipeline/dags/twitter_dag.py
[2023-11-14T16:00:15.165-0300] {processor.py:829} INFO - Processing file /home/pedro/projetos/projetos_python/proj_twitter_pipeline/airflow_pipeline/dags/twitter_dag.py for tasks to queue
[2023-11-14T16:00:15.166-0300] {logging_mixin.py:154} INFO - [2023-11-14T16:00:15.166-0300] {dagbag.py:536} INFO - Filling up the DagBag from /home/pedro/projetos/projetos_python/proj_twitter_pipeline/airflow_pipeline/dags/twitter_dag.py
[2023-11-14T16:00:15.177-0300] {processor.py:839} INFO - DAG(s) dict_keys(['TwitterDAG']) retrieved from /home/pedro/projetos/projetos_python/proj_twitter_pipeline/airflow_pipeline/dags/twitter_dag.py
[2023-11-14T16:00:15.192-0300] {logging_mixin.py:154} INFO - [2023-11-14T16:00:15.191-0300] {dag.py:2941} INFO - Sync 1 DAGs
[2023-11-14T16:00:15.208-0300] {logging_mixin.py:154} INFO - [2023-11-14T16:00:15.208-0300] {dag.py:3722} INFO - Setting next_dagrun for TwitterDAG to 2023-11-10T00:00:00+00:00, run_after=2023-11-11T00:00:00+00:00
[2023-11-14T16:00:15.231-0300] {processor.py:179} INFO - Processing /home/pedro/projetos/projetos_python/proj_twitter_pipeline/airflow_pipeline/dags/twitter_dag.py took 0.069 seconds
[2023-11-14T16:01:45.418-0300] {processor.py:157} INFO - Started process (PID=13460) to work on /home/pedro/projetos/projetos_python/proj_twitter_pipeline/airflow_pipeline/dags/twitter_dag.py
[2023-11-14T16:01:45.420-0300] {processor.py:829} INFO - Processing file /home/pedro/projetos/projetos_python/proj_twitter_pipeline/airflow_pipeline/dags/twitter_dag.py for tasks to queue
[2023-11-14T16:01:45.420-0300] {logging_mixin.py:154} INFO - [2023-11-14T16:01:45.420-0300] {dagbag.py:536} INFO - Filling up the DagBag from /home/pedro/projetos/projetos_python/proj_twitter_pipeline/airflow_pipeline/dags/twitter_dag.py
[2023-11-14T16:01:45.427-0300] {processor.py:839} INFO - DAG(s) dict_keys(['TwitterDAG']) retrieved from /home/pedro/projetos/projetos_python/proj_twitter_pipeline/airflow_pipeline/dags/twitter_dag.py
[2023-11-14T16:01:45.445-0300] {logging_mixin.py:154} INFO - [2023-11-14T16:01:45.445-0300] {dag.py:2941} INFO - Sync 1 DAGs
[2023-11-14T16:01:45.461-0300] {logging_mixin.py:154} INFO - [2023-11-14T16:01:45.460-0300] {dag.py:3722} INFO - Setting next_dagrun for TwitterDAG to 2023-11-13T00:00:00+00:00, run_after=2023-11-14T00:00:00+00:00
[2023-11-14T16:01:45.483-0300] {processor.py:179} INFO - Processing /home/pedro/projetos/projetos_python/proj_twitter_pipeline/airflow_pipeline/dags/twitter_dag.py took 0.070 seconds
[2023-11-14T16:02:15.619-0300] {processor.py:157} INFO - Started process (PID=13901) to work on /home/pedro/projetos/projetos_python/proj_twitter_pipeline/airflow_pipeline/dags/twitter_dag.py
[2023-11-14T16:02:15.620-0300] {processor.py:829} INFO - Processing file /home/pedro/projetos/projetos_python/proj_twitter_pipeline/airflow_pipeline/dags/twitter_dag.py for tasks to queue
[2023-11-14T16:02:15.620-0300] {logging_mixin.py:154} INFO - [2023-11-14T16:02:15.620-0300] {dagbag.py:536} INFO - Filling up the DagBag from /home/pedro/projetos/projetos_python/proj_twitter_pipeline/airflow_pipeline/dags/twitter_dag.py
[2023-11-14T16:02:15.627-0300] {processor.py:839} INFO - DAG(s) dict_keys(['TwitterDAG']) retrieved from /home/pedro/projetos/projetos_python/proj_twitter_pipeline/airflow_pipeline/dags/twitter_dag.py
[2023-11-14T16:02:15.725-0300] {logging_mixin.py:154} INFO - [2023-11-14T16:02:15.725-0300] {dag.py:2941} INFO - Sync 1 DAGs
[2023-11-14T16:02:15.746-0300] {logging_mixin.py:154} INFO - [2023-11-14T16:02:15.746-0300] {dag.py:2963} INFO - Creating ORM DAG for TwitterDAG
[2023-11-14T16:02:15.771-0300] {logging_mixin.py:154} INFO - [2023-11-14T16:02:15.771-0300] {dag.py:3722} INFO - Setting next_dagrun for TwitterDAG to 2023-11-08T00:00:00+00:00, run_after=2023-11-09T00:00:00+00:00
[2023-11-14T16:02:15.800-0300] {processor.py:179} INFO - Processing /home/pedro/projetos/projetos_python/proj_twitter_pipeline/airflow_pipeline/dags/twitter_dag.py took 0.185 seconds
[2023-11-14T16:02:46.431-0300] {processor.py:157} INFO - Started process (PID=14134) to work on /home/pedro/projetos/projetos_python/proj_twitter_pipeline/airflow_pipeline/dags/twitter_dag.py
[2023-11-14T16:02:46.434-0300] {processor.py:829} INFO - Processing file /home/pedro/projetos/projetos_python/proj_twitter_pipeline/airflow_pipeline/dags/twitter_dag.py for tasks to queue
[2023-11-14T16:02:46.435-0300] {logging_mixin.py:154} INFO - [2023-11-14T16:02:46.434-0300] {dagbag.py:536} INFO - Filling up the DagBag from /home/pedro/projetos/projetos_python/proj_twitter_pipeline/airflow_pipeline/dags/twitter_dag.py
[2023-11-14T16:02:46.441-0300] {processor.py:839} INFO - DAG(s) dict_keys(['TwitterDAG']) retrieved from /home/pedro/projetos/projetos_python/proj_twitter_pipeline/airflow_pipeline/dags/twitter_dag.py
[2023-11-14T16:02:46.455-0300] {logging_mixin.py:154} INFO - [2023-11-14T16:02:46.455-0300] {dag.py:2941} INFO - Sync 1 DAGs
[2023-11-14T16:02:46.466-0300] {logging_mixin.py:154} INFO - [2023-11-14T16:02:46.466-0300] {dag.py:3722} INFO - Setting next_dagrun for TwitterDAG to 2023-11-08T00:00:00+00:00, run_after=2023-11-09T00:00:00+00:00
[2023-11-14T16:02:46.487-0300] {processor.py:179} INFO - Processing /home/pedro/projetos/projetos_python/proj_twitter_pipeline/airflow_pipeline/dags/twitter_dag.py took 0.058 seconds
[2023-11-14T16:03:17.136-0300] {processor.py:157} INFO - Started process (PID=14301) to work on /home/pedro/projetos/projetos_python/proj_twitter_pipeline/airflow_pipeline/dags/twitter_dag.py
[2023-11-14T16:03:17.160-0300] {processor.py:829} INFO - Processing file /home/pedro/projetos/projetos_python/proj_twitter_pipeline/airflow_pipeline/dags/twitter_dag.py for tasks to queue
[2023-11-14T16:03:17.161-0300] {logging_mixin.py:154} INFO - [2023-11-14T16:03:17.161-0300] {dagbag.py:536} INFO - Filling up the DagBag from /home/pedro/projetos/projetos_python/proj_twitter_pipeline/airflow_pipeline/dags/twitter_dag.py
[2023-11-14T16:03:17.167-0300] {processor.py:839} INFO - DAG(s) dict_keys(['TwitterDAG']) retrieved from /home/pedro/projetos/projetos_python/proj_twitter_pipeline/airflow_pipeline/dags/twitter_dag.py
[2023-11-14T16:03:17.208-0300] {logging_mixin.py:154} INFO - [2023-11-14T16:03:17.208-0300] {dag.py:2941} INFO - Sync 1 DAGs
[2023-11-14T16:03:17.271-0300] {logging_mixin.py:154} INFO - [2023-11-14T16:03:17.271-0300] {dag.py:3722} INFO - Setting next_dagrun for TwitterDAG to 2023-11-08T00:00:00+00:00, run_after=2023-11-09T00:00:00+00:00
[2023-11-14T16:03:17.309-0300] {processor.py:179} INFO - Processing /home/pedro/projetos/projetos_python/proj_twitter_pipeline/airflow_pipeline/dags/twitter_dag.py took 0.175 seconds
[2023-11-14T16:03:41.307-0300] {processor.py:157} INFO - Started process (PID=14338) to work on /home/pedro/projetos/projetos_python/proj_twitter_pipeline/airflow_pipeline/dags/twitter_dag.py
[2023-11-14T16:03:41.308-0300] {processor.py:829} INFO - Processing file /home/pedro/projetos/projetos_python/proj_twitter_pipeline/airflow_pipeline/dags/twitter_dag.py for tasks to queue
[2023-11-14T16:03:41.309-0300] {logging_mixin.py:154} INFO - [2023-11-14T16:03:41.309-0300] {dagbag.py:536} INFO - Filling up the DagBag from /home/pedro/projetos/projetos_python/proj_twitter_pipeline/airflow_pipeline/dags/twitter_dag.py
[2023-11-14T16:03:41.318-0300] {processor.py:839} INFO - DAG(s) dict_keys(['TwitterDAG']) retrieved from /home/pedro/projetos/projetos_python/proj_twitter_pipeline/airflow_pipeline/dags/twitter_dag.py
[2023-11-14T16:03:41.384-0300] {logging_mixin.py:154} INFO - [2023-11-14T16:03:41.384-0300] {dag.py:2941} INFO - Sync 1 DAGs
[2023-11-14T16:03:41.396-0300] {logging_mixin.py:154} INFO - [2023-11-14T16:03:41.396-0300] {dag.py:3722} INFO - Setting next_dagrun for TwitterDAG to 2023-11-08T00:00:00+00:00, run_after=2023-11-09T00:00:00+00:00
[2023-11-14T16:03:41.417-0300] {processor.py:179} INFO - Processing /home/pedro/projetos/projetos_python/proj_twitter_pipeline/airflow_pipeline/dags/twitter_dag.py took 0.114 seconds
[2023-11-14T16:03:52.716-0300] {processor.py:157} INFO - Started process (PID=14442) to work on /home/pedro/projetos/projetos_python/proj_twitter_pipeline/airflow_pipeline/dags/twitter_dag.py
[2023-11-14T16:03:52.721-0300] {processor.py:829} INFO - Processing file /home/pedro/projetos/projetos_python/proj_twitter_pipeline/airflow_pipeline/dags/twitter_dag.py for tasks to queue
[2023-11-14T16:03:52.721-0300] {logging_mixin.py:154} INFO - [2023-11-14T16:03:52.721-0300] {dagbag.py:536} INFO - Filling up the DagBag from /home/pedro/projetos/projetos_python/proj_twitter_pipeline/airflow_pipeline/dags/twitter_dag.py
[2023-11-14T16:03:52.747-0300] {processor.py:839} INFO - DAG(s) dict_keys(['TwitterDAG']) retrieved from /home/pedro/projetos/projetos_python/proj_twitter_pipeline/airflow_pipeline/dags/twitter_dag.py
[2023-11-14T16:03:52.763-0300] {logging_mixin.py:154} INFO - [2023-11-14T16:03:52.763-0300] {dag.py:2941} INFO - Sync 1 DAGs
[2023-11-14T16:03:52.798-0300] {logging_mixin.py:154} INFO - [2023-11-14T16:03:52.797-0300] {dag.py:3722} INFO - Setting next_dagrun for TwitterDAG to 2023-11-08T00:00:00+00:00, run_after=2023-11-09T00:00:00+00:00
[2023-11-14T16:03:52.820-0300] {processor.py:179} INFO - Processing /home/pedro/projetos/projetos_python/proj_twitter_pipeline/airflow_pipeline/dags/twitter_dag.py took 0.110 seconds
[2023-11-14T16:04:47.197-0300] {processor.py:157} INFO - Started process (PID=15248) to work on /home/pedro/projetos/projetos_python/proj_twitter_pipeline/airflow_pipeline/dags/twitter_dag.py
[2023-11-14T16:04:47.214-0300] {processor.py:829} INFO - Processing file /home/pedro/projetos/projetos_python/proj_twitter_pipeline/airflow_pipeline/dags/twitter_dag.py for tasks to queue
[2023-11-14T16:04:47.215-0300] {logging_mixin.py:154} INFO - [2023-11-14T16:04:47.215-0300] {dagbag.py:536} INFO - Filling up the DagBag from /home/pedro/projetos/projetos_python/proj_twitter_pipeline/airflow_pipeline/dags/twitter_dag.py
[2023-11-14T16:04:47.232-0300] {processor.py:839} INFO - DAG(s) dict_keys(['TwitterDAG']) retrieved from /home/pedro/projetos/projetos_python/proj_twitter_pipeline/airflow_pipeline/dags/twitter_dag.py
[2023-11-14T16:04:47.251-0300] {logging_mixin.py:154} INFO - [2023-11-14T16:04:47.251-0300] {dag.py:2941} INFO - Sync 1 DAGs
[2023-11-14T16:04:47.271-0300] {logging_mixin.py:154} INFO - [2023-11-14T16:04:47.270-0300] {dag.py:3722} INFO - Setting next_dagrun for TwitterDAG to 2023-11-10T00:00:00+00:00, run_after=2023-11-11T00:00:00+00:00
[2023-11-14T16:04:47.302-0300] {processor.py:179} INFO - Processing /home/pedro/projetos/projetos_python/proj_twitter_pipeline/airflow_pipeline/dags/twitter_dag.py took 0.110 seconds
[2023-11-14T16:05:25.205-0300] {processor.py:157} INFO - Started process (PID=15979) to work on /home/pedro/projetos/projetos_python/proj_twitter_pipeline/airflow_pipeline/dags/twitter_dag.py
[2023-11-14T16:05:25.206-0300] {processor.py:829} INFO - Processing file /home/pedro/projetos/projetos_python/proj_twitter_pipeline/airflow_pipeline/dags/twitter_dag.py for tasks to queue
[2023-11-14T16:05:25.206-0300] {logging_mixin.py:154} INFO - [2023-11-14T16:05:25.206-0300] {dagbag.py:536} INFO - Filling up the DagBag from /home/pedro/projetos/projetos_python/proj_twitter_pipeline/airflow_pipeline/dags/twitter_dag.py
[2023-11-14T16:05:25.222-0300] {processor.py:839} INFO - DAG(s) dict_keys(['TwitterDAG']) retrieved from /home/pedro/projetos/projetos_python/proj_twitter_pipeline/airflow_pipeline/dags/twitter_dag.py
[2023-11-14T16:05:25.236-0300] {logging_mixin.py:154} INFO - [2023-11-14T16:05:25.236-0300] {dag.py:2941} INFO - Sync 1 DAGs
[2023-11-14T16:05:25.250-0300] {logging_mixin.py:154} INFO - [2023-11-14T16:05:25.250-0300] {dag.py:3722} INFO - Setting next_dagrun for TwitterDAG to 2023-11-12T00:00:00+00:00, run_after=2023-11-13T00:00:00+00:00
[2023-11-14T16:05:25.272-0300] {processor.py:179} INFO - Processing /home/pedro/projetos/projetos_python/proj_twitter_pipeline/airflow_pipeline/dags/twitter_dag.py took 0.072 seconds
[2023-11-14T16:05:56.097-0300] {processor.py:157} INFO - Started process (PID=16852) to work on /home/pedro/projetos/projetos_python/proj_twitter_pipeline/airflow_pipeline/dags/twitter_dag.py
[2023-11-14T16:05:56.097-0300] {processor.py:829} INFO - Processing file /home/pedro/projetos/projetos_python/proj_twitter_pipeline/airflow_pipeline/dags/twitter_dag.py for tasks to queue
[2023-11-14T16:05:56.098-0300] {logging_mixin.py:154} INFO - [2023-11-14T16:05:56.098-0300] {dagbag.py:536} INFO - Filling up the DagBag from /home/pedro/projetos/projetos_python/proj_twitter_pipeline/airflow_pipeline/dags/twitter_dag.py
[2023-11-14T16:05:56.111-0300] {processor.py:839} INFO - DAG(s) dict_keys(['TwitterDAG']) retrieved from /home/pedro/projetos/projetos_python/proj_twitter_pipeline/airflow_pipeline/dags/twitter_dag.py
[2023-11-14T16:05:56.126-0300] {logging_mixin.py:154} INFO - [2023-11-14T16:05:56.126-0300] {dag.py:2941} INFO - Sync 1 DAGs
[2023-11-14T16:05:56.140-0300] {logging_mixin.py:154} INFO - [2023-11-14T16:05:56.140-0300] {dag.py:3722} INFO - Setting next_dagrun for TwitterDAG to 2023-11-14T00:00:00+00:00, run_after=2023-11-15T00:00:00+00:00
[2023-11-14T16:05:56.161-0300] {processor.py:179} INFO - Processing /home/pedro/projetos/projetos_python/proj_twitter_pipeline/airflow_pipeline/dags/twitter_dag.py took 0.067 seconds
[2023-11-14T16:06:26.322-0300] {processor.py:157} INFO - Started process (PID=16958) to work on /home/pedro/projetos/projetos_python/proj_twitter_pipeline/airflow_pipeline/dags/twitter_dag.py
[2023-11-14T16:06:26.323-0300] {processor.py:829} INFO - Processing file /home/pedro/projetos/projetos_python/proj_twitter_pipeline/airflow_pipeline/dags/twitter_dag.py for tasks to queue
[2023-11-14T16:06:26.324-0300] {logging_mixin.py:154} INFO - [2023-11-14T16:06:26.324-0300] {dagbag.py:536} INFO - Filling up the DagBag from /home/pedro/projetos/projetos_python/proj_twitter_pipeline/airflow_pipeline/dags/twitter_dag.py
[2023-11-14T16:06:26.334-0300] {processor.py:839} INFO - DAG(s) dict_keys(['TwitterDAG']) retrieved from /home/pedro/projetos/projetos_python/proj_twitter_pipeline/airflow_pipeline/dags/twitter_dag.py
[2023-11-14T16:06:26.348-0300] {logging_mixin.py:154} INFO - [2023-11-14T16:06:26.348-0300] {dag.py:2941} INFO - Sync 1 DAGs
[2023-11-14T16:06:26.361-0300] {logging_mixin.py:154} INFO - [2023-11-14T16:06:26.361-0300] {dag.py:3722} INFO - Setting next_dagrun for TwitterDAG to 2023-11-14T00:00:00+00:00, run_after=2023-11-15T00:00:00+00:00
[2023-11-14T16:06:26.382-0300] {processor.py:179} INFO - Processing /home/pedro/projetos/projetos_python/proj_twitter_pipeline/airflow_pipeline/dags/twitter_dag.py took 0.062 seconds
[2023-11-14T16:06:56.681-0300] {processor.py:157} INFO - Started process (PID=17064) to work on /home/pedro/projetos/projetos_python/proj_twitter_pipeline/airflow_pipeline/dags/twitter_dag.py
[2023-11-14T16:06:56.682-0300] {processor.py:829} INFO - Processing file /home/pedro/projetos/projetos_python/proj_twitter_pipeline/airflow_pipeline/dags/twitter_dag.py for tasks to queue
[2023-11-14T16:06:56.682-0300] {logging_mixin.py:154} INFO - [2023-11-14T16:06:56.682-0300] {dagbag.py:536} INFO - Filling up the DagBag from /home/pedro/projetos/projetos_python/proj_twitter_pipeline/airflow_pipeline/dags/twitter_dag.py
[2023-11-14T16:06:56.693-0300] {processor.py:839} INFO - DAG(s) dict_keys(['TwitterDAG']) retrieved from /home/pedro/projetos/projetos_python/proj_twitter_pipeline/airflow_pipeline/dags/twitter_dag.py
[2023-11-14T16:06:56.707-0300] {logging_mixin.py:154} INFO - [2023-11-14T16:06:56.707-0300] {dag.py:2941} INFO - Sync 1 DAGs
[2023-11-14T16:06:56.721-0300] {logging_mixin.py:154} INFO - [2023-11-14T16:06:56.721-0300] {dag.py:3722} INFO - Setting next_dagrun for TwitterDAG to 2023-11-14T00:00:00+00:00, run_after=2023-11-15T00:00:00+00:00
[2023-11-14T16:06:56.741-0300] {processor.py:179} INFO - Processing /home/pedro/projetos/projetos_python/proj_twitter_pipeline/airflow_pipeline/dags/twitter_dag.py took 0.062 seconds
[2023-11-14T16:07:27.014-0300] {processor.py:157} INFO - Started process (PID=17110) to work on /home/pedro/projetos/projetos_python/proj_twitter_pipeline/airflow_pipeline/dags/twitter_dag.py
[2023-11-14T16:07:27.017-0300] {processor.py:829} INFO - Processing file /home/pedro/projetos/projetos_python/proj_twitter_pipeline/airflow_pipeline/dags/twitter_dag.py for tasks to queue
[2023-11-14T16:07:27.017-0300] {logging_mixin.py:154} INFO - [2023-11-14T16:07:27.017-0300] {dagbag.py:536} INFO - Filling up the DagBag from /home/pedro/projetos/projetos_python/proj_twitter_pipeline/airflow_pipeline/dags/twitter_dag.py
[2023-11-14T16:07:27.029-0300] {processor.py:839} INFO - DAG(s) dict_keys(['TwitterDAG']) retrieved from /home/pedro/projetos/projetos_python/proj_twitter_pipeline/airflow_pipeline/dags/twitter_dag.py
[2023-11-14T16:07:27.043-0300] {logging_mixin.py:154} INFO - [2023-11-14T16:07:27.043-0300] {dag.py:2941} INFO - Sync 1 DAGs
[2023-11-14T16:07:27.059-0300] {logging_mixin.py:154} INFO - [2023-11-14T16:07:27.058-0300] {dag.py:3722} INFO - Setting next_dagrun for TwitterDAG to 2023-11-14T00:00:00+00:00, run_after=2023-11-15T00:00:00+00:00
[2023-11-14T16:07:27.082-0300] {processor.py:179} INFO - Processing /home/pedro/projetos/projetos_python/proj_twitter_pipeline/airflow_pipeline/dags/twitter_dag.py took 0.070 seconds
[2023-11-14T16:07:57.127-0300] {processor.py:157} INFO - Started process (PID=17216) to work on /home/pedro/projetos/projetos_python/proj_twitter_pipeline/airflow_pipeline/dags/twitter_dag.py
[2023-11-14T16:07:57.128-0300] {processor.py:829} INFO - Processing file /home/pedro/projetos/projetos_python/proj_twitter_pipeline/airflow_pipeline/dags/twitter_dag.py for tasks to queue
[2023-11-14T16:07:57.129-0300] {logging_mixin.py:154} INFO - [2023-11-14T16:07:57.128-0300] {dagbag.py:536} INFO - Filling up the DagBag from /home/pedro/projetos/projetos_python/proj_twitter_pipeline/airflow_pipeline/dags/twitter_dag.py
[2023-11-14T16:07:57.139-0300] {processor.py:839} INFO - DAG(s) dict_keys(['TwitterDAG']) retrieved from /home/pedro/projetos/projetos_python/proj_twitter_pipeline/airflow_pipeline/dags/twitter_dag.py
[2023-11-14T16:07:57.154-0300] {logging_mixin.py:154} INFO - [2023-11-14T16:07:57.153-0300] {dag.py:2941} INFO - Sync 1 DAGs
[2023-11-14T16:07:57.169-0300] {logging_mixin.py:154} INFO - [2023-11-14T16:07:57.169-0300] {dag.py:3722} INFO - Setting next_dagrun for TwitterDAG to 2023-11-14T00:00:00+00:00, run_after=2023-11-15T00:00:00+00:00
[2023-11-14T16:07:57.191-0300] {processor.py:179} INFO - Processing /home/pedro/projetos/projetos_python/proj_twitter_pipeline/airflow_pipeline/dags/twitter_dag.py took 0.066 seconds
[2023-11-14T16:07:58.472-0300] {processor.py:157} INFO - Started process (PID=17217) to work on /home/pedro/projetos/projetos_python/proj_twitter_pipeline/airflow_pipeline/dags/twitter_dag.py
[2023-11-14T16:07:58.472-0300] {processor.py:829} INFO - Processing file /home/pedro/projetos/projetos_python/proj_twitter_pipeline/airflow_pipeline/dags/twitter_dag.py for tasks to queue
[2023-11-14T16:07:58.473-0300] {logging_mixin.py:154} INFO - [2023-11-14T16:07:58.473-0300] {dagbag.py:536} INFO - Filling up the DagBag from /home/pedro/projetos/projetos_python/proj_twitter_pipeline/airflow_pipeline/dags/twitter_dag.py
[2023-11-14T16:07:58.484-0300] {processor.py:839} INFO - DAG(s) dict_keys(['TwitterDAG']) retrieved from /home/pedro/projetos/projetos_python/proj_twitter_pipeline/airflow_pipeline/dags/twitter_dag.py
[2023-11-14T16:07:58.498-0300] {logging_mixin.py:154} INFO - [2023-11-14T16:07:58.498-0300] {dag.py:2941} INFO - Sync 1 DAGs
[2023-11-14T16:07:58.513-0300] {logging_mixin.py:154} INFO - [2023-11-14T16:07:58.513-0300] {dag.py:3722} INFO - Setting next_dagrun for TwitterDAG to 2023-11-14T00:00:00+00:00, run_after=2023-11-15T00:00:00+00:00
[2023-11-14T16:07:58.536-0300] {processor.py:179} INFO - Processing /home/pedro/projetos/projetos_python/proj_twitter_pipeline/airflow_pipeline/dags/twitter_dag.py took 0.066 seconds
[2023-11-14T16:08:07.896-0300] {processor.py:157} INFO - Started process (PID=17328) to work on /home/pedro/projetos/projetos_python/proj_twitter_pipeline/airflow_pipeline/dags/twitter_dag.py
[2023-11-14T16:08:07.902-0300] {processor.py:829} INFO - Processing file /home/pedro/projetos/projetos_python/proj_twitter_pipeline/airflow_pipeline/dags/twitter_dag.py for tasks to queue
[2023-11-14T16:08:07.902-0300] {logging_mixin.py:154} INFO - [2023-11-14T16:08:07.902-0300] {dagbag.py:536} INFO - Filling up the DagBag from /home/pedro/projetos/projetos_python/proj_twitter_pipeline/airflow_pipeline/dags/twitter_dag.py
[2023-11-14T16:08:07.912-0300] {processor.py:839} INFO - DAG(s) dict_keys(['TwitterDAG']) retrieved from /home/pedro/projetos/projetos_python/proj_twitter_pipeline/airflow_pipeline/dags/twitter_dag.py
[2023-11-14T16:08:07.918-0300] {logging_mixin.py:154} INFO - [2023-11-14T16:08:07.918-0300] {dag.py:2941} INFO - Sync 1 DAGs
[2023-11-14T16:08:07.937-0300] {logging_mixin.py:154} INFO - [2023-11-14T16:08:07.937-0300] {dag.py:3722} INFO - Setting next_dagrun for TwitterDAG to 2023-11-14T00:00:00+00:00, run_after=2023-11-15T00:00:00+00:00
[2023-11-14T16:08:07.961-0300] {processor.py:179} INFO - Processing /home/pedro/projetos/projetos_python/proj_twitter_pipeline/airflow_pipeline/dags/twitter_dag.py took 0.067 seconds
[2023-11-14T16:08:38.050-0300] {processor.py:157} INFO - Started process (PID=17725) to work on /home/pedro/projetos/projetos_python/proj_twitter_pipeline/airflow_pipeline/dags/twitter_dag.py
[2023-11-14T16:08:38.051-0300] {processor.py:829} INFO - Processing file /home/pedro/projetos/projetos_python/proj_twitter_pipeline/airflow_pipeline/dags/twitter_dag.py for tasks to queue
[2023-11-14T16:08:38.052-0300] {logging_mixin.py:154} INFO - [2023-11-14T16:08:38.052-0300] {dagbag.py:536} INFO - Filling up the DagBag from /home/pedro/projetos/projetos_python/proj_twitter_pipeline/airflow_pipeline/dags/twitter_dag.py
[2023-11-14T16:08:38.079-0300] {processor.py:839} INFO - DAG(s) dict_keys(['TwitterDAG']) retrieved from /home/pedro/projetos/projetos_python/proj_twitter_pipeline/airflow_pipeline/dags/twitter_dag.py
[2023-11-14T16:08:38.150-0300] {logging_mixin.py:154} INFO - [2023-11-14T16:08:38.150-0300] {dag.py:2941} INFO - Sync 1 DAGs
[2023-11-14T16:08:38.156-0300] {logging_mixin.py:154} INFO - [2023-11-14T16:08:38.156-0300] {dag.py:2963} INFO - Creating ORM DAG for TwitterDAG
[2023-11-14T16:08:38.164-0300] {logging_mixin.py:154} INFO - [2023-11-14T16:08:38.164-0300] {dag.py:3722} INFO - Setting next_dagrun for TwitterDAG to 2023-11-08T00:00:00+00:00, run_after=2023-11-09T00:00:00+00:00
[2023-11-14T16:08:38.185-0300] {processor.py:179} INFO - Processing /home/pedro/projetos/projetos_python/proj_twitter_pipeline/airflow_pipeline/dags/twitter_dag.py took 0.137 seconds
[2023-11-14T16:09:29.219-0300] {processor.py:157} INFO - Started process (PID=18684) to work on /home/pedro/projetos/projetos_python/proj_twitter_pipeline/airflow_pipeline/dags/twitter_dag.py
[2023-11-14T16:09:29.220-0300] {processor.py:829} INFO - Processing file /home/pedro/projetos/projetos_python/proj_twitter_pipeline/airflow_pipeline/dags/twitter_dag.py for tasks to queue
[2023-11-14T16:09:29.221-0300] {logging_mixin.py:154} INFO - [2023-11-14T16:09:29.221-0300] {dagbag.py:536} INFO - Filling up the DagBag from /home/pedro/projetos/projetos_python/proj_twitter_pipeline/airflow_pipeline/dags/twitter_dag.py
[2023-11-14T16:09:29.237-0300] {processor.py:839} INFO - DAG(s) dict_keys(['TwitterDAG']) retrieved from /home/pedro/projetos/projetos_python/proj_twitter_pipeline/airflow_pipeline/dags/twitter_dag.py
[2023-11-14T16:09:29.251-0300] {logging_mixin.py:154} INFO - [2023-11-14T16:09:29.251-0300] {dag.py:2941} INFO - Sync 1 DAGs
[2023-11-14T16:09:29.265-0300] {logging_mixin.py:154} INFO - [2023-11-14T16:09:29.265-0300] {dag.py:3722} INFO - Setting next_dagrun for TwitterDAG to 2023-11-11T00:00:00+00:00, run_after=2023-11-12T00:00:00+00:00
[2023-11-14T16:09:29.285-0300] {processor.py:179} INFO - Processing /home/pedro/projetos/projetos_python/proj_twitter_pipeline/airflow_pipeline/dags/twitter_dag.py took 0.068 seconds
[2023-11-14T16:10:06.997-0300] {processor.py:157} INFO - Started process (PID=19414) to work on /home/pedro/projetos/projetos_python/proj_twitter_pipeline/airflow_pipeline/dags/twitter_dag.py
[2023-11-14T16:10:06.998-0300] {processor.py:829} INFO - Processing file /home/pedro/projetos/projetos_python/proj_twitter_pipeline/airflow_pipeline/dags/twitter_dag.py for tasks to queue
[2023-11-14T16:10:06.999-0300] {logging_mixin.py:154} INFO - [2023-11-14T16:10:06.999-0300] {dagbag.py:536} INFO - Filling up the DagBag from /home/pedro/projetos/projetos_python/proj_twitter_pipeline/airflow_pipeline/dags/twitter_dag.py
[2023-11-14T16:10:07.012-0300] {processor.py:839} INFO - DAG(s) dict_keys(['TwitterDAG']) retrieved from /home/pedro/projetos/projetos_python/proj_twitter_pipeline/airflow_pipeline/dags/twitter_dag.py
[2023-11-14T16:10:07.031-0300] {logging_mixin.py:154} INFO - [2023-11-14T16:10:07.030-0300] {dag.py:2941} INFO - Sync 1 DAGs
[2023-11-14T16:10:07.056-0300] {logging_mixin.py:154} INFO - [2023-11-14T16:10:07.056-0300] {dag.py:3722} INFO - Setting next_dagrun for TwitterDAG to 2023-11-13T00:00:00+00:00, run_after=2023-11-14T00:00:00+00:00
[2023-11-14T16:10:07.090-0300] {processor.py:179} INFO - Processing /home/pedro/projetos/projetos_python/proj_twitter_pipeline/airflow_pipeline/dags/twitter_dag.py took 0.095 seconds
[2023-11-14T16:10:37.306-0300] {processor.py:157} INFO - Started process (PID=20057) to work on /home/pedro/projetos/projetos_python/proj_twitter_pipeline/airflow_pipeline/dags/twitter_dag.py
[2023-11-14T16:10:37.307-0300] {processor.py:829} INFO - Processing file /home/pedro/projetos/projetos_python/proj_twitter_pipeline/airflow_pipeline/dags/twitter_dag.py for tasks to queue
[2023-11-14T16:10:37.308-0300] {logging_mixin.py:154} INFO - [2023-11-14T16:10:37.308-0300] {dagbag.py:536} INFO - Filling up the DagBag from /home/pedro/projetos/projetos_python/proj_twitter_pipeline/airflow_pipeline/dags/twitter_dag.py
[2023-11-14T16:10:37.324-0300] {processor.py:839} INFO - DAG(s) dict_keys(['TwitterDAG']) retrieved from /home/pedro/projetos/projetos_python/proj_twitter_pipeline/airflow_pipeline/dags/twitter_dag.py
[2023-11-14T16:10:37.340-0300] {logging_mixin.py:154} INFO - [2023-11-14T16:10:37.340-0300] {dag.py:2941} INFO - Sync 1 DAGs
[2023-11-14T16:10:37.354-0300] {logging_mixin.py:154} INFO - [2023-11-14T16:10:37.354-0300] {dag.py:3722} INFO - Setting next_dagrun for TwitterDAG to 2023-11-14T00:00:00+00:00, run_after=2023-11-15T00:00:00+00:00
[2023-11-14T16:10:37.376-0300] {processor.py:179} INFO - Processing /home/pedro/projetos/projetos_python/proj_twitter_pipeline/airflow_pipeline/dags/twitter_dag.py took 0.074 seconds
[2023-11-14T16:11:07.579-0300] {processor.py:157} INFO - Started process (PID=20100) to work on /home/pedro/projetos/projetos_python/proj_twitter_pipeline/airflow_pipeline/dags/twitter_dag.py
[2023-11-14T16:11:07.582-0300] {processor.py:829} INFO - Processing file /home/pedro/projetos/projetos_python/proj_twitter_pipeline/airflow_pipeline/dags/twitter_dag.py for tasks to queue
[2023-11-14T16:11:07.583-0300] {logging_mixin.py:154} INFO - [2023-11-14T16:11:07.582-0300] {dagbag.py:536} INFO - Filling up the DagBag from /home/pedro/projetos/projetos_python/proj_twitter_pipeline/airflow_pipeline/dags/twitter_dag.py
[2023-11-14T16:11:07.593-0300] {processor.py:839} INFO - DAG(s) dict_keys(['TwitterDAG']) retrieved from /home/pedro/projetos/projetos_python/proj_twitter_pipeline/airflow_pipeline/dags/twitter_dag.py
[2023-11-14T16:11:07.606-0300] {logging_mixin.py:154} INFO - [2023-11-14T16:11:07.606-0300] {dag.py:2941} INFO - Sync 1 DAGs
[2023-11-14T16:11:07.620-0300] {logging_mixin.py:154} INFO - [2023-11-14T16:11:07.620-0300] {dag.py:3722} INFO - Setting next_dagrun for TwitterDAG to 2023-11-14T00:00:00+00:00, run_after=2023-11-15T00:00:00+00:00
[2023-11-14T16:11:07.640-0300] {processor.py:179} INFO - Processing /home/pedro/projetos/projetos_python/proj_twitter_pipeline/airflow_pipeline/dags/twitter_dag.py took 0.062 seconds
[2023-11-14T16:11:37.909-0300] {processor.py:157} INFO - Started process (PID=20206) to work on /home/pedro/projetos/projetos_python/proj_twitter_pipeline/airflow_pipeline/dags/twitter_dag.py
[2023-11-14T16:11:37.912-0300] {processor.py:829} INFO - Processing file /home/pedro/projetos/projetos_python/proj_twitter_pipeline/airflow_pipeline/dags/twitter_dag.py for tasks to queue
[2023-11-14T16:11:37.913-0300] {logging_mixin.py:154} INFO - [2023-11-14T16:11:37.912-0300] {dagbag.py:536} INFO - Filling up the DagBag from /home/pedro/projetos/projetos_python/proj_twitter_pipeline/airflow_pipeline/dags/twitter_dag.py
[2023-11-14T16:11:37.924-0300] {processor.py:839} INFO - DAG(s) dict_keys(['TwitterDAG']) retrieved from /home/pedro/projetos/projetos_python/proj_twitter_pipeline/airflow_pipeline/dags/twitter_dag.py
[2023-11-14T16:11:37.939-0300] {logging_mixin.py:154} INFO - [2023-11-14T16:11:37.939-0300] {dag.py:2941} INFO - Sync 1 DAGs
[2023-11-14T16:11:37.958-0300] {logging_mixin.py:154} INFO - [2023-11-14T16:11:37.957-0300] {dag.py:3722} INFO - Setting next_dagrun for TwitterDAG to 2023-11-14T00:00:00+00:00, run_after=2023-11-15T00:00:00+00:00
[2023-11-14T16:11:37.998-0300] {processor.py:179} INFO - Processing /home/pedro/projetos/projetos_python/proj_twitter_pipeline/airflow_pipeline/dags/twitter_dag.py took 0.091 seconds
[2023-11-14T16:12:08.088-0300] {processor.py:157} INFO - Started process (PID=20252) to work on /home/pedro/projetos/projetos_python/proj_twitter_pipeline/airflow_pipeline/dags/twitter_dag.py
[2023-11-14T16:12:08.089-0300] {processor.py:829} INFO - Processing file /home/pedro/projetos/projetos_python/proj_twitter_pipeline/airflow_pipeline/dags/twitter_dag.py for tasks to queue
[2023-11-14T16:12:08.089-0300] {logging_mixin.py:154} INFO - [2023-11-14T16:12:08.089-0300] {dagbag.py:536} INFO - Filling up the DagBag from /home/pedro/projetos/projetos_python/proj_twitter_pipeline/airflow_pipeline/dags/twitter_dag.py
[2023-11-14T16:12:08.103-0300] {processor.py:839} INFO - DAG(s) dict_keys(['TwitterDAG']) retrieved from /home/pedro/projetos/projetos_python/proj_twitter_pipeline/airflow_pipeline/dags/twitter_dag.py
[2023-11-14T16:12:08.121-0300] {logging_mixin.py:154} INFO - [2023-11-14T16:12:08.121-0300] {dag.py:2941} INFO - Sync 1 DAGs
[2023-11-14T16:12:08.140-0300] {logging_mixin.py:154} INFO - [2023-11-14T16:12:08.140-0300] {dag.py:3722} INFO - Setting next_dagrun for TwitterDAG to 2023-11-14T00:00:00+00:00, run_after=2023-11-15T00:00:00+00:00
[2023-11-14T16:12:08.161-0300] {processor.py:179} INFO - Processing /home/pedro/projetos/projetos_python/proj_twitter_pipeline/airflow_pipeline/dags/twitter_dag.py took 0.079 seconds
[2023-11-14T16:12:38.346-0300] {processor.py:157} INFO - Started process (PID=20358) to work on /home/pedro/projetos/projetos_python/proj_twitter_pipeline/airflow_pipeline/dags/twitter_dag.py
[2023-11-14T16:12:38.350-0300] {processor.py:829} INFO - Processing file /home/pedro/projetos/projetos_python/proj_twitter_pipeline/airflow_pipeline/dags/twitter_dag.py for tasks to queue
[2023-11-14T16:12:38.352-0300] {logging_mixin.py:154} INFO - [2023-11-14T16:12:38.351-0300] {dagbag.py:536} INFO - Filling up the DagBag from /home/pedro/projetos/projetos_python/proj_twitter_pipeline/airflow_pipeline/dags/twitter_dag.py
[2023-11-14T16:12:38.365-0300] {processor.py:839} INFO - DAG(s) dict_keys(['TwitterDAG']) retrieved from /home/pedro/projetos/projetos_python/proj_twitter_pipeline/airflow_pipeline/dags/twitter_dag.py
[2023-11-14T16:12:38.381-0300] {logging_mixin.py:154} INFO - [2023-11-14T16:12:38.381-0300] {dag.py:2941} INFO - Sync 1 DAGs
[2023-11-14T16:12:38.399-0300] {logging_mixin.py:154} INFO - [2023-11-14T16:12:38.399-0300] {dag.py:3722} INFO - Setting next_dagrun for TwitterDAG to 2023-11-14T00:00:00+00:00, run_after=2023-11-15T00:00:00+00:00
[2023-11-14T16:12:38.439-0300] {processor.py:179} INFO - Processing /home/pedro/projetos/projetos_python/proj_twitter_pipeline/airflow_pipeline/dags/twitter_dag.py took 0.101 seconds
[2023-11-14T16:13:08.692-0300] {processor.py:157} INFO - Started process (PID=20401) to work on /home/pedro/projetos/projetos_python/proj_twitter_pipeline/airflow_pipeline/dags/twitter_dag.py
[2023-11-14T16:13:08.694-0300] {processor.py:829} INFO - Processing file /home/pedro/projetos/projetos_python/proj_twitter_pipeline/airflow_pipeline/dags/twitter_dag.py for tasks to queue
[2023-11-14T16:13:08.695-0300] {logging_mixin.py:154} INFO - [2023-11-14T16:13:08.695-0300] {dagbag.py:536} INFO - Filling up the DagBag from /home/pedro/projetos/projetos_python/proj_twitter_pipeline/airflow_pipeline/dags/twitter_dag.py
[2023-11-14T16:13:08.708-0300] {processor.py:839} INFO - DAG(s) dict_keys(['TwitterDAG']) retrieved from /home/pedro/projetos/projetos_python/proj_twitter_pipeline/airflow_pipeline/dags/twitter_dag.py
[2023-11-14T16:13:08.726-0300] {logging_mixin.py:154} INFO - [2023-11-14T16:13:08.725-0300] {dag.py:2941} INFO - Sync 1 DAGs
[2023-11-14T16:13:08.743-0300] {logging_mixin.py:154} INFO - [2023-11-14T16:13:08.743-0300] {dag.py:3722} INFO - Setting next_dagrun for TwitterDAG to 2023-11-14T00:00:00+00:00, run_after=2023-11-15T00:00:00+00:00
[2023-11-14T16:13:08.770-0300] {processor.py:179} INFO - Processing /home/pedro/projetos/projetos_python/proj_twitter_pipeline/airflow_pipeline/dags/twitter_dag.py took 0.080 seconds
[2023-11-14T16:13:38.895-0300] {processor.py:157} INFO - Started process (PID=20507) to work on /home/pedro/projetos/projetos_python/proj_twitter_pipeline/airflow_pipeline/dags/twitter_dag.py
[2023-11-14T16:13:38.897-0300] {processor.py:829} INFO - Processing file /home/pedro/projetos/projetos_python/proj_twitter_pipeline/airflow_pipeline/dags/twitter_dag.py for tasks to queue
[2023-11-14T16:13:38.898-0300] {logging_mixin.py:154} INFO - [2023-11-14T16:13:38.898-0300] {dagbag.py:536} INFO - Filling up the DagBag from /home/pedro/projetos/projetos_python/proj_twitter_pipeline/airflow_pipeline/dags/twitter_dag.py
[2023-11-14T16:13:38.915-0300] {processor.py:839} INFO - DAG(s) dict_keys(['TwitterDAG']) retrieved from /home/pedro/projetos/projetos_python/proj_twitter_pipeline/airflow_pipeline/dags/twitter_dag.py
[2023-11-14T16:13:38.948-0300] {logging_mixin.py:154} INFO - [2023-11-14T16:13:38.947-0300] {dag.py:2941} INFO - Sync 1 DAGs
[2023-11-14T16:13:39.004-0300] {logging_mixin.py:154} INFO - [2023-11-14T16:13:39.004-0300] {dag.py:3722} INFO - Setting next_dagrun for TwitterDAG to 2023-11-14T00:00:00+00:00, run_after=2023-11-15T00:00:00+00:00
[2023-11-14T16:13:39.058-0300] {processor.py:179} INFO - Processing /home/pedro/projetos/projetos_python/proj_twitter_pipeline/airflow_pipeline/dags/twitter_dag.py took 0.169 seconds
[2023-11-14T16:14:09.196-0300] {processor.py:157} INFO - Started process (PID=20613) to work on /home/pedro/projetos/projetos_python/proj_twitter_pipeline/airflow_pipeline/dags/twitter_dag.py
[2023-11-14T16:14:09.197-0300] {processor.py:829} INFO - Processing file /home/pedro/projetos/projetos_python/proj_twitter_pipeline/airflow_pipeline/dags/twitter_dag.py for tasks to queue
[2023-11-14T16:14:09.198-0300] {logging_mixin.py:154} INFO - [2023-11-14T16:14:09.197-0300] {dagbag.py:536} INFO - Filling up the DagBag from /home/pedro/projetos/projetos_python/proj_twitter_pipeline/airflow_pipeline/dags/twitter_dag.py
[2023-11-14T16:14:09.212-0300] {processor.py:839} INFO - DAG(s) dict_keys(['TwitterDAG']) retrieved from /home/pedro/projetos/projetos_python/proj_twitter_pipeline/airflow_pipeline/dags/twitter_dag.py
[2023-11-14T16:14:09.229-0300] {logging_mixin.py:154} INFO - [2023-11-14T16:14:09.229-0300] {dag.py:2941} INFO - Sync 1 DAGs
[2023-11-14T16:14:09.247-0300] {logging_mixin.py:154} INFO - [2023-11-14T16:14:09.247-0300] {dag.py:3722} INFO - Setting next_dagrun for TwitterDAG to 2023-11-14T00:00:00+00:00, run_after=2023-11-15T00:00:00+00:00
[2023-11-14T16:14:09.279-0300] {processor.py:179} INFO - Processing /home/pedro/projetos/projetos_python/proj_twitter_pipeline/airflow_pipeline/dags/twitter_dag.py took 0.085 seconds
[2023-11-14T16:14:39.416-0300] {processor.py:157} INFO - Started process (PID=20716) to work on /home/pedro/projetos/projetos_python/proj_twitter_pipeline/airflow_pipeline/dags/twitter_dag.py
[2023-11-14T16:14:39.419-0300] {processor.py:829} INFO - Processing file /home/pedro/projetos/projetos_python/proj_twitter_pipeline/airflow_pipeline/dags/twitter_dag.py for tasks to queue
[2023-11-14T16:14:39.422-0300] {logging_mixin.py:154} INFO - [2023-11-14T16:14:39.421-0300] {dagbag.py:536} INFO - Filling up the DagBag from /home/pedro/projetos/projetos_python/proj_twitter_pipeline/airflow_pipeline/dags/twitter_dag.py
[2023-11-14T16:14:39.436-0300] {processor.py:839} INFO - DAG(s) dict_keys(['TwitterDAG']) retrieved from /home/pedro/projetos/projetos_python/proj_twitter_pipeline/airflow_pipeline/dags/twitter_dag.py
[2023-11-14T16:14:39.456-0300] {logging_mixin.py:154} INFO - [2023-11-14T16:14:39.456-0300] {dag.py:2941} INFO - Sync 1 DAGs
[2023-11-14T16:14:39.475-0300] {logging_mixin.py:154} INFO - [2023-11-14T16:14:39.475-0300] {dag.py:3722} INFO - Setting next_dagrun for TwitterDAG to 2023-11-14T00:00:00+00:00, run_after=2023-11-15T00:00:00+00:00
[2023-11-14T16:14:39.500-0300] {processor.py:179} INFO - Processing /home/pedro/projetos/projetos_python/proj_twitter_pipeline/airflow_pipeline/dags/twitter_dag.py took 0.088 seconds
[2023-11-14T16:15:09.617-0300] {processor.py:157} INFO - Started process (PID=20787) to work on /home/pedro/projetos/projetos_python/proj_twitter_pipeline/airflow_pipeline/dags/twitter_dag.py
[2023-11-14T16:15:09.621-0300] {processor.py:829} INFO - Processing file /home/pedro/projetos/projetos_python/proj_twitter_pipeline/airflow_pipeline/dags/twitter_dag.py for tasks to queue
[2023-11-14T16:15:09.622-0300] {logging_mixin.py:154} INFO - [2023-11-14T16:15:09.622-0300] {dagbag.py:536} INFO - Filling up the DagBag from /home/pedro/projetos/projetos_python/proj_twitter_pipeline/airflow_pipeline/dags/twitter_dag.py
[2023-11-14T16:15:09.642-0300] {processor.py:839} INFO - DAG(s) dict_keys(['TwitterDAG']) retrieved from /home/pedro/projetos/projetos_python/proj_twitter_pipeline/airflow_pipeline/dags/twitter_dag.py
[2023-11-14T16:15:09.669-0300] {logging_mixin.py:154} INFO - [2023-11-14T16:15:09.668-0300] {dag.py:2941} INFO - Sync 1 DAGs
[2023-11-14T16:15:09.693-0300] {logging_mixin.py:154} INFO - [2023-11-14T16:15:09.693-0300] {dag.py:3722} INFO - Setting next_dagrun for TwitterDAG to 2023-11-14T00:00:00+00:00, run_after=2023-11-15T00:00:00+00:00
[2023-11-14T16:15:09.729-0300] {processor.py:179} INFO - Processing /home/pedro/projetos/projetos_python/proj_twitter_pipeline/airflow_pipeline/dags/twitter_dag.py took 0.117 seconds
[2023-11-14T16:15:39.941-0300] {processor.py:157} INFO - Started process (PID=20868) to work on /home/pedro/projetos/projetos_python/proj_twitter_pipeline/airflow_pipeline/dags/twitter_dag.py
[2023-11-14T16:15:39.942-0300] {processor.py:829} INFO - Processing file /home/pedro/projetos/projetos_python/proj_twitter_pipeline/airflow_pipeline/dags/twitter_dag.py for tasks to queue
[2023-11-14T16:15:39.943-0300] {logging_mixin.py:154} INFO - [2023-11-14T16:15:39.943-0300] {dagbag.py:536} INFO - Filling up the DagBag from /home/pedro/projetos/projetos_python/proj_twitter_pipeline/airflow_pipeline/dags/twitter_dag.py
[2023-11-14T16:15:39.963-0300] {processor.py:839} INFO - DAG(s) dict_keys(['TwitterDAG']) retrieved from /home/pedro/projetos/projetos_python/proj_twitter_pipeline/airflow_pipeline/dags/twitter_dag.py
[2023-11-14T16:15:39.988-0300] {logging_mixin.py:154} INFO - [2023-11-14T16:15:39.988-0300] {dag.py:2941} INFO - Sync 1 DAGs
[2023-11-14T16:15:40.010-0300] {logging_mixin.py:154} INFO - [2023-11-14T16:15:40.010-0300] {dag.py:3722} INFO - Setting next_dagrun for TwitterDAG to 2023-11-14T00:00:00+00:00, run_after=2023-11-15T00:00:00+00:00
[2023-11-14T16:15:40.052-0300] {processor.py:179} INFO - Processing /home/pedro/projetos/projetos_python/proj_twitter_pipeline/airflow_pipeline/dags/twitter_dag.py took 0.114 seconds
[2023-11-14T16:16:10.269-0300] {processor.py:157} INFO - Started process (PID=20936) to work on /home/pedro/projetos/projetos_python/proj_twitter_pipeline/airflow_pipeline/dags/twitter_dag.py
[2023-11-14T16:16:10.270-0300] {processor.py:829} INFO - Processing file /home/pedro/projetos/projetos_python/proj_twitter_pipeline/airflow_pipeline/dags/twitter_dag.py for tasks to queue
[2023-11-14T16:16:10.271-0300] {logging_mixin.py:154} INFO - [2023-11-14T16:16:10.271-0300] {dagbag.py:536} INFO - Filling up the DagBag from /home/pedro/projetos/projetos_python/proj_twitter_pipeline/airflow_pipeline/dags/twitter_dag.py
[2023-11-14T16:16:10.290-0300] {processor.py:839} INFO - DAG(s) dict_keys(['TwitterDAG']) retrieved from /home/pedro/projetos/projetos_python/proj_twitter_pipeline/airflow_pipeline/dags/twitter_dag.py
[2023-11-14T16:16:10.315-0300] {logging_mixin.py:154} INFO - [2023-11-14T16:16:10.315-0300] {dag.py:2941} INFO - Sync 1 DAGs
[2023-11-14T16:16:10.335-0300] {logging_mixin.py:154} INFO - [2023-11-14T16:16:10.335-0300] {dag.py:3722} INFO - Setting next_dagrun for TwitterDAG to 2023-11-14T00:00:00+00:00, run_after=2023-11-15T00:00:00+00:00
[2023-11-14T16:16:10.360-0300] {processor.py:179} INFO - Processing /home/pedro/projetos/projetos_python/proj_twitter_pipeline/airflow_pipeline/dags/twitter_dag.py took 0.093 seconds
[2023-11-14T16:16:40.493-0300] {processor.py:157} INFO - Started process (PID=21017) to work on /home/pedro/projetos/projetos_python/proj_twitter_pipeline/airflow_pipeline/dags/twitter_dag.py
[2023-11-14T16:16:40.496-0300] {processor.py:829} INFO - Processing file /home/pedro/projetos/projetos_python/proj_twitter_pipeline/airflow_pipeline/dags/twitter_dag.py for tasks to queue
[2023-11-14T16:16:40.497-0300] {logging_mixin.py:154} INFO - [2023-11-14T16:16:40.497-0300] {dagbag.py:536} INFO - Filling up the DagBag from /home/pedro/projetos/projetos_python/proj_twitter_pipeline/airflow_pipeline/dags/twitter_dag.py
[2023-11-14T16:16:40.517-0300] {processor.py:839} INFO - DAG(s) dict_keys(['TwitterDAG']) retrieved from /home/pedro/projetos/projetos_python/proj_twitter_pipeline/airflow_pipeline/dags/twitter_dag.py
[2023-11-14T16:16:40.546-0300] {logging_mixin.py:154} INFO - [2023-11-14T16:16:40.546-0300] {dag.py:2941} INFO - Sync 1 DAGs
[2023-11-14T16:16:40.597-0300] {logging_mixin.py:154} INFO - [2023-11-14T16:16:40.597-0300] {dag.py:3722} INFO - Setting next_dagrun for TwitterDAG to 2023-11-14T00:00:00+00:00, run_after=2023-11-15T00:00:00+00:00
[2023-11-14T16:16:40.651-0300] {processor.py:179} INFO - Processing /home/pedro/projetos/projetos_python/proj_twitter_pipeline/airflow_pipeline/dags/twitter_dag.py took 0.165 seconds
[2023-11-14T16:17:10.831-0300] {processor.py:157} INFO - Started process (PID=21123) to work on /home/pedro/projetos/projetos_python/proj_twitter_pipeline/airflow_pipeline/dags/twitter_dag.py
[2023-11-14T16:17:10.836-0300] {processor.py:829} INFO - Processing file /home/pedro/projetos/projetos_python/proj_twitter_pipeline/airflow_pipeline/dags/twitter_dag.py for tasks to queue
[2023-11-14T16:17:10.840-0300] {logging_mixin.py:154} INFO - [2023-11-14T16:17:10.839-0300] {dagbag.py:536} INFO - Filling up the DagBag from /home/pedro/projetos/projetos_python/proj_twitter_pipeline/airflow_pipeline/dags/twitter_dag.py
[2023-11-14T16:17:10.859-0300] {processor.py:839} INFO - DAG(s) dict_keys(['TwitterDAG']) retrieved from /home/pedro/projetos/projetos_python/proj_twitter_pipeline/airflow_pipeline/dags/twitter_dag.py
[2023-11-14T16:17:10.882-0300] {logging_mixin.py:154} INFO - [2023-11-14T16:17:10.882-0300] {dag.py:2941} INFO - Sync 1 DAGs
[2023-11-14T16:17:10.911-0300] {logging_mixin.py:154} INFO - [2023-11-14T16:17:10.911-0300] {dag.py:3722} INFO - Setting next_dagrun for TwitterDAG to 2023-11-14T00:00:00+00:00, run_after=2023-11-15T00:00:00+00:00
[2023-11-14T16:17:10.934-0300] {processor.py:179} INFO - Processing /home/pedro/projetos/projetos_python/proj_twitter_pipeline/airflow_pipeline/dags/twitter_dag.py took 0.105 seconds
[2023-11-14T16:17:41.149-0300] {processor.py:157} INFO - Started process (PID=21169) to work on /home/pedro/projetos/projetos_python/proj_twitter_pipeline/airflow_pipeline/dags/twitter_dag.py
[2023-11-14T16:17:41.152-0300] {processor.py:829} INFO - Processing file /home/pedro/projetos/projetos_python/proj_twitter_pipeline/airflow_pipeline/dags/twitter_dag.py for tasks to queue
[2023-11-14T16:17:41.153-0300] {logging_mixin.py:154} INFO - [2023-11-14T16:17:41.153-0300] {dagbag.py:536} INFO - Filling up the DagBag from /home/pedro/projetos/projetos_python/proj_twitter_pipeline/airflow_pipeline/dags/twitter_dag.py
[2023-11-14T16:17:41.172-0300] {processor.py:839} INFO - DAG(s) dict_keys(['TwitterDAG']) retrieved from /home/pedro/projetos/projetos_python/proj_twitter_pipeline/airflow_pipeline/dags/twitter_dag.py
[2023-11-14T16:17:41.195-0300] {logging_mixin.py:154} INFO - [2023-11-14T16:17:41.195-0300] {dag.py:2941} INFO - Sync 1 DAGs
[2023-11-14T16:17:41.220-0300] {logging_mixin.py:154} INFO - [2023-11-14T16:17:41.219-0300] {dag.py:3722} INFO - Setting next_dagrun for TwitterDAG to 2023-11-14T00:00:00+00:00, run_after=2023-11-15T00:00:00+00:00
[2023-11-14T16:17:41.257-0300] {processor.py:179} INFO - Processing /home/pedro/projetos/projetos_python/proj_twitter_pipeline/airflow_pipeline/dags/twitter_dag.py took 0.112 seconds
[2023-11-14T16:18:11.457-0300] {processor.py:157} INFO - Started process (PID=21272) to work on /home/pedro/projetos/projetos_python/proj_twitter_pipeline/airflow_pipeline/dags/twitter_dag.py
[2023-11-14T16:18:11.459-0300] {processor.py:829} INFO - Processing file /home/pedro/projetos/projetos_python/proj_twitter_pipeline/airflow_pipeline/dags/twitter_dag.py for tasks to queue
[2023-11-14T16:18:11.460-0300] {logging_mixin.py:154} INFO - [2023-11-14T16:18:11.459-0300] {dagbag.py:536} INFO - Filling up the DagBag from /home/pedro/projetos/projetos_python/proj_twitter_pipeline/airflow_pipeline/dags/twitter_dag.py
[2023-11-14T16:18:11.474-0300] {processor.py:839} INFO - DAG(s) dict_keys(['TwitterDAG']) retrieved from /home/pedro/projetos/projetos_python/proj_twitter_pipeline/airflow_pipeline/dags/twitter_dag.py
[2023-11-14T16:18:11.491-0300] {logging_mixin.py:154} INFO - [2023-11-14T16:18:11.491-0300] {dag.py:2941} INFO - Sync 1 DAGs
[2023-11-14T16:18:11.508-0300] {logging_mixin.py:154} INFO - [2023-11-14T16:18:11.508-0300] {dag.py:3722} INFO - Setting next_dagrun for TwitterDAG to 2023-11-14T00:00:00+00:00, run_after=2023-11-15T00:00:00+00:00
[2023-11-14T16:18:11.534-0300] {processor.py:179} INFO - Processing /home/pedro/projetos/projetos_python/proj_twitter_pipeline/airflow_pipeline/dags/twitter_dag.py took 0.080 seconds
[2023-11-14T16:18:41.654-0300] {processor.py:157} INFO - Started process (PID=21378) to work on /home/pedro/projetos/projetos_python/proj_twitter_pipeline/airflow_pipeline/dags/twitter_dag.py
[2023-11-14T16:18:41.655-0300] {processor.py:829} INFO - Processing file /home/pedro/projetos/projetos_python/proj_twitter_pipeline/airflow_pipeline/dags/twitter_dag.py for tasks to queue
[2023-11-14T16:18:41.655-0300] {logging_mixin.py:154} INFO - [2023-11-14T16:18:41.655-0300] {dagbag.py:536} INFO - Filling up the DagBag from /home/pedro/projetos/projetos_python/proj_twitter_pipeline/airflow_pipeline/dags/twitter_dag.py
[2023-11-14T16:18:41.669-0300] {processor.py:839} INFO - DAG(s) dict_keys(['TwitterDAG']) retrieved from /home/pedro/projetos/projetos_python/proj_twitter_pipeline/airflow_pipeline/dags/twitter_dag.py
[2023-11-14T16:18:41.687-0300] {logging_mixin.py:154} INFO - [2023-11-14T16:18:41.687-0300] {dag.py:2941} INFO - Sync 1 DAGs
[2023-11-14T16:18:41.704-0300] {logging_mixin.py:154} INFO - [2023-11-14T16:18:41.704-0300] {dag.py:3722} INFO - Setting next_dagrun for TwitterDAG to 2023-11-14T00:00:00+00:00, run_after=2023-11-15T00:00:00+00:00
[2023-11-14T16:18:41.729-0300] {processor.py:179} INFO - Processing /home/pedro/projetos/projetos_python/proj_twitter_pipeline/airflow_pipeline/dags/twitter_dag.py took 0.078 seconds
[2023-11-14T16:19:11.876-0300] {processor.py:157} INFO - Started process (PID=21484) to work on /home/pedro/projetos/projetos_python/proj_twitter_pipeline/airflow_pipeline/dags/twitter_dag.py
[2023-11-14T16:19:11.879-0300] {processor.py:829} INFO - Processing file /home/pedro/projetos/projetos_python/proj_twitter_pipeline/airflow_pipeline/dags/twitter_dag.py for tasks to queue
[2023-11-14T16:19:11.881-0300] {logging_mixin.py:154} INFO - [2023-11-14T16:19:11.880-0300] {dagbag.py:536} INFO - Filling up the DagBag from /home/pedro/projetos/projetos_python/proj_twitter_pipeline/airflow_pipeline/dags/twitter_dag.py
[2023-11-14T16:19:11.899-0300] {processor.py:839} INFO - DAG(s) dict_keys(['TwitterDAG']) retrieved from /home/pedro/projetos/projetos_python/proj_twitter_pipeline/airflow_pipeline/dags/twitter_dag.py
[2023-11-14T16:19:11.917-0300] {logging_mixin.py:154} INFO - [2023-11-14T16:19:11.917-0300] {dag.py:2941} INFO - Sync 1 DAGs
[2023-11-14T16:19:11.934-0300] {logging_mixin.py:154} INFO - [2023-11-14T16:19:11.934-0300] {dag.py:3722} INFO - Setting next_dagrun for TwitterDAG to 2023-11-14T00:00:00+00:00, run_after=2023-11-15T00:00:00+00:00
[2023-11-14T16:19:11.960-0300] {processor.py:179} INFO - Processing /home/pedro/projetos/projetos_python/proj_twitter_pipeline/airflow_pipeline/dags/twitter_dag.py took 0.092 seconds
[2023-11-14T16:19:42.081-0300] {processor.py:157} INFO - Started process (PID=21713) to work on /home/pedro/projetos/projetos_python/proj_twitter_pipeline/airflow_pipeline/dags/twitter_dag.py
[2023-11-14T16:19:42.082-0300] {processor.py:829} INFO - Processing file /home/pedro/projetos/projetos_python/proj_twitter_pipeline/airflow_pipeline/dags/twitter_dag.py for tasks to queue
[2023-11-14T16:19:42.083-0300] {logging_mixin.py:154} INFO - [2023-11-14T16:19:42.083-0300] {dagbag.py:536} INFO - Filling up the DagBag from /home/pedro/projetos/projetos_python/proj_twitter_pipeline/airflow_pipeline/dags/twitter_dag.py
[2023-11-14T16:19:42.096-0300] {processor.py:839} INFO - DAG(s) dict_keys(['TwitterDAG']) retrieved from /home/pedro/projetos/projetos_python/proj_twitter_pipeline/airflow_pipeline/dags/twitter_dag.py
[2023-11-14T16:19:42.113-0300] {logging_mixin.py:154} INFO - [2023-11-14T16:19:42.113-0300] {dag.py:2941} INFO - Sync 1 DAGs
[2023-11-14T16:19:42.130-0300] {logging_mixin.py:154} INFO - [2023-11-14T16:19:42.130-0300] {dag.py:3722} INFO - Setting next_dagrun for TwitterDAG to 2023-11-14T00:00:00+00:00, run_after=2023-11-15T00:00:00+00:00
[2023-11-14T16:19:42.153-0300] {processor.py:179} INFO - Processing /home/pedro/projetos/projetos_python/proj_twitter_pipeline/airflow_pipeline/dags/twitter_dag.py took 0.074 seconds
[2023-11-14T16:20:12.304-0300] {processor.py:157} INFO - Started process (PID=21996) to work on /home/pedro/projetos/projetos_python/proj_twitter_pipeline/airflow_pipeline/dags/twitter_dag.py
[2023-11-14T16:20:12.306-0300] {processor.py:829} INFO - Processing file /home/pedro/projetos/projetos_python/proj_twitter_pipeline/airflow_pipeline/dags/twitter_dag.py for tasks to queue
[2023-11-14T16:20:12.307-0300] {logging_mixin.py:154} INFO - [2023-11-14T16:20:12.307-0300] {dagbag.py:536} INFO - Filling up the DagBag from /home/pedro/projetos/projetos_python/proj_twitter_pipeline/airflow_pipeline/dags/twitter_dag.py
[2023-11-14T16:20:12.317-0300] {processor.py:839} INFO - DAG(s) dict_keys(['TwitterDAG']) retrieved from /home/pedro/projetos/projetos_python/proj_twitter_pipeline/airflow_pipeline/dags/twitter_dag.py
[2023-11-14T16:20:12.332-0300] {logging_mixin.py:154} INFO - [2023-11-14T16:20:12.332-0300] {dag.py:2941} INFO - Sync 1 DAGs
[2023-11-14T16:20:12.347-0300] {logging_mixin.py:154} INFO - [2023-11-14T16:20:12.347-0300] {dag.py:3722} INFO - Setting next_dagrun for TwitterDAG to 2023-11-14T00:00:00+00:00, run_after=2023-11-15T00:00:00+00:00
[2023-11-14T16:20:12.369-0300] {processor.py:179} INFO - Processing /home/pedro/projetos/projetos_python/proj_twitter_pipeline/airflow_pipeline/dags/twitter_dag.py took 0.068 seconds
[2023-11-14T16:20:42.501-0300] {processor.py:157} INFO - Started process (PID=22042) to work on /home/pedro/projetos/projetos_python/proj_twitter_pipeline/airflow_pipeline/dags/twitter_dag.py
[2023-11-14T16:20:42.502-0300] {processor.py:829} INFO - Processing file /home/pedro/projetos/projetos_python/proj_twitter_pipeline/airflow_pipeline/dags/twitter_dag.py for tasks to queue
[2023-11-14T16:20:42.502-0300] {logging_mixin.py:154} INFO - [2023-11-14T16:20:42.502-0300] {dagbag.py:536} INFO - Filling up the DagBag from /home/pedro/projetos/projetos_python/proj_twitter_pipeline/airflow_pipeline/dags/twitter_dag.py
[2023-11-14T16:20:42.513-0300] {processor.py:839} INFO - DAG(s) dict_keys(['TwitterDAG']) retrieved from /home/pedro/projetos/projetos_python/proj_twitter_pipeline/airflow_pipeline/dags/twitter_dag.py
[2023-11-14T16:20:42.527-0300] {logging_mixin.py:154} INFO - [2023-11-14T16:20:42.527-0300] {dag.py:2941} INFO - Sync 1 DAGs
[2023-11-14T16:20:42.542-0300] {logging_mixin.py:154} INFO - [2023-11-14T16:20:42.542-0300] {dag.py:3722} INFO - Setting next_dagrun for TwitterDAG to 2023-11-14T00:00:00+00:00, run_after=2023-11-15T00:00:00+00:00
[2023-11-14T16:20:42.560-0300] {processor.py:179} INFO - Processing /home/pedro/projetos/projetos_python/proj_twitter_pipeline/airflow_pipeline/dags/twitter_dag.py took 0.062 seconds
[2023-11-14T16:21:12.659-0300] {processor.py:157} INFO - Started process (PID=22148) to work on /home/pedro/projetos/projetos_python/proj_twitter_pipeline/airflow_pipeline/dags/twitter_dag.py
[2023-11-14T16:21:12.660-0300] {processor.py:829} INFO - Processing file /home/pedro/projetos/projetos_python/proj_twitter_pipeline/airflow_pipeline/dags/twitter_dag.py for tasks to queue
[2023-11-14T16:21:12.661-0300] {logging_mixin.py:154} INFO - [2023-11-14T16:21:12.661-0300] {dagbag.py:536} INFO - Filling up the DagBag from /home/pedro/projetos/projetos_python/proj_twitter_pipeline/airflow_pipeline/dags/twitter_dag.py
[2023-11-14T16:21:12.675-0300] {processor.py:839} INFO - DAG(s) dict_keys(['TwitterDAG']) retrieved from /home/pedro/projetos/projetos_python/proj_twitter_pipeline/airflow_pipeline/dags/twitter_dag.py
[2023-11-14T16:21:12.691-0300] {logging_mixin.py:154} INFO - [2023-11-14T16:21:12.690-0300] {dag.py:2941} INFO - Sync 1 DAGs
[2023-11-14T16:21:12.707-0300] {logging_mixin.py:154} INFO - [2023-11-14T16:21:12.706-0300] {dag.py:3722} INFO - Setting next_dagrun for TwitterDAG to 2023-11-14T00:00:00+00:00, run_after=2023-11-15T00:00:00+00:00
[2023-11-14T16:21:12.729-0300] {processor.py:179} INFO - Processing /home/pedro/projetos/projetos_python/proj_twitter_pipeline/airflow_pipeline/dags/twitter_dag.py took 0.073 seconds
[2023-11-14T16:21:42.817-0300] {processor.py:157} INFO - Started process (PID=22194) to work on /home/pedro/projetos/projetos_python/proj_twitter_pipeline/airflow_pipeline/dags/twitter_dag.py
[2023-11-14T16:21:42.818-0300] {processor.py:829} INFO - Processing file /home/pedro/projetos/projetos_python/proj_twitter_pipeline/airflow_pipeline/dags/twitter_dag.py for tasks to queue
[2023-11-14T16:21:42.818-0300] {logging_mixin.py:154} INFO - [2023-11-14T16:21:42.818-0300] {dagbag.py:536} INFO - Filling up the DagBag from /home/pedro/projetos/projetos_python/proj_twitter_pipeline/airflow_pipeline/dags/twitter_dag.py
[2023-11-14T16:21:42.829-0300] {processor.py:839} INFO - DAG(s) dict_keys(['TwitterDAG']) retrieved from /home/pedro/projetos/projetos_python/proj_twitter_pipeline/airflow_pipeline/dags/twitter_dag.py
[2023-11-14T16:21:42.844-0300] {logging_mixin.py:154} INFO - [2023-11-14T16:21:42.844-0300] {dag.py:2941} INFO - Sync 1 DAGs
[2023-11-14T16:21:42.858-0300] {logging_mixin.py:154} INFO - [2023-11-14T16:21:42.858-0300] {dag.py:3722} INFO - Setting next_dagrun for TwitterDAG to 2023-11-14T00:00:00+00:00, run_after=2023-11-15T00:00:00+00:00
[2023-11-14T16:21:42.879-0300] {processor.py:179} INFO - Processing /home/pedro/projetos/projetos_python/proj_twitter_pipeline/airflow_pipeline/dags/twitter_dag.py took 0.064 seconds
[2023-11-14T16:22:12.982-0300] {processor.py:157} INFO - Started process (PID=22297) to work on /home/pedro/projetos/projetos_python/proj_twitter_pipeline/airflow_pipeline/dags/twitter_dag.py
[2023-11-14T16:22:12.984-0300] {processor.py:829} INFO - Processing file /home/pedro/projetos/projetos_python/proj_twitter_pipeline/airflow_pipeline/dags/twitter_dag.py for tasks to queue
[2023-11-14T16:22:12.985-0300] {logging_mixin.py:154} INFO - [2023-11-14T16:22:12.984-0300] {dagbag.py:536} INFO - Filling up the DagBag from /home/pedro/projetos/projetos_python/proj_twitter_pipeline/airflow_pipeline/dags/twitter_dag.py
[2023-11-14T16:22:12.996-0300] {processor.py:839} INFO - DAG(s) dict_keys(['TwitterDAG']) retrieved from /home/pedro/projetos/projetos_python/proj_twitter_pipeline/airflow_pipeline/dags/twitter_dag.py
[2023-11-14T16:22:13.013-0300] {logging_mixin.py:154} INFO - [2023-11-14T16:22:13.012-0300] {dag.py:2941} INFO - Sync 1 DAGs
[2023-11-14T16:22:13.029-0300] {logging_mixin.py:154} INFO - [2023-11-14T16:22:13.029-0300] {dag.py:3722} INFO - Setting next_dagrun for TwitterDAG to 2023-11-14T00:00:00+00:00, run_after=2023-11-15T00:00:00+00:00
[2023-11-14T16:22:13.050-0300] {processor.py:179} INFO - Processing /home/pedro/projetos/projetos_python/proj_twitter_pipeline/airflow_pipeline/dags/twitter_dag.py took 0.070 seconds
[2023-11-14T16:22:43.165-0300] {processor.py:157} INFO - Started process (PID=22343) to work on /home/pedro/projetos/projetos_python/proj_twitter_pipeline/airflow_pipeline/dags/twitter_dag.py
[2023-11-14T16:22:43.166-0300] {processor.py:829} INFO - Processing file /home/pedro/projetos/projetos_python/proj_twitter_pipeline/airflow_pipeline/dags/twitter_dag.py for tasks to queue
[2023-11-14T16:22:43.167-0300] {logging_mixin.py:154} INFO - [2023-11-14T16:22:43.166-0300] {dagbag.py:536} INFO - Filling up the DagBag from /home/pedro/projetos/projetos_python/proj_twitter_pipeline/airflow_pipeline/dags/twitter_dag.py
[2023-11-14T16:22:43.177-0300] {processor.py:839} INFO - DAG(s) dict_keys(['TwitterDAG']) retrieved from /home/pedro/projetos/projetos_python/proj_twitter_pipeline/airflow_pipeline/dags/twitter_dag.py
[2023-11-14T16:22:43.191-0300] {logging_mixin.py:154} INFO - [2023-11-14T16:22:43.190-0300] {dag.py:2941} INFO - Sync 1 DAGs
[2023-11-14T16:22:43.205-0300] {logging_mixin.py:154} INFO - [2023-11-14T16:22:43.205-0300] {dag.py:3722} INFO - Setting next_dagrun for TwitterDAG to 2023-11-14T00:00:00+00:00, run_after=2023-11-15T00:00:00+00:00
[2023-11-14T16:22:43.225-0300] {processor.py:179} INFO - Processing /home/pedro/projetos/projetos_python/proj_twitter_pipeline/airflow_pipeline/dags/twitter_dag.py took 0.062 seconds
[2023-11-14T16:23:13.346-0300] {processor.py:157} INFO - Started process (PID=22467) to work on /home/pedro/projetos/projetos_python/proj_twitter_pipeline/airflow_pipeline/dags/twitter_dag.py
[2023-11-14T16:23:13.349-0300] {processor.py:829} INFO - Processing file /home/pedro/projetos/projetos_python/proj_twitter_pipeline/airflow_pipeline/dags/twitter_dag.py for tasks to queue
[2023-11-14T16:23:13.351-0300] {logging_mixin.py:154} INFO - [2023-11-14T16:23:13.350-0300] {dagbag.py:536} INFO - Filling up the DagBag from /home/pedro/projetos/projetos_python/proj_twitter_pipeline/airflow_pipeline/dags/twitter_dag.py
[2023-11-14T16:23:13.366-0300] {processor.py:839} INFO - DAG(s) dict_keys(['TwitterDAG']) retrieved from /home/pedro/projetos/projetos_python/proj_twitter_pipeline/airflow_pipeline/dags/twitter_dag.py
[2023-11-14T16:23:13.380-0300] {logging_mixin.py:154} INFO - [2023-11-14T16:23:13.380-0300] {dag.py:2941} INFO - Sync 1 DAGs
[2023-11-14T16:23:13.395-0300] {logging_mixin.py:154} INFO - [2023-11-14T16:23:13.394-0300] {dag.py:3722} INFO - Setting next_dagrun for TwitterDAG to 2023-11-14T00:00:00+00:00, run_after=2023-11-15T00:00:00+00:00
[2023-11-14T16:23:13.416-0300] {processor.py:179} INFO - Processing /home/pedro/projetos/projetos_python/proj_twitter_pipeline/airflow_pipeline/dags/twitter_dag.py took 0.078 seconds
[2023-11-14T16:23:43.509-0300] {processor.py:157} INFO - Started process (PID=22573) to work on /home/pedro/projetos/projetos_python/proj_twitter_pipeline/airflow_pipeline/dags/twitter_dag.py
[2023-11-14T16:23:43.512-0300] {processor.py:829} INFO - Processing file /home/pedro/projetos/projetos_python/proj_twitter_pipeline/airflow_pipeline/dags/twitter_dag.py for tasks to queue
[2023-11-14T16:23:43.514-0300] {logging_mixin.py:154} INFO - [2023-11-14T16:23:43.513-0300] {dagbag.py:536} INFO - Filling up the DagBag from /home/pedro/projetos/projetos_python/proj_twitter_pipeline/airflow_pipeline/dags/twitter_dag.py
[2023-11-14T16:23:43.527-0300] {processor.py:839} INFO - DAG(s) dict_keys(['TwitterDAG']) retrieved from /home/pedro/projetos/projetos_python/proj_twitter_pipeline/airflow_pipeline/dags/twitter_dag.py
[2023-11-14T16:23:43.545-0300] {logging_mixin.py:154} INFO - [2023-11-14T16:23:43.545-0300] {dag.py:2941} INFO - Sync 1 DAGs
[2023-11-14T16:23:43.561-0300] {logging_mixin.py:154} INFO - [2023-11-14T16:23:43.561-0300] {dag.py:3722} INFO - Setting next_dagrun for TwitterDAG to 2023-11-14T00:00:00+00:00, run_after=2023-11-15T00:00:00+00:00
[2023-11-14T16:23:43.586-0300] {processor.py:179} INFO - Processing /home/pedro/projetos/projetos_python/proj_twitter_pipeline/airflow_pipeline/dags/twitter_dag.py took 0.081 seconds
[2023-11-14T16:24:13.670-0300] {processor.py:157} INFO - Started process (PID=22676) to work on /home/pedro/projetos/projetos_python/proj_twitter_pipeline/airflow_pipeline/dags/twitter_dag.py
[2023-11-14T16:24:13.674-0300] {processor.py:829} INFO - Processing file /home/pedro/projetos/projetos_python/proj_twitter_pipeline/airflow_pipeline/dags/twitter_dag.py for tasks to queue
[2023-11-14T16:24:13.675-0300] {logging_mixin.py:154} INFO - [2023-11-14T16:24:13.675-0300] {dagbag.py:536} INFO - Filling up the DagBag from /home/pedro/projetos/projetos_python/proj_twitter_pipeline/airflow_pipeline/dags/twitter_dag.py
[2023-11-14T16:24:13.691-0300] {processor.py:839} INFO - DAG(s) dict_keys(['TwitterDAG']) retrieved from /home/pedro/projetos/projetos_python/proj_twitter_pipeline/airflow_pipeline/dags/twitter_dag.py
[2023-11-14T16:24:13.711-0300] {logging_mixin.py:154} INFO - [2023-11-14T16:24:13.711-0300] {dag.py:2941} INFO - Sync 1 DAGs
[2023-11-14T16:24:13.729-0300] {logging_mixin.py:154} INFO - [2023-11-14T16:24:13.729-0300] {dag.py:3722} INFO - Setting next_dagrun for TwitterDAG to 2023-11-14T00:00:00+00:00, run_after=2023-11-15T00:00:00+00:00
[2023-11-14T16:24:13.754-0300] {processor.py:179} INFO - Processing /home/pedro/projetos/projetos_python/proj_twitter_pipeline/airflow_pipeline/dags/twitter_dag.py took 0.087 seconds
[2023-11-14T16:24:43.789-0300] {processor.py:157} INFO - Started process (PID=22844) to work on /home/pedro/projetos/projetos_python/proj_twitter_pipeline/airflow_pipeline/dags/twitter_dag.py
[2023-11-14T16:24:43.791-0300] {processor.py:829} INFO - Processing file /home/pedro/projetos/projetos_python/proj_twitter_pipeline/airflow_pipeline/dags/twitter_dag.py for tasks to queue
[2023-11-14T16:24:43.792-0300] {logging_mixin.py:154} INFO - [2023-11-14T16:24:43.792-0300] {dagbag.py:536} INFO - Filling up the DagBag from /home/pedro/projetos/projetos_python/proj_twitter_pipeline/airflow_pipeline/dags/twitter_dag.py
[2023-11-14T16:24:43.805-0300] {processor.py:839} INFO - DAG(s) dict_keys(['TwitterDAG']) retrieved from /home/pedro/projetos/projetos_python/proj_twitter_pipeline/airflow_pipeline/dags/twitter_dag.py
[2023-11-14T16:24:43.820-0300] {logging_mixin.py:154} INFO - [2023-11-14T16:24:43.820-0300] {dag.py:2941} INFO - Sync 1 DAGs
[2023-11-14T16:24:43.834-0300] {logging_mixin.py:154} INFO - [2023-11-14T16:24:43.833-0300] {dag.py:3722} INFO - Setting next_dagrun for TwitterDAG to 2023-11-14T00:00:00+00:00, run_after=2023-11-15T00:00:00+00:00
[2023-11-14T16:24:43.854-0300] {processor.py:179} INFO - Processing /home/pedro/projetos/projetos_python/proj_twitter_pipeline/airflow_pipeline/dags/twitter_dag.py took 0.069 seconds
