[2023-12-28T14:11:29.881-0300] {processor.py:157} INFO - Started process (PID=20311) to work on /home/pedro/projetos/projetos_python/proj_twitter_pipeline/venv/lib/python3.9/site-packages/airflow/example_dags/subdags/subdag.py
[2023-12-28T14:11:29.883-0300] {processor.py:829} INFO - Processing file /home/pedro/projetos/projetos_python/proj_twitter_pipeline/venv/lib/python3.9/site-packages/airflow/example_dags/subdags/subdag.py for tasks to queue
[2023-12-28T14:11:29.884-0300] {logging_mixin.py:154} INFO - [2023-12-28T14:11:29.883-0300] {dagbag.py:536} INFO - Filling up the DagBag from /home/pedro/projetos/projetos_python/proj_twitter_pipeline/venv/lib/python3.9/site-packages/airflow/example_dags/subdags/subdag.py
[2023-12-28T14:11:29.887-0300] {processor.py:841} WARNING - No viable dags retrieved from /home/pedro/projetos/projetos_python/proj_twitter_pipeline/venv/lib/python3.9/site-packages/airflow/example_dags/subdags/subdag.py
[2023-12-28T14:11:29.898-0300] {processor.py:179} INFO - Processing /home/pedro/projetos/projetos_python/proj_twitter_pipeline/venv/lib/python3.9/site-packages/airflow/example_dags/subdags/subdag.py took 0.021 seconds
[2023-12-28T14:12:14.905-0300] {processor.py:157} INFO - Started process (PID=20907) to work on /home/pedro/projetos/projetos_python/proj_twitter_pipeline/venv/lib/python3.9/site-packages/airflow/example_dags/subdags/subdag.py
[2023-12-28T14:12:14.907-0300] {processor.py:829} INFO - Processing file /home/pedro/projetos/projetos_python/proj_twitter_pipeline/venv/lib/python3.9/site-packages/airflow/example_dags/subdags/subdag.py for tasks to queue
[2023-12-28T14:12:14.908-0300] {logging_mixin.py:154} INFO - [2023-12-28T14:12:14.908-0300] {dagbag.py:536} INFO - Filling up the DagBag from /home/pedro/projetos/projetos_python/proj_twitter_pipeline/venv/lib/python3.9/site-packages/airflow/example_dags/subdags/subdag.py
[2023-12-28T14:12:14.909-0300] {processor.py:841} WARNING - No viable dags retrieved from /home/pedro/projetos/projetos_python/proj_twitter_pipeline/venv/lib/python3.9/site-packages/airflow/example_dags/subdags/subdag.py
[2023-12-28T14:12:14.916-0300] {processor.py:179} INFO - Processing /home/pedro/projetos/projetos_python/proj_twitter_pipeline/venv/lib/python3.9/site-packages/airflow/example_dags/subdags/subdag.py took 0.013 seconds
[2023-12-28T14:13:00.101-0300] {processor.py:157} INFO - Started process (PID=21143) to work on /home/pedro/projetos/projetos_python/proj_twitter_pipeline/venv/lib/python3.9/site-packages/airflow/example_dags/subdags/subdag.py
[2023-12-28T14:13:00.103-0300] {processor.py:829} INFO - Processing file /home/pedro/projetos/projetos_python/proj_twitter_pipeline/venv/lib/python3.9/site-packages/airflow/example_dags/subdags/subdag.py for tasks to queue
[2023-12-28T14:13:00.103-0300] {logging_mixin.py:154} INFO - [2023-12-28T14:13:00.103-0300] {dagbag.py:536} INFO - Filling up the DagBag from /home/pedro/projetos/projetos_python/proj_twitter_pipeline/venv/lib/python3.9/site-packages/airflow/example_dags/subdags/subdag.py
[2023-12-28T14:13:00.105-0300] {processor.py:841} WARNING - No viable dags retrieved from /home/pedro/projetos/projetos_python/proj_twitter_pipeline/venv/lib/python3.9/site-packages/airflow/example_dags/subdags/subdag.py
[2023-12-28T14:13:00.112-0300] {processor.py:179} INFO - Processing /home/pedro/projetos/projetos_python/proj_twitter_pipeline/venv/lib/python3.9/site-packages/airflow/example_dags/subdags/subdag.py took 0.013 seconds
[2023-12-28T14:13:45.595-0300] {processor.py:157} INFO - Started process (PID=21739) to work on /home/pedro/projetos/projetos_python/proj_twitter_pipeline/venv/lib/python3.9/site-packages/airflow/example_dags/subdags/subdag.py
[2023-12-28T14:13:45.597-0300] {processor.py:829} INFO - Processing file /home/pedro/projetos/projetos_python/proj_twitter_pipeline/venv/lib/python3.9/site-packages/airflow/example_dags/subdags/subdag.py for tasks to queue
[2023-12-28T14:13:45.598-0300] {logging_mixin.py:154} INFO - [2023-12-28T14:13:45.598-0300] {dagbag.py:536} INFO - Filling up the DagBag from /home/pedro/projetos/projetos_python/proj_twitter_pipeline/venv/lib/python3.9/site-packages/airflow/example_dags/subdags/subdag.py
[2023-12-28T14:13:45.600-0300] {processor.py:841} WARNING - No viable dags retrieved from /home/pedro/projetos/projetos_python/proj_twitter_pipeline/venv/lib/python3.9/site-packages/airflow/example_dags/subdags/subdag.py
[2023-12-28T14:13:45.607-0300] {processor.py:179} INFO - Processing /home/pedro/projetos/projetos_python/proj_twitter_pipeline/venv/lib/python3.9/site-packages/airflow/example_dags/subdags/subdag.py took 0.014 seconds
[2023-12-28T14:14:31.740-0300] {processor.py:157} INFO - Started process (PID=22157) to work on /home/pedro/projetos/projetos_python/proj_twitter_pipeline/venv/lib/python3.9/site-packages/airflow/example_dags/subdags/subdag.py
[2023-12-28T14:14:31.742-0300] {processor.py:829} INFO - Processing file /home/pedro/projetos/projetos_python/proj_twitter_pipeline/venv/lib/python3.9/site-packages/airflow/example_dags/subdags/subdag.py for tasks to queue
[2023-12-28T14:14:31.743-0300] {logging_mixin.py:154} INFO - [2023-12-28T14:14:31.742-0300] {dagbag.py:536} INFO - Filling up the DagBag from /home/pedro/projetos/projetos_python/proj_twitter_pipeline/venv/lib/python3.9/site-packages/airflow/example_dags/subdags/subdag.py
[2023-12-28T14:14:31.744-0300] {processor.py:841} WARNING - No viable dags retrieved from /home/pedro/projetos/projetos_python/proj_twitter_pipeline/venv/lib/python3.9/site-packages/airflow/example_dags/subdags/subdag.py
[2023-12-28T14:14:31.753-0300] {processor.py:179} INFO - Processing /home/pedro/projetos/projetos_python/proj_twitter_pipeline/venv/lib/python3.9/site-packages/airflow/example_dags/subdags/subdag.py took 0.015 seconds
[2023-12-28T14:15:20.287-0300] {processor.py:157} INFO - Started process (PID=22396) to work on /home/pedro/projetos/projetos_python/proj_twitter_pipeline/venv/lib/python3.9/site-packages/airflow/example_dags/subdags/subdag.py
[2023-12-28T14:15:20.290-0300] {processor.py:829} INFO - Processing file /home/pedro/projetos/projetos_python/proj_twitter_pipeline/venv/lib/python3.9/site-packages/airflow/example_dags/subdags/subdag.py for tasks to queue
[2023-12-28T14:15:20.291-0300] {logging_mixin.py:154} INFO - [2023-12-28T14:15:20.290-0300] {dagbag.py:536} INFO - Filling up the DagBag from /home/pedro/projetos/projetos_python/proj_twitter_pipeline/venv/lib/python3.9/site-packages/airflow/example_dags/subdags/subdag.py
[2023-12-28T14:15:20.292-0300] {processor.py:841} WARNING - No viable dags retrieved from /home/pedro/projetos/projetos_python/proj_twitter_pipeline/venv/lib/python3.9/site-packages/airflow/example_dags/subdags/subdag.py
[2023-12-28T14:15:20.300-0300] {processor.py:179} INFO - Processing /home/pedro/projetos/projetos_python/proj_twitter_pipeline/venv/lib/python3.9/site-packages/airflow/example_dags/subdags/subdag.py took 0.016 seconds
[2023-12-28T14:16:10.561-0300] {processor.py:157} INFO - Started process (PID=22703) to work on /home/pedro/projetos/projetos_python/proj_twitter_pipeline/venv/lib/python3.9/site-packages/airflow/example_dags/subdags/subdag.py
[2023-12-28T14:16:10.563-0300] {processor.py:829} INFO - Processing file /home/pedro/projetos/projetos_python/proj_twitter_pipeline/venv/lib/python3.9/site-packages/airflow/example_dags/subdags/subdag.py for tasks to queue
[2023-12-28T14:16:10.563-0300] {logging_mixin.py:154} INFO - [2023-12-28T14:16:10.563-0300] {dagbag.py:536} INFO - Filling up the DagBag from /home/pedro/projetos/projetos_python/proj_twitter_pipeline/venv/lib/python3.9/site-packages/airflow/example_dags/subdags/subdag.py
[2023-12-28T14:16:10.565-0300] {processor.py:841} WARNING - No viable dags retrieved from /home/pedro/projetos/projetos_python/proj_twitter_pipeline/venv/lib/python3.9/site-packages/airflow/example_dags/subdags/subdag.py
[2023-12-28T14:16:10.572-0300] {processor.py:179} INFO - Processing /home/pedro/projetos/projetos_python/proj_twitter_pipeline/venv/lib/python3.9/site-packages/airflow/example_dags/subdags/subdag.py took 0.012 seconds
[2023-12-28T14:16:56.248-0300] {processor.py:157} INFO - Started process (PID=22940) to work on /home/pedro/projetos/projetos_python/proj_twitter_pipeline/venv/lib/python3.9/site-packages/airflow/example_dags/subdags/subdag.py
[2023-12-28T14:16:56.249-0300] {processor.py:829} INFO - Processing file /home/pedro/projetos/projetos_python/proj_twitter_pipeline/venv/lib/python3.9/site-packages/airflow/example_dags/subdags/subdag.py for tasks to queue
[2023-12-28T14:16:56.250-0300] {logging_mixin.py:154} INFO - [2023-12-28T14:16:56.250-0300] {dagbag.py:536} INFO - Filling up the DagBag from /home/pedro/projetos/projetos_python/proj_twitter_pipeline/venv/lib/python3.9/site-packages/airflow/example_dags/subdags/subdag.py
[2023-12-28T14:16:56.251-0300] {processor.py:841} WARNING - No viable dags retrieved from /home/pedro/projetos/projetos_python/proj_twitter_pipeline/venv/lib/python3.9/site-packages/airflow/example_dags/subdags/subdag.py
[2023-12-28T14:16:56.258-0300] {processor.py:179} INFO - Processing /home/pedro/projetos/projetos_python/proj_twitter_pipeline/venv/lib/python3.9/site-packages/airflow/example_dags/subdags/subdag.py took 0.013 seconds
[2023-12-28T14:17:39.246-0300] {processor.py:157} INFO - Started process (PID=23111) to work on /home/pedro/projetos/projetos_python/proj_twitter_pipeline/venv/lib/python3.9/site-packages/airflow/example_dags/subdags/subdag.py
[2023-12-28T14:17:39.248-0300] {processor.py:829} INFO - Processing file /home/pedro/projetos/projetos_python/proj_twitter_pipeline/venv/lib/python3.9/site-packages/airflow/example_dags/subdags/subdag.py for tasks to queue
[2023-12-28T14:17:39.248-0300] {logging_mixin.py:154} INFO - [2023-12-28T14:17:39.248-0300] {dagbag.py:536} INFO - Filling up the DagBag from /home/pedro/projetos/projetos_python/proj_twitter_pipeline/venv/lib/python3.9/site-packages/airflow/example_dags/subdags/subdag.py
[2023-12-28T14:17:39.250-0300] {processor.py:841} WARNING - No viable dags retrieved from /home/pedro/projetos/projetos_python/proj_twitter_pipeline/venv/lib/python3.9/site-packages/airflow/example_dags/subdags/subdag.py
[2023-12-28T14:17:39.259-0300] {processor.py:179} INFO - Processing /home/pedro/projetos/projetos_python/proj_twitter_pipeline/venv/lib/python3.9/site-packages/airflow/example_dags/subdags/subdag.py took 0.018 seconds
[2023-12-28T14:18:26.704-0300] {processor.py:157} INFO - Started process (PID=23292) to work on /home/pedro/projetos/projetos_python/proj_twitter_pipeline/venv/lib/python3.9/site-packages/airflow/example_dags/subdags/subdag.py
[2023-12-28T14:18:26.706-0300] {processor.py:829} INFO - Processing file /home/pedro/projetos/projetos_python/proj_twitter_pipeline/venv/lib/python3.9/site-packages/airflow/example_dags/subdags/subdag.py for tasks to queue
[2023-12-28T14:18:26.707-0300] {logging_mixin.py:154} INFO - [2023-12-28T14:18:26.707-0300] {dagbag.py:536} INFO - Filling up the DagBag from /home/pedro/projetos/projetos_python/proj_twitter_pipeline/venv/lib/python3.9/site-packages/airflow/example_dags/subdags/subdag.py
[2023-12-28T14:18:26.709-0300] {processor.py:841} WARNING - No viable dags retrieved from /home/pedro/projetos/projetos_python/proj_twitter_pipeline/venv/lib/python3.9/site-packages/airflow/example_dags/subdags/subdag.py
[2023-12-28T14:18:26.716-0300] {processor.py:179} INFO - Processing /home/pedro/projetos/projetos_python/proj_twitter_pipeline/venv/lib/python3.9/site-packages/airflow/example_dags/subdags/subdag.py took 0.014 seconds
[2023-12-28T14:19:15.947-0300] {processor.py:157} INFO - Started process (PID=23599) to work on /home/pedro/projetos/projetos_python/proj_twitter_pipeline/venv/lib/python3.9/site-packages/airflow/example_dags/subdags/subdag.py
[2023-12-28T14:19:15.948-0300] {processor.py:829} INFO - Processing file /home/pedro/projetos/projetos_python/proj_twitter_pipeline/venv/lib/python3.9/site-packages/airflow/example_dags/subdags/subdag.py for tasks to queue
[2023-12-28T14:19:15.949-0300] {logging_mixin.py:154} INFO - [2023-12-28T14:19:15.948-0300] {dagbag.py:536} INFO - Filling up the DagBag from /home/pedro/projetos/projetos_python/proj_twitter_pipeline/venv/lib/python3.9/site-packages/airflow/example_dags/subdags/subdag.py
[2023-12-28T14:19:15.950-0300] {processor.py:841} WARNING - No viable dags retrieved from /home/pedro/projetos/projetos_python/proj_twitter_pipeline/venv/lib/python3.9/site-packages/airflow/example_dags/subdags/subdag.py
[2023-12-28T14:19:15.957-0300] {processor.py:179} INFO - Processing /home/pedro/projetos/projetos_python/proj_twitter_pipeline/venv/lib/python3.9/site-packages/airflow/example_dags/subdags/subdag.py took 0.012 seconds
[2023-12-28T14:20:04.773-0300] {processor.py:157} INFO - Started process (PID=23721) to work on /home/pedro/projetos/projetos_python/proj_twitter_pipeline/venv/lib/python3.9/site-packages/airflow/example_dags/subdags/subdag.py
[2023-12-28T14:20:04.775-0300] {processor.py:829} INFO - Processing file /home/pedro/projetos/projetos_python/proj_twitter_pipeline/venv/lib/python3.9/site-packages/airflow/example_dags/subdags/subdag.py for tasks to queue
[2023-12-28T14:20:04.776-0300] {logging_mixin.py:154} INFO - [2023-12-28T14:20:04.776-0300] {dagbag.py:536} INFO - Filling up the DagBag from /home/pedro/projetos/projetos_python/proj_twitter_pipeline/venv/lib/python3.9/site-packages/airflow/example_dags/subdags/subdag.py
[2023-12-28T14:20:04.778-0300] {processor.py:841} WARNING - No viable dags retrieved from /home/pedro/projetos/projetos_python/proj_twitter_pipeline/venv/lib/python3.9/site-packages/airflow/example_dags/subdags/subdag.py
[2023-12-28T14:20:04.786-0300] {processor.py:179} INFO - Processing /home/pedro/projetos/projetos_python/proj_twitter_pipeline/venv/lib/python3.9/site-packages/airflow/example_dags/subdags/subdag.py took 0.015 seconds
[2023-12-28T14:22:05.541-0300] {processor.py:157} INFO - Started process (PID=24931) to work on /home/pedro/projetos/projetos_python/proj_twitter_pipeline/venv/lib/python3.9/site-packages/airflow/example_dags/subdags/subdag.py
[2023-12-28T14:22:05.543-0300] {processor.py:829} INFO - Processing file /home/pedro/projetos/projetos_python/proj_twitter_pipeline/venv/lib/python3.9/site-packages/airflow/example_dags/subdags/subdag.py for tasks to queue
[2023-12-28T14:22:05.544-0300] {logging_mixin.py:154} INFO - [2023-12-28T14:22:05.544-0300] {dagbag.py:536} INFO - Filling up the DagBag from /home/pedro/projetos/projetos_python/proj_twitter_pipeline/venv/lib/python3.9/site-packages/airflow/example_dags/subdags/subdag.py
[2023-12-28T14:22:05.547-0300] {processor.py:841} WARNING - No viable dags retrieved from /home/pedro/projetos/projetos_python/proj_twitter_pipeline/venv/lib/python3.9/site-packages/airflow/example_dags/subdags/subdag.py
[2023-12-28T14:22:05.556-0300] {processor.py:179} INFO - Processing /home/pedro/projetos/projetos_python/proj_twitter_pipeline/venv/lib/python3.9/site-packages/airflow/example_dags/subdags/subdag.py took 0.016 seconds
[2023-12-28T14:22:53.031-0300] {processor.py:157} INFO - Started process (PID=25108) to work on /home/pedro/projetos/projetos_python/proj_twitter_pipeline/venv/lib/python3.9/site-packages/airflow/example_dags/subdags/subdag.py
[2023-12-28T14:22:53.033-0300] {processor.py:829} INFO - Processing file /home/pedro/projetos/projetos_python/proj_twitter_pipeline/venv/lib/python3.9/site-packages/airflow/example_dags/subdags/subdag.py for tasks to queue
[2023-12-28T14:22:53.034-0300] {logging_mixin.py:154} INFO - [2023-12-28T14:22:53.034-0300] {dagbag.py:536} INFO - Filling up the DagBag from /home/pedro/projetos/projetos_python/proj_twitter_pipeline/venv/lib/python3.9/site-packages/airflow/example_dags/subdags/subdag.py
[2023-12-28T14:22:53.035-0300] {processor.py:841} WARNING - No viable dags retrieved from /home/pedro/projetos/projetos_python/proj_twitter_pipeline/venv/lib/python3.9/site-packages/airflow/example_dags/subdags/subdag.py
[2023-12-28T14:22:53.042-0300] {processor.py:179} INFO - Processing /home/pedro/projetos/projetos_python/proj_twitter_pipeline/venv/lib/python3.9/site-packages/airflow/example_dags/subdags/subdag.py took 0.014 seconds
[2023-12-28T14:23:37.475-0300] {processor.py:157} INFO - Started process (PID=25282) to work on /home/pedro/projetos/projetos_python/proj_twitter_pipeline/venv/lib/python3.9/site-packages/airflow/example_dags/subdags/subdag.py
[2023-12-28T14:23:37.477-0300] {processor.py:829} INFO - Processing file /home/pedro/projetos/projetos_python/proj_twitter_pipeline/venv/lib/python3.9/site-packages/airflow/example_dags/subdags/subdag.py for tasks to queue
[2023-12-28T14:23:37.478-0300] {logging_mixin.py:154} INFO - [2023-12-28T14:23:37.477-0300] {dagbag.py:536} INFO - Filling up the DagBag from /home/pedro/projetos/projetos_python/proj_twitter_pipeline/venv/lib/python3.9/site-packages/airflow/example_dags/subdags/subdag.py
[2023-12-28T14:23:37.479-0300] {processor.py:841} WARNING - No viable dags retrieved from /home/pedro/projetos/projetos_python/proj_twitter_pipeline/venv/lib/python3.9/site-packages/airflow/example_dags/subdags/subdag.py
[2023-12-28T14:23:37.487-0300] {processor.py:179} INFO - Processing /home/pedro/projetos/projetos_python/proj_twitter_pipeline/venv/lib/python3.9/site-packages/airflow/example_dags/subdags/subdag.py took 0.015 seconds
[2023-12-28T14:24:26.737-0300] {processor.py:157} INFO - Started process (PID=25465) to work on /home/pedro/projetos/projetos_python/proj_twitter_pipeline/venv/lib/python3.9/site-packages/airflow/example_dags/subdags/subdag.py
[2023-12-28T14:24:26.739-0300] {processor.py:829} INFO - Processing file /home/pedro/projetos/projetos_python/proj_twitter_pipeline/venv/lib/python3.9/site-packages/airflow/example_dags/subdags/subdag.py for tasks to queue
[2023-12-28T14:24:26.740-0300] {logging_mixin.py:154} INFO - [2023-12-28T14:24:26.740-0300] {dagbag.py:536} INFO - Filling up the DagBag from /home/pedro/projetos/projetos_python/proj_twitter_pipeline/venv/lib/python3.9/site-packages/airflow/example_dags/subdags/subdag.py
[2023-12-28T14:24:26.742-0300] {processor.py:841} WARNING - No viable dags retrieved from /home/pedro/projetos/projetos_python/proj_twitter_pipeline/venv/lib/python3.9/site-packages/airflow/example_dags/subdags/subdag.py
[2023-12-28T14:24:26.750-0300] {processor.py:179} INFO - Processing /home/pedro/projetos/projetos_python/proj_twitter_pipeline/venv/lib/python3.9/site-packages/airflow/example_dags/subdags/subdag.py took 0.015 seconds
[2023-12-28T14:25:11.952-0300] {processor.py:157} INFO - Started process (PID=25579) to work on /home/pedro/projetos/projetos_python/proj_twitter_pipeline/venv/lib/python3.9/site-packages/airflow/example_dags/subdags/subdag.py
[2023-12-28T14:25:11.955-0300] {processor.py:829} INFO - Processing file /home/pedro/projetos/projetos_python/proj_twitter_pipeline/venv/lib/python3.9/site-packages/airflow/example_dags/subdags/subdag.py for tasks to queue
[2023-12-28T14:25:11.956-0300] {logging_mixin.py:154} INFO - [2023-12-28T14:25:11.955-0300] {dagbag.py:536} INFO - Filling up the DagBag from /home/pedro/projetos/projetos_python/proj_twitter_pipeline/venv/lib/python3.9/site-packages/airflow/example_dags/subdags/subdag.py
[2023-12-28T14:25:11.957-0300] {processor.py:841} WARNING - No viable dags retrieved from /home/pedro/projetos/projetos_python/proj_twitter_pipeline/venv/lib/python3.9/site-packages/airflow/example_dags/subdags/subdag.py
[2023-12-28T14:25:11.964-0300] {processor.py:179} INFO - Processing /home/pedro/projetos/projetos_python/proj_twitter_pipeline/venv/lib/python3.9/site-packages/airflow/example_dags/subdags/subdag.py took 0.014 seconds
[2023-12-28T14:26:00.464-0300] {processor.py:157} INFO - Started process (PID=25764) to work on /home/pedro/projetos/projetos_python/proj_twitter_pipeline/venv/lib/python3.9/site-packages/airflow/example_dags/subdags/subdag.py
[2023-12-28T14:26:00.466-0300] {processor.py:829} INFO - Processing file /home/pedro/projetos/projetos_python/proj_twitter_pipeline/venv/lib/python3.9/site-packages/airflow/example_dags/subdags/subdag.py for tasks to queue
[2023-12-28T14:26:00.467-0300] {logging_mixin.py:154} INFO - [2023-12-28T14:26:00.467-0300] {dagbag.py:536} INFO - Filling up the DagBag from /home/pedro/projetos/projetos_python/proj_twitter_pipeline/venv/lib/python3.9/site-packages/airflow/example_dags/subdags/subdag.py
[2023-12-28T14:26:00.469-0300] {processor.py:841} WARNING - No viable dags retrieved from /home/pedro/projetos/projetos_python/proj_twitter_pipeline/venv/lib/python3.9/site-packages/airflow/example_dags/subdags/subdag.py
[2023-12-28T14:26:00.475-0300] {processor.py:179} INFO - Processing /home/pedro/projetos/projetos_python/proj_twitter_pipeline/venv/lib/python3.9/site-packages/airflow/example_dags/subdags/subdag.py took 0.014 seconds
[2023-12-28T14:26:47.933-0300] {processor.py:157} INFO - Started process (PID=26004) to work on /home/pedro/projetos/projetos_python/proj_twitter_pipeline/venv/lib/python3.9/site-packages/airflow/example_dags/subdags/subdag.py
[2023-12-28T14:26:47.935-0300] {processor.py:829} INFO - Processing file /home/pedro/projetos/projetos_python/proj_twitter_pipeline/venv/lib/python3.9/site-packages/airflow/example_dags/subdags/subdag.py for tasks to queue
[2023-12-28T14:26:47.936-0300] {logging_mixin.py:154} INFO - [2023-12-28T14:26:47.936-0300] {dagbag.py:536} INFO - Filling up the DagBag from /home/pedro/projetos/projetos_python/proj_twitter_pipeline/venv/lib/python3.9/site-packages/airflow/example_dags/subdags/subdag.py
[2023-12-28T14:26:47.938-0300] {processor.py:841} WARNING - No viable dags retrieved from /home/pedro/projetos/projetos_python/proj_twitter_pipeline/venv/lib/python3.9/site-packages/airflow/example_dags/subdags/subdag.py
[2023-12-28T14:26:47.945-0300] {processor.py:179} INFO - Processing /home/pedro/projetos/projetos_python/proj_twitter_pipeline/venv/lib/python3.9/site-packages/airflow/example_dags/subdags/subdag.py took 0.014 seconds
[2023-12-28T14:27:29.513-0300] {processor.py:157} INFO - Started process (PID=26170) to work on /home/pedro/projetos/projetos_python/proj_twitter_pipeline/venv/lib/python3.9/site-packages/airflow/example_dags/subdags/subdag.py
[2023-12-28T14:27:29.515-0300] {processor.py:829} INFO - Processing file /home/pedro/projetos/projetos_python/proj_twitter_pipeline/venv/lib/python3.9/site-packages/airflow/example_dags/subdags/subdag.py for tasks to queue
[2023-12-28T14:27:29.516-0300] {logging_mixin.py:154} INFO - [2023-12-28T14:27:29.516-0300] {dagbag.py:536} INFO - Filling up the DagBag from /home/pedro/projetos/projetos_python/proj_twitter_pipeline/venv/lib/python3.9/site-packages/airflow/example_dags/subdags/subdag.py
[2023-12-28T14:27:29.518-0300] {processor.py:841} WARNING - No viable dags retrieved from /home/pedro/projetos/projetos_python/proj_twitter_pipeline/venv/lib/python3.9/site-packages/airflow/example_dags/subdags/subdag.py
[2023-12-28T14:27:29.525-0300] {processor.py:179} INFO - Processing /home/pedro/projetos/projetos_python/proj_twitter_pipeline/venv/lib/python3.9/site-packages/airflow/example_dags/subdags/subdag.py took 0.015 seconds
[2023-12-28T14:28:11.182-0300] {processor.py:157} INFO - Started process (PID=26278) to work on /home/pedro/projetos/projetos_python/proj_twitter_pipeline/venv/lib/python3.9/site-packages/airflow/example_dags/subdags/subdag.py
[2023-12-28T14:28:11.184-0300] {processor.py:829} INFO - Processing file /home/pedro/projetos/projetos_python/proj_twitter_pipeline/venv/lib/python3.9/site-packages/airflow/example_dags/subdags/subdag.py for tasks to queue
[2023-12-28T14:28:11.185-0300] {logging_mixin.py:154} INFO - [2023-12-28T14:28:11.185-0300] {dagbag.py:536} INFO - Filling up the DagBag from /home/pedro/projetos/projetos_python/proj_twitter_pipeline/venv/lib/python3.9/site-packages/airflow/example_dags/subdags/subdag.py
[2023-12-28T14:28:11.186-0300] {processor.py:841} WARNING - No viable dags retrieved from /home/pedro/projetos/projetos_python/proj_twitter_pipeline/venv/lib/python3.9/site-packages/airflow/example_dags/subdags/subdag.py
[2023-12-28T14:28:11.193-0300] {processor.py:179} INFO - Processing /home/pedro/projetos/projetos_python/proj_twitter_pipeline/venv/lib/python3.9/site-packages/airflow/example_dags/subdags/subdag.py took 0.014 seconds
[2023-12-28T14:28:56.039-0300] {processor.py:157} INFO - Started process (PID=26452) to work on /home/pedro/projetos/projetos_python/proj_twitter_pipeline/venv/lib/python3.9/site-packages/airflow/example_dags/subdags/subdag.py
[2023-12-28T14:28:56.042-0300] {processor.py:829} INFO - Processing file /home/pedro/projetos/projetos_python/proj_twitter_pipeline/venv/lib/python3.9/site-packages/airflow/example_dags/subdags/subdag.py for tasks to queue
[2023-12-28T14:28:56.043-0300] {logging_mixin.py:154} INFO - [2023-12-28T14:28:56.043-0300] {dagbag.py:536} INFO - Filling up the DagBag from /home/pedro/projetos/projetos_python/proj_twitter_pipeline/venv/lib/python3.9/site-packages/airflow/example_dags/subdags/subdag.py
[2023-12-28T14:28:56.045-0300] {processor.py:841} WARNING - No viable dags retrieved from /home/pedro/projetos/projetos_python/proj_twitter_pipeline/venv/lib/python3.9/site-packages/airflow/example_dags/subdags/subdag.py
[2023-12-28T14:28:56.062-0300] {processor.py:179} INFO - Processing /home/pedro/projetos/projetos_python/proj_twitter_pipeline/venv/lib/python3.9/site-packages/airflow/example_dags/subdags/subdag.py took 0.032 seconds
[2023-12-28T14:29:46.211-0300] {processor.py:157} INFO - Started process (PID=26636) to work on /home/pedro/projetos/projetos_python/proj_twitter_pipeline/venv/lib/python3.9/site-packages/airflow/example_dags/subdags/subdag.py
[2023-12-28T14:29:46.214-0300] {processor.py:829} INFO - Processing file /home/pedro/projetos/projetos_python/proj_twitter_pipeline/venv/lib/python3.9/site-packages/airflow/example_dags/subdags/subdag.py for tasks to queue
[2023-12-28T14:29:46.214-0300] {logging_mixin.py:154} INFO - [2023-12-28T14:29:46.214-0300] {dagbag.py:536} INFO - Filling up the DagBag from /home/pedro/projetos/projetos_python/proj_twitter_pipeline/venv/lib/python3.9/site-packages/airflow/example_dags/subdags/subdag.py
[2023-12-28T14:29:46.216-0300] {processor.py:841} WARNING - No viable dags retrieved from /home/pedro/projetos/projetos_python/proj_twitter_pipeline/venv/lib/python3.9/site-packages/airflow/example_dags/subdags/subdag.py
[2023-12-28T14:29:46.224-0300] {processor.py:179} INFO - Processing /home/pedro/projetos/projetos_python/proj_twitter_pipeline/venv/lib/python3.9/site-packages/airflow/example_dags/subdags/subdag.py took 0.014 seconds
[2023-12-28T14:30:33.035-0300] {processor.py:157} INFO - Started process (PID=26815) to work on /home/pedro/projetos/projetos_python/proj_twitter_pipeline/venv/lib/python3.9/site-packages/airflow/example_dags/subdags/subdag.py
[2023-12-28T14:30:33.039-0300] {processor.py:829} INFO - Processing file /home/pedro/projetos/projetos_python/proj_twitter_pipeline/venv/lib/python3.9/site-packages/airflow/example_dags/subdags/subdag.py for tasks to queue
[2023-12-28T14:30:33.040-0300] {logging_mixin.py:154} INFO - [2023-12-28T14:30:33.040-0300] {dagbag.py:536} INFO - Filling up the DagBag from /home/pedro/projetos/projetos_python/proj_twitter_pipeline/venv/lib/python3.9/site-packages/airflow/example_dags/subdags/subdag.py
[2023-12-28T14:30:33.044-0300] {processor.py:841} WARNING - No viable dags retrieved from /home/pedro/projetos/projetos_python/proj_twitter_pipeline/venv/lib/python3.9/site-packages/airflow/example_dags/subdags/subdag.py
[2023-12-28T14:30:33.057-0300] {processor.py:179} INFO - Processing /home/pedro/projetos/projetos_python/proj_twitter_pipeline/venv/lib/python3.9/site-packages/airflow/example_dags/subdags/subdag.py took 0.026 seconds
[2023-12-28T14:31:22.470-0300] {processor.py:157} INFO - Started process (PID=26999) to work on /home/pedro/projetos/projetos_python/proj_twitter_pipeline/venv/lib/python3.9/site-packages/airflow/example_dags/subdags/subdag.py
[2023-12-28T14:31:22.472-0300] {processor.py:829} INFO - Processing file /home/pedro/projetos/projetos_python/proj_twitter_pipeline/venv/lib/python3.9/site-packages/airflow/example_dags/subdags/subdag.py for tasks to queue
[2023-12-28T14:31:22.473-0300] {logging_mixin.py:154} INFO - [2023-12-28T14:31:22.473-0300] {dagbag.py:536} INFO - Filling up the DagBag from /home/pedro/projetos/projetos_python/proj_twitter_pipeline/venv/lib/python3.9/site-packages/airflow/example_dags/subdags/subdag.py
[2023-12-28T14:31:22.474-0300] {processor.py:841} WARNING - No viable dags retrieved from /home/pedro/projetos/projetos_python/proj_twitter_pipeline/venv/lib/python3.9/site-packages/airflow/example_dags/subdags/subdag.py
[2023-12-28T14:31:22.481-0300] {processor.py:179} INFO - Processing /home/pedro/projetos/projetos_python/proj_twitter_pipeline/venv/lib/python3.9/site-packages/airflow/example_dags/subdags/subdag.py took 0.014 seconds
[2023-12-28T14:32:09.304-0300] {processor.py:157} INFO - Started process (PID=27178) to work on /home/pedro/projetos/projetos_python/proj_twitter_pipeline/venv/lib/python3.9/site-packages/airflow/example_dags/subdags/subdag.py
[2023-12-28T14:32:09.306-0300] {processor.py:829} INFO - Processing file /home/pedro/projetos/projetos_python/proj_twitter_pipeline/venv/lib/python3.9/site-packages/airflow/example_dags/subdags/subdag.py for tasks to queue
[2023-12-28T14:32:09.307-0300] {logging_mixin.py:154} INFO - [2023-12-28T14:32:09.307-0300] {dagbag.py:536} INFO - Filling up the DagBag from /home/pedro/projetos/projetos_python/proj_twitter_pipeline/venv/lib/python3.9/site-packages/airflow/example_dags/subdags/subdag.py
[2023-12-28T14:32:09.309-0300] {processor.py:841} WARNING - No viable dags retrieved from /home/pedro/projetos/projetos_python/proj_twitter_pipeline/venv/lib/python3.9/site-packages/airflow/example_dags/subdags/subdag.py
[2023-12-28T14:32:09.316-0300] {processor.py:179} INFO - Processing /home/pedro/projetos/projetos_python/proj_twitter_pipeline/venv/lib/python3.9/site-packages/airflow/example_dags/subdags/subdag.py took 0.015 seconds
[2023-12-28T14:32:56.490-0300] {processor.py:157} INFO - Started process (PID=27360) to work on /home/pedro/projetos/projetos_python/proj_twitter_pipeline/venv/lib/python3.9/site-packages/airflow/example_dags/subdags/subdag.py
[2023-12-28T14:32:56.496-0300] {processor.py:829} INFO - Processing file /home/pedro/projetos/projetos_python/proj_twitter_pipeline/venv/lib/python3.9/site-packages/airflow/example_dags/subdags/subdag.py for tasks to queue
[2023-12-28T14:32:56.497-0300] {logging_mixin.py:154} INFO - [2023-12-28T14:32:56.496-0300] {dagbag.py:536} INFO - Filling up the DagBag from /home/pedro/projetos/projetos_python/proj_twitter_pipeline/venv/lib/python3.9/site-packages/airflow/example_dags/subdags/subdag.py
[2023-12-28T14:32:56.498-0300] {processor.py:841} WARNING - No viable dags retrieved from /home/pedro/projetos/projetos_python/proj_twitter_pipeline/venv/lib/python3.9/site-packages/airflow/example_dags/subdags/subdag.py
[2023-12-28T14:32:56.506-0300] {processor.py:179} INFO - Processing /home/pedro/projetos/projetos_python/proj_twitter_pipeline/venv/lib/python3.9/site-packages/airflow/example_dags/subdags/subdag.py took 0.019 seconds
[2023-12-28T14:33:34.167-0300] {processor.py:157} INFO - Started process (PID=27517) to work on /home/pedro/projetos/projetos_python/proj_twitter_pipeline/venv/lib/python3.9/site-packages/airflow/example_dags/subdags/subdag.py
[2023-12-28T14:33:34.170-0300] {processor.py:829} INFO - Processing file /home/pedro/projetos/projetos_python/proj_twitter_pipeline/venv/lib/python3.9/site-packages/airflow/example_dags/subdags/subdag.py for tasks to queue
[2023-12-28T14:33:34.170-0300] {logging_mixin.py:154} INFO - [2023-12-28T14:33:34.170-0300] {dagbag.py:536} INFO - Filling up the DagBag from /home/pedro/projetos/projetos_python/proj_twitter_pipeline/venv/lib/python3.9/site-packages/airflow/example_dags/subdags/subdag.py
[2023-12-28T14:33:34.172-0300] {processor.py:841} WARNING - No viable dags retrieved from /home/pedro/projetos/projetos_python/proj_twitter_pipeline/venv/lib/python3.9/site-packages/airflow/example_dags/subdags/subdag.py
[2023-12-28T14:33:34.180-0300] {processor.py:179} INFO - Processing /home/pedro/projetos/projetos_python/proj_twitter_pipeline/venv/lib/python3.9/site-packages/airflow/example_dags/subdags/subdag.py took 0.014 seconds
[2023-12-28T14:34:23.468-0300] {processor.py:157} INFO - Started process (PID=27699) to work on /home/pedro/projetos/projetos_python/proj_twitter_pipeline/venv/lib/python3.9/site-packages/airflow/example_dags/subdags/subdag.py
[2023-12-28T14:34:23.471-0300] {processor.py:829} INFO - Processing file /home/pedro/projetos/projetos_python/proj_twitter_pipeline/venv/lib/python3.9/site-packages/airflow/example_dags/subdags/subdag.py for tasks to queue
[2023-12-28T14:34:23.472-0300] {logging_mixin.py:154} INFO - [2023-12-28T14:34:23.472-0300] {dagbag.py:536} INFO - Filling up the DagBag from /home/pedro/projetos/projetos_python/proj_twitter_pipeline/venv/lib/python3.9/site-packages/airflow/example_dags/subdags/subdag.py
[2023-12-28T14:34:23.481-0300] {processor.py:841} WARNING - No viable dags retrieved from /home/pedro/projetos/projetos_python/proj_twitter_pipeline/venv/lib/python3.9/site-packages/airflow/example_dags/subdags/subdag.py
[2023-12-28T14:34:23.501-0300] {processor.py:179} INFO - Processing /home/pedro/projetos/projetos_python/proj_twitter_pipeline/venv/lib/python3.9/site-packages/airflow/example_dags/subdags/subdag.py took 0.035 seconds
[2023-12-28T14:35:15.177-0300] {processor.py:157} INFO - Started process (PID=27827) to work on /home/pedro/projetos/projetos_python/proj_twitter_pipeline/venv/lib/python3.9/site-packages/airflow/example_dags/subdags/subdag.py
[2023-12-28T14:35:15.179-0300] {processor.py:829} INFO - Processing file /home/pedro/projetos/projetos_python/proj_twitter_pipeline/venv/lib/python3.9/site-packages/airflow/example_dags/subdags/subdag.py for tasks to queue
[2023-12-28T14:35:15.180-0300] {logging_mixin.py:154} INFO - [2023-12-28T14:35:15.180-0300] {dagbag.py:536} INFO - Filling up the DagBag from /home/pedro/projetos/projetos_python/proj_twitter_pipeline/venv/lib/python3.9/site-packages/airflow/example_dags/subdags/subdag.py
[2023-12-28T14:35:15.182-0300] {processor.py:841} WARNING - No viable dags retrieved from /home/pedro/projetos/projetos_python/proj_twitter_pipeline/venv/lib/python3.9/site-packages/airflow/example_dags/subdags/subdag.py
[2023-12-28T14:35:15.189-0300] {processor.py:179} INFO - Processing /home/pedro/projetos/projetos_python/proj_twitter_pipeline/venv/lib/python3.9/site-packages/airflow/example_dags/subdags/subdag.py took 0.015 seconds
[2023-12-28T14:35:59.151-0300] {processor.py:157} INFO - Started process (PID=28003) to work on /home/pedro/projetos/projetos_python/proj_twitter_pipeline/venv/lib/python3.9/site-packages/airflow/example_dags/subdags/subdag.py
[2023-12-28T14:35:59.154-0300] {processor.py:829} INFO - Processing file /home/pedro/projetos/projetos_python/proj_twitter_pipeline/venv/lib/python3.9/site-packages/airflow/example_dags/subdags/subdag.py for tasks to queue
[2023-12-28T14:35:59.155-0300] {logging_mixin.py:154} INFO - [2023-12-28T14:35:59.155-0300] {dagbag.py:536} INFO - Filling up the DagBag from /home/pedro/projetos/projetos_python/proj_twitter_pipeline/venv/lib/python3.9/site-packages/airflow/example_dags/subdags/subdag.py
[2023-12-28T14:35:59.156-0300] {processor.py:841} WARNING - No viable dags retrieved from /home/pedro/projetos/projetos_python/proj_twitter_pipeline/venv/lib/python3.9/site-packages/airflow/example_dags/subdags/subdag.py
[2023-12-28T14:35:59.163-0300] {processor.py:179} INFO - Processing /home/pedro/projetos/projetos_python/proj_twitter_pipeline/venv/lib/python3.9/site-packages/airflow/example_dags/subdags/subdag.py took 0.014 seconds
[2023-12-28T14:36:47.491-0300] {processor.py:157} INFO - Started process (PID=28243) to work on /home/pedro/projetos/projetos_python/proj_twitter_pipeline/venv/lib/python3.9/site-packages/airflow/example_dags/subdags/subdag.py
[2023-12-28T14:36:47.494-0300] {processor.py:829} INFO - Processing file /home/pedro/projetos/projetos_python/proj_twitter_pipeline/venv/lib/python3.9/site-packages/airflow/example_dags/subdags/subdag.py for tasks to queue
[2023-12-28T14:36:47.495-0300] {logging_mixin.py:154} INFO - [2023-12-28T14:36:47.495-0300] {dagbag.py:536} INFO - Filling up the DagBag from /home/pedro/projetos/projetos_python/proj_twitter_pipeline/venv/lib/python3.9/site-packages/airflow/example_dags/subdags/subdag.py
[2023-12-28T14:36:47.496-0300] {processor.py:841} WARNING - No viable dags retrieved from /home/pedro/projetos/projetos_python/proj_twitter_pipeline/venv/lib/python3.9/site-packages/airflow/example_dags/subdags/subdag.py
[2023-12-28T14:36:47.504-0300] {processor.py:179} INFO - Processing /home/pedro/projetos/projetos_python/proj_twitter_pipeline/venv/lib/python3.9/site-packages/airflow/example_dags/subdags/subdag.py took 0.015 seconds
[2023-12-28T14:37:36.767-0300] {processor.py:157} INFO - Started process (PID=28429) to work on /home/pedro/projetos/projetos_python/proj_twitter_pipeline/venv/lib/python3.9/site-packages/airflow/example_dags/subdags/subdag.py
[2023-12-28T14:37:36.770-0300] {processor.py:829} INFO - Processing file /home/pedro/projetos/projetos_python/proj_twitter_pipeline/venv/lib/python3.9/site-packages/airflow/example_dags/subdags/subdag.py for tasks to queue
[2023-12-28T14:37:36.771-0300] {logging_mixin.py:154} INFO - [2023-12-28T14:37:36.770-0300] {dagbag.py:536} INFO - Filling up the DagBag from /home/pedro/projetos/projetos_python/proj_twitter_pipeline/venv/lib/python3.9/site-packages/airflow/example_dags/subdags/subdag.py
[2023-12-28T14:37:36.772-0300] {processor.py:841} WARNING - No viable dags retrieved from /home/pedro/projetos/projetos_python/proj_twitter_pipeline/venv/lib/python3.9/site-packages/airflow/example_dags/subdags/subdag.py
[2023-12-28T14:37:36.779-0300] {processor.py:179} INFO - Processing /home/pedro/projetos/projetos_python/proj_twitter_pipeline/venv/lib/python3.9/site-packages/airflow/example_dags/subdags/subdag.py took 0.015 seconds
[2023-12-28T14:38:26.707-0300] {processor.py:157} INFO - Started process (PID=28612) to work on /home/pedro/projetos/projetos_python/proj_twitter_pipeline/venv/lib/python3.9/site-packages/airflow/example_dags/subdags/subdag.py
[2023-12-28T14:38:26.709-0300] {processor.py:829} INFO - Processing file /home/pedro/projetos/projetos_python/proj_twitter_pipeline/venv/lib/python3.9/site-packages/airflow/example_dags/subdags/subdag.py for tasks to queue
[2023-12-28T14:38:26.710-0300] {logging_mixin.py:154} INFO - [2023-12-28T14:38:26.710-0300] {dagbag.py:536} INFO - Filling up the DagBag from /home/pedro/projetos/projetos_python/proj_twitter_pipeline/venv/lib/python3.9/site-packages/airflow/example_dags/subdags/subdag.py
[2023-12-28T14:38:26.712-0300] {processor.py:841} WARNING - No viable dags retrieved from /home/pedro/projetos/projetos_python/proj_twitter_pipeline/venv/lib/python3.9/site-packages/airflow/example_dags/subdags/subdag.py
[2023-12-28T14:38:26.719-0300] {processor.py:179} INFO - Processing /home/pedro/projetos/projetos_python/proj_twitter_pipeline/venv/lib/python3.9/site-packages/airflow/example_dags/subdags/subdag.py took 0.015 seconds
[2023-12-28T14:39:18.349-0300] {processor.py:157} INFO - Started process (PID=28803) to work on /home/pedro/projetos/projetos_python/proj_twitter_pipeline/venv/lib/python3.9/site-packages/airflow/example_dags/subdags/subdag.py
[2023-12-28T14:39:18.351-0300] {processor.py:829} INFO - Processing file /home/pedro/projetos/projetos_python/proj_twitter_pipeline/venv/lib/python3.9/site-packages/airflow/example_dags/subdags/subdag.py for tasks to queue
[2023-12-28T14:39:18.352-0300] {logging_mixin.py:154} INFO - [2023-12-28T14:39:18.352-0300] {dagbag.py:536} INFO - Filling up the DagBag from /home/pedro/projetos/projetos_python/proj_twitter_pipeline/venv/lib/python3.9/site-packages/airflow/example_dags/subdags/subdag.py
[2023-12-28T14:39:18.354-0300] {processor.py:841} WARNING - No viable dags retrieved from /home/pedro/projetos/projetos_python/proj_twitter_pipeline/venv/lib/python3.9/site-packages/airflow/example_dags/subdags/subdag.py
[2023-12-28T14:39:18.361-0300] {processor.py:179} INFO - Processing /home/pedro/projetos/projetos_python/proj_twitter_pipeline/venv/lib/python3.9/site-packages/airflow/example_dags/subdags/subdag.py took 0.014 seconds
[2023-12-28T14:40:03.037-0300] {processor.py:157} INFO - Started process (PID=28917) to work on /home/pedro/projetos/projetos_python/proj_twitter_pipeline/venv/lib/python3.9/site-packages/airflow/example_dags/subdags/subdag.py
[2023-12-28T14:40:03.039-0300] {processor.py:829} INFO - Processing file /home/pedro/projetos/projetos_python/proj_twitter_pipeline/venv/lib/python3.9/site-packages/airflow/example_dags/subdags/subdag.py for tasks to queue
[2023-12-28T14:40:03.040-0300] {logging_mixin.py:154} INFO - [2023-12-28T14:40:03.040-0300] {dagbag.py:536} INFO - Filling up the DagBag from /home/pedro/projetos/projetos_python/proj_twitter_pipeline/venv/lib/python3.9/site-packages/airflow/example_dags/subdags/subdag.py
[2023-12-28T14:40:03.042-0300] {processor.py:841} WARNING - No viable dags retrieved from /home/pedro/projetos/projetos_python/proj_twitter_pipeline/venv/lib/python3.9/site-packages/airflow/example_dags/subdags/subdag.py
[2023-12-28T14:40:03.049-0300] {processor.py:179} INFO - Processing /home/pedro/projetos/projetos_python/proj_twitter_pipeline/venv/lib/python3.9/site-packages/airflow/example_dags/subdags/subdag.py took 0.014 seconds
[2023-12-28T14:40:50.656-0300] {processor.py:157} INFO - Started process (PID=29100) to work on /home/pedro/projetos/projetos_python/proj_twitter_pipeline/venv/lib/python3.9/site-packages/airflow/example_dags/subdags/subdag.py
[2023-12-28T14:40:50.658-0300] {processor.py:829} INFO - Processing file /home/pedro/projetos/projetos_python/proj_twitter_pipeline/venv/lib/python3.9/site-packages/airflow/example_dags/subdags/subdag.py for tasks to queue
[2023-12-28T14:40:50.659-0300] {logging_mixin.py:154} INFO - [2023-12-28T14:40:50.659-0300] {dagbag.py:536} INFO - Filling up the DagBag from /home/pedro/projetos/projetos_python/proj_twitter_pipeline/venv/lib/python3.9/site-packages/airflow/example_dags/subdags/subdag.py
[2023-12-28T14:40:50.661-0300] {processor.py:841} WARNING - No viable dags retrieved from /home/pedro/projetos/projetos_python/proj_twitter_pipeline/venv/lib/python3.9/site-packages/airflow/example_dags/subdags/subdag.py
[2023-12-28T14:40:50.667-0300] {processor.py:179} INFO - Processing /home/pedro/projetos/projetos_python/proj_twitter_pipeline/venv/lib/python3.9/site-packages/airflow/example_dags/subdags/subdag.py took 0.014 seconds
[2023-12-28T14:41:37.764-0300] {processor.py:157} INFO - Started process (PID=29339) to work on /home/pedro/projetos/projetos_python/proj_twitter_pipeline/venv/lib/python3.9/site-packages/airflow/example_dags/subdags/subdag.py
[2023-12-28T14:41:37.766-0300] {processor.py:829} INFO - Processing file /home/pedro/projetos/projetos_python/proj_twitter_pipeline/venv/lib/python3.9/site-packages/airflow/example_dags/subdags/subdag.py for tasks to queue
[2023-12-28T14:41:37.767-0300] {logging_mixin.py:154} INFO - [2023-12-28T14:41:37.767-0300] {dagbag.py:536} INFO - Filling up the DagBag from /home/pedro/projetos/projetos_python/proj_twitter_pipeline/venv/lib/python3.9/site-packages/airflow/example_dags/subdags/subdag.py
[2023-12-28T14:41:37.768-0300] {processor.py:841} WARNING - No viable dags retrieved from /home/pedro/projetos/projetos_python/proj_twitter_pipeline/venv/lib/python3.9/site-packages/airflow/example_dags/subdags/subdag.py
[2023-12-28T14:41:37.779-0300] {processor.py:179} INFO - Processing /home/pedro/projetos/projetos_python/proj_twitter_pipeline/venv/lib/python3.9/site-packages/airflow/example_dags/subdags/subdag.py took 0.018 seconds
[2023-12-28T14:42:22.954-0300] {processor.py:157} INFO - Started process (PID=29513) to work on /home/pedro/projetos/projetos_python/proj_twitter_pipeline/venv/lib/python3.9/site-packages/airflow/example_dags/subdags/subdag.py
[2023-12-28T14:42:22.956-0300] {processor.py:829} INFO - Processing file /home/pedro/projetos/projetos_python/proj_twitter_pipeline/venv/lib/python3.9/site-packages/airflow/example_dags/subdags/subdag.py for tasks to queue
[2023-12-28T14:42:22.958-0300] {logging_mixin.py:154} INFO - [2023-12-28T14:42:22.957-0300] {dagbag.py:536} INFO - Filling up the DagBag from /home/pedro/projetos/projetos_python/proj_twitter_pipeline/venv/lib/python3.9/site-packages/airflow/example_dags/subdags/subdag.py
[2023-12-28T14:42:22.959-0300] {processor.py:841} WARNING - No viable dags retrieved from /home/pedro/projetos/projetos_python/proj_twitter_pipeline/venv/lib/python3.9/site-packages/airflow/example_dags/subdags/subdag.py
[2023-12-28T14:42:22.966-0300] {processor.py:179} INFO - Processing /home/pedro/projetos/projetos_python/proj_twitter_pipeline/venv/lib/python3.9/site-packages/airflow/example_dags/subdags/subdag.py took 0.015 seconds
[2023-12-28T14:43:09.277-0300] {processor.py:157} INFO - Started process (PID=29632) to work on /home/pedro/projetos/projetos_python/proj_twitter_pipeline/venv/lib/python3.9/site-packages/airflow/example_dags/subdags/subdag.py
[2023-12-28T14:43:09.279-0300] {processor.py:829} INFO - Processing file /home/pedro/projetos/projetos_python/proj_twitter_pipeline/venv/lib/python3.9/site-packages/airflow/example_dags/subdags/subdag.py for tasks to queue
[2023-12-28T14:43:09.281-0300] {logging_mixin.py:154} INFO - [2023-12-28T14:43:09.281-0300] {dagbag.py:536} INFO - Filling up the DagBag from /home/pedro/projetos/projetos_python/proj_twitter_pipeline/venv/lib/python3.9/site-packages/airflow/example_dags/subdags/subdag.py
[2023-12-28T14:43:09.285-0300] {processor.py:841} WARNING - No viable dags retrieved from /home/pedro/projetos/projetos_python/proj_twitter_pipeline/venv/lib/python3.9/site-packages/airflow/example_dags/subdags/subdag.py
[2023-12-28T14:43:09.292-0300] {processor.py:179} INFO - Processing /home/pedro/projetos/projetos_python/proj_twitter_pipeline/venv/lib/python3.9/site-packages/airflow/example_dags/subdags/subdag.py took 0.019 seconds
[2023-12-28T14:43:56.888-0300] {processor.py:157} INFO - Started process (PID=29811) to work on /home/pedro/projetos/projetos_python/proj_twitter_pipeline/venv/lib/python3.9/site-packages/airflow/example_dags/subdags/subdag.py
[2023-12-28T14:43:56.891-0300] {processor.py:829} INFO - Processing file /home/pedro/projetos/projetos_python/proj_twitter_pipeline/venv/lib/python3.9/site-packages/airflow/example_dags/subdags/subdag.py for tasks to queue
[2023-12-28T14:43:56.892-0300] {logging_mixin.py:154} INFO - [2023-12-28T14:43:56.891-0300] {dagbag.py:536} INFO - Filling up the DagBag from /home/pedro/projetos/projetos_python/proj_twitter_pipeline/venv/lib/python3.9/site-packages/airflow/example_dags/subdags/subdag.py
[2023-12-28T14:43:56.893-0300] {processor.py:841} WARNING - No viable dags retrieved from /home/pedro/projetos/projetos_python/proj_twitter_pipeline/venv/lib/python3.9/site-packages/airflow/example_dags/subdags/subdag.py
[2023-12-28T14:43:56.901-0300] {processor.py:179} INFO - Processing /home/pedro/projetos/projetos_python/proj_twitter_pipeline/venv/lib/python3.9/site-packages/airflow/example_dags/subdags/subdag.py took 0.015 seconds
[2023-12-28T14:44:45.160-0300] {processor.py:157} INFO - Started process (PID=29993) to work on /home/pedro/projetos/projetos_python/proj_twitter_pipeline/venv/lib/python3.9/site-packages/airflow/example_dags/subdags/subdag.py
[2023-12-28T14:44:45.162-0300] {processor.py:829} INFO - Processing file /home/pedro/projetos/projetos_python/proj_twitter_pipeline/venv/lib/python3.9/site-packages/airflow/example_dags/subdags/subdag.py for tasks to queue
[2023-12-28T14:44:45.163-0300] {logging_mixin.py:154} INFO - [2023-12-28T14:44:45.163-0300] {dagbag.py:536} INFO - Filling up the DagBag from /home/pedro/projetos/projetos_python/proj_twitter_pipeline/venv/lib/python3.9/site-packages/airflow/example_dags/subdags/subdag.py
[2023-12-28T14:44:45.165-0300] {processor.py:841} WARNING - No viable dags retrieved from /home/pedro/projetos/projetos_python/proj_twitter_pipeline/venv/lib/python3.9/site-packages/airflow/example_dags/subdags/subdag.py
[2023-12-28T14:44:45.172-0300] {processor.py:179} INFO - Processing /home/pedro/projetos/projetos_python/proj_twitter_pipeline/venv/lib/python3.9/site-packages/airflow/example_dags/subdags/subdag.py took 0.014 seconds
[2023-12-28T14:45:33.427-0300] {processor.py:157} INFO - Started process (PID=30173) to work on /home/pedro/projetos/projetos_python/proj_twitter_pipeline/venv/lib/python3.9/site-packages/airflow/example_dags/subdags/subdag.py
[2023-12-28T14:45:33.428-0300] {processor.py:829} INFO - Processing file /home/pedro/projetos/projetos_python/proj_twitter_pipeline/venv/lib/python3.9/site-packages/airflow/example_dags/subdags/subdag.py for tasks to queue
[2023-12-28T14:45:33.428-0300] {logging_mixin.py:154} INFO - [2023-12-28T14:45:33.428-0300] {dagbag.py:536} INFO - Filling up the DagBag from /home/pedro/projetos/projetos_python/proj_twitter_pipeline/venv/lib/python3.9/site-packages/airflow/example_dags/subdags/subdag.py
[2023-12-28T14:45:33.430-0300] {processor.py:841} WARNING - No viable dags retrieved from /home/pedro/projetos/projetos_python/proj_twitter_pipeline/venv/lib/python3.9/site-packages/airflow/example_dags/subdags/subdag.py
[2023-12-28T14:45:33.438-0300] {processor.py:179} INFO - Processing /home/pedro/projetos/projetos_python/proj_twitter_pipeline/venv/lib/python3.9/site-packages/airflow/example_dags/subdags/subdag.py took 0.013 seconds
[2023-12-28T14:46:22.323-0300] {processor.py:157} INFO - Started process (PID=30356) to work on /home/pedro/projetos/projetos_python/proj_twitter_pipeline/venv/lib/python3.9/site-packages/airflow/example_dags/subdags/subdag.py
[2023-12-28T14:46:22.326-0300] {processor.py:829} INFO - Processing file /home/pedro/projetos/projetos_python/proj_twitter_pipeline/venv/lib/python3.9/site-packages/airflow/example_dags/subdags/subdag.py for tasks to queue
[2023-12-28T14:46:22.326-0300] {logging_mixin.py:154} INFO - [2023-12-28T14:46:22.326-0300] {dagbag.py:536} INFO - Filling up the DagBag from /home/pedro/projetos/projetos_python/proj_twitter_pipeline/venv/lib/python3.9/site-packages/airflow/example_dags/subdags/subdag.py
[2023-12-28T14:46:22.328-0300] {processor.py:841} WARNING - No viable dags retrieved from /home/pedro/projetos/projetos_python/proj_twitter_pipeline/venv/lib/python3.9/site-packages/airflow/example_dags/subdags/subdag.py
[2023-12-28T14:46:22.335-0300] {processor.py:179} INFO - Processing /home/pedro/projetos/projetos_python/proj_twitter_pipeline/venv/lib/python3.9/site-packages/airflow/example_dags/subdags/subdag.py took 0.014 seconds
[2023-12-28T14:47:09.383-0300] {processor.py:157} INFO - Started process (PID=30536) to work on /home/pedro/projetos/projetos_python/proj_twitter_pipeline/venv/lib/python3.9/site-packages/airflow/example_dags/subdags/subdag.py
[2023-12-28T14:47:09.385-0300] {processor.py:829} INFO - Processing file /home/pedro/projetos/projetos_python/proj_twitter_pipeline/venv/lib/python3.9/site-packages/airflow/example_dags/subdags/subdag.py for tasks to queue
[2023-12-28T14:47:09.386-0300] {logging_mixin.py:154} INFO - [2023-12-28T14:47:09.385-0300] {dagbag.py:536} INFO - Filling up the DagBag from /home/pedro/projetos/projetos_python/proj_twitter_pipeline/venv/lib/python3.9/site-packages/airflow/example_dags/subdags/subdag.py
[2023-12-28T14:47:09.387-0300] {processor.py:841} WARNING - No viable dags retrieved from /home/pedro/projetos/projetos_python/proj_twitter_pipeline/venv/lib/python3.9/site-packages/airflow/example_dags/subdags/subdag.py
[2023-12-28T14:47:09.394-0300] {processor.py:179} INFO - Processing /home/pedro/projetos/projetos_python/proj_twitter_pipeline/venv/lib/python3.9/site-packages/airflow/example_dags/subdags/subdag.py took 0.014 seconds
[2023-12-28T14:47:56.943-0300] {processor.py:157} INFO - Started process (PID=30719) to work on /home/pedro/projetos/projetos_python/proj_twitter_pipeline/venv/lib/python3.9/site-packages/airflow/example_dags/subdags/subdag.py
[2023-12-28T14:47:56.945-0300] {processor.py:829} INFO - Processing file /home/pedro/projetos/projetos_python/proj_twitter_pipeline/venv/lib/python3.9/site-packages/airflow/example_dags/subdags/subdag.py for tasks to queue
[2023-12-28T14:47:56.946-0300] {logging_mixin.py:154} INFO - [2023-12-28T14:47:56.946-0300] {dagbag.py:536} INFO - Filling up the DagBag from /home/pedro/projetos/projetos_python/proj_twitter_pipeline/venv/lib/python3.9/site-packages/airflow/example_dags/subdags/subdag.py
[2023-12-28T14:47:56.947-0300] {processor.py:841} WARNING - No viable dags retrieved from /home/pedro/projetos/projetos_python/proj_twitter_pipeline/venv/lib/python3.9/site-packages/airflow/example_dags/subdags/subdag.py
[2023-12-28T14:47:56.954-0300] {processor.py:179} INFO - Processing /home/pedro/projetos/projetos_python/proj_twitter_pipeline/venv/lib/python3.9/site-packages/airflow/example_dags/subdags/subdag.py took 0.013 seconds
[2023-12-28T14:48:40.439-0300] {processor.py:157} INFO - Started process (PID=30890) to work on /home/pedro/projetos/projetos_python/proj_twitter_pipeline/venv/lib/python3.9/site-packages/airflow/example_dags/subdags/subdag.py
[2023-12-28T14:48:40.442-0300] {processor.py:829} INFO - Processing file /home/pedro/projetos/projetos_python/proj_twitter_pipeline/venv/lib/python3.9/site-packages/airflow/example_dags/subdags/subdag.py for tasks to queue
[2023-12-28T14:48:40.443-0300] {logging_mixin.py:154} INFO - [2023-12-28T14:48:40.443-0300] {dagbag.py:536} INFO - Filling up the DagBag from /home/pedro/projetos/projetos_python/proj_twitter_pipeline/venv/lib/python3.9/site-packages/airflow/example_dags/subdags/subdag.py
[2023-12-28T14:48:40.446-0300] {processor.py:841} WARNING - No viable dags retrieved from /home/pedro/projetos/projetos_python/proj_twitter_pipeline/venv/lib/python3.9/site-packages/airflow/example_dags/subdags/subdag.py
[2023-12-28T14:48:40.459-0300] {processor.py:179} INFO - Processing /home/pedro/projetos/projetos_python/proj_twitter_pipeline/venv/lib/python3.9/site-packages/airflow/example_dags/subdags/subdag.py took 0.025 seconds
[2023-12-28T14:49:30.456-0300] {processor.py:157} INFO - Started process (PID=31073) to work on /home/pedro/projetos/projetos_python/proj_twitter_pipeline/venv/lib/python3.9/site-packages/airflow/example_dags/subdags/subdag.py
[2023-12-28T14:49:30.458-0300] {processor.py:829} INFO - Processing file /home/pedro/projetos/projetos_python/proj_twitter_pipeline/venv/lib/python3.9/site-packages/airflow/example_dags/subdags/subdag.py for tasks to queue
[2023-12-28T14:49:30.458-0300] {logging_mixin.py:154} INFO - [2023-12-28T14:49:30.458-0300] {dagbag.py:536} INFO - Filling up the DagBag from /home/pedro/projetos/projetos_python/proj_twitter_pipeline/venv/lib/python3.9/site-packages/airflow/example_dags/subdags/subdag.py
[2023-12-28T14:49:30.460-0300] {processor.py:841} WARNING - No viable dags retrieved from /home/pedro/projetos/projetos_python/proj_twitter_pipeline/venv/lib/python3.9/site-packages/airflow/example_dags/subdags/subdag.py
[2023-12-28T14:49:30.469-0300] {processor.py:179} INFO - Processing /home/pedro/projetos/projetos_python/proj_twitter_pipeline/venv/lib/python3.9/site-packages/airflow/example_dags/subdags/subdag.py took 0.016 seconds
[2023-12-28T14:50:15.213-0300] {processor.py:157} INFO - Started process (PID=31187) to work on /home/pedro/projetos/projetos_python/proj_twitter_pipeline/venv/lib/python3.9/site-packages/airflow/example_dags/subdags/subdag.py
[2023-12-28T14:50:15.216-0300] {processor.py:829} INFO - Processing file /home/pedro/projetos/projetos_python/proj_twitter_pipeline/venv/lib/python3.9/site-packages/airflow/example_dags/subdags/subdag.py for tasks to queue
[2023-12-28T14:50:15.216-0300] {logging_mixin.py:154} INFO - [2023-12-28T14:50:15.216-0300] {dagbag.py:536} INFO - Filling up the DagBag from /home/pedro/projetos/projetos_python/proj_twitter_pipeline/venv/lib/python3.9/site-packages/airflow/example_dags/subdags/subdag.py
[2023-12-28T14:50:15.218-0300] {processor.py:841} WARNING - No viable dags retrieved from /home/pedro/projetos/projetos_python/proj_twitter_pipeline/venv/lib/python3.9/site-packages/airflow/example_dags/subdags/subdag.py
[2023-12-28T14:50:15.226-0300] {processor.py:179} INFO - Processing /home/pedro/projetos/projetos_python/proj_twitter_pipeline/venv/lib/python3.9/site-packages/airflow/example_dags/subdags/subdag.py took 0.015 seconds
[2023-12-28T14:50:52.326-0300] {processor.py:157} INFO - Started process (PID=31340) to work on /home/pedro/projetos/projetos_python/proj_twitter_pipeline/venv/lib/python3.9/site-packages/airflow/example_dags/subdags/subdag.py
[2023-12-28T14:50:52.327-0300] {processor.py:829} INFO - Processing file /home/pedro/projetos/projetos_python/proj_twitter_pipeline/venv/lib/python3.9/site-packages/airflow/example_dags/subdags/subdag.py for tasks to queue
[2023-12-28T14:50:52.328-0300] {logging_mixin.py:154} INFO - [2023-12-28T14:50:52.328-0300] {dagbag.py:536} INFO - Filling up the DagBag from /home/pedro/projetos/projetos_python/proj_twitter_pipeline/venv/lib/python3.9/site-packages/airflow/example_dags/subdags/subdag.py
[2023-12-28T14:50:52.330-0300] {processor.py:841} WARNING - No viable dags retrieved from /home/pedro/projetos/projetos_python/proj_twitter_pipeline/venv/lib/python3.9/site-packages/airflow/example_dags/subdags/subdag.py
[2023-12-28T14:50:52.338-0300] {processor.py:179} INFO - Processing /home/pedro/projetos/projetos_python/proj_twitter_pipeline/venv/lib/python3.9/site-packages/airflow/example_dags/subdags/subdag.py took 0.014 seconds
[2023-12-28T14:51:39.496-0300] {processor.py:157} INFO - Started process (PID=31584) to work on /home/pedro/projetos/projetos_python/proj_twitter_pipeline/venv/lib/python3.9/site-packages/airflow/example_dags/subdags/subdag.py
[2023-12-28T14:51:39.499-0300] {processor.py:829} INFO - Processing file /home/pedro/projetos/projetos_python/proj_twitter_pipeline/venv/lib/python3.9/site-packages/airflow/example_dags/subdags/subdag.py for tasks to queue
[2023-12-28T14:51:39.499-0300] {logging_mixin.py:154} INFO - [2023-12-28T14:51:39.499-0300] {dagbag.py:536} INFO - Filling up the DagBag from /home/pedro/projetos/projetos_python/proj_twitter_pipeline/venv/lib/python3.9/site-packages/airflow/example_dags/subdags/subdag.py
[2023-12-28T14:51:39.501-0300] {processor.py:841} WARNING - No viable dags retrieved from /home/pedro/projetos/projetos_python/proj_twitter_pipeline/venv/lib/python3.9/site-packages/airflow/example_dags/subdags/subdag.py
[2023-12-28T14:51:39.510-0300] {processor.py:179} INFO - Processing /home/pedro/projetos/projetos_python/proj_twitter_pipeline/venv/lib/python3.9/site-packages/airflow/example_dags/subdags/subdag.py took 0.017 seconds
[2023-12-28T14:52:27.247-0300] {processor.py:157} INFO - Started process (PID=31763) to work on /home/pedro/projetos/projetos_python/proj_twitter_pipeline/venv/lib/python3.9/site-packages/airflow/example_dags/subdags/subdag.py
[2023-12-28T14:52:27.250-0300] {processor.py:829} INFO - Processing file /home/pedro/projetos/projetos_python/proj_twitter_pipeline/venv/lib/python3.9/site-packages/airflow/example_dags/subdags/subdag.py for tasks to queue
[2023-12-28T14:52:27.250-0300] {logging_mixin.py:154} INFO - [2023-12-28T14:52:27.250-0300] {dagbag.py:536} INFO - Filling up the DagBag from /home/pedro/projetos/projetos_python/proj_twitter_pipeline/venv/lib/python3.9/site-packages/airflow/example_dags/subdags/subdag.py
[2023-12-28T14:52:27.252-0300] {processor.py:841} WARNING - No viable dags retrieved from /home/pedro/projetos/projetos_python/proj_twitter_pipeline/venv/lib/python3.9/site-packages/airflow/example_dags/subdags/subdag.py
[2023-12-28T14:52:27.259-0300] {processor.py:179} INFO - Processing /home/pedro/projetos/projetos_python/proj_twitter_pipeline/venv/lib/python3.9/site-packages/airflow/example_dags/subdags/subdag.py took 0.014 seconds
[2023-12-28T14:53:13.431-0300] {processor.py:157} INFO - Started process (PID=31881) to work on /home/pedro/projetos/projetos_python/proj_twitter_pipeline/venv/lib/python3.9/site-packages/airflow/example_dags/subdags/subdag.py
[2023-12-28T14:53:13.433-0300] {processor.py:829} INFO - Processing file /home/pedro/projetos/projetos_python/proj_twitter_pipeline/venv/lib/python3.9/site-packages/airflow/example_dags/subdags/subdag.py for tasks to queue
[2023-12-28T14:53:13.434-0300] {logging_mixin.py:154} INFO - [2023-12-28T14:53:13.434-0300] {dagbag.py:536} INFO - Filling up the DagBag from /home/pedro/projetos/projetos_python/proj_twitter_pipeline/venv/lib/python3.9/site-packages/airflow/example_dags/subdags/subdag.py
[2023-12-28T14:53:13.435-0300] {processor.py:841} WARNING - No viable dags retrieved from /home/pedro/projetos/projetos_python/proj_twitter_pipeline/venv/lib/python3.9/site-packages/airflow/example_dags/subdags/subdag.py
[2023-12-28T14:53:13.442-0300] {processor.py:179} INFO - Processing /home/pedro/projetos/projetos_python/proj_twitter_pipeline/venv/lib/python3.9/site-packages/airflow/example_dags/subdags/subdag.py took 0.014 seconds
[2023-12-28T14:54:00.274-0300] {processor.py:157} INFO - Started process (PID=32061) to work on /home/pedro/projetos/projetos_python/proj_twitter_pipeline/venv/lib/python3.9/site-packages/airflow/example_dags/subdags/subdag.py
[2023-12-28T14:54:00.277-0300] {processor.py:829} INFO - Processing file /home/pedro/projetos/projetos_python/proj_twitter_pipeline/venv/lib/python3.9/site-packages/airflow/example_dags/subdags/subdag.py for tasks to queue
[2023-12-28T14:54:00.277-0300] {logging_mixin.py:154} INFO - [2023-12-28T14:54:00.277-0300] {dagbag.py:536} INFO - Filling up the DagBag from /home/pedro/projetos/projetos_python/proj_twitter_pipeline/venv/lib/python3.9/site-packages/airflow/example_dags/subdags/subdag.py
[2023-12-28T14:54:00.279-0300] {processor.py:841} WARNING - No viable dags retrieved from /home/pedro/projetos/projetos_python/proj_twitter_pipeline/venv/lib/python3.9/site-packages/airflow/example_dags/subdags/subdag.py
[2023-12-28T14:54:00.286-0300] {processor.py:179} INFO - Processing /home/pedro/projetos/projetos_python/proj_twitter_pipeline/venv/lib/python3.9/site-packages/airflow/example_dags/subdags/subdag.py took 0.013 seconds
[2023-12-28T14:54:47.791-0300] {processor.py:157} INFO - Started process (PID=32242) to work on /home/pedro/projetos/projetos_python/proj_twitter_pipeline/venv/lib/python3.9/site-packages/airflow/example_dags/subdags/subdag.py
[2023-12-28T14:54:47.793-0300] {processor.py:829} INFO - Processing file /home/pedro/projetos/projetos_python/proj_twitter_pipeline/venv/lib/python3.9/site-packages/airflow/example_dags/subdags/subdag.py for tasks to queue
[2023-12-28T14:54:47.794-0300] {logging_mixin.py:154} INFO - [2023-12-28T14:54:47.793-0300] {dagbag.py:536} INFO - Filling up the DagBag from /home/pedro/projetos/projetos_python/proj_twitter_pipeline/venv/lib/python3.9/site-packages/airflow/example_dags/subdags/subdag.py
[2023-12-28T14:54:47.795-0300] {processor.py:841} WARNING - No viable dags retrieved from /home/pedro/projetos/projetos_python/proj_twitter_pipeline/venv/lib/python3.9/site-packages/airflow/example_dags/subdags/subdag.py
[2023-12-28T14:54:47.802-0300] {processor.py:179} INFO - Processing /home/pedro/projetos/projetos_python/proj_twitter_pipeline/venv/lib/python3.9/site-packages/airflow/example_dags/subdags/subdag.py took 0.013 seconds
[2023-12-28T14:55:36.414-0300] {processor.py:157} INFO - Started process (PID=32427) to work on /home/pedro/projetos/projetos_python/proj_twitter_pipeline/venv/lib/python3.9/site-packages/airflow/example_dags/subdags/subdag.py
[2023-12-28T14:55:36.417-0300] {processor.py:829} INFO - Processing file /home/pedro/projetos/projetos_python/proj_twitter_pipeline/venv/lib/python3.9/site-packages/airflow/example_dags/subdags/subdag.py for tasks to queue
[2023-12-28T14:55:36.417-0300] {logging_mixin.py:154} INFO - [2023-12-28T14:55:36.417-0300] {dagbag.py:536} INFO - Filling up the DagBag from /home/pedro/projetos/projetos_python/proj_twitter_pipeline/venv/lib/python3.9/site-packages/airflow/example_dags/subdags/subdag.py
[2023-12-28T14:55:36.419-0300] {processor.py:841} WARNING - No viable dags retrieved from /home/pedro/projetos/projetos_python/proj_twitter_pipeline/venv/lib/python3.9/site-packages/airflow/example_dags/subdags/subdag.py
[2023-12-28T14:55:36.426-0300] {processor.py:179} INFO - Processing /home/pedro/projetos/projetos_python/proj_twitter_pipeline/venv/lib/python3.9/site-packages/airflow/example_dags/subdags/subdag.py took 0.014 seconds
[2023-12-28T14:56:24.401-0300] {processor.py:157} INFO - Started process (PID=32606) to work on /home/pedro/projetos/projetos_python/proj_twitter_pipeline/venv/lib/python3.9/site-packages/airflow/example_dags/subdags/subdag.py
[2023-12-28T14:56:24.403-0300] {processor.py:829} INFO - Processing file /home/pedro/projetos/projetos_python/proj_twitter_pipeline/venv/lib/python3.9/site-packages/airflow/example_dags/subdags/subdag.py for tasks to queue
[2023-12-28T14:56:24.404-0300] {logging_mixin.py:154} INFO - [2023-12-28T14:56:24.404-0300] {dagbag.py:536} INFO - Filling up the DagBag from /home/pedro/projetos/projetos_python/proj_twitter_pipeline/venv/lib/python3.9/site-packages/airflow/example_dags/subdags/subdag.py
[2023-12-28T14:56:24.405-0300] {processor.py:841} WARNING - No viable dags retrieved from /home/pedro/projetos/projetos_python/proj_twitter_pipeline/venv/lib/python3.9/site-packages/airflow/example_dags/subdags/subdag.py
[2023-12-28T14:56:24.412-0300] {processor.py:179} INFO - Processing /home/pedro/projetos/projetos_python/proj_twitter_pipeline/venv/lib/python3.9/site-packages/airflow/example_dags/subdags/subdag.py took 0.014 seconds
[2023-12-28T14:57:15.129-0300] {processor.py:157} INFO - Started process (PID=325) to work on /home/pedro/projetos/projetos_python/proj_twitter_pipeline/venv/lib/python3.9/site-packages/airflow/example_dags/subdags/subdag.py
[2023-12-28T14:57:15.131-0300] {processor.py:829} INFO - Processing file /home/pedro/projetos/projetos_python/proj_twitter_pipeline/venv/lib/python3.9/site-packages/airflow/example_dags/subdags/subdag.py for tasks to queue
[2023-12-28T14:57:15.132-0300] {logging_mixin.py:154} INFO - [2023-12-28T14:57:15.132-0300] {dagbag.py:536} INFO - Filling up the DagBag from /home/pedro/projetos/projetos_python/proj_twitter_pipeline/venv/lib/python3.9/site-packages/airflow/example_dags/subdags/subdag.py
[2023-12-28T14:57:15.134-0300] {processor.py:841} WARNING - No viable dags retrieved from /home/pedro/projetos/projetos_python/proj_twitter_pipeline/venv/lib/python3.9/site-packages/airflow/example_dags/subdags/subdag.py
[2023-12-28T14:57:15.140-0300] {processor.py:179} INFO - Processing /home/pedro/projetos/projetos_python/proj_twitter_pipeline/venv/lib/python3.9/site-packages/airflow/example_dags/subdags/subdag.py took 0.014 seconds
[2023-12-28T14:58:06.227-0300] {processor.py:157} INFO - Started process (PID=513) to work on /home/pedro/projetos/projetos_python/proj_twitter_pipeline/venv/lib/python3.9/site-packages/airflow/example_dags/subdags/subdag.py
[2023-12-28T14:58:06.230-0300] {processor.py:829} INFO - Processing file /home/pedro/projetos/projetos_python/proj_twitter_pipeline/venv/lib/python3.9/site-packages/airflow/example_dags/subdags/subdag.py for tasks to queue
[2023-12-28T14:58:06.230-0300] {logging_mixin.py:154} INFO - [2023-12-28T14:58:06.230-0300] {dagbag.py:536} INFO - Filling up the DagBag from /home/pedro/projetos/projetos_python/proj_twitter_pipeline/venv/lib/python3.9/site-packages/airflow/example_dags/subdags/subdag.py
[2023-12-28T14:58:06.232-0300] {processor.py:841} WARNING - No viable dags retrieved from /home/pedro/projetos/projetos_python/proj_twitter_pipeline/venv/lib/python3.9/site-packages/airflow/example_dags/subdags/subdag.py
[2023-12-28T14:58:06.239-0300] {processor.py:179} INFO - Processing /home/pedro/projetos/projetos_python/proj_twitter_pipeline/venv/lib/python3.9/site-packages/airflow/example_dags/subdags/subdag.py took 0.014 seconds
[2023-12-28T14:58:57.660-0300] {processor.py:157} INFO - Started process (PID=700) to work on /home/pedro/projetos/projetos_python/proj_twitter_pipeline/venv/lib/python3.9/site-packages/airflow/example_dags/subdags/subdag.py
[2023-12-28T14:58:57.662-0300] {processor.py:829} INFO - Processing file /home/pedro/projetos/projetos_python/proj_twitter_pipeline/venv/lib/python3.9/site-packages/airflow/example_dags/subdags/subdag.py for tasks to queue
[2023-12-28T14:58:57.663-0300] {logging_mixin.py:154} INFO - [2023-12-28T14:58:57.663-0300] {dagbag.py:536} INFO - Filling up the DagBag from /home/pedro/projetos/projetos_python/proj_twitter_pipeline/venv/lib/python3.9/site-packages/airflow/example_dags/subdags/subdag.py
[2023-12-28T14:58:57.665-0300] {processor.py:841} WARNING - No viable dags retrieved from /home/pedro/projetos/projetos_python/proj_twitter_pipeline/venv/lib/python3.9/site-packages/airflow/example_dags/subdags/subdag.py
[2023-12-28T14:58:57.672-0300] {processor.py:179} INFO - Processing /home/pedro/projetos/projetos_python/proj_twitter_pipeline/venv/lib/python3.9/site-packages/airflow/example_dags/subdags/subdag.py took 0.014 seconds
[2023-12-28T14:59:43.928-0300] {processor.py:157} INFO - Started process (PID=879) to work on /home/pedro/projetos/projetos_python/proj_twitter_pipeline/venv/lib/python3.9/site-packages/airflow/example_dags/subdags/subdag.py
[2023-12-28T14:59:43.931-0300] {processor.py:829} INFO - Processing file /home/pedro/projetos/projetos_python/proj_twitter_pipeline/venv/lib/python3.9/site-packages/airflow/example_dags/subdags/subdag.py for tasks to queue
[2023-12-28T14:59:43.932-0300] {logging_mixin.py:154} INFO - [2023-12-28T14:59:43.931-0300] {dagbag.py:536} INFO - Filling up the DagBag from /home/pedro/projetos/projetos_python/proj_twitter_pipeline/venv/lib/python3.9/site-packages/airflow/example_dags/subdags/subdag.py
[2023-12-28T14:59:43.933-0300] {processor.py:841} WARNING - No viable dags retrieved from /home/pedro/projetos/projetos_python/proj_twitter_pipeline/venv/lib/python3.9/site-packages/airflow/example_dags/subdags/subdag.py
[2023-12-28T14:59:43.940-0300] {processor.py:179} INFO - Processing /home/pedro/projetos/projetos_python/proj_twitter_pipeline/venv/lib/python3.9/site-packages/airflow/example_dags/subdags/subdag.py took 0.014 seconds
[2023-12-28T15:00:32.562-0300] {processor.py:157} INFO - Started process (PID=1060) to work on /home/pedro/projetos/projetos_python/proj_twitter_pipeline/venv/lib/python3.9/site-packages/airflow/example_dags/subdags/subdag.py
[2023-12-28T15:00:32.565-0300] {processor.py:829} INFO - Processing file /home/pedro/projetos/projetos_python/proj_twitter_pipeline/venv/lib/python3.9/site-packages/airflow/example_dags/subdags/subdag.py for tasks to queue
[2023-12-28T15:00:32.565-0300] {logging_mixin.py:154} INFO - [2023-12-28T15:00:32.565-0300] {dagbag.py:536} INFO - Filling up the DagBag from /home/pedro/projetos/projetos_python/proj_twitter_pipeline/venv/lib/python3.9/site-packages/airflow/example_dags/subdags/subdag.py
[2023-12-28T15:00:32.567-0300] {processor.py:841} WARNING - No viable dags retrieved from /home/pedro/projetos/projetos_python/proj_twitter_pipeline/venv/lib/python3.9/site-packages/airflow/example_dags/subdags/subdag.py
[2023-12-28T15:00:32.574-0300] {processor.py:179} INFO - Processing /home/pedro/projetos/projetos_python/proj_twitter_pipeline/venv/lib/python3.9/site-packages/airflow/example_dags/subdags/subdag.py took 0.014 seconds
[2023-12-28T15:01:20.781-0300] {processor.py:157} INFO - Started process (PID=1243) to work on /home/pedro/projetos/projetos_python/proj_twitter_pipeline/venv/lib/python3.9/site-packages/airflow/example_dags/subdags/subdag.py
[2023-12-28T15:01:20.784-0300] {processor.py:829} INFO - Processing file /home/pedro/projetos/projetos_python/proj_twitter_pipeline/venv/lib/python3.9/site-packages/airflow/example_dags/subdags/subdag.py for tasks to queue
[2023-12-28T15:01:20.785-0300] {logging_mixin.py:154} INFO - [2023-12-28T15:01:20.785-0300] {dagbag.py:536} INFO - Filling up the DagBag from /home/pedro/projetos/projetos_python/proj_twitter_pipeline/venv/lib/python3.9/site-packages/airflow/example_dags/subdags/subdag.py
[2023-12-28T15:01:20.788-0300] {processor.py:841} WARNING - No viable dags retrieved from /home/pedro/projetos/projetos_python/proj_twitter_pipeline/venv/lib/python3.9/site-packages/airflow/example_dags/subdags/subdag.py
[2023-12-28T15:01:20.798-0300] {processor.py:179} INFO - Processing /home/pedro/projetos/projetos_python/proj_twitter_pipeline/venv/lib/python3.9/site-packages/airflow/example_dags/subdags/subdag.py took 0.022 seconds
[2023-12-28T15:02:08.440-0300] {processor.py:157} INFO - Started process (PID=1430) to work on /home/pedro/projetos/projetos_python/proj_twitter_pipeline/venv/lib/python3.9/site-packages/airflow/example_dags/subdags/subdag.py
[2023-12-28T15:02:08.443-0300] {processor.py:829} INFO - Processing file /home/pedro/projetos/projetos_python/proj_twitter_pipeline/venv/lib/python3.9/site-packages/airflow/example_dags/subdags/subdag.py for tasks to queue
[2023-12-28T15:02:08.444-0300] {logging_mixin.py:154} INFO - [2023-12-28T15:02:08.443-0300] {dagbag.py:536} INFO - Filling up the DagBag from /home/pedro/projetos/projetos_python/proj_twitter_pipeline/venv/lib/python3.9/site-packages/airflow/example_dags/subdags/subdag.py
[2023-12-28T15:02:08.445-0300] {processor.py:841} WARNING - No viable dags retrieved from /home/pedro/projetos/projetos_python/proj_twitter_pipeline/venv/lib/python3.9/site-packages/airflow/example_dags/subdags/subdag.py
[2023-12-28T15:02:08.452-0300] {processor.py:179} INFO - Processing /home/pedro/projetos/projetos_python/proj_twitter_pipeline/venv/lib/python3.9/site-packages/airflow/example_dags/subdags/subdag.py took 0.014 seconds
[2023-12-28T15:02:57.285-0300] {processor.py:157} INFO - Started process (PID=1613) to work on /home/pedro/projetos/projetos_python/proj_twitter_pipeline/venv/lib/python3.9/site-packages/airflow/example_dags/subdags/subdag.py
[2023-12-28T15:02:57.288-0300] {processor.py:829} INFO - Processing file /home/pedro/projetos/projetos_python/proj_twitter_pipeline/venv/lib/python3.9/site-packages/airflow/example_dags/subdags/subdag.py for tasks to queue
[2023-12-28T15:02:57.288-0300] {logging_mixin.py:154} INFO - [2023-12-28T15:02:57.288-0300] {dagbag.py:536} INFO - Filling up the DagBag from /home/pedro/projetos/projetos_python/proj_twitter_pipeline/venv/lib/python3.9/site-packages/airflow/example_dags/subdags/subdag.py
[2023-12-28T15:02:57.290-0300] {processor.py:841} WARNING - No viable dags retrieved from /home/pedro/projetos/projetos_python/proj_twitter_pipeline/venv/lib/python3.9/site-packages/airflow/example_dags/subdags/subdag.py
[2023-12-28T15:02:57.297-0300] {processor.py:179} INFO - Processing /home/pedro/projetos/projetos_python/proj_twitter_pipeline/venv/lib/python3.9/site-packages/airflow/example_dags/subdags/subdag.py took 0.014 seconds
[2023-12-28T15:03:50.967-0300] {processor.py:157} INFO - Started process (PID=1805) to work on /home/pedro/projetos/projetos_python/proj_twitter_pipeline/venv/lib/python3.9/site-packages/airflow/example_dags/subdags/subdag.py
[2023-12-28T15:03:50.970-0300] {processor.py:829} INFO - Processing file /home/pedro/projetos/projetos_python/proj_twitter_pipeline/venv/lib/python3.9/site-packages/airflow/example_dags/subdags/subdag.py for tasks to queue
[2023-12-28T15:03:50.970-0300] {logging_mixin.py:154} INFO - [2023-12-28T15:03:50.970-0300] {dagbag.py:536} INFO - Filling up the DagBag from /home/pedro/projetos/projetos_python/proj_twitter_pipeline/venv/lib/python3.9/site-packages/airflow/example_dags/subdags/subdag.py
[2023-12-28T15:03:50.972-0300] {processor.py:841} WARNING - No viable dags retrieved from /home/pedro/projetos/projetos_python/proj_twitter_pipeline/venv/lib/python3.9/site-packages/airflow/example_dags/subdags/subdag.py
[2023-12-28T15:03:50.979-0300] {processor.py:179} INFO - Processing /home/pedro/projetos/projetos_python/proj_twitter_pipeline/venv/lib/python3.9/site-packages/airflow/example_dags/subdags/subdag.py took 0.014 seconds
[2023-12-28T15:04:40.669-0300] {processor.py:157} INFO - Started process (PID=1992) to work on /home/pedro/projetos/projetos_python/proj_twitter_pipeline/venv/lib/python3.9/site-packages/airflow/example_dags/subdags/subdag.py
[2023-12-28T15:04:40.672-0300] {processor.py:829} INFO - Processing file /home/pedro/projetos/projetos_python/proj_twitter_pipeline/venv/lib/python3.9/site-packages/airflow/example_dags/subdags/subdag.py for tasks to queue
[2023-12-28T15:04:40.672-0300] {logging_mixin.py:154} INFO - [2023-12-28T15:04:40.672-0300] {dagbag.py:536} INFO - Filling up the DagBag from /home/pedro/projetos/projetos_python/proj_twitter_pipeline/venv/lib/python3.9/site-packages/airflow/example_dags/subdags/subdag.py
[2023-12-28T15:04:40.674-0300] {processor.py:841} WARNING - No viable dags retrieved from /home/pedro/projetos/projetos_python/proj_twitter_pipeline/venv/lib/python3.9/site-packages/airflow/example_dags/subdags/subdag.py
[2023-12-28T15:04:40.681-0300] {processor.py:179} INFO - Processing /home/pedro/projetos/projetos_python/proj_twitter_pipeline/venv/lib/python3.9/site-packages/airflow/example_dags/subdags/subdag.py took 0.014 seconds
[2023-12-28T15:05:29.107-0300] {processor.py:157} INFO - Started process (PID=2172) to work on /home/pedro/projetos/projetos_python/proj_twitter_pipeline/venv/lib/python3.9/site-packages/airflow/example_dags/subdags/subdag.py
[2023-12-28T15:05:29.109-0300] {processor.py:829} INFO - Processing file /home/pedro/projetos/projetos_python/proj_twitter_pipeline/venv/lib/python3.9/site-packages/airflow/example_dags/subdags/subdag.py for tasks to queue
[2023-12-28T15:05:29.110-0300] {logging_mixin.py:154} INFO - [2023-12-28T15:05:29.110-0300] {dagbag.py:536} INFO - Filling up the DagBag from /home/pedro/projetos/projetos_python/proj_twitter_pipeline/venv/lib/python3.9/site-packages/airflow/example_dags/subdags/subdag.py
[2023-12-28T15:05:29.111-0300] {processor.py:841} WARNING - No viable dags retrieved from /home/pedro/projetos/projetos_python/proj_twitter_pipeline/venv/lib/python3.9/site-packages/airflow/example_dags/subdags/subdag.py
[2023-12-28T15:05:29.119-0300] {processor.py:179} INFO - Processing /home/pedro/projetos/projetos_python/proj_twitter_pipeline/venv/lib/python3.9/site-packages/airflow/example_dags/subdags/subdag.py took 0.014 seconds
[2023-12-28T15:06:20.686-0300] {processor.py:157} INFO - Started process (PID=2362) to work on /home/pedro/projetos/projetos_python/proj_twitter_pipeline/venv/lib/python3.9/site-packages/airflow/example_dags/subdags/subdag.py
[2023-12-28T15:06:20.689-0300] {processor.py:829} INFO - Processing file /home/pedro/projetos/projetos_python/proj_twitter_pipeline/venv/lib/python3.9/site-packages/airflow/example_dags/subdags/subdag.py for tasks to queue
[2023-12-28T15:06:20.689-0300] {logging_mixin.py:154} INFO - [2023-12-28T15:06:20.689-0300] {dagbag.py:536} INFO - Filling up the DagBag from /home/pedro/projetos/projetos_python/proj_twitter_pipeline/venv/lib/python3.9/site-packages/airflow/example_dags/subdags/subdag.py
[2023-12-28T15:06:20.691-0300] {processor.py:841} WARNING - No viable dags retrieved from /home/pedro/projetos/projetos_python/proj_twitter_pipeline/venv/lib/python3.9/site-packages/airflow/example_dags/subdags/subdag.py
[2023-12-28T15:06:20.697-0300] {processor.py:179} INFO - Processing /home/pedro/projetos/projetos_python/proj_twitter_pipeline/venv/lib/python3.9/site-packages/airflow/example_dags/subdags/subdag.py took 0.015 seconds
[2023-12-28T15:07:07.006-0300] {processor.py:157} INFO - Started process (PID=2537) to work on /home/pedro/projetos/projetos_python/proj_twitter_pipeline/venv/lib/python3.9/site-packages/airflow/example_dags/subdags/subdag.py
[2023-12-28T15:07:07.008-0300] {processor.py:829} INFO - Processing file /home/pedro/projetos/projetos_python/proj_twitter_pipeline/venv/lib/python3.9/site-packages/airflow/example_dags/subdags/subdag.py for tasks to queue
[2023-12-28T15:07:07.009-0300] {logging_mixin.py:154} INFO - [2023-12-28T15:07:07.009-0300] {dagbag.py:536} INFO - Filling up the DagBag from /home/pedro/projetos/projetos_python/proj_twitter_pipeline/venv/lib/python3.9/site-packages/airflow/example_dags/subdags/subdag.py
[2023-12-28T15:07:07.011-0300] {processor.py:841} WARNING - No viable dags retrieved from /home/pedro/projetos/projetos_python/proj_twitter_pipeline/venv/lib/python3.9/site-packages/airflow/example_dags/subdags/subdag.py
[2023-12-28T15:07:07.018-0300] {processor.py:179} INFO - Processing /home/pedro/projetos/projetos_python/proj_twitter_pipeline/venv/lib/python3.9/site-packages/airflow/example_dags/subdags/subdag.py took 0.014 seconds
[2023-12-28T15:07:55.037-0300] {processor.py:157} INFO - Started process (PID=2720) to work on /home/pedro/projetos/projetos_python/proj_twitter_pipeline/venv/lib/python3.9/site-packages/airflow/example_dags/subdags/subdag.py
[2023-12-28T15:07:55.039-0300] {processor.py:829} INFO - Processing file /home/pedro/projetos/projetos_python/proj_twitter_pipeline/venv/lib/python3.9/site-packages/airflow/example_dags/subdags/subdag.py for tasks to queue
[2023-12-28T15:07:55.040-0300] {logging_mixin.py:154} INFO - [2023-12-28T15:07:55.040-0300] {dagbag.py:536} INFO - Filling up the DagBag from /home/pedro/projetos/projetos_python/proj_twitter_pipeline/venv/lib/python3.9/site-packages/airflow/example_dags/subdags/subdag.py
[2023-12-28T15:07:55.043-0300] {processor.py:841} WARNING - No viable dags retrieved from /home/pedro/projetos/projetos_python/proj_twitter_pipeline/venv/lib/python3.9/site-packages/airflow/example_dags/subdags/subdag.py
[2023-12-28T15:07:55.050-0300] {processor.py:179} INFO - Processing /home/pedro/projetos/projetos_python/proj_twitter_pipeline/venv/lib/python3.9/site-packages/airflow/example_dags/subdags/subdag.py took 0.016 seconds
[2023-12-28T15:08:45.117-0300] {processor.py:157} INFO - Started process (PID=2905) to work on /home/pedro/projetos/projetos_python/proj_twitter_pipeline/venv/lib/python3.9/site-packages/airflow/example_dags/subdags/subdag.py
[2023-12-28T15:08:45.119-0300] {processor.py:829} INFO - Processing file /home/pedro/projetos/projetos_python/proj_twitter_pipeline/venv/lib/python3.9/site-packages/airflow/example_dags/subdags/subdag.py for tasks to queue
[2023-12-28T15:08:45.120-0300] {logging_mixin.py:154} INFO - [2023-12-28T15:08:45.119-0300] {dagbag.py:536} INFO - Filling up the DagBag from /home/pedro/projetos/projetos_python/proj_twitter_pipeline/venv/lib/python3.9/site-packages/airflow/example_dags/subdags/subdag.py
[2023-12-28T15:08:45.121-0300] {processor.py:841} WARNING - No viable dags retrieved from /home/pedro/projetos/projetos_python/proj_twitter_pipeline/venv/lib/python3.9/site-packages/airflow/example_dags/subdags/subdag.py
[2023-12-28T15:08:45.128-0300] {processor.py:179} INFO - Processing /home/pedro/projetos/projetos_python/proj_twitter_pipeline/venv/lib/python3.9/site-packages/airflow/example_dags/subdags/subdag.py took 0.014 seconds
[2023-12-28T15:09:35.484-0300] {processor.py:157} INFO - Started process (PID=3091) to work on /home/pedro/projetos/projetos_python/proj_twitter_pipeline/venv/lib/python3.9/site-packages/airflow/example_dags/subdags/subdag.py
[2023-12-28T15:09:35.486-0300] {processor.py:829} INFO - Processing file /home/pedro/projetos/projetos_python/proj_twitter_pipeline/venv/lib/python3.9/site-packages/airflow/example_dags/subdags/subdag.py for tasks to queue
[2023-12-28T15:09:35.487-0300] {logging_mixin.py:154} INFO - [2023-12-28T15:09:35.487-0300] {dagbag.py:536} INFO - Filling up the DagBag from /home/pedro/projetos/projetos_python/proj_twitter_pipeline/venv/lib/python3.9/site-packages/airflow/example_dags/subdags/subdag.py
[2023-12-28T15:09:35.489-0300] {processor.py:841} WARNING - No viable dags retrieved from /home/pedro/projetos/projetos_python/proj_twitter_pipeline/venv/lib/python3.9/site-packages/airflow/example_dags/subdags/subdag.py
[2023-12-28T15:09:35.496-0300] {processor.py:179} INFO - Processing /home/pedro/projetos/projetos_python/proj_twitter_pipeline/venv/lib/python3.9/site-packages/airflow/example_dags/subdags/subdag.py took 0.014 seconds
[2023-12-28T15:10:19.033-0300] {processor.py:157} INFO - Started process (PID=3265) to work on /home/pedro/projetos/projetos_python/proj_twitter_pipeline/venv/lib/python3.9/site-packages/airflow/example_dags/subdags/subdag.py
[2023-12-28T15:10:19.035-0300] {processor.py:829} INFO - Processing file /home/pedro/projetos/projetos_python/proj_twitter_pipeline/venv/lib/python3.9/site-packages/airflow/example_dags/subdags/subdag.py for tasks to queue
[2023-12-28T15:10:19.035-0300] {logging_mixin.py:154} INFO - [2023-12-28T15:10:19.035-0300] {dagbag.py:536} INFO - Filling up the DagBag from /home/pedro/projetos/projetos_python/proj_twitter_pipeline/venv/lib/python3.9/site-packages/airflow/example_dags/subdags/subdag.py
[2023-12-28T15:10:19.037-0300] {processor.py:841} WARNING - No viable dags retrieved from /home/pedro/projetos/projetos_python/proj_twitter_pipeline/venv/lib/python3.9/site-packages/airflow/example_dags/subdags/subdag.py
[2023-12-28T15:10:19.044-0300] {processor.py:179} INFO - Processing /home/pedro/projetos/projetos_python/proj_twitter_pipeline/venv/lib/python3.9/site-packages/airflow/example_dags/subdags/subdag.py took 0.013 seconds
[2023-12-28T15:11:06.660-0300] {processor.py:157} INFO - Started process (PID=3383) to work on /home/pedro/projetos/projetos_python/proj_twitter_pipeline/venv/lib/python3.9/site-packages/airflow/example_dags/subdags/subdag.py
[2023-12-28T15:11:06.662-0300] {processor.py:829} INFO - Processing file /home/pedro/projetos/projetos_python/proj_twitter_pipeline/venv/lib/python3.9/site-packages/airflow/example_dags/subdags/subdag.py for tasks to queue
[2023-12-28T15:11:06.663-0300] {logging_mixin.py:154} INFO - [2023-12-28T15:11:06.663-0300] {dagbag.py:536} INFO - Filling up the DagBag from /home/pedro/projetos/projetos_python/proj_twitter_pipeline/venv/lib/python3.9/site-packages/airflow/example_dags/subdags/subdag.py
[2023-12-28T15:11:06.665-0300] {processor.py:841} WARNING - No viable dags retrieved from /home/pedro/projetos/projetos_python/proj_twitter_pipeline/venv/lib/python3.9/site-packages/airflow/example_dags/subdags/subdag.py
[2023-12-28T15:11:06.672-0300] {processor.py:179} INFO - Processing /home/pedro/projetos/projetos_python/proj_twitter_pipeline/venv/lib/python3.9/site-packages/airflow/example_dags/subdags/subdag.py took 0.014 seconds
[2023-12-28T15:11:55.319-0300] {processor.py:157} INFO - Started process (PID=3626) to work on /home/pedro/projetos/projetos_python/proj_twitter_pipeline/venv/lib/python3.9/site-packages/airflow/example_dags/subdags/subdag.py
[2023-12-28T15:11:55.320-0300] {processor.py:829} INFO - Processing file /home/pedro/projetos/projetos_python/proj_twitter_pipeline/venv/lib/python3.9/site-packages/airflow/example_dags/subdags/subdag.py for tasks to queue
[2023-12-28T15:11:55.321-0300] {logging_mixin.py:154} INFO - [2023-12-28T15:11:55.321-0300] {dagbag.py:536} INFO - Filling up the DagBag from /home/pedro/projetos/projetos_python/proj_twitter_pipeline/venv/lib/python3.9/site-packages/airflow/example_dags/subdags/subdag.py
[2023-12-28T15:11:55.322-0300] {processor.py:841} WARNING - No viable dags retrieved from /home/pedro/projetos/projetos_python/proj_twitter_pipeline/venv/lib/python3.9/site-packages/airflow/example_dags/subdags/subdag.py
[2023-12-28T15:11:55.329-0300] {processor.py:179} INFO - Processing /home/pedro/projetos/projetos_python/proj_twitter_pipeline/venv/lib/python3.9/site-packages/airflow/example_dags/subdags/subdag.py took 0.013 seconds
[2023-12-28T15:12:33.242-0300] {processor.py:157} INFO - Started process (PID=3778) to work on /home/pedro/projetos/projetos_python/proj_twitter_pipeline/venv/lib/python3.9/site-packages/airflow/example_dags/subdags/subdag.py
[2023-12-28T15:12:33.245-0300] {processor.py:829} INFO - Processing file /home/pedro/projetos/projetos_python/proj_twitter_pipeline/venv/lib/python3.9/site-packages/airflow/example_dags/subdags/subdag.py for tasks to queue
[2023-12-28T15:12:33.246-0300] {logging_mixin.py:154} INFO - [2023-12-28T15:12:33.245-0300] {dagbag.py:536} INFO - Filling up the DagBag from /home/pedro/projetos/projetos_python/proj_twitter_pipeline/venv/lib/python3.9/site-packages/airflow/example_dags/subdags/subdag.py
[2023-12-28T15:12:33.248-0300] {processor.py:841} WARNING - No viable dags retrieved from /home/pedro/projetos/projetos_python/proj_twitter_pipeline/venv/lib/python3.9/site-packages/airflow/example_dags/subdags/subdag.py
[2023-12-28T15:12:33.262-0300] {processor.py:179} INFO - Processing /home/pedro/projetos/projetos_python/proj_twitter_pipeline/venv/lib/python3.9/site-packages/airflow/example_dags/subdags/subdag.py took 0.022 seconds
[2023-12-28T15:13:26.319-0300] {processor.py:157} INFO - Started process (PID=3970) to work on /home/pedro/projetos/projetos_python/proj_twitter_pipeline/venv/lib/python3.9/site-packages/airflow/example_dags/subdags/subdag.py
[2023-12-28T15:13:26.325-0300] {processor.py:829} INFO - Processing file /home/pedro/projetos/projetos_python/proj_twitter_pipeline/venv/lib/python3.9/site-packages/airflow/example_dags/subdags/subdag.py for tasks to queue
[2023-12-28T15:13:26.326-0300] {logging_mixin.py:154} INFO - [2023-12-28T15:13:26.326-0300] {dagbag.py:536} INFO - Filling up the DagBag from /home/pedro/projetos/projetos_python/proj_twitter_pipeline/venv/lib/python3.9/site-packages/airflow/example_dags/subdags/subdag.py
[2023-12-28T15:13:26.328-0300] {processor.py:841} WARNING - No viable dags retrieved from /home/pedro/projetos/projetos_python/proj_twitter_pipeline/venv/lib/python3.9/site-packages/airflow/example_dags/subdags/subdag.py
[2023-12-28T15:13:26.340-0300] {processor.py:179} INFO - Processing /home/pedro/projetos/projetos_python/proj_twitter_pipeline/venv/lib/python3.9/site-packages/airflow/example_dags/subdags/subdag.py took 0.023 seconds
[2023-12-28T15:14:19.673-0300] {processor.py:157} INFO - Started process (PID=4162) to work on /home/pedro/projetos/projetos_python/proj_twitter_pipeline/venv/lib/python3.9/site-packages/airflow/example_dags/subdags/subdag.py
[2023-12-28T15:14:19.676-0300] {processor.py:829} INFO - Processing file /home/pedro/projetos/projetos_python/proj_twitter_pipeline/venv/lib/python3.9/site-packages/airflow/example_dags/subdags/subdag.py for tasks to queue
[2023-12-28T15:14:19.676-0300] {logging_mixin.py:154} INFO - [2023-12-28T15:14:19.676-0300] {dagbag.py:536} INFO - Filling up the DagBag from /home/pedro/projetos/projetos_python/proj_twitter_pipeline/venv/lib/python3.9/site-packages/airflow/example_dags/subdags/subdag.py
[2023-12-28T15:14:19.678-0300] {processor.py:841} WARNING - No viable dags retrieved from /home/pedro/projetos/projetos_python/proj_twitter_pipeline/venv/lib/python3.9/site-packages/airflow/example_dags/subdags/subdag.py
[2023-12-28T15:14:19.688-0300] {processor.py:179} INFO - Processing /home/pedro/projetos/projetos_python/proj_twitter_pipeline/venv/lib/python3.9/site-packages/airflow/example_dags/subdags/subdag.py took 0.018 seconds
[2023-12-28T15:15:10.679-0300] {processor.py:157} INFO - Started process (PID=4290) to work on /home/pedro/projetos/projetos_python/proj_twitter_pipeline/venv/lib/python3.9/site-packages/airflow/example_dags/subdags/subdag.py
[2023-12-28T15:15:10.681-0300] {processor.py:829} INFO - Processing file /home/pedro/projetos/projetos_python/proj_twitter_pipeline/venv/lib/python3.9/site-packages/airflow/example_dags/subdags/subdag.py for tasks to queue
[2023-12-28T15:15:10.681-0300] {logging_mixin.py:154} INFO - [2023-12-28T15:15:10.681-0300] {dagbag.py:536} INFO - Filling up the DagBag from /home/pedro/projetos/projetos_python/proj_twitter_pipeline/venv/lib/python3.9/site-packages/airflow/example_dags/subdags/subdag.py
[2023-12-28T15:15:10.683-0300] {processor.py:841} WARNING - No viable dags retrieved from /home/pedro/projetos/projetos_python/proj_twitter_pipeline/venv/lib/python3.9/site-packages/airflow/example_dags/subdags/subdag.py
[2023-12-28T15:15:10.690-0300] {processor.py:179} INFO - Processing /home/pedro/projetos/projetos_python/proj_twitter_pipeline/venv/lib/python3.9/site-packages/airflow/example_dags/subdags/subdag.py took 0.012 seconds
[2023-12-28T15:15:59.194-0300] {processor.py:157} INFO - Started process (PID=4473) to work on /home/pedro/projetos/projetos_python/proj_twitter_pipeline/venv/lib/python3.9/site-packages/airflow/example_dags/subdags/subdag.py
[2023-12-28T15:15:59.197-0300] {processor.py:829} INFO - Processing file /home/pedro/projetos/projetos_python/proj_twitter_pipeline/venv/lib/python3.9/site-packages/airflow/example_dags/subdags/subdag.py for tasks to queue
[2023-12-28T15:15:59.198-0300] {logging_mixin.py:154} INFO - [2023-12-28T15:15:59.197-0300] {dagbag.py:536} INFO - Filling up the DagBag from /home/pedro/projetos/projetos_python/proj_twitter_pipeline/venv/lib/python3.9/site-packages/airflow/example_dags/subdags/subdag.py
[2023-12-28T15:15:59.199-0300] {processor.py:841} WARNING - No viable dags retrieved from /home/pedro/projetos/projetos_python/proj_twitter_pipeline/venv/lib/python3.9/site-packages/airflow/example_dags/subdags/subdag.py
[2023-12-28T15:15:59.207-0300] {processor.py:179} INFO - Processing /home/pedro/projetos/projetos_python/proj_twitter_pipeline/venv/lib/python3.9/site-packages/airflow/example_dags/subdags/subdag.py took 0.014 seconds
[2023-12-28T15:16:45.904-0300] {processor.py:157} INFO - Started process (PID=4711) to work on /home/pedro/projetos/projetos_python/proj_twitter_pipeline/venv/lib/python3.9/site-packages/airflow/example_dags/subdags/subdag.py
[2023-12-28T15:16:45.907-0300] {processor.py:829} INFO - Processing file /home/pedro/projetos/projetos_python/proj_twitter_pipeline/venv/lib/python3.9/site-packages/airflow/example_dags/subdags/subdag.py for tasks to queue
[2023-12-28T15:16:45.908-0300] {logging_mixin.py:154} INFO - [2023-12-28T15:16:45.907-0300] {dagbag.py:536} INFO - Filling up the DagBag from /home/pedro/projetos/projetos_python/proj_twitter_pipeline/venv/lib/python3.9/site-packages/airflow/example_dags/subdags/subdag.py
[2023-12-28T15:16:45.910-0300] {processor.py:841} WARNING - No viable dags retrieved from /home/pedro/projetos/projetos_python/proj_twitter_pipeline/venv/lib/python3.9/site-packages/airflow/example_dags/subdags/subdag.py
[2023-12-28T15:16:45.922-0300] {processor.py:179} INFO - Processing /home/pedro/projetos/projetos_python/proj_twitter_pipeline/venv/lib/python3.9/site-packages/airflow/example_dags/subdags/subdag.py took 0.022 seconds
