[2023-11-14T16:00:32.789-0300] {taskinstance.py:1159} INFO - Dependencies all met for dep_context=non-requeueable deps ti=<TaskInstance: TwitterDAG.twitter_transform_datascience scheduled__2023-11-09T00:00:00+00:00 [queued]>
[2023-11-14T16:00:32.794-0300] {taskinstance.py:1159} INFO - Dependencies all met for dep_context=requeueable deps ti=<TaskInstance: TwitterDAG.twitter_transform_datascience scheduled__2023-11-09T00:00:00+00:00 [queued]>
[2023-11-14T16:00:32.794-0300] {taskinstance.py:1361} INFO - Starting attempt 1 of 1
[2023-11-14T16:00:32.811-0300] {taskinstance.py:1382} INFO - Executing <Task(SparkSubmitOperator): twitter_transform_datascience> on 2023-11-09 00:00:00+00:00
[2023-11-14T16:00:32.812-0300] {standard_task_runner.py:57} INFO - Started process 12304 to run task
[2023-11-14T16:00:32.814-0300] {standard_task_runner.py:84} INFO - Running: ['airflow', 'tasks', 'run', 'TwitterDAG', 'twitter_transform_datascience', 'scheduled__2023-11-09T00:00:00+00:00', '--job-id', '11', '--raw', '--subdir', 'DAGS_FOLDER/twitter_dag.py', '--cfg-path', '/tmp/tmpyno878ao']
[2023-11-14T16:00:32.815-0300] {standard_task_runner.py:85} INFO - Job 11: Subtask twitter_transform_datascience
[2023-11-14T16:00:32.853-0300] {task_command.py:416} INFO - Running <TaskInstance: TwitterDAG.twitter_transform_datascience scheduled__2023-11-09T00:00:00+00:00 [running]> on host MI0118G-ATIC.gabaer.intraer
[2023-11-14T16:00:32.904-0300] {taskinstance.py:1662} INFO - Exporting env vars: AIRFLOW_CTX_DAG_OWNER='airflow' AIRFLOW_CTX_DAG_ID='TwitterDAG' AIRFLOW_CTX_TASK_ID='twitter_transform_datascience' AIRFLOW_CTX_EXECUTION_DATE='2023-11-09T00:00:00+00:00' AIRFLOW_CTX_TRY_NUMBER='1' AIRFLOW_CTX_DAG_RUN_ID='scheduled__2023-11-09T00:00:00+00:00'
[2023-11-14T16:00:32.908-0300] {base.py:73} INFO - Using connection ID 'spark_default' for task execution.
[2023-11-14T16:00:32.909-0300] {spark_submit.py:351} INFO - Spark-Submit cmd: spark-submit --master yarn --name twitter_transformation --queue root.default /home/pedro/projetos/projetos_python/proj_dados_twitter/src/spark/transformation.py --origem /home/pedro/projetos/projetos_python/proj_dados_twitter/datalake/bronze/twitter_datascience/extract_date=2023-11-09 --destino /home/pedro/projetos/projetos_python/proj_dados_twitter/datalake/silver/twitter_datascience/ --process_date 2023-11-09
[2023-11-14T16:00:33.717-0300] {spark_submit.py:521} INFO - 23/11/14 16:00:33 WARN Utils: Your hostname, MI0118G-ATIC resolves to a loopback address: 127.0.1.1; using 172.29.249.25 instead (on interface eth0)
[2023-11-14T16:00:33.718-0300] {spark_submit.py:521} INFO - 23/11/14 16:00:33 WARN Utils: Set SPARK_LOCAL_IP if you need to bind to another address
[2023-11-14T16:00:33.759-0300] {spark_submit.py:521} INFO - Exception in thread "main" org.apache.spark.SparkException: When running with master 'yarn' either HADOOP_CONF_DIR or YARN_CONF_DIR must be set in the environment.
[2023-11-14T16:00:33.759-0300] {spark_submit.py:521} INFO - at org.apache.spark.deploy.SparkSubmitArguments.error(SparkSubmitArguments.scala:634)
[2023-11-14T16:00:33.759-0300] {spark_submit.py:521} INFO - at org.apache.spark.deploy.SparkSubmitArguments.validateSubmitArguments(SparkSubmitArguments.scala:274)
[2023-11-14T16:00:33.759-0300] {spark_submit.py:521} INFO - at org.apache.spark.deploy.SparkSubmitArguments.validateArguments(SparkSubmitArguments.scala:234)
[2023-11-14T16:00:33.759-0300] {spark_submit.py:521} INFO - at org.apache.spark.deploy.SparkSubmitArguments.<init>(SparkSubmitArguments.scala:119)
[2023-11-14T16:00:33.759-0300] {spark_submit.py:521} INFO - at org.apache.spark.deploy.SparkSubmit$$anon$2$$anon$3.<init>(SparkSubmit.scala:1037)
[2023-11-14T16:00:33.759-0300] {spark_submit.py:521} INFO - at org.apache.spark.deploy.SparkSubmit$$anon$2.parseArguments(SparkSubmit.scala:1037)
[2023-11-14T16:00:33.759-0300] {spark_submit.py:521} INFO - at org.apache.spark.deploy.SparkSubmit.doSubmit(SparkSubmit.scala:85)
[2023-11-14T16:00:33.759-0300] {spark_submit.py:521} INFO - at org.apache.spark.deploy.SparkSubmit$$anon$2.doSubmit(SparkSubmit.scala:1054)
[2023-11-14T16:00:33.759-0300] {spark_submit.py:521} INFO - at org.apache.spark.deploy.SparkSubmit$.main(SparkSubmit.scala:1063)
[2023-11-14T16:00:33.760-0300] {spark_submit.py:521} INFO - at org.apache.spark.deploy.SparkSubmit.main(SparkSubmit.scala)
[2023-11-14T16:00:33.769-0300] {taskinstance.py:1937} ERROR - Task failed with exception
Traceback (most recent call last):
  File "/home/pedro/projetos/projetos_python/proj_twitter_pipeline/venv/lib/python3.9/site-packages/airflow/providers/apache/spark/operators/spark_submit.py", line 160, in execute
    self._hook.submit(self._application)
  File "/home/pedro/projetos/projetos_python/proj_twitter_pipeline/venv/lib/python3.9/site-packages/airflow/providers/apache/spark/hooks/spark_submit.py", line 452, in submit
    raise AirflowException(
airflow.exceptions.AirflowException: Cannot execute: spark-submit --master yarn --name twitter_transformation --queue root.default /home/pedro/projetos/projetos_python/proj_dados_twitter/src/spark/transformation.py --origem /home/pedro/projetos/projetos_python/proj_dados_twitter/datalake/bronze/twitter_datascience/extract_date=2023-11-09 --destino /home/pedro/projetos/projetos_python/proj_dados_twitter/datalake/silver/twitter_datascience/ --process_date 2023-11-09. Error code is: 1.
[2023-11-14T16:00:33.771-0300] {taskinstance.py:1400} INFO - Marking task as FAILED. dag_id=TwitterDAG, task_id=twitter_transform_datascience, execution_date=20231109T000000, start_date=20231114T190032, end_date=20231114T190033
[2023-11-14T16:00:33.784-0300] {standard_task_runner.py:104} ERROR - Failed to execute job 11 for task twitter_transform_datascience (Cannot execute: spark-submit --master yarn --name twitter_transformation --queue root.default /home/pedro/projetos/projetos_python/proj_dados_twitter/src/spark/transformation.py --origem /home/pedro/projetos/projetos_python/proj_dados_twitter/datalake/bronze/twitter_datascience/extract_date=2023-11-09 --destino /home/pedro/projetos/projetos_python/proj_dados_twitter/datalake/silver/twitter_datascience/ --process_date 2023-11-09. Error code is: 1.; 12304)
[2023-11-14T16:00:33.792-0300] {local_task_job_runner.py:228} INFO - Task exited with return code 1
[2023-11-14T16:00:33.813-0300] {taskinstance.py:2778} INFO - 0 downstream tasks scheduled from follow-on schedule check
[2023-11-14T16:04:49.919-0300] {taskinstance.py:1159} INFO - Dependencies all met for dep_context=non-requeueable deps ti=<TaskInstance: TwitterDAG.twitter_transform_datascience scheduled__2023-11-09T00:00:00+00:00 [queued]>
[2023-11-14T16:04:49.925-0300] {taskinstance.py:1159} INFO - Dependencies all met for dep_context=requeueable deps ti=<TaskInstance: TwitterDAG.twitter_transform_datascience scheduled__2023-11-09T00:00:00+00:00 [queued]>
[2023-11-14T16:04:49.925-0300] {taskinstance.py:1361} INFO - Starting attempt 1 of 1
[2023-11-14T16:04:49.941-0300] {taskinstance.py:1382} INFO - Executing <Task(SparkSubmitOperator): twitter_transform_datascience> on 2023-11-09 00:00:00+00:00
[2023-11-14T16:04:49.944-0300] {standard_task_runner.py:57} INFO - Started process 15281 to run task
[2023-11-14T16:04:49.947-0300] {standard_task_runner.py:84} INFO - Running: ['airflow', 'tasks', 'run', 'TwitterDAG', 'twitter_transform_datascience', 'scheduled__2023-11-09T00:00:00+00:00', '--job-id', '13', '--raw', '--subdir', 'DAGS_FOLDER/twitter_dag.py', '--cfg-path', '/tmp/tmpr8gof52v']
[2023-11-14T16:04:49.948-0300] {standard_task_runner.py:85} INFO - Job 13: Subtask twitter_transform_datascience
[2023-11-14T16:04:49.979-0300] {task_command.py:416} INFO - Running <TaskInstance: TwitterDAG.twitter_transform_datascience scheduled__2023-11-09T00:00:00+00:00 [running]> on host MI0118G-ATIC.gabaer.intraer
[2023-11-14T16:04:50.033-0300] {taskinstance.py:1662} INFO - Exporting env vars: AIRFLOW_CTX_DAG_OWNER='airflow' AIRFLOW_CTX_DAG_ID='TwitterDAG' AIRFLOW_CTX_TASK_ID='twitter_transform_datascience' AIRFLOW_CTX_EXECUTION_DATE='2023-11-09T00:00:00+00:00' AIRFLOW_CTX_TRY_NUMBER='1' AIRFLOW_CTX_DAG_RUN_ID='scheduled__2023-11-09T00:00:00+00:00'
[2023-11-14T16:04:50.036-0300] {base.py:73} INFO - Using connection ID 'spark_default' for task execution.
[2023-11-14T16:04:50.037-0300] {spark_submit.py:351} INFO - Spark-Submit cmd: spark-submit --master local --name twitter_transformation --queue root.default /home/pedro/projetos/projetos_python/proj_twitter_pipeline/src/spark/transformation.py --origem /home/pedro/projetos/projetos_python/proj_twitter_pipeline/datalake/bronze/twitter_datascience/extract_date=2023-11-09 --destino /home/pedro/projetos/projetos_python/proj_twitter_pipeline/datalake/silver/twitter_datascience/ --process_date 2023-11-09
[2023-11-14T16:04:50.829-0300] {spark_submit.py:521} INFO - 23/11/14 16:04:50 WARN Utils: Your hostname, MI0118G-ATIC resolves to a loopback address: 127.0.1.1; using 172.29.249.25 instead (on interface eth0)
[2023-11-14T16:04:50.830-0300] {spark_submit.py:521} INFO - 23/11/14 16:04:50 WARN Utils: Set SPARK_LOCAL_IP if you need to bind to another address
[2023-11-14T16:04:51.428-0300] {spark_submit.py:521} INFO - Using Spark's default log4j profile: org/apache/spark/log4j-defaults.properties
[2023-11-14T16:04:51.435-0300] {spark_submit.py:521} INFO - 23/11/14 16:04:51 INFO SparkContext: Running Spark version 3.2.4
[2023-11-14T16:04:51.510-0300] {spark_submit.py:521} INFO - 23/11/14 16:04:51 WARN NativeCodeLoader: Unable to load native-hadoop library for your platform... using builtin-java classes where applicable
[2023-11-14T16:04:51.582-0300] {spark_submit.py:521} INFO - 23/11/14 16:04:51 INFO ResourceUtils: ==============================================================
[2023-11-14T16:04:51.582-0300] {spark_submit.py:521} INFO - 23/11/14 16:04:51 INFO ResourceUtils: No custom resources configured for spark.driver.
[2023-11-14T16:04:51.583-0300] {spark_submit.py:521} INFO - 23/11/14 16:04:51 INFO ResourceUtils: ==============================================================
[2023-11-14T16:04:51.583-0300] {spark_submit.py:521} INFO - 23/11/14 16:04:51 INFO SparkContext: Submitted application: twitter_transformation
[2023-11-14T16:04:51.600-0300] {spark_submit.py:521} INFO - 23/11/14 16:04:51 INFO ResourceProfile: Default ResourceProfile created, executor resources: Map(cores -> name: cores, amount: 1, script: , vendor: , memory -> name: memory, amount: 1024, script: , vendor: , offHeap -> name: offHeap, amount: 0, script: , vendor: ), task resources: Map(cpus -> name: cpus, amount: 1.0)
[2023-11-14T16:04:51.610-0300] {spark_submit.py:521} INFO - 23/11/14 16:04:51 INFO ResourceProfile: Limiting resource is cpu
[2023-11-14T16:04:51.610-0300] {spark_submit.py:521} INFO - 23/11/14 16:04:51 INFO ResourceProfileManager: Added ResourceProfile id: 0
[2023-11-14T16:04:51.654-0300] {spark_submit.py:521} INFO - 23/11/14 16:04:51 INFO SecurityManager: Changing view acls to: pedro
[2023-11-14T16:04:51.655-0300] {spark_submit.py:521} INFO - 23/11/14 16:04:51 INFO SecurityManager: Changing modify acls to: pedro
[2023-11-14T16:04:51.656-0300] {spark_submit.py:521} INFO - 23/11/14 16:04:51 INFO SecurityManager: Changing view acls groups to:
[2023-11-14T16:04:51.656-0300] {spark_submit.py:521} INFO - 23/11/14 16:04:51 INFO SecurityManager: Changing modify acls groups to:
[2023-11-14T16:04:51.657-0300] {spark_submit.py:521} INFO - 23/11/14 16:04:51 INFO SecurityManager: SecurityManager: authentication disabled; ui acls disabled; users  with view permissions: Set(pedro); groups with view permissions: Set(); users  with modify permissions: Set(pedro); groups with modify permissions: Set()
[2023-11-14T16:04:51.887-0300] {spark_submit.py:521} INFO - 23/11/14 16:04:51 INFO Utils: Successfully started service 'sparkDriver' on port 39935.
[2023-11-14T16:04:51.912-0300] {spark_submit.py:521} INFO - 23/11/14 16:04:51 INFO SparkEnv: Registering MapOutputTracker
[2023-11-14T16:04:51.952-0300] {spark_submit.py:521} INFO - 23/11/14 16:04:51 INFO SparkEnv: Registering BlockManagerMaster
[2023-11-14T16:04:51.967-0300] {spark_submit.py:521} INFO - 23/11/14 16:04:51 INFO BlockManagerMasterEndpoint: Using org.apache.spark.storage.DefaultTopologyMapper for getting topology information
[2023-11-14T16:04:51.968-0300] {spark_submit.py:521} INFO - 23/11/14 16:04:51 INFO BlockManagerMasterEndpoint: BlockManagerMasterEndpoint up
[2023-11-14T16:04:51.971-0300] {spark_submit.py:521} INFO - 23/11/14 16:04:51 INFO SparkEnv: Registering BlockManagerMasterHeartbeat
[2023-11-14T16:04:51.988-0300] {spark_submit.py:521} INFO - 23/11/14 16:04:51 INFO DiskBlockManager: Created local directory at /tmp/blockmgr-0eeb30b3-fe6d-409b-9961-6781e6b9bd35
[2023-11-14T16:04:52.008-0300] {spark_submit.py:521} INFO - 23/11/14 16:04:52 INFO MemoryStore: MemoryStore started with capacity 366.3 MiB
[2023-11-14T16:04:52.024-0300] {spark_submit.py:521} INFO - 23/11/14 16:04:52 INFO SparkEnv: Registering OutputCommitCoordinator
[2023-11-14T16:04:52.178-0300] {spark_submit.py:521} INFO - 23/11/14 16:04:52 INFO Utils: Successfully started service 'SparkUI' on port 4040.
[2023-11-14T16:04:52.213-0300] {spark_submit.py:521} INFO - 23/11/14 16:04:52 INFO SparkUI: Bound SparkUI to 0.0.0.0, and started at http://172.29.249.25:4040
[2023-11-14T16:04:52.430-0300] {spark_submit.py:521} INFO - 23/11/14 16:04:52 INFO Executor: Starting executor ID driver on host 172.29.249.25
[2023-11-14T16:04:52.466-0300] {spark_submit.py:521} INFO - 23/11/14 16:04:52 INFO Utils: Successfully started service 'org.apache.spark.network.netty.NettyBlockTransferService' on port 37111.
[2023-11-14T16:04:52.466-0300] {spark_submit.py:521} INFO - 23/11/14 16:04:52 INFO NettyBlockTransferService: Server created on 172.29.249.25:37111
[2023-11-14T16:04:52.466-0300] {spark_submit.py:521} INFO - 23/11/14 16:04:52 INFO BlockManager: Using org.apache.spark.storage.RandomBlockReplicationPolicy for block replication policy
[2023-11-14T16:04:52.466-0300] {spark_submit.py:521} INFO - 23/11/14 16:04:52 INFO BlockManagerMaster: Registering BlockManager BlockManagerId(driver, 172.29.249.25, 37111, None)
[2023-11-14T16:04:52.470-0300] {spark_submit.py:521} INFO - 23/11/14 16:04:52 INFO BlockManagerMasterEndpoint: Registering block manager 172.29.249.25:37111 with 366.3 MiB RAM, BlockManagerId(driver, 172.29.249.25, 37111, None)
[2023-11-14T16:04:52.472-0300] {spark_submit.py:521} INFO - 23/11/14 16:04:52 INFO BlockManagerMaster: Registered BlockManager BlockManagerId(driver, 172.29.249.25, 37111, None)
[2023-11-14T16:04:52.474-0300] {spark_submit.py:521} INFO - 23/11/14 16:04:52 INFO BlockManager: Initialized BlockManager: BlockManagerId(driver, 172.29.249.25, 37111, None)
[2023-11-14T16:04:52.889-0300] {spark_submit.py:521} INFO - 23/11/14 16:04:52 INFO SharedState: Setting hive.metastore.warehouse.dir ('null') to the value of spark.sql.warehouse.dir.
[2023-11-14T16:04:52.916-0300] {spark_submit.py:521} INFO - 23/11/14 16:04:52 INFO SharedState: Warehouse path is 'file:/home/pedro/projetos/projetos_python/proj_twitter_pipeline/spark-warehouse'.
[2023-11-14T16:04:53.933-0300] {spark_submit.py:521} INFO - 23/11/14 16:04:53 INFO InMemoryFileIndex: It took 73 ms to list leaf files for 1 paths.
[2023-11-14T16:04:54.382-0300] {spark_submit.py:521} INFO - 23/11/14 16:04:54 INFO InMemoryFileIndex: It took 2 ms to list leaf files for 1 paths.
[2023-11-14T16:04:56.092-0300] {spark_submit.py:521} INFO - 23/11/14 16:04:56 INFO FileSourceStrategy: Pushed Filters:
[2023-11-14T16:04:56.093-0300] {spark_submit.py:521} INFO - 23/11/14 16:04:56 INFO FileSourceStrategy: Post-Scan Filters:
[2023-11-14T16:04:56.095-0300] {spark_submit.py:521} INFO - 23/11/14 16:04:56 INFO FileSourceStrategy: Output Data Schema: struct<value: string>
[2023-11-14T16:04:56.296-0300] {spark_submit.py:521} INFO - 23/11/14 16:04:56 INFO MemoryStore: Block broadcast_0 stored as values in memory (estimated size 338.2 KiB, free 366.0 MiB)
[2023-11-14T16:04:56.336-0300] {spark_submit.py:521} INFO - 23/11/14 16:04:56 INFO MemoryStore: Block broadcast_0_piece0 stored as bytes in memory (estimated size 32.5 KiB, free 365.9 MiB)
[2023-11-14T16:04:56.338-0300] {spark_submit.py:521} INFO - 23/11/14 16:04:56 INFO BlockManagerInfo: Added broadcast_0_piece0 in memory on 172.29.249.25:37111 (size: 32.5 KiB, free: 366.3 MiB)
[2023-11-14T16:04:56.342-0300] {spark_submit.py:521} INFO - 23/11/14 16:04:56 INFO SparkContext: Created broadcast 0 from json at NativeMethodAccessorImpl.java:0
[2023-11-14T16:04:56.349-0300] {spark_submit.py:521} INFO - 23/11/14 16:04:56 INFO FileSourceScanExec: Planning scan with bin packing, max size: 4648379 bytes, open cost is considered as scanning 4194304 bytes.
[2023-11-14T16:04:56.464-0300] {spark_submit.py:521} INFO - 23/11/14 16:04:56 INFO SparkContext: Starting job: json at NativeMethodAccessorImpl.java:0
[2023-11-14T16:04:56.477-0300] {spark_submit.py:521} INFO - 23/11/14 16:04:56 INFO DAGScheduler: Got job 0 (json at NativeMethodAccessorImpl.java:0) with 1 output partitions
[2023-11-14T16:04:56.479-0300] {spark_submit.py:521} INFO - 23/11/14 16:04:56 INFO DAGScheduler: Final stage: ResultStage 0 (json at NativeMethodAccessorImpl.java:0)
[2023-11-14T16:04:56.480-0300] {spark_submit.py:521} INFO - 23/11/14 16:04:56 INFO DAGScheduler: Parents of final stage: List()
[2023-11-14T16:04:56.482-0300] {spark_submit.py:521} INFO - 23/11/14 16:04:56 INFO DAGScheduler: Missing parents: List()
[2023-11-14T16:04:56.495-0300] {spark_submit.py:521} INFO - 23/11/14 16:04:56 INFO DAGScheduler: Submitting ResultStage 0 (MapPartitionsRDD[3] at json at NativeMethodAccessorImpl.java:0), which has no missing parents
[2023-11-14T16:04:56.581-0300] {spark_submit.py:521} INFO - 23/11/14 16:04:56 INFO MemoryStore: Block broadcast_1 stored as values in memory (estimated size 12.5 KiB, free 365.9 MiB)
[2023-11-14T16:04:56.584-0300] {spark_submit.py:521} INFO - 23/11/14 16:04:56 INFO MemoryStore: Block broadcast_1_piece0 stored as bytes in memory (estimated size 6.6 KiB, free 365.9 MiB)
[2023-11-14T16:04:56.584-0300] {spark_submit.py:521} INFO - 23/11/14 16:04:56 INFO BlockManagerInfo: Added broadcast_1_piece0 in memory on 172.29.249.25:37111 (size: 6.6 KiB, free: 366.3 MiB)
[2023-11-14T16:04:56.585-0300] {spark_submit.py:521} INFO - 23/11/14 16:04:56 INFO SparkContext: Created broadcast 1 from broadcast at DAGScheduler.scala:1474
[2023-11-14T16:04:56.598-0300] {spark_submit.py:521} INFO - 23/11/14 16:04:56 INFO DAGScheduler: Submitting 1 missing tasks from ResultStage 0 (MapPartitionsRDD[3] at json at NativeMethodAccessorImpl.java:0) (first 15 tasks are for partitions Vector(0))
[2023-11-14T16:04:56.599-0300] {spark_submit.py:521} INFO - 23/11/14 16:04:56 INFO TaskSchedulerImpl: Adding task set 0.0 with 1 tasks resource profile 0
[2023-11-14T16:04:56.647-0300] {spark_submit.py:521} INFO - 23/11/14 16:04:56 INFO TaskSetManager: Starting task 0.0 in stage 0.0 (TID 0) (172.29.249.25, executor driver, partition 0, PROCESS_LOCAL, 4976 bytes) taskResourceAssignments Map()
[2023-11-14T16:04:56.661-0300] {spark_submit.py:521} INFO - 23/11/14 16:04:56 INFO Executor: Running task 0.0 in stage 0.0 (TID 0)
[2023-11-14T16:04:56.956-0300] {spark_submit.py:521} INFO - 23/11/14 16:04:56 INFO FileScanRDD: Reading File path: file:///home/pedro/projetos/projetos_python/proj_twitter_pipeline/datalake/bronze/twitter_datascience/extract_date=2023-11-09/datascience_20231109.json, range: 0-454075, partition values: [empty row]
[2023-11-14T16:04:57.081-0300] {spark_submit.py:521} INFO - 23/11/14 16:04:57 INFO CodeGenerator: Code generated in 97.3662 ms
[2023-11-14T16:04:57.159-0300] {spark_submit.py:521} INFO - 23/11/14 16:04:57 INFO Executor: Finished task 0.0 in stage 0.0 (TID 0). 2841 bytes result sent to driver
[2023-11-14T16:04:57.166-0300] {spark_submit.py:521} INFO - 23/11/14 16:04:57 INFO TaskSetManager: Finished task 0.0 in stage 0.0 (TID 0) in 533 ms on 172.29.249.25 (executor driver) (1/1)
[2023-11-14T16:04:57.168-0300] {spark_submit.py:521} INFO - 23/11/14 16:04:57 INFO TaskSchedulerImpl: Removed TaskSet 0.0, whose tasks have all completed, from pool
[2023-11-14T16:04:57.179-0300] {spark_submit.py:521} INFO - 23/11/14 16:04:57 INFO DAGScheduler: ResultStage 0 (json at NativeMethodAccessorImpl.java:0) finished in 0.668 s
[2023-11-14T16:04:57.181-0300] {spark_submit.py:521} INFO - 23/11/14 16:04:57 INFO DAGScheduler: Job 0 is finished. Cancelling potential speculative or zombie tasks for this job
[2023-11-14T16:04:57.181-0300] {spark_submit.py:521} INFO - 23/11/14 16:04:57 INFO TaskSchedulerImpl: Killing all running tasks in stage 0: Stage finished
[2023-11-14T16:04:57.188-0300] {spark_submit.py:521} INFO - 23/11/14 16:04:57 INFO DAGScheduler: Job 0 finished: json at NativeMethodAccessorImpl.java:0, took 0.717592 s
[2023-11-14T16:04:57.522-0300] {spark_submit.py:521} INFO - 23/11/14 16:04:57 INFO FileSourceStrategy: Pushed Filters: IsNotNull(data)
[2023-11-14T16:04:57.523-0300] {spark_submit.py:521} INFO - 23/11/14 16:04:57 INFO FileSourceStrategy: Post-Scan Filters: (size(data#7, true) > 0),isnotnull(data#7)
[2023-11-14T16:04:57.524-0300] {spark_submit.py:521} INFO - 23/11/14 16:04:57 INFO FileSourceStrategy: Output Data Schema: struct<data: array<struct<author_id:string,conversation_id:string,created_at:string,edit_history_tweet_ids:array<bigint>,id:string,in_reply_to_user_id:string,lang:string,public_metrics:struct<like_count:bigint,quote_count:bigint,reply_count:bigint,retweet_count:bigint>,text:string>>>
[2023-11-14T16:04:57.588-0300] {spark_submit.py:521} INFO - 23/11/14 16:04:57 INFO FileOutputCommitter: File Output Committer Algorithm version is 1
[2023-11-14T16:04:57.588-0300] {spark_submit.py:521} INFO - 23/11/14 16:04:57 INFO FileOutputCommitter: FileOutputCommitter skip cleanup _temporary folders under output directory:false, ignore cleanup failures: false
[2023-11-14T16:04:57.588-0300] {spark_submit.py:521} INFO - 23/11/14 16:04:57 INFO SQLHadoopMapReduceCommitProtocol: Using output committer class org.apache.hadoop.mapreduce.lib.output.FileOutputCommitter
[2023-11-14T16:04:57.711-0300] {spark_submit.py:521} INFO - 23/11/14 16:04:57 INFO CodeGenerator: Code generated in 65.8685 ms
[2023-11-14T16:04:57.715-0300] {spark_submit.py:521} INFO - 23/11/14 16:04:57 INFO MemoryStore: Block broadcast_2 stored as values in memory (estimated size 338.0 KiB, free 365.6 MiB)
[2023-11-14T16:04:57.722-0300] {spark_submit.py:521} INFO - 23/11/14 16:04:57 INFO MemoryStore: Block broadcast_2_piece0 stored as bytes in memory (estimated size 32.5 KiB, free 365.6 MiB)
[2023-11-14T16:04:57.724-0300] {spark_submit.py:521} INFO - 23/11/14 16:04:57 INFO BlockManagerInfo: Added broadcast_2_piece0 in memory on 172.29.249.25:37111 (size: 32.5 KiB, free: 366.2 MiB)
[2023-11-14T16:04:57.725-0300] {spark_submit.py:521} INFO - 23/11/14 16:04:57 INFO SparkContext: Created broadcast 2 from json at NativeMethodAccessorImpl.java:0
[2023-11-14T16:04:57.727-0300] {spark_submit.py:521} INFO - 23/11/14 16:04:57 INFO FileSourceScanExec: Planning scan with bin packing, max size: 4648379 bytes, open cost is considered as scanning 4194304 bytes.
[2023-11-14T16:04:57.779-0300] {spark_submit.py:521} INFO - 23/11/14 16:04:57 INFO SparkContext: Starting job: json at NativeMethodAccessorImpl.java:0
[2023-11-14T16:04:57.781-0300] {spark_submit.py:521} INFO - 23/11/14 16:04:57 INFO DAGScheduler: Got job 1 (json at NativeMethodAccessorImpl.java:0) with 1 output partitions
[2023-11-14T16:04:57.781-0300] {spark_submit.py:521} INFO - 23/11/14 16:04:57 INFO DAGScheduler: Final stage: ResultStage 1 (json at NativeMethodAccessorImpl.java:0)
[2023-11-14T16:04:57.781-0300] {spark_submit.py:521} INFO - 23/11/14 16:04:57 INFO DAGScheduler: Parents of final stage: List()
[2023-11-14T16:04:57.781-0300] {spark_submit.py:521} INFO - 23/11/14 16:04:57 INFO DAGScheduler: Missing parents: List()
[2023-11-14T16:04:57.784-0300] {spark_submit.py:521} INFO - 23/11/14 16:04:57 INFO DAGScheduler: Submitting ResultStage 1 (CoalescedRDD[7] at json at NativeMethodAccessorImpl.java:0), which has no missing parents
[2023-11-14T16:04:57.814-0300] {spark_submit.py:521} INFO - 23/11/14 16:04:57 INFO MemoryStore: Block broadcast_3 stored as values in memory (estimated size 228.9 KiB, free 365.3 MiB)
[2023-11-14T16:04:57.818-0300] {spark_submit.py:521} INFO - 23/11/14 16:04:57 INFO MemoryStore: Block broadcast_3_piece0 stored as bytes in memory (estimated size 79.6 KiB, free 365.3 MiB)
[2023-11-14T16:04:57.820-0300] {spark_submit.py:521} INFO - 23/11/14 16:04:57 INFO BlockManagerInfo: Added broadcast_3_piece0 in memory on 172.29.249.25:37111 (size: 79.6 KiB, free: 366.2 MiB)
[2023-11-14T16:04:57.821-0300] {spark_submit.py:521} INFO - 23/11/14 16:04:57 INFO SparkContext: Created broadcast 3 from broadcast at DAGScheduler.scala:1474
[2023-11-14T16:04:57.823-0300] {spark_submit.py:521} INFO - 23/11/14 16:04:57 INFO DAGScheduler: Submitting 1 missing tasks from ResultStage 1 (CoalescedRDD[7] at json at NativeMethodAccessorImpl.java:0) (first 15 tasks are for partitions Vector(0))
[2023-11-14T16:04:57.823-0300] {spark_submit.py:521} INFO - 23/11/14 16:04:57 INFO TaskSchedulerImpl: Adding task set 1.0 with 1 tasks resource profile 0
[2023-11-14T16:04:57.826-0300] {spark_submit.py:521} INFO - 23/11/14 16:04:57 INFO TaskSetManager: Starting task 0.0 in stage 1.0 (TID 1) (172.29.249.25, executor driver, partition 0, PROCESS_LOCAL, 5205 bytes) taskResourceAssignments Map()
[2023-11-14T16:04:57.828-0300] {spark_submit.py:521} INFO - 23/11/14 16:04:57 INFO Executor: Running task 0.0 in stage 1.0 (TID 1)
[2023-11-14T16:04:57.899-0300] {spark_submit.py:521} INFO - 23/11/14 16:04:57 INFO FileOutputCommitter: File Output Committer Algorithm version is 1
[2023-11-14T16:04:57.899-0300] {spark_submit.py:521} INFO - 23/11/14 16:04:57 INFO FileOutputCommitter: FileOutputCommitter skip cleanup _temporary folders under output directory:false, ignore cleanup failures: false
[2023-11-14T16:04:57.901-0300] {spark_submit.py:521} INFO - 23/11/14 16:04:57 INFO SQLHadoopMapReduceCommitProtocol: Using output committer class org.apache.hadoop.mapreduce.lib.output.FileOutputCommitter
[2023-11-14T16:04:57.975-0300] {spark_submit.py:521} INFO - 23/11/14 16:04:57 INFO FileScanRDD: Reading File path: file:///home/pedro/projetos/projetos_python/proj_twitter_pipeline/datalake/bronze/twitter_datascience/extract_date=2023-11-09/datascience_20231109.json, range: 0-454075, partition values: [empty row]
[2023-11-14T16:04:58.011-0300] {spark_submit.py:521} INFO - 23/11/14 16:04:58 INFO CodeGenerator: Code generated in 28.8538 ms
[2023-11-14T16:04:58.032-0300] {spark_submit.py:521} INFO - 23/11/14 16:04:58 INFO CodeGenerator: Code generated in 4.9829 ms
[2023-11-14T16:04:58.167-0300] {spark_submit.py:521} INFO - 23/11/14 16:04:58 INFO FileOutputCommitter: Saved output of task 'attempt_202311141604575319061451005458934_0001_m_000000_1' to file:/home/pedro/projetos/projetos_python/proj_twitter_pipeline/datalake/silver/twitter_datascience/tweet/process_date=2023-11-09/_temporary/0/task_202311141604575319061451005458934_0001_m_000000
[2023-11-14T16:04:58.169-0300] {spark_submit.py:521} INFO - 23/11/14 16:04:58 INFO SparkHadoopMapRedUtil: attempt_202311141604575319061451005458934_0001_m_000000_1: Committed
[2023-11-14T16:04:58.174-0300] {spark_submit.py:521} INFO - 23/11/14 16:04:58 INFO Executor: Finished task 0.0 in stage 1.0 (TID 1). 2713 bytes result sent to driver
[2023-11-14T16:04:58.176-0300] {spark_submit.py:521} INFO - 23/11/14 16:04:58 INFO TaskSetManager: Finished task 0.0 in stage 1.0 (TID 1) in 352 ms on 172.29.249.25 (executor driver) (1/1)
[2023-11-14T16:04:58.180-0300] {spark_submit.py:521} INFO - 23/11/14 16:04:58 INFO DAGScheduler: ResultStage 1 (json at NativeMethodAccessorImpl.java:0) finished in 0.394 s
[2023-11-14T16:04:58.181-0300] {spark_submit.py:521} INFO - 23/11/14 16:04:58 INFO DAGScheduler: Job 1 is finished. Cancelling potential speculative or zombie tasks for this job
[2023-11-14T16:04:58.183-0300] {spark_submit.py:521} INFO - 23/11/14 16:04:58 INFO TaskSchedulerImpl: Removed TaskSet 1.0, whose tasks have all completed, from pool
[2023-11-14T16:04:58.183-0300] {spark_submit.py:521} INFO - 23/11/14 16:04:58 INFO TaskSchedulerImpl: Killing all running tasks in stage 1: Stage finished
[2023-11-14T16:04:58.184-0300] {spark_submit.py:521} INFO - 23/11/14 16:04:58 INFO DAGScheduler: Job 1 finished: json at NativeMethodAccessorImpl.java:0, took 0.404123 s
[2023-11-14T16:04:58.186-0300] {spark_submit.py:521} INFO - 23/11/14 16:04:58 INFO FileFormatWriter: Start to commit write Job 4bebdedd-f453-47d0-b563-83631cace71e.
[2023-11-14T16:04:58.208-0300] {spark_submit.py:521} INFO - 23/11/14 16:04:58 INFO FileFormatWriter: Write Job 4bebdedd-f453-47d0-b563-83631cace71e committed. Elapsed time: 22 ms.
[2023-11-14T16:04:58.210-0300] {spark_submit.py:521} INFO - 23/11/14 16:04:58 INFO FileFormatWriter: Finished processing stats for write job 4bebdedd-f453-47d0-b563-83631cace71e.
[2023-11-14T16:04:58.229-0300] {spark_submit.py:521} INFO - 23/11/14 16:04:58 INFO FileSourceStrategy: Pushed Filters:
[2023-11-14T16:04:58.229-0300] {spark_submit.py:521} INFO - 23/11/14 16:04:58 INFO FileSourceStrategy: Post-Scan Filters:
[2023-11-14T16:04:58.229-0300] {spark_submit.py:521} INFO - 23/11/14 16:04:58 INFO FileSourceStrategy: Output Data Schema: struct<includes: struct<users: array<struct<created_at:string,id:string,name:string,username:string>>>>
[2023-11-14T16:04:58.236-0300] {spark_submit.py:521} INFO - 23/11/14 16:04:58 INFO FileOutputCommitter: File Output Committer Algorithm version is 1
[2023-11-14T16:04:58.236-0300] {spark_submit.py:521} INFO - 23/11/14 16:04:58 INFO FileOutputCommitter: FileOutputCommitter skip cleanup _temporary folders under output directory:false, ignore cleanup failures: false
[2023-11-14T16:04:58.236-0300] {spark_submit.py:521} INFO - 23/11/14 16:04:58 INFO SQLHadoopMapReduceCommitProtocol: Using output committer class org.apache.hadoop.mapreduce.lib.output.FileOutputCommitter
[2023-11-14T16:04:58.266-0300] {spark_submit.py:521} INFO - 23/11/14 16:04:58 INFO CodeGenerator: Code generated in 8.0764 ms
[2023-11-14T16:04:58.270-0300] {spark_submit.py:521} INFO - 23/11/14 16:04:58 INFO MemoryStore: Block broadcast_4 stored as values in memory (estimated size 338.0 KiB, free 364.9 MiB)
[2023-11-14T16:04:58.277-0300] {spark_submit.py:521} INFO - 23/11/14 16:04:58 INFO MemoryStore: Block broadcast_4_piece0 stored as bytes in memory (estimated size 32.5 KiB, free 364.9 MiB)
[2023-11-14T16:04:58.278-0300] {spark_submit.py:521} INFO - 23/11/14 16:04:58 INFO BlockManagerInfo: Added broadcast_4_piece0 in memory on 172.29.249.25:37111 (size: 32.5 KiB, free: 366.1 MiB)
[2023-11-14T16:04:58.279-0300] {spark_submit.py:521} INFO - 23/11/14 16:04:58 INFO SparkContext: Created broadcast 4 from json at NativeMethodAccessorImpl.java:0
[2023-11-14T16:04:58.280-0300] {spark_submit.py:521} INFO - 23/11/14 16:04:58 INFO FileSourceScanExec: Planning scan with bin packing, max size: 4648379 bytes, open cost is considered as scanning 4194304 bytes.
[2023-11-14T16:04:58.295-0300] {spark_submit.py:521} INFO - 23/11/14 16:04:58 INFO SparkContext: Starting job: json at NativeMethodAccessorImpl.java:0
[2023-11-14T16:04:58.297-0300] {spark_submit.py:521} INFO - 23/11/14 16:04:58 INFO DAGScheduler: Got job 2 (json at NativeMethodAccessorImpl.java:0) with 1 output partitions
[2023-11-14T16:04:58.297-0300] {spark_submit.py:521} INFO - 23/11/14 16:04:58 INFO DAGScheduler: Final stage: ResultStage 2 (json at NativeMethodAccessorImpl.java:0)
[2023-11-14T16:04:58.297-0300] {spark_submit.py:521} INFO - 23/11/14 16:04:58 INFO DAGScheduler: Parents of final stage: List()
[2023-11-14T16:04:58.297-0300] {spark_submit.py:521} INFO - 23/11/14 16:04:58 INFO DAGScheduler: Missing parents: List()
[2023-11-14T16:04:58.299-0300] {spark_submit.py:521} INFO - 23/11/14 16:04:58 INFO DAGScheduler: Submitting ResultStage 2 (CoalescedRDD[11] at json at NativeMethodAccessorImpl.java:0), which has no missing parents
[2023-11-14T16:04:58.313-0300] {spark_submit.py:521} INFO - 23/11/14 16:04:58 INFO MemoryStore: Block broadcast_5 stored as values in memory (estimated size 209.1 KiB, free 364.7 MiB)
[2023-11-14T16:04:58.317-0300] {spark_submit.py:521} INFO - 23/11/14 16:04:58 INFO MemoryStore: Block broadcast_5_piece0 stored as bytes in memory (estimated size 75.0 KiB, free 364.6 MiB)
[2023-11-14T16:04:58.319-0300] {spark_submit.py:521} INFO - 23/11/14 16:04:58 INFO BlockManagerInfo: Added broadcast_5_piece0 in memory on 172.29.249.25:37111 (size: 75.0 KiB, free: 366.0 MiB)
[2023-11-14T16:04:58.319-0300] {spark_submit.py:521} INFO - 23/11/14 16:04:58 INFO SparkContext: Created broadcast 5 from broadcast at DAGScheduler.scala:1474
[2023-11-14T16:04:58.321-0300] {spark_submit.py:521} INFO - 23/11/14 16:04:58 INFO DAGScheduler: Submitting 1 missing tasks from ResultStage 2 (CoalescedRDD[11] at json at NativeMethodAccessorImpl.java:0) (first 15 tasks are for partitions Vector(0))
[2023-11-14T16:04:58.322-0300] {spark_submit.py:521} INFO - 23/11/14 16:04:58 INFO TaskSchedulerImpl: Adding task set 2.0 with 1 tasks resource profile 0
[2023-11-14T16:04:58.323-0300] {spark_submit.py:521} INFO - 23/11/14 16:04:58 INFO TaskSetManager: Starting task 0.0 in stage 2.0 (TID 2) (172.29.249.25, executor driver, partition 0, PROCESS_LOCAL, 5205 bytes) taskResourceAssignments Map()
[2023-11-14T16:04:58.324-0300] {spark_submit.py:521} INFO - 23/11/14 16:04:58 INFO Executor: Running task 0.0 in stage 2.0 (TID 2)
[2023-11-14T16:04:58.340-0300] {spark_submit.py:521} INFO - 23/11/14 16:04:58 INFO FileOutputCommitter: File Output Committer Algorithm version is 1
[2023-11-14T16:04:58.341-0300] {spark_submit.py:521} INFO - 23/11/14 16:04:58 INFO FileOutputCommitter: FileOutputCommitter skip cleanup _temporary folders under output directory:false, ignore cleanup failures: false
[2023-11-14T16:04:58.341-0300] {spark_submit.py:521} INFO - 23/11/14 16:04:58 INFO SQLHadoopMapReduceCommitProtocol: Using output committer class org.apache.hadoop.mapreduce.lib.output.FileOutputCommitter
[2023-11-14T16:04:58.373-0300] {spark_submit.py:521} INFO - 23/11/14 16:04:58 INFO FileScanRDD: Reading File path: file:///home/pedro/projetos/projetos_python/proj_twitter_pipeline/datalake/bronze/twitter_datascience/extract_date=2023-11-09/datascience_20231109.json, range: 0-454075, partition values: [empty row]
[2023-11-14T16:04:58.384-0300] {spark_submit.py:521} INFO - 23/11/14 16:04:58 INFO CodeGenerator: Code generated in 9.7053 ms
[2023-11-14T16:04:58.409-0300] {spark_submit.py:521} INFO - 23/11/14 16:04:58 INFO FileOutputCommitter: Saved output of task 'attempt_202311141604586341619053650370023_0002_m_000000_2' to file:/home/pedro/projetos/projetos_python/proj_twitter_pipeline/datalake/silver/twitter_datascience/user/process_date=2023-11-09/_temporary/0/task_202311141604586341619053650370023_0002_m_000000
[2023-11-14T16:04:58.409-0300] {spark_submit.py:521} INFO - 23/11/14 16:04:58 INFO SparkHadoopMapRedUtil: attempt_202311141604586341619053650370023_0002_m_000000_2: Committed
[2023-11-14T16:04:58.409-0300] {spark_submit.py:521} INFO - 23/11/14 16:04:58 INFO Executor: Finished task 0.0 in stage 2.0 (TID 2). 2571 bytes result sent to driver
[2023-11-14T16:04:58.410-0300] {spark_submit.py:521} INFO - 23/11/14 16:04:58 INFO TaskSetManager: Finished task 0.0 in stage 2.0 (TID 2) in 87 ms on 172.29.249.25 (executor driver) (1/1)
[2023-11-14T16:04:58.411-0300] {spark_submit.py:521} INFO - 23/11/14 16:04:58 INFO TaskSchedulerImpl: Removed TaskSet 2.0, whose tasks have all completed, from pool
[2023-11-14T16:04:58.412-0300] {spark_submit.py:521} INFO - 23/11/14 16:04:58 INFO DAGScheduler: ResultStage 2 (json at NativeMethodAccessorImpl.java:0) finished in 0.113 s
[2023-11-14T16:04:58.412-0300] {spark_submit.py:521} INFO - 23/11/14 16:04:58 INFO DAGScheduler: Job 2 is finished. Cancelling potential speculative or zombie tasks for this job
[2023-11-14T16:04:58.412-0300] {spark_submit.py:521} INFO - 23/11/14 16:04:58 INFO TaskSchedulerImpl: Killing all running tasks in stage 2: Stage finished
[2023-11-14T16:04:58.412-0300] {spark_submit.py:521} INFO - 23/11/14 16:04:58 INFO DAGScheduler: Job 2 finished: json at NativeMethodAccessorImpl.java:0, took 0.116297 s
[2023-11-14T16:04:58.412-0300] {spark_submit.py:521} INFO - 23/11/14 16:04:58 INFO FileFormatWriter: Start to commit write Job ff92107d-c121-4bf2-b621-95e01f27ef3c.
[2023-11-14T16:04:58.438-0300] {spark_submit.py:521} INFO - 23/11/14 16:04:58 INFO FileFormatWriter: Write Job ff92107d-c121-4bf2-b621-95e01f27ef3c committed. Elapsed time: 24 ms.
[2023-11-14T16:04:58.438-0300] {spark_submit.py:521} INFO - 23/11/14 16:04:58 INFO FileFormatWriter: Finished processing stats for write job ff92107d-c121-4bf2-b621-95e01f27ef3c.
[2023-11-14T16:04:58.479-0300] {spark_submit.py:521} INFO - 23/11/14 16:04:58 INFO SparkContext: Invoking stop() from shutdown hook
[2023-11-14T16:04:58.487-0300] {spark_submit.py:521} INFO - 23/11/14 16:04:58 INFO SparkUI: Stopped Spark web UI at http://172.29.249.25:4040
[2023-11-14T16:04:58.496-0300] {spark_submit.py:521} INFO - 23/11/14 16:04:58 INFO MapOutputTrackerMasterEndpoint: MapOutputTrackerMasterEndpoint stopped!
[2023-11-14T16:04:58.513-0300] {spark_submit.py:521} INFO - 23/11/14 16:04:58 INFO MemoryStore: MemoryStore cleared
[2023-11-14T16:04:58.513-0300] {spark_submit.py:521} INFO - 23/11/14 16:04:58 INFO BlockManager: BlockManager stopped
[2023-11-14T16:04:58.518-0300] {spark_submit.py:521} INFO - 23/11/14 16:04:58 INFO BlockManagerMaster: BlockManagerMaster stopped
[2023-11-14T16:04:58.520-0300] {spark_submit.py:521} INFO - 23/11/14 16:04:58 INFO OutputCommitCoordinator$OutputCommitCoordinatorEndpoint: OutputCommitCoordinator stopped!
[2023-11-14T16:04:58.533-0300] {spark_submit.py:521} INFO - 23/11/14 16:04:58 INFO SparkContext: Successfully stopped SparkContext
[2023-11-14T16:04:58.533-0300] {spark_submit.py:521} INFO - 23/11/14 16:04:58 INFO ShutdownHookManager: Shutdown hook called
[2023-11-14T16:04:58.533-0300] {spark_submit.py:521} INFO - 23/11/14 16:04:58 INFO ShutdownHookManager: Deleting directory /tmp/spark-8725d725-522b-48b9-92de-e773d3af2538
[2023-11-14T16:04:58.535-0300] {spark_submit.py:521} INFO - 23/11/14 16:04:58 INFO ShutdownHookManager: Deleting directory /tmp/spark-41d8d3ad-2a6d-4978-b65c-d30339fb5823
[2023-11-14T16:04:58.536-0300] {spark_submit.py:521} INFO - 23/11/14 16:04:58 INFO ShutdownHookManager: Deleting directory /tmp/spark-8725d725-522b-48b9-92de-e773d3af2538/pyspark-67b8885b-3dfa-413d-acde-54866488d7c1
[2023-11-14T16:04:58.571-0300] {taskinstance.py:1400} INFO - Marking task as SUCCESS. dag_id=TwitterDAG, task_id=twitter_transform_datascience, execution_date=20231109T000000, start_date=20231114T190449, end_date=20231114T190458
[2023-11-14T16:04:58.614-0300] {local_task_job_runner.py:228} INFO - Task exited with return code 0
[2023-11-14T16:04:58.647-0300] {taskinstance.py:2778} INFO - 0 downstream tasks scheduled from follow-on schedule check
[2023-11-14T16:09:19.903-0300] {taskinstance.py:1159} INFO - Dependencies all met for dep_context=non-requeueable deps ti=<TaskInstance: TwitterDAG.twitter_transform_datascience scheduled__2023-11-09T00:00:00+00:00 [queued]>
[2023-11-14T16:09:19.908-0300] {taskinstance.py:1159} INFO - Dependencies all met for dep_context=requeueable deps ti=<TaskInstance: TwitterDAG.twitter_transform_datascience scheduled__2023-11-09T00:00:00+00:00 [queued]>
[2023-11-14T16:09:19.909-0300] {taskinstance.py:1361} INFO - Starting attempt 1 of 1
[2023-11-14T16:09:19.925-0300] {taskinstance.py:1382} INFO - Executing <Task(SparkSubmitOperator): twitter_transform_datascience> on 2023-11-09 00:00:00+00:00
[2023-11-14T16:09:19.927-0300] {standard_task_runner.py:57} INFO - Started process 18395 to run task
[2023-11-14T16:09:19.930-0300] {standard_task_runner.py:84} INFO - Running: ['airflow', 'tasks', 'run', 'TwitterDAG', 'twitter_transform_datascience', 'scheduled__2023-11-09T00:00:00+00:00', '--job-id', '27', '--raw', '--subdir', 'DAGS_FOLDER/twitter_dag.py', '--cfg-path', '/tmp/tmp0nz8a_0v']
[2023-11-14T16:09:19.930-0300] {standard_task_runner.py:85} INFO - Job 27: Subtask twitter_transform_datascience
[2023-11-14T16:09:19.960-0300] {task_command.py:416} INFO - Running <TaskInstance: TwitterDAG.twitter_transform_datascience scheduled__2023-11-09T00:00:00+00:00 [running]> on host MI0118G-ATIC.gabaer.intraer
[2023-11-14T16:09:20.013-0300] {taskinstance.py:1662} INFO - Exporting env vars: AIRFLOW_CTX_DAG_OWNER='airflow' AIRFLOW_CTX_DAG_ID='TwitterDAG' AIRFLOW_CTX_TASK_ID='twitter_transform_datascience' AIRFLOW_CTX_EXECUTION_DATE='2023-11-09T00:00:00+00:00' AIRFLOW_CTX_TRY_NUMBER='1' AIRFLOW_CTX_DAG_RUN_ID='scheduled__2023-11-09T00:00:00+00:00'
[2023-11-14T16:09:20.016-0300] {base.py:73} INFO - Using connection ID 'spark_default' for task execution.
[2023-11-14T16:09:20.018-0300] {spark_submit.py:351} INFO - Spark-Submit cmd: spark-submit --master local --name twitter_transformation --queue root.default /home/pedro/projetos/projetos_python/proj_twitter_pipeline/src/spark/transformation.py --origem /home/pedro/projetos/projetos_python/proj_twitter_pipeline/datalake/bronze/twitter_datascience/extract_date=2023-11-09 --destino /home/pedro/projetos/projetos_python/proj_twitter_pipeline/datalake/silver/twitter_datascience/ --process_date 2023-11-09
[2023-11-14T16:09:20.875-0300] {spark_submit.py:521} INFO - 23/11/14 16:09:20 WARN Utils: Your hostname, MI0118G-ATIC resolves to a loopback address: 127.0.1.1; using 172.29.249.25 instead (on interface eth0)
[2023-11-14T16:09:20.876-0300] {spark_submit.py:521} INFO - 23/11/14 16:09:20 WARN Utils: Set SPARK_LOCAL_IP if you need to bind to another address
[2023-11-14T16:09:21.543-0300] {spark_submit.py:521} INFO - Using Spark's default log4j profile: org/apache/spark/log4j-defaults.properties
[2023-11-14T16:09:21.549-0300] {spark_submit.py:521} INFO - 23/11/14 16:09:21 INFO SparkContext: Running Spark version 3.2.4
[2023-11-14T16:09:21.618-0300] {spark_submit.py:521} INFO - 23/11/14 16:09:21 WARN NativeCodeLoader: Unable to load native-hadoop library for your platform... using builtin-java classes where applicable
[2023-11-14T16:09:21.673-0300] {spark_submit.py:521} INFO - 23/11/14 16:09:21 INFO ResourceUtils: ==============================================================
[2023-11-14T16:09:21.673-0300] {spark_submit.py:521} INFO - 23/11/14 16:09:21 INFO ResourceUtils: No custom resources configured for spark.driver.
[2023-11-14T16:09:21.675-0300] {spark_submit.py:521} INFO - 23/11/14 16:09:21 INFO ResourceUtils: ==============================================================
[2023-11-14T16:09:21.675-0300] {spark_submit.py:521} INFO - 23/11/14 16:09:21 INFO SparkContext: Submitted application: twitter_transformation
[2023-11-14T16:09:21.691-0300] {spark_submit.py:521} INFO - 23/11/14 16:09:21 INFO ResourceProfile: Default ResourceProfile created, executor resources: Map(cores -> name: cores, amount: 1, script: , vendor: , memory -> name: memory, amount: 1024, script: , vendor: , offHeap -> name: offHeap, amount: 0, script: , vendor: ), task resources: Map(cpus -> name: cpus, amount: 1.0)
[2023-11-14T16:09:21.700-0300] {spark_submit.py:521} INFO - 23/11/14 16:09:21 INFO ResourceProfile: Limiting resource is cpu
[2023-11-14T16:09:21.701-0300] {spark_submit.py:521} INFO - 23/11/14 16:09:21 INFO ResourceProfileManager: Added ResourceProfile id: 0
[2023-11-14T16:09:21.738-0300] {spark_submit.py:521} INFO - 23/11/14 16:09:21 INFO SecurityManager: Changing view acls to: pedro
[2023-11-14T16:09:21.739-0300] {spark_submit.py:521} INFO - 23/11/14 16:09:21 INFO SecurityManager: Changing modify acls to: pedro
[2023-11-14T16:09:21.739-0300] {spark_submit.py:521} INFO - 23/11/14 16:09:21 INFO SecurityManager: Changing view acls groups to:
[2023-11-14T16:09:21.739-0300] {spark_submit.py:521} INFO - 23/11/14 16:09:21 INFO SecurityManager: Changing modify acls groups to:
[2023-11-14T16:09:21.739-0300] {spark_submit.py:521} INFO - 23/11/14 16:09:21 INFO SecurityManager: SecurityManager: authentication disabled; ui acls disabled; users  with view permissions: Set(pedro); groups with view permissions: Set(); users  with modify permissions: Set(pedro); groups with modify permissions: Set()
[2023-11-14T16:09:21.940-0300] {spark_submit.py:521} INFO - 23/11/14 16:09:21 INFO Utils: Successfully started service 'sparkDriver' on port 34485.
[2023-11-14T16:09:21.970-0300] {spark_submit.py:521} INFO - 23/11/14 16:09:21 INFO SparkEnv: Registering MapOutputTracker
[2023-11-14T16:09:22.000-0300] {spark_submit.py:521} INFO - 23/11/14 16:09:22 INFO SparkEnv: Registering BlockManagerMaster
[2023-11-14T16:09:22.033-0300] {spark_submit.py:521} INFO - 23/11/14 16:09:22 INFO BlockManagerMasterEndpoint: Using org.apache.spark.storage.DefaultTopologyMapper for getting topology information
[2023-11-14T16:09:22.034-0300] {spark_submit.py:521} INFO - 23/11/14 16:09:22 INFO BlockManagerMasterEndpoint: BlockManagerMasterEndpoint up
[2023-11-14T16:09:22.037-0300] {spark_submit.py:521} INFO - 23/11/14 16:09:22 INFO SparkEnv: Registering BlockManagerMasterHeartbeat
[2023-11-14T16:09:22.052-0300] {spark_submit.py:521} INFO - 23/11/14 16:09:22 INFO DiskBlockManager: Created local directory at /tmp/blockmgr-baf9c3eb-b801-4951-a5f8-028d6357fa88
[2023-11-14T16:09:22.071-0300] {spark_submit.py:521} INFO - 23/11/14 16:09:22 INFO MemoryStore: MemoryStore started with capacity 366.3 MiB
[2023-11-14T16:09:22.082-0300] {spark_submit.py:521} INFO - 23/11/14 16:09:22 INFO SparkEnv: Registering OutputCommitCoordinator
[2023-11-14T16:09:22.254-0300] {spark_submit.py:521} INFO - 23/11/14 16:09:22 INFO Utils: Successfully started service 'SparkUI' on port 4040.
[2023-11-14T16:09:22.335-0300] {spark_submit.py:521} INFO - 23/11/14 16:09:22 INFO SparkUI: Bound SparkUI to 0.0.0.0, and started at http://172.29.249.25:4040
[2023-11-14T16:09:22.691-0300] {spark_submit.py:521} INFO - 23/11/14 16:09:22 INFO Executor: Starting executor ID driver on host 172.29.249.25
[2023-11-14T16:09:22.737-0300] {spark_submit.py:521} INFO - 23/11/14 16:09:22 INFO Utils: Successfully started service 'org.apache.spark.network.netty.NettyBlockTransferService' on port 39451.
[2023-11-14T16:09:22.738-0300] {spark_submit.py:521} INFO - 23/11/14 16:09:22 INFO NettyBlockTransferService: Server created on 172.29.249.25:39451
[2023-11-14T16:09:22.739-0300] {spark_submit.py:521} INFO - 23/11/14 16:09:22 INFO BlockManager: Using org.apache.spark.storage.RandomBlockReplicationPolicy for block replication policy
[2023-11-14T16:09:22.744-0300] {spark_submit.py:521} INFO - 23/11/14 16:09:22 INFO BlockManagerMaster: Registering BlockManager BlockManagerId(driver, 172.29.249.25, 39451, None)
[2023-11-14T16:09:22.752-0300] {spark_submit.py:521} INFO - 23/11/14 16:09:22 INFO BlockManagerMasterEndpoint: Registering block manager 172.29.249.25:39451 with 366.3 MiB RAM, BlockManagerId(driver, 172.29.249.25, 39451, None)
[2023-11-14T16:09:22.755-0300] {spark_submit.py:521} INFO - 23/11/14 16:09:22 INFO BlockManagerMaster: Registered BlockManager BlockManagerId(driver, 172.29.249.25, 39451, None)
[2023-11-14T16:09:22.770-0300] {spark_submit.py:521} INFO - 23/11/14 16:09:22 INFO BlockManager: Initialized BlockManager: BlockManagerId(driver, 172.29.249.25, 39451, None)
[2023-11-14T16:09:23.211-0300] {spark_submit.py:521} INFO - 23/11/14 16:09:23 INFO SharedState: Setting hive.metastore.warehouse.dir ('null') to the value of spark.sql.warehouse.dir.
[2023-11-14T16:09:23.280-0300] {spark_submit.py:521} INFO - 23/11/14 16:09:23 INFO SharedState: Warehouse path is 'file:/home/pedro/projetos/projetos_python/proj_twitter_pipeline/spark-warehouse'.
[2023-11-14T16:09:24.309-0300] {spark_submit.py:521} INFO - 23/11/14 16:09:24 INFO InMemoryFileIndex: It took 66 ms to list leaf files for 1 paths.
[2023-11-14T16:09:24.511-0300] {spark_submit.py:521} INFO - 23/11/14 16:09:24 INFO InMemoryFileIndex: It took 1 ms to list leaf files for 1 paths.
[2023-11-14T16:09:26.597-0300] {spark_submit.py:521} INFO - 23/11/14 16:09:26 INFO FileSourceStrategy: Pushed Filters:
[2023-11-14T16:09:26.598-0300] {spark_submit.py:521} INFO - 23/11/14 16:09:26 INFO FileSourceStrategy: Post-Scan Filters:
[2023-11-14T16:09:26.601-0300] {spark_submit.py:521} INFO - 23/11/14 16:09:26 INFO FileSourceStrategy: Output Data Schema: struct<value: string>
[2023-11-14T16:09:26.810-0300] {spark_submit.py:521} INFO - 23/11/14 16:09:26 INFO MemoryStore: Block broadcast_0 stored as values in memory (estimated size 338.2 KiB, free 366.0 MiB)
[2023-11-14T16:09:26.849-0300] {spark_submit.py:521} INFO - 23/11/14 16:09:26 INFO MemoryStore: Block broadcast_0_piece0 stored as bytes in memory (estimated size 32.5 KiB, free 365.9 MiB)
[2023-11-14T16:09:26.852-0300] {spark_submit.py:521} INFO - 23/11/14 16:09:26 INFO BlockManagerInfo: Added broadcast_0_piece0 in memory on 172.29.249.25:39451 (size: 32.5 KiB, free: 366.3 MiB)
[2023-11-14T16:09:26.858-0300] {spark_submit.py:521} INFO - 23/11/14 16:09:26 INFO SparkContext: Created broadcast 0 from json at NativeMethodAccessorImpl.java:0
[2023-11-14T16:09:26.866-0300] {spark_submit.py:521} INFO - 23/11/14 16:09:26 INFO FileSourceScanExec: Planning scan with bin packing, max size: 4198891 bytes, open cost is considered as scanning 4194304 bytes.
[2023-11-14T16:09:26.981-0300] {spark_submit.py:521} INFO - 23/11/14 16:09:26 INFO SparkContext: Starting job: json at NativeMethodAccessorImpl.java:0
[2023-11-14T16:09:26.998-0300] {spark_submit.py:521} INFO - 23/11/14 16:09:26 INFO DAGScheduler: Got job 0 (json at NativeMethodAccessorImpl.java:0) with 1 output partitions
[2023-11-14T16:09:27.006-0300] {spark_submit.py:521} INFO - 23/11/14 16:09:27 INFO DAGScheduler: Final stage: ResultStage 0 (json at NativeMethodAccessorImpl.java:0)
[2023-11-14T16:09:27.006-0300] {spark_submit.py:521} INFO - 23/11/14 16:09:27 INFO DAGScheduler: Parents of final stage: List()
[2023-11-14T16:09:27.008-0300] {spark_submit.py:521} INFO - 23/11/14 16:09:27 INFO DAGScheduler: Missing parents: List()
[2023-11-14T16:09:27.021-0300] {spark_submit.py:521} INFO - 23/11/14 16:09:27 INFO DAGScheduler: Submitting ResultStage 0 (MapPartitionsRDD[3] at json at NativeMethodAccessorImpl.java:0), which has no missing parents
[2023-11-14T16:09:27.098-0300] {spark_submit.py:521} INFO - 23/11/14 16:09:27 INFO MemoryStore: Block broadcast_1 stored as values in memory (estimated size 12.5 KiB, free 365.9 MiB)
[2023-11-14T16:09:27.100-0300] {spark_submit.py:521} INFO - 23/11/14 16:09:27 INFO MemoryStore: Block broadcast_1_piece0 stored as bytes in memory (estimated size 6.6 KiB, free 365.9 MiB)
[2023-11-14T16:09:27.101-0300] {spark_submit.py:521} INFO - 23/11/14 16:09:27 INFO BlockManagerInfo: Added broadcast_1_piece0 in memory on 172.29.249.25:39451 (size: 6.6 KiB, free: 366.3 MiB)
[2023-11-14T16:09:27.102-0300] {spark_submit.py:521} INFO - 23/11/14 16:09:27 INFO SparkContext: Created broadcast 1 from broadcast at DAGScheduler.scala:1474
[2023-11-14T16:09:27.113-0300] {spark_submit.py:521} INFO - 23/11/14 16:09:27 INFO DAGScheduler: Submitting 1 missing tasks from ResultStage 0 (MapPartitionsRDD[3] at json at NativeMethodAccessorImpl.java:0) (first 15 tasks are for partitions Vector(0))
[2023-11-14T16:09:27.113-0300] {spark_submit.py:521} INFO - 23/11/14 16:09:27 INFO TaskSchedulerImpl: Adding task set 0.0 with 1 tasks resource profile 0
[2023-11-14T16:09:27.155-0300] {spark_submit.py:521} INFO - 23/11/14 16:09:27 INFO TaskSetManager: Starting task 0.0 in stage 0.0 (TID 0) (172.29.249.25, executor driver, partition 0, PROCESS_LOCAL, 4976 bytes) taskResourceAssignments Map()
[2023-11-14T16:09:27.164-0300] {spark_submit.py:521} INFO - 23/11/14 16:09:27 INFO Executor: Running task 0.0 in stage 0.0 (TID 0)
[2023-11-14T16:09:27.485-0300] {spark_submit.py:521} INFO - 23/11/14 16:09:27 INFO FileScanRDD: Reading File path: file:///home/pedro/projetos/projetos_python/proj_twitter_pipeline/datalake/bronze/twitter_datascience/extract_date=2023-11-09/datascience_20231109.json, range: 0-4587, partition values: [empty row]
[2023-11-14T16:09:27.612-0300] {spark_submit.py:521} INFO - 23/11/14 16:09:27 INFO CodeGenerator: Code generated in 95.082 ms
[2023-11-14T16:09:27.654-0300] {spark_submit.py:521} INFO - 23/11/14 16:09:27 INFO Executor: Finished task 0.0 in stage 0.0 (TID 0). 2768 bytes result sent to driver
[2023-11-14T16:09:27.668-0300] {spark_submit.py:521} INFO - 23/11/14 16:09:27 INFO TaskSetManager: Finished task 0.0 in stage 0.0 (TID 0) in 527 ms on 172.29.249.25 (executor driver) (1/1)
[2023-11-14T16:09:27.679-0300] {spark_submit.py:521} INFO - 23/11/14 16:09:27 INFO TaskSchedulerImpl: Removed TaskSet 0.0, whose tasks have all completed, from pool
[2023-11-14T16:09:27.679-0300] {spark_submit.py:521} INFO - 23/11/14 16:09:27 INFO DAGScheduler: ResultStage 0 (json at NativeMethodAccessorImpl.java:0) finished in 0.638 s
[2023-11-14T16:09:27.683-0300] {spark_submit.py:521} INFO - 23/11/14 16:09:27 INFO DAGScheduler: Job 0 is finished. Cancelling potential speculative or zombie tasks for this job
[2023-11-14T16:09:27.685-0300] {spark_submit.py:521} INFO - 23/11/14 16:09:27 INFO TaskSchedulerImpl: Killing all running tasks in stage 0: Stage finished
[2023-11-14T16:09:27.688-0300] {spark_submit.py:521} INFO - 23/11/14 16:09:27 INFO DAGScheduler: Job 0 finished: json at NativeMethodAccessorImpl.java:0, took 0.706365 s
[2023-11-14T16:09:28.007-0300] {spark_submit.py:521} INFO - 23/11/14 16:09:28 INFO FileSourceStrategy: Pushed Filters: IsNotNull(data)
[2023-11-14T16:09:28.008-0300] {spark_submit.py:521} INFO - 23/11/14 16:09:28 INFO FileSourceStrategy: Post-Scan Filters: (size(data#7, true) > 0),isnotnull(data#7)
[2023-11-14T16:09:28.009-0300] {spark_submit.py:521} INFO - 23/11/14 16:09:28 INFO FileSourceStrategy: Output Data Schema: struct<data: array<struct<author_id:string,conversation_id:string,created_at:string,edit_history_tweet_ids:array<bigint>,id:string,in_reply_to_user_id:string,lang:string,public_metrics:struct<like_count:bigint,quote_count:bigint,reply_count:bigint,retweet_count:bigint>,text:string>>>
[2023-11-14T16:09:28.075-0300] {spark_submit.py:521} INFO - 23/11/14 16:09:28 INFO FileOutputCommitter: File Output Committer Algorithm version is 1
[2023-11-14T16:09:28.076-0300] {spark_submit.py:521} INFO - 23/11/14 16:09:28 INFO FileOutputCommitter: FileOutputCommitter skip cleanup _temporary folders under output directory:false, ignore cleanup failures: false
[2023-11-14T16:09:28.076-0300] {spark_submit.py:521} INFO - 23/11/14 16:09:28 INFO SQLHadoopMapReduceCommitProtocol: Using output committer class org.apache.hadoop.mapreduce.lib.output.FileOutputCommitter
[2023-11-14T16:09:28.242-0300] {spark_submit.py:521} INFO - 23/11/14 16:09:28 INFO CodeGenerator: Code generated in 106.3063 ms
[2023-11-14T16:09:28.247-0300] {spark_submit.py:521} INFO - 23/11/14 16:09:28 INFO MemoryStore: Block broadcast_2 stored as values in memory (estimated size 338.0 KiB, free 365.6 MiB)
[2023-11-14T16:09:28.258-0300] {spark_submit.py:521} INFO - 23/11/14 16:09:28 INFO MemoryStore: Block broadcast_2_piece0 stored as bytes in memory (estimated size 32.5 KiB, free 365.6 MiB)
[2023-11-14T16:09:28.259-0300] {spark_submit.py:521} INFO - 23/11/14 16:09:28 INFO BlockManagerInfo: Added broadcast_2_piece0 in memory on 172.29.249.25:39451 (size: 32.5 KiB, free: 366.2 MiB)
[2023-11-14T16:09:28.261-0300] {spark_submit.py:521} INFO - 23/11/14 16:09:28 INFO SparkContext: Created broadcast 2 from json at NativeMethodAccessorImpl.java:0
[2023-11-14T16:09:28.263-0300] {spark_submit.py:521} INFO - 23/11/14 16:09:28 INFO FileSourceScanExec: Planning scan with bin packing, max size: 4198891 bytes, open cost is considered as scanning 4194304 bytes.
[2023-11-14T16:09:28.307-0300] {spark_submit.py:521} INFO - 23/11/14 16:09:28 INFO SparkContext: Starting job: json at NativeMethodAccessorImpl.java:0
[2023-11-14T16:09:28.308-0300] {spark_submit.py:521} INFO - 23/11/14 16:09:28 INFO DAGScheduler: Got job 1 (json at NativeMethodAccessorImpl.java:0) with 1 output partitions
[2023-11-14T16:09:28.309-0300] {spark_submit.py:521} INFO - 23/11/14 16:09:28 INFO DAGScheduler: Final stage: ResultStage 1 (json at NativeMethodAccessorImpl.java:0)
[2023-11-14T16:09:28.309-0300] {spark_submit.py:521} INFO - 23/11/14 16:09:28 INFO DAGScheduler: Parents of final stage: List()
[2023-11-14T16:09:28.309-0300] {spark_submit.py:521} INFO - 23/11/14 16:09:28 INFO DAGScheduler: Missing parents: List()
[2023-11-14T16:09:28.313-0300] {spark_submit.py:521} INFO - 23/11/14 16:09:28 INFO DAGScheduler: Submitting ResultStage 1 (CoalescedRDD[7] at json at NativeMethodAccessorImpl.java:0), which has no missing parents
[2023-11-14T16:09:28.335-0300] {spark_submit.py:521} INFO - 23/11/14 16:09:28 INFO MemoryStore: Block broadcast_3 stored as values in memory (estimated size 228.9 KiB, free 365.3 MiB)
[2023-11-14T16:09:28.338-0300] {spark_submit.py:521} INFO - 23/11/14 16:09:28 INFO MemoryStore: Block broadcast_3_piece0 stored as bytes in memory (estimated size 79.6 KiB, free 365.3 MiB)
[2023-11-14T16:09:28.339-0300] {spark_submit.py:521} INFO - 23/11/14 16:09:28 INFO BlockManagerInfo: Added broadcast_3_piece0 in memory on 172.29.249.25:39451 (size: 79.6 KiB, free: 366.2 MiB)
[2023-11-14T16:09:28.340-0300] {spark_submit.py:521} INFO - 23/11/14 16:09:28 INFO SparkContext: Created broadcast 3 from broadcast at DAGScheduler.scala:1474
[2023-11-14T16:09:28.341-0300] {spark_submit.py:521} INFO - 23/11/14 16:09:28 INFO DAGScheduler: Submitting 1 missing tasks from ResultStage 1 (CoalescedRDD[7] at json at NativeMethodAccessorImpl.java:0) (first 15 tasks are for partitions Vector(0))
[2023-11-14T16:09:28.341-0300] {spark_submit.py:521} INFO - 23/11/14 16:09:28 INFO TaskSchedulerImpl: Adding task set 1.0 with 1 tasks resource profile 0
[2023-11-14T16:09:28.344-0300] {spark_submit.py:521} INFO - 23/11/14 16:09:28 INFO TaskSetManager: Starting task 0.0 in stage 1.0 (TID 1) (172.29.249.25, executor driver, partition 0, PROCESS_LOCAL, 5205 bytes) taskResourceAssignments Map()
[2023-11-14T16:09:28.345-0300] {spark_submit.py:521} INFO - 23/11/14 16:09:28 INFO Executor: Running task 0.0 in stage 1.0 (TID 1)
[2023-11-14T16:09:28.401-0300] {spark_submit.py:521} INFO - 23/11/14 16:09:28 INFO FileOutputCommitter: File Output Committer Algorithm version is 1
[2023-11-14T16:09:28.401-0300] {spark_submit.py:521} INFO - 23/11/14 16:09:28 INFO FileOutputCommitter: FileOutputCommitter skip cleanup _temporary folders under output directory:false, ignore cleanup failures: false
[2023-11-14T16:09:28.403-0300] {spark_submit.py:521} INFO - 23/11/14 16:09:28 INFO SQLHadoopMapReduceCommitProtocol: Using output committer class org.apache.hadoop.mapreduce.lib.output.FileOutputCommitter
[2023-11-14T16:09:28.441-0300] {spark_submit.py:521} INFO - 23/11/14 16:09:28 INFO FileScanRDD: Reading File path: file:///home/pedro/projetos/projetos_python/proj_twitter_pipeline/datalake/bronze/twitter_datascience/extract_date=2023-11-09/datascience_20231109.json, range: 0-4587, partition values: [empty row]
[2023-11-14T16:09:28.457-0300] {spark_submit.py:521} INFO - 23/11/14 16:09:28 INFO CodeGenerator: Code generated in 13.34 ms
[2023-11-14T16:09:28.481-0300] {spark_submit.py:521} INFO - 23/11/14 16:09:28 INFO CodeGenerator: Code generated in 9.189 ms
[2023-11-14T16:09:28.519-0300] {spark_submit.py:521} INFO - 23/11/14 16:09:28 INFO FileOutputCommitter: Saved output of task 'attempt_202311141609287244436015252436606_0001_m_000000_1' to file:/home/pedro/projetos/projetos_python/proj_twitter_pipeline/datalake/silver/twitter_datascience/tweet/process_date=2023-11-09/_temporary/0/task_202311141609287244436015252436606_0001_m_000000
[2023-11-14T16:09:28.519-0300] {spark_submit.py:521} INFO - 23/11/14 16:09:28 INFO SparkHadoopMapRedUtil: attempt_202311141609287244436015252436606_0001_m_000000_1: Committed
[2023-11-14T16:09:28.525-0300] {spark_submit.py:521} INFO - 23/11/14 16:09:28 INFO Executor: Finished task 0.0 in stage 1.0 (TID 1). 2670 bytes result sent to driver
[2023-11-14T16:09:28.529-0300] {spark_submit.py:521} INFO - 23/11/14 16:09:28 INFO TaskSetManager: Finished task 0.0 in stage 1.0 (TID 1) in 184 ms on 172.29.249.25 (executor driver) (1/1)
[2023-11-14T16:09:28.529-0300] {spark_submit.py:521} INFO - 23/11/14 16:09:28 INFO TaskSchedulerImpl: Removed TaskSet 1.0, whose tasks have all completed, from pool
[2023-11-14T16:09:28.530-0300] {spark_submit.py:521} INFO - 23/11/14 16:09:28 INFO DAGScheduler: ResultStage 1 (json at NativeMethodAccessorImpl.java:0) finished in 0.216 s
[2023-11-14T16:09:28.531-0300] {spark_submit.py:521} INFO - 23/11/14 16:09:28 INFO DAGScheduler: Job 1 is finished. Cancelling potential speculative or zombie tasks for this job
[2023-11-14T16:09:28.531-0300] {spark_submit.py:521} INFO - 23/11/14 16:09:28 INFO TaskSchedulerImpl: Killing all running tasks in stage 1: Stage finished
[2023-11-14T16:09:28.534-0300] {spark_submit.py:521} INFO - 23/11/14 16:09:28 INFO DAGScheduler: Job 1 finished: json at NativeMethodAccessorImpl.java:0, took 0.224212 s
[2023-11-14T16:09:28.534-0300] {spark_submit.py:521} INFO - 23/11/14 16:09:28 INFO FileFormatWriter: Start to commit write Job 6c7fd19f-45a4-41ad-8bb1-2a594cab5f17.
[2023-11-14T16:09:28.549-0300] {spark_submit.py:521} INFO - 23/11/14 16:09:28 INFO FileFormatWriter: Write Job 6c7fd19f-45a4-41ad-8bb1-2a594cab5f17 committed. Elapsed time: 16 ms.
[2023-11-14T16:09:28.551-0300] {spark_submit.py:521} INFO - 23/11/14 16:09:28 INFO FileFormatWriter: Finished processing stats for write job 6c7fd19f-45a4-41ad-8bb1-2a594cab5f17.
[2023-11-14T16:09:28.593-0300] {spark_submit.py:521} INFO - 23/11/14 16:09:28 INFO FileSourceStrategy: Pushed Filters:
[2023-11-14T16:09:28.593-0300] {spark_submit.py:521} INFO - 23/11/14 16:09:28 INFO FileSourceStrategy: Post-Scan Filters:
[2023-11-14T16:09:28.593-0300] {spark_submit.py:521} INFO - 23/11/14 16:09:28 INFO FileSourceStrategy: Output Data Schema: struct<includes: struct<users: array<struct<created_at:string,id:string,name:string,username:string>>>>
[2023-11-14T16:09:28.607-0300] {spark_submit.py:521} INFO - 23/11/14 16:09:28 INFO FileOutputCommitter: File Output Committer Algorithm version is 1
[2023-11-14T16:09:28.607-0300] {spark_submit.py:521} INFO - 23/11/14 16:09:28 INFO FileOutputCommitter: FileOutputCommitter skip cleanup _temporary folders under output directory:false, ignore cleanup failures: false
[2023-11-14T16:09:28.607-0300] {spark_submit.py:521} INFO - 23/11/14 16:09:28 INFO SQLHadoopMapReduceCommitProtocol: Using output committer class org.apache.hadoop.mapreduce.lib.output.FileOutputCommitter
[2023-11-14T16:09:28.624-0300] {spark_submit.py:521} INFO - 23/11/14 16:09:28 INFO BlockManagerInfo: Removed broadcast_3_piece0 on 172.29.249.25:39451 in memory (size: 79.6 KiB, free: 366.2 MiB)
[2023-11-14T16:09:28.664-0300] {spark_submit.py:521} INFO - 23/11/14 16:09:28 INFO CodeGenerator: Code generated in 8.1753 ms
[2023-11-14T16:09:28.667-0300] {spark_submit.py:521} INFO - 23/11/14 16:09:28 INFO MemoryStore: Block broadcast_4 stored as values in memory (estimated size 338.0 KiB, free 365.2 MiB)
[2023-11-14T16:09:28.674-0300] {spark_submit.py:521} INFO - 23/11/14 16:09:28 INFO MemoryStore: Block broadcast_4_piece0 stored as bytes in memory (estimated size 32.5 KiB, free 365.2 MiB)
[2023-11-14T16:09:28.675-0300] {spark_submit.py:521} INFO - 23/11/14 16:09:28 INFO BlockManagerInfo: Added broadcast_4_piece0 in memory on 172.29.249.25:39451 (size: 32.5 KiB, free: 366.2 MiB)
[2023-11-14T16:09:28.676-0300] {spark_submit.py:521} INFO - 23/11/14 16:09:28 INFO SparkContext: Created broadcast 4 from json at NativeMethodAccessorImpl.java:0
[2023-11-14T16:09:28.677-0300] {spark_submit.py:521} INFO - 23/11/14 16:09:28 INFO FileSourceScanExec: Planning scan with bin packing, max size: 4198891 bytes, open cost is considered as scanning 4194304 bytes.
[2023-11-14T16:09:28.692-0300] {spark_submit.py:521} INFO - 23/11/14 16:09:28 INFO SparkContext: Starting job: json at NativeMethodAccessorImpl.java:0
[2023-11-14T16:09:28.693-0300] {spark_submit.py:521} INFO - 23/11/14 16:09:28 INFO DAGScheduler: Got job 2 (json at NativeMethodAccessorImpl.java:0) with 1 output partitions
[2023-11-14T16:09:28.693-0300] {spark_submit.py:521} INFO - 23/11/14 16:09:28 INFO DAGScheduler: Final stage: ResultStage 2 (json at NativeMethodAccessorImpl.java:0)
[2023-11-14T16:09:28.693-0300] {spark_submit.py:521} INFO - 23/11/14 16:09:28 INFO DAGScheduler: Parents of final stage: List()
[2023-11-14T16:09:28.693-0300] {spark_submit.py:521} INFO - 23/11/14 16:09:28 INFO DAGScheduler: Missing parents: List()
[2023-11-14T16:09:28.695-0300] {spark_submit.py:521} INFO - 23/11/14 16:09:28 INFO DAGScheduler: Submitting ResultStage 2 (CoalescedRDD[11] at json at NativeMethodAccessorImpl.java:0), which has no missing parents
[2023-11-14T16:09:28.707-0300] {spark_submit.py:521} INFO - 23/11/14 16:09:28 INFO MemoryStore: Block broadcast_5 stored as values in memory (estimated size 209.1 KiB, free 365.0 MiB)
[2023-11-14T16:09:28.709-0300] {spark_submit.py:521} INFO - 23/11/14 16:09:28 INFO MemoryStore: Block broadcast_5_piece0 stored as bytes in memory (estimated size 75.0 KiB, free 364.9 MiB)
[2023-11-14T16:09:28.710-0300] {spark_submit.py:521} INFO - 23/11/14 16:09:28 INFO BlockManagerInfo: Added broadcast_5_piece0 in memory on 172.29.249.25:39451 (size: 75.0 KiB, free: 366.1 MiB)
[2023-11-14T16:09:28.710-0300] {spark_submit.py:521} INFO - 23/11/14 16:09:28 INFO SparkContext: Created broadcast 5 from broadcast at DAGScheduler.scala:1474
[2023-11-14T16:09:28.711-0300] {spark_submit.py:521} INFO - 23/11/14 16:09:28 INFO DAGScheduler: Submitting 1 missing tasks from ResultStage 2 (CoalescedRDD[11] at json at NativeMethodAccessorImpl.java:0) (first 15 tasks are for partitions Vector(0))
[2023-11-14T16:09:28.711-0300] {spark_submit.py:521} INFO - 23/11/14 16:09:28 INFO TaskSchedulerImpl: Adding task set 2.0 with 1 tasks resource profile 0
[2023-11-14T16:09:28.712-0300] {spark_submit.py:521} INFO - 23/11/14 16:09:28 INFO TaskSetManager: Starting task 0.0 in stage 2.0 (TID 2) (172.29.249.25, executor driver, partition 0, PROCESS_LOCAL, 5205 bytes) taskResourceAssignments Map()
[2023-11-14T16:09:28.720-0300] {spark_submit.py:521} INFO - 23/11/14 16:09:28 INFO Executor: Running task 0.0 in stage 2.0 (TID 2)
[2023-11-14T16:09:28.726-0300] {spark_submit.py:521} INFO - 23/11/14 16:09:28 INFO FileOutputCommitter: File Output Committer Algorithm version is 1
[2023-11-14T16:09:28.727-0300] {spark_submit.py:521} INFO - 23/11/14 16:09:28 INFO FileOutputCommitter: FileOutputCommitter skip cleanup _temporary folders under output directory:false, ignore cleanup failures: false
[2023-11-14T16:09:28.727-0300] {spark_submit.py:521} INFO - 23/11/14 16:09:28 INFO SQLHadoopMapReduceCommitProtocol: Using output committer class org.apache.hadoop.mapreduce.lib.output.FileOutputCommitter
[2023-11-14T16:09:28.764-0300] {spark_submit.py:521} INFO - 23/11/14 16:09:28 INFO FileScanRDD: Reading File path: file:///home/pedro/projetos/projetos_python/proj_twitter_pipeline/datalake/bronze/twitter_datascience/extract_date=2023-11-09/datascience_20231109.json, range: 0-4587, partition values: [empty row]
[2023-11-14T16:09:28.785-0300] {spark_submit.py:521} INFO - 23/11/14 16:09:28 INFO CodeGenerator: Code generated in 18.7856 ms
[2023-11-14T16:09:28.799-0300] {spark_submit.py:521} INFO - 23/11/14 16:09:28 INFO FileOutputCommitter: Saved output of task 'attempt_202311141609288385868718046957964_0002_m_000000_2' to file:/home/pedro/projetos/projetos_python/proj_twitter_pipeline/datalake/silver/twitter_datascience/user/process_date=2023-11-09/_temporary/0/task_202311141609288385868718046957964_0002_m_000000
[2023-11-14T16:09:28.799-0300] {spark_submit.py:521} INFO - 23/11/14 16:09:28 INFO SparkHadoopMapRedUtil: attempt_202311141609288385868718046957964_0002_m_000000_2: Committed
[2023-11-14T16:09:28.802-0300] {spark_submit.py:521} INFO - 23/11/14 16:09:28 INFO Executor: Finished task 0.0 in stage 2.0 (TID 2). 2571 bytes result sent to driver
[2023-11-14T16:09:28.805-0300] {spark_submit.py:521} INFO - 23/11/14 16:09:28 INFO TaskSetManager: Finished task 0.0 in stage 2.0 (TID 2) in 93 ms on 172.29.249.25 (executor driver) (1/1)
[2023-11-14T16:09:28.805-0300] {spark_submit.py:521} INFO - 23/11/14 16:09:28 INFO TaskSchedulerImpl: Removed TaskSet 2.0, whose tasks have all completed, from pool
[2023-11-14T16:09:28.812-0300] {spark_submit.py:521} INFO - 23/11/14 16:09:28 INFO DAGScheduler: ResultStage 2 (json at NativeMethodAccessorImpl.java:0) finished in 0.110 s
[2023-11-14T16:09:28.812-0300] {spark_submit.py:521} INFO - 23/11/14 16:09:28 INFO DAGScheduler: Job 2 is finished. Cancelling potential speculative or zombie tasks for this job
[2023-11-14T16:09:28.812-0300] {spark_submit.py:521} INFO - 23/11/14 16:09:28 INFO TaskSchedulerImpl: Killing all running tasks in stage 2: Stage finished
[2023-11-14T16:09:28.812-0300] {spark_submit.py:521} INFO - 23/11/14 16:09:28 INFO DAGScheduler: Job 2 finished: json at NativeMethodAccessorImpl.java:0, took 0.113772 s
[2023-11-14T16:09:28.812-0300] {spark_submit.py:521} INFO - 23/11/14 16:09:28 INFO FileFormatWriter: Start to commit write Job 4d1353e1-1f6e-4e49-8d75-c496f9d61610.
[2023-11-14T16:09:28.826-0300] {spark_submit.py:521} INFO - 23/11/14 16:09:28 INFO FileFormatWriter: Write Job 4d1353e1-1f6e-4e49-8d75-c496f9d61610 committed. Elapsed time: 18 ms.
[2023-11-14T16:09:28.826-0300] {spark_submit.py:521} INFO - 23/11/14 16:09:28 INFO FileFormatWriter: Finished processing stats for write job 4d1353e1-1f6e-4e49-8d75-c496f9d61610.
[2023-11-14T16:09:28.859-0300] {spark_submit.py:521} INFO - 23/11/14 16:09:28 INFO SparkContext: Invoking stop() from shutdown hook
[2023-11-14T16:09:28.867-0300] {spark_submit.py:521} INFO - 23/11/14 16:09:28 INFO SparkUI: Stopped Spark web UI at http://172.29.249.25:4040
[2023-11-14T16:09:28.877-0300] {spark_submit.py:521} INFO - 23/11/14 16:09:28 INFO MapOutputTrackerMasterEndpoint: MapOutputTrackerMasterEndpoint stopped!
[2023-11-14T16:09:28.885-0300] {spark_submit.py:521} INFO - 23/11/14 16:09:28 INFO MemoryStore: MemoryStore cleared
[2023-11-14T16:09:28.885-0300] {spark_submit.py:521} INFO - 23/11/14 16:09:28 INFO BlockManager: BlockManager stopped
[2023-11-14T16:09:28.888-0300] {spark_submit.py:521} INFO - 23/11/14 16:09:28 INFO BlockManagerMaster: BlockManagerMaster stopped
[2023-11-14T16:09:28.889-0300] {spark_submit.py:521} INFO - 23/11/14 16:09:28 INFO OutputCommitCoordinator$OutputCommitCoordinatorEndpoint: OutputCommitCoordinator stopped!
[2023-11-14T16:09:28.903-0300] {spark_submit.py:521} INFO - 23/11/14 16:09:28 INFO SparkContext: Successfully stopped SparkContext
[2023-11-14T16:09:28.903-0300] {spark_submit.py:521} INFO - 23/11/14 16:09:28 INFO ShutdownHookManager: Shutdown hook called
[2023-11-14T16:09:28.903-0300] {spark_submit.py:521} INFO - 23/11/14 16:09:28 INFO ShutdownHookManager: Deleting directory /tmp/spark-006e070c-7ea4-4682-b174-fbf44467b95d
[2023-11-14T16:09:28.905-0300] {spark_submit.py:521} INFO - 23/11/14 16:09:28 INFO ShutdownHookManager: Deleting directory /tmp/spark-006e070c-7ea4-4682-b174-fbf44467b95d/pyspark-461eb5e0-2284-4097-a0a4-1f804868d8fc
[2023-11-14T16:09:28.906-0300] {spark_submit.py:521} INFO - 23/11/14 16:09:28 INFO ShutdownHookManager: Deleting directory /tmp/spark-ec5c796b-128e-426d-bbc3-0649856d40d1
[2023-11-14T16:09:28.950-0300] {taskinstance.py:1400} INFO - Marking task as SUCCESS. dag_id=TwitterDAG, task_id=twitter_transform_datascience, execution_date=20231109T000000, start_date=20231114T190919, end_date=20231114T190928
[2023-11-14T16:09:28.984-0300] {local_task_job_runner.py:228} INFO - Task exited with return code 0
[2023-11-14T16:09:29.003-0300] {taskinstance.py:2778} INFO - 0 downstream tasks scheduled from follow-on schedule check
