[2023-11-14T15:58:10.657-0300] {taskinstance.py:1159} INFO - Dependencies all met for dep_context=non-requeueable deps ti=<TaskInstance: TwitterDAG.twitter_extract_datascience scheduled__2023-11-11T00:00:00+00:00 [queued]>
[2023-11-14T15:58:10.662-0300] {taskinstance.py:1159} INFO - Dependencies all met for dep_context=requeueable deps ti=<TaskInstance: TwitterDAG.twitter_extract_datascience scheduled__2023-11-11T00:00:00+00:00 [queued]>
[2023-11-14T15:58:10.662-0300] {taskinstance.py:1361} INFO - Starting attempt 1 of 1
[2023-11-14T15:58:10.686-0300] {taskinstance.py:1382} INFO - Executing <Task(TwitterOperator): twitter_extract_datascience> on 2023-11-11 00:00:00+00:00
[2023-11-14T15:58:10.687-0300] {standard_task_runner.py:57} INFO - Started process 10735 to run task
[2023-11-14T15:58:10.689-0300] {standard_task_runner.py:84} INFO - Running: ['airflow', 'tasks', 'run', 'TwitterDAG', 'twitter_extract_datascience', 'scheduled__2023-11-11T00:00:00+00:00', '--job-id', '10', '--raw', '--subdir', 'DAGS_FOLDER/twitter_dag.py', '--cfg-path', '/tmp/tmpieixhk7b']
[2023-11-14T15:58:10.690-0300] {standard_task_runner.py:85} INFO - Job 10: Subtask twitter_extract_datascience
[2023-11-14T15:58:10.721-0300] {task_command.py:416} INFO - Running <TaskInstance: TwitterDAG.twitter_extract_datascience scheduled__2023-11-11T00:00:00+00:00 [running]> on host MI0118G-ATIC.gabaer.intraer
[2023-11-14T15:58:10.774-0300] {taskinstance.py:1662} INFO - Exporting env vars: AIRFLOW_CTX_DAG_OWNER='airflow' AIRFLOW_CTX_DAG_ID='TwitterDAG' AIRFLOW_CTX_TASK_ID='twitter_extract_datascience' AIRFLOW_CTX_EXECUTION_DATE='2023-11-11T00:00:00+00:00' AIRFLOW_CTX_TRY_NUMBER='1' AIRFLOW_CTX_DAG_RUN_ID='scheduled__2023-11-11T00:00:00+00:00'
[2023-11-14T15:58:10.779-0300] {taskinstance.py:1937} ERROR - Task failed with exception
Traceback (most recent call last):
  File "/home/pedro/projetos/projetos_python/proj_twitter_pipeline/airflow_pipeline/operators/twitter_operator.py", line 47, in execute
    lista_paginada = TwitterHook(self.start_time,self.end_time,self.query).run()
  File "/home/pedro/projetos/projetos_python/proj_twitter_pipeline/airflow_pipeline/hook/twitter_hook.py", line 98, in run
    session = self.get_conn()
  File "/home/pedro/projetos/projetos_python/proj_twitter_pipeline/venv/lib/python3.9/site-packages/airflow/providers/http/hooks/http.py", line 68, in get_conn
    conn = self.get_connection(self.http_conn_id)
  File "/home/pedro/projetos/projetos_python/proj_twitter_pipeline/venv/lib/python3.9/site-packages/airflow/hooks/base.py", line 72, in get_connection
    conn = Connection.get_connection_from_secrets(conn_id)
  File "/home/pedro/projetos/projetos_python/proj_twitter_pipeline/venv/lib/python3.9/site-packages/airflow/models/connection.py", line 477, in get_connection_from_secrets
    raise AirflowNotFoundException(f"The conn_id `{conn_id}` isn't defined")
airflow.exceptions.AirflowNotFoundException: The conn_id `twitter_default` isn't defined
[2023-11-14T15:58:10.781-0300] {taskinstance.py:1400} INFO - Marking task as FAILED. dag_id=TwitterDAG, task_id=twitter_extract_datascience, execution_date=20231111T000000, start_date=20231114T185810, end_date=20231114T185810
[2023-11-14T15:58:10.796-0300] {standard_task_runner.py:104} ERROR - Failed to execute job 10 for task twitter_extract_datascience (The conn_id `twitter_default` isn't defined; 10735)
[2023-11-14T15:58:10.821-0300] {local_task_job_runner.py:228} INFO - Task exited with return code 1
[2023-11-14T15:58:10.832-0300] {taskinstance.py:2778} INFO - 0 downstream tasks scheduled from follow-on schedule check
[2023-11-14T16:00:38.240-0300] {taskinstance.py:1159} INFO - Dependencies all met for dep_context=non-requeueable deps ti=<TaskInstance: TwitterDAG.twitter_extract_datascience scheduled__2023-11-11T00:00:00+00:00 [queued]>
[2023-11-14T16:00:38.245-0300] {taskinstance.py:1159} INFO - Dependencies all met for dep_context=requeueable deps ti=<TaskInstance: TwitterDAG.twitter_extract_datascience scheduled__2023-11-11T00:00:00+00:00 [queued]>
[2023-11-14T16:00:38.245-0300] {taskinstance.py:1361} INFO - Starting attempt 1 of 1
[2023-11-14T16:00:38.261-0300] {taskinstance.py:1382} INFO - Executing <Task(TwitterOperator): twitter_extract_datascience> on 2023-11-11 00:00:00+00:00
[2023-11-14T16:00:38.264-0300] {standard_task_runner.py:57} INFO - Started process 12436 to run task
[2023-11-14T16:00:38.266-0300] {standard_task_runner.py:84} INFO - Running: ['airflow', 'tasks', 'run', 'TwitterDAG', 'twitter_extract_datascience', 'scheduled__2023-11-11T00:00:00+00:00', '--job-id', '13', '--raw', '--subdir', 'DAGS_FOLDER/twitter_dag.py', '--cfg-path', '/tmp/tmpok4wiqoo']
[2023-11-14T16:00:38.267-0300] {standard_task_runner.py:85} INFO - Job 13: Subtask twitter_extract_datascience
[2023-11-14T16:00:38.298-0300] {task_command.py:416} INFO - Running <TaskInstance: TwitterDAG.twitter_extract_datascience scheduled__2023-11-11T00:00:00+00:00 [running]> on host MI0118G-ATIC.gabaer.intraer
[2023-11-14T16:00:38.348-0300] {taskinstance.py:1662} INFO - Exporting env vars: AIRFLOW_CTX_DAG_OWNER='airflow' AIRFLOW_CTX_DAG_ID='TwitterDAG' AIRFLOW_CTX_TASK_ID='twitter_extract_datascience' AIRFLOW_CTX_EXECUTION_DATE='2023-11-11T00:00:00+00:00' AIRFLOW_CTX_TRY_NUMBER='1' AIRFLOW_CTX_DAG_RUN_ID='scheduled__2023-11-11T00:00:00+00:00'
[2023-11-14T16:00:38.352-0300] {base.py:73} INFO - Using connection ID 'twitter_default' for task execution.
[2023-11-14T16:00:38.353-0300] {twitter_hook.py:47} INFO - URL: https://labdados.com/2/tweets/search/recent?query=datascience&tweet.fields=author_id,conversation_id,created_at,id,in_reply_to_user_id,public_metrics,lang,text&expansions=author_id&user.fields=id,name,username,created_at&start_time=2023-11-11T00:00:00.00Z&end_time=2023-11-12T00:00:00.00Z
[2023-11-14T16:00:38.786-0300] {taskinstance.py:1400} INFO - Marking task as SUCCESS. dag_id=TwitterDAG, task_id=twitter_extract_datascience, execution_date=20231111T000000, start_date=20231114T190038, end_date=20231114T190038
[2023-11-14T16:00:38.802-0300] {local_task_job_runner.py:228} INFO - Task exited with return code 0
[2023-11-14T16:00:38.812-0300] {taskinstance.py:2778} INFO - 1 downstream tasks scheduled from follow-on schedule check
[2023-11-14T16:05:10.239-0300] {taskinstance.py:1159} INFO - Dependencies all met for dep_context=non-requeueable deps ti=<TaskInstance: TwitterDAG.twitter_extract_datascience scheduled__2023-11-11T00:00:00+00:00 [queued]>
[2023-11-14T16:05:10.244-0300] {taskinstance.py:1159} INFO - Dependencies all met for dep_context=requeueable deps ti=<TaskInstance: TwitterDAG.twitter_extract_datascience scheduled__2023-11-11T00:00:00+00:00 [queued]>
[2023-11-14T16:05:10.245-0300] {taskinstance.py:1361} INFO - Starting attempt 1 of 1
[2023-11-14T16:05:10.278-0300] {taskinstance.py:1382} INFO - Executing <Task(TwitterOperator): twitter_extract_datascience> on 2023-11-11 00:00:00+00:00
[2023-11-14T16:05:10.281-0300] {standard_task_runner.py:57} INFO - Started process 15854 to run task
[2023-11-14T16:05:10.283-0300] {standard_task_runner.py:84} INFO - Running: ['airflow', 'tasks', 'run', 'TwitterDAG', 'twitter_extract_datascience', 'scheduled__2023-11-11T00:00:00+00:00', '--job-id', '15', '--raw', '--subdir', 'DAGS_FOLDER/twitter_dag.py', '--cfg-path', '/tmp/tmpcefbhsws']
[2023-11-14T16:05:10.286-0300] {standard_task_runner.py:85} INFO - Job 15: Subtask twitter_extract_datascience
[2023-11-14T16:05:10.324-0300] {task_command.py:416} INFO - Running <TaskInstance: TwitterDAG.twitter_extract_datascience scheduled__2023-11-11T00:00:00+00:00 [running]> on host MI0118G-ATIC.gabaer.intraer
[2023-11-14T16:05:10.388-0300] {taskinstance.py:1662} INFO - Exporting env vars: AIRFLOW_CTX_DAG_OWNER='airflow' AIRFLOW_CTX_DAG_ID='TwitterDAG' AIRFLOW_CTX_TASK_ID='twitter_extract_datascience' AIRFLOW_CTX_EXECUTION_DATE='2023-11-11T00:00:00+00:00' AIRFLOW_CTX_TRY_NUMBER='1' AIRFLOW_CTX_DAG_RUN_ID='scheduled__2023-11-11T00:00:00+00:00'
[2023-11-14T16:05:10.391-0300] {base.py:73} INFO - Using connection ID 'twitter_default' for task execution.
[2023-11-14T16:05:10.392-0300] {twitter_hook.py:47} INFO - URL: https://labdados.com/2/tweets/search/recent?query=datascience&tweet.fields=author_id,conversation_id,created_at,id,in_reply_to_user_id,public_metrics,lang,text&expansions=author_id&user.fields=id,name,username,created_at&start_time=2023-11-11T00:00:00.00Z&end_time=2023-11-12T00:00:00.00Z
[2023-11-14T16:05:10.805-0300] {twitter_hook.py:47} INFO - URL: https://labdados.com/2/tweets/search/recent?query=datascience&tweet.fields=author_id,conversation_id,created_at,id,in_reply_to_user_id,public_metrics,lang,text&expansions=author_id&user.fields=id,name,username,created_at&start_time=2023-11-11T00:00:00.00Z&end_time=2023-11-12T00:00:00.00Z&next_token=1234567890abcdef
[2023-11-14T16:05:10.942-0300] {twitter_hook.py:47} INFO - URL: https://labdados.com/2/tweets/search/recent?query=datascience&tweet.fields=author_id,conversation_id,created_at,id,in_reply_to_user_id,public_metrics,lang,text&expansions=author_id&user.fields=id,name,username,created_at&start_time=2023-11-11T00:00:00.00Z&end_time=2023-11-12T00:00:00.00Z&next_token=1234567890abcdef
[2023-11-14T16:05:11.076-0300] {twitter_hook.py:47} INFO - URL: https://labdados.com/2/tweets/search/recent?query=datascience&tweet.fields=author_id,conversation_id,created_at,id,in_reply_to_user_id,public_metrics,lang,text&expansions=author_id&user.fields=id,name,username,created_at&start_time=2023-11-11T00:00:00.00Z&end_time=2023-11-12T00:00:00.00Z&next_token=1234567890abcdef
[2023-11-14T16:05:11.210-0300] {twitter_hook.py:47} INFO - URL: https://labdados.com/2/tweets/search/recent?query=datascience&tweet.fields=author_id,conversation_id,created_at,id,in_reply_to_user_id,public_metrics,lang,text&expansions=author_id&user.fields=id,name,username,created_at&start_time=2023-11-11T00:00:00.00Z&end_time=2023-11-12T00:00:00.00Z&next_token=1234567890abcdef
[2023-11-14T16:05:11.343-0300] {twitter_hook.py:47} INFO - URL: https://labdados.com/2/tweets/search/recent?query=datascience&tweet.fields=author_id,conversation_id,created_at,id,in_reply_to_user_id,public_metrics,lang,text&expansions=author_id&user.fields=id,name,username,created_at&start_time=2023-11-11T00:00:00.00Z&end_time=2023-11-12T00:00:00.00Z&next_token=1234567890abcdef
[2023-11-14T16:05:11.476-0300] {twitter_hook.py:47} INFO - URL: https://labdados.com/2/tweets/search/recent?query=datascience&tweet.fields=author_id,conversation_id,created_at,id,in_reply_to_user_id,public_metrics,lang,text&expansions=author_id&user.fields=id,name,username,created_at&start_time=2023-11-11T00:00:00.00Z&end_time=2023-11-12T00:00:00.00Z&next_token=1234567890abcdef
[2023-11-14T16:05:11.610-0300] {twitter_hook.py:47} INFO - URL: https://labdados.com/2/tweets/search/recent?query=datascience&tweet.fields=author_id,conversation_id,created_at,id,in_reply_to_user_id,public_metrics,lang,text&expansions=author_id&user.fields=id,name,username,created_at&start_time=2023-11-11T00:00:00.00Z&end_time=2023-11-12T00:00:00.00Z&next_token=1234567890abcdef
[2023-11-14T16:05:11.745-0300] {twitter_hook.py:47} INFO - URL: https://labdados.com/2/tweets/search/recent?query=datascience&tweet.fields=author_id,conversation_id,created_at,id,in_reply_to_user_id,public_metrics,lang,text&expansions=author_id&user.fields=id,name,username,created_at&start_time=2023-11-11T00:00:00.00Z&end_time=2023-11-12T00:00:00.00Z&next_token=1234567890abcdef
[2023-11-14T16:05:11.882-0300] {twitter_hook.py:47} INFO - URL: https://labdados.com/2/tweets/search/recent?query=datascience&tweet.fields=author_id,conversation_id,created_at,id,in_reply_to_user_id,public_metrics,lang,text&expansions=author_id&user.fields=id,name,username,created_at&start_time=2023-11-11T00:00:00.00Z&end_time=2023-11-12T00:00:00.00Z&next_token=1234567890abcdef
[2023-11-14T16:05:12.018-0300] {twitter_hook.py:47} INFO - URL: https://labdados.com/2/tweets/search/recent?query=datascience&tweet.fields=author_id,conversation_id,created_at,id,in_reply_to_user_id,public_metrics,lang,text&expansions=author_id&user.fields=id,name,username,created_at&start_time=2023-11-11T00:00:00.00Z&end_time=2023-11-12T00:00:00.00Z&next_token=1234567890abcdef
[2023-11-14T16:05:12.154-0300] {twitter_hook.py:47} INFO - URL: https://labdados.com/2/tweets/search/recent?query=datascience&tweet.fields=author_id,conversation_id,created_at,id,in_reply_to_user_id,public_metrics,lang,text&expansions=author_id&user.fields=id,name,username,created_at&start_time=2023-11-11T00:00:00.00Z&end_time=2023-11-12T00:00:00.00Z&next_token=1234567890abcdef
[2023-11-14T16:05:12.291-0300] {twitter_hook.py:47} INFO - URL: https://labdados.com/2/tweets/search/recent?query=datascience&tweet.fields=author_id,conversation_id,created_at,id,in_reply_to_user_id,public_metrics,lang,text&expansions=author_id&user.fields=id,name,username,created_at&start_time=2023-11-11T00:00:00.00Z&end_time=2023-11-12T00:00:00.00Z&next_token=1234567890abcdef
[2023-11-14T16:05:12.427-0300] {twitter_hook.py:47} INFO - URL: https://labdados.com/2/tweets/search/recent?query=datascience&tweet.fields=author_id,conversation_id,created_at,id,in_reply_to_user_id,public_metrics,lang,text&expansions=author_id&user.fields=id,name,username,created_at&start_time=2023-11-11T00:00:00.00Z&end_time=2023-11-12T00:00:00.00Z&next_token=1234567890abcdef
[2023-11-14T16:05:12.561-0300] {twitter_hook.py:47} INFO - URL: https://labdados.com/2/tweets/search/recent?query=datascience&tweet.fields=author_id,conversation_id,created_at,id,in_reply_to_user_id,public_metrics,lang,text&expansions=author_id&user.fields=id,name,username,created_at&start_time=2023-11-11T00:00:00.00Z&end_time=2023-11-12T00:00:00.00Z&next_token=1234567890abcdef
[2023-11-14T16:05:12.695-0300] {twitter_hook.py:47} INFO - URL: https://labdados.com/2/tweets/search/recent?query=datascience&tweet.fields=author_id,conversation_id,created_at,id,in_reply_to_user_id,public_metrics,lang,text&expansions=author_id&user.fields=id,name,username,created_at&start_time=2023-11-11T00:00:00.00Z&end_time=2023-11-12T00:00:00.00Z&next_token=1234567890abcdef
[2023-11-14T16:05:12.829-0300] {twitter_hook.py:47} INFO - URL: https://labdados.com/2/tweets/search/recent?query=datascience&tweet.fields=author_id,conversation_id,created_at,id,in_reply_to_user_id,public_metrics,lang,text&expansions=author_id&user.fields=id,name,username,created_at&start_time=2023-11-11T00:00:00.00Z&end_time=2023-11-12T00:00:00.00Z&next_token=1234567890abcdef
[2023-11-14T16:05:12.964-0300] {twitter_hook.py:47} INFO - URL: https://labdados.com/2/tweets/search/recent?query=datascience&tweet.fields=author_id,conversation_id,created_at,id,in_reply_to_user_id,public_metrics,lang,text&expansions=author_id&user.fields=id,name,username,created_at&start_time=2023-11-11T00:00:00.00Z&end_time=2023-11-12T00:00:00.00Z&next_token=1234567890abcdef
[2023-11-14T16:05:13.097-0300] {twitter_hook.py:47} INFO - URL: https://labdados.com/2/tweets/search/recent?query=datascience&tweet.fields=author_id,conversation_id,created_at,id,in_reply_to_user_id,public_metrics,lang,text&expansions=author_id&user.fields=id,name,username,created_at&start_time=2023-11-11T00:00:00.00Z&end_time=2023-11-12T00:00:00.00Z&next_token=1234567890abcdef
[2023-11-14T16:05:13.233-0300] {twitter_hook.py:47} INFO - URL: https://labdados.com/2/tweets/search/recent?query=datascience&tweet.fields=author_id,conversation_id,created_at,id,in_reply_to_user_id,public_metrics,lang,text&expansions=author_id&user.fields=id,name,username,created_at&start_time=2023-11-11T00:00:00.00Z&end_time=2023-11-12T00:00:00.00Z&next_token=1234567890abcdef
[2023-11-14T16:05:13.372-0300] {twitter_hook.py:47} INFO - URL: https://labdados.com/2/tweets/search/recent?query=datascience&tweet.fields=author_id,conversation_id,created_at,id,in_reply_to_user_id,public_metrics,lang,text&expansions=author_id&user.fields=id,name,username,created_at&start_time=2023-11-11T00:00:00.00Z&end_time=2023-11-12T00:00:00.00Z&next_token=1234567890abcdef
[2023-11-14T16:05:13.507-0300] {twitter_hook.py:47} INFO - URL: https://labdados.com/2/tweets/search/recent?query=datascience&tweet.fields=author_id,conversation_id,created_at,id,in_reply_to_user_id,public_metrics,lang,text&expansions=author_id&user.fields=id,name,username,created_at&start_time=2023-11-11T00:00:00.00Z&end_time=2023-11-12T00:00:00.00Z&next_token=1234567890abcdef
[2023-11-14T16:05:13.641-0300] {twitter_hook.py:47} INFO - URL: https://labdados.com/2/tweets/search/recent?query=datascience&tweet.fields=author_id,conversation_id,created_at,id,in_reply_to_user_id,public_metrics,lang,text&expansions=author_id&user.fields=id,name,username,created_at&start_time=2023-11-11T00:00:00.00Z&end_time=2023-11-12T00:00:00.00Z&next_token=1234567890abcdef
[2023-11-14T16:05:13.778-0300] {twitter_hook.py:47} INFO - URL: https://labdados.com/2/tweets/search/recent?query=datascience&tweet.fields=author_id,conversation_id,created_at,id,in_reply_to_user_id,public_metrics,lang,text&expansions=author_id&user.fields=id,name,username,created_at&start_time=2023-11-11T00:00:00.00Z&end_time=2023-11-12T00:00:00.00Z&next_token=1234567890abcdef
[2023-11-14T16:05:13.914-0300] {twitter_hook.py:47} INFO - URL: https://labdados.com/2/tweets/search/recent?query=datascience&tweet.fields=author_id,conversation_id,created_at,id,in_reply_to_user_id,public_metrics,lang,text&expansions=author_id&user.fields=id,name,username,created_at&start_time=2023-11-11T00:00:00.00Z&end_time=2023-11-12T00:00:00.00Z&next_token=1234567890abcdef
[2023-11-14T16:05:14.047-0300] {twitter_hook.py:47} INFO - URL: https://labdados.com/2/tweets/search/recent?query=datascience&tweet.fields=author_id,conversation_id,created_at,id,in_reply_to_user_id,public_metrics,lang,text&expansions=author_id&user.fields=id,name,username,created_at&start_time=2023-11-11T00:00:00.00Z&end_time=2023-11-12T00:00:00.00Z&next_token=1234567890abcdef
[2023-11-14T16:05:14.180-0300] {twitter_hook.py:47} INFO - URL: https://labdados.com/2/tweets/search/recent?query=datascience&tweet.fields=author_id,conversation_id,created_at,id,in_reply_to_user_id,public_metrics,lang,text&expansions=author_id&user.fields=id,name,username,created_at&start_time=2023-11-11T00:00:00.00Z&end_time=2023-11-12T00:00:00.00Z&next_token=1234567890abcdef
[2023-11-14T16:05:14.314-0300] {twitter_hook.py:47} INFO - URL: https://labdados.com/2/tweets/search/recent?query=datascience&tweet.fields=author_id,conversation_id,created_at,id,in_reply_to_user_id,public_metrics,lang,text&expansions=author_id&user.fields=id,name,username,created_at&start_time=2023-11-11T00:00:00.00Z&end_time=2023-11-12T00:00:00.00Z&next_token=1234567890abcdef
[2023-11-14T16:05:14.451-0300] {twitter_hook.py:47} INFO - URL: https://labdados.com/2/tweets/search/recent?query=datascience&tweet.fields=author_id,conversation_id,created_at,id,in_reply_to_user_id,public_metrics,lang,text&expansions=author_id&user.fields=id,name,username,created_at&start_time=2023-11-11T00:00:00.00Z&end_time=2023-11-12T00:00:00.00Z&next_token=1234567890abcdef
[2023-11-14T16:05:14.588-0300] {twitter_hook.py:47} INFO - URL: https://labdados.com/2/tweets/search/recent?query=datascience&tweet.fields=author_id,conversation_id,created_at,id,in_reply_to_user_id,public_metrics,lang,text&expansions=author_id&user.fields=id,name,username,created_at&start_time=2023-11-11T00:00:00.00Z&end_time=2023-11-12T00:00:00.00Z&next_token=1234567890abcdef
[2023-11-14T16:05:14.723-0300] {twitter_hook.py:47} INFO - URL: https://labdados.com/2/tweets/search/recent?query=datascience&tweet.fields=author_id,conversation_id,created_at,id,in_reply_to_user_id,public_metrics,lang,text&expansions=author_id&user.fields=id,name,username,created_at&start_time=2023-11-11T00:00:00.00Z&end_time=2023-11-12T00:00:00.00Z&next_token=1234567890abcdef
[2023-11-14T16:05:15.030-0300] {twitter_hook.py:47} INFO - URL: https://labdados.com/2/tweets/search/recent?query=datascience&tweet.fields=author_id,conversation_id,created_at,id,in_reply_to_user_id,public_metrics,lang,text&expansions=author_id&user.fields=id,name,username,created_at&start_time=2023-11-11T00:00:00.00Z&end_time=2023-11-12T00:00:00.00Z&next_token=1234567890abcdef
[2023-11-14T16:05:15.164-0300] {twitter_hook.py:47} INFO - URL: https://labdados.com/2/tweets/search/recent?query=datascience&tweet.fields=author_id,conversation_id,created_at,id,in_reply_to_user_id,public_metrics,lang,text&expansions=author_id&user.fields=id,name,username,created_at&start_time=2023-11-11T00:00:00.00Z&end_time=2023-11-12T00:00:00.00Z&next_token=1234567890abcdef
[2023-11-14T16:05:15.297-0300] {twitter_hook.py:47} INFO - URL: https://labdados.com/2/tweets/search/recent?query=datascience&tweet.fields=author_id,conversation_id,created_at,id,in_reply_to_user_id,public_metrics,lang,text&expansions=author_id&user.fields=id,name,username,created_at&start_time=2023-11-11T00:00:00.00Z&end_time=2023-11-12T00:00:00.00Z&next_token=1234567890abcdef
[2023-11-14T16:05:15.433-0300] {twitter_hook.py:47} INFO - URL: https://labdados.com/2/tweets/search/recent?query=datascience&tweet.fields=author_id,conversation_id,created_at,id,in_reply_to_user_id,public_metrics,lang,text&expansions=author_id&user.fields=id,name,username,created_at&start_time=2023-11-11T00:00:00.00Z&end_time=2023-11-12T00:00:00.00Z&next_token=1234567890abcdef
[2023-11-14T16:05:15.566-0300] {twitter_hook.py:47} INFO - URL: https://labdados.com/2/tweets/search/recent?query=datascience&tweet.fields=author_id,conversation_id,created_at,id,in_reply_to_user_id,public_metrics,lang,text&expansions=author_id&user.fields=id,name,username,created_at&start_time=2023-11-11T00:00:00.00Z&end_time=2023-11-12T00:00:00.00Z&next_token=1234567890abcdef
[2023-11-14T16:05:15.702-0300] {twitter_hook.py:47} INFO - URL: https://labdados.com/2/tweets/search/recent?query=datascience&tweet.fields=author_id,conversation_id,created_at,id,in_reply_to_user_id,public_metrics,lang,text&expansions=author_id&user.fields=id,name,username,created_at&start_time=2023-11-11T00:00:00.00Z&end_time=2023-11-12T00:00:00.00Z&next_token=1234567890abcdef
[2023-11-14T16:05:15.842-0300] {twitter_hook.py:47} INFO - URL: https://labdados.com/2/tweets/search/recent?query=datascience&tweet.fields=author_id,conversation_id,created_at,id,in_reply_to_user_id,public_metrics,lang,text&expansions=author_id&user.fields=id,name,username,created_at&start_time=2023-11-11T00:00:00.00Z&end_time=2023-11-12T00:00:00.00Z&next_token=1234567890abcdef
[2023-11-14T16:05:15.976-0300] {twitter_hook.py:47} INFO - URL: https://labdados.com/2/tweets/search/recent?query=datascience&tweet.fields=author_id,conversation_id,created_at,id,in_reply_to_user_id,public_metrics,lang,text&expansions=author_id&user.fields=id,name,username,created_at&start_time=2023-11-11T00:00:00.00Z&end_time=2023-11-12T00:00:00.00Z&next_token=1234567890abcdef
[2023-11-14T16:05:16.110-0300] {twitter_hook.py:47} INFO - URL: https://labdados.com/2/tweets/search/recent?query=datascience&tweet.fields=author_id,conversation_id,created_at,id,in_reply_to_user_id,public_metrics,lang,text&expansions=author_id&user.fields=id,name,username,created_at&start_time=2023-11-11T00:00:00.00Z&end_time=2023-11-12T00:00:00.00Z&next_token=1234567890abcdef
[2023-11-14T16:05:16.245-0300] {twitter_hook.py:47} INFO - URL: https://labdados.com/2/tweets/search/recent?query=datascience&tweet.fields=author_id,conversation_id,created_at,id,in_reply_to_user_id,public_metrics,lang,text&expansions=author_id&user.fields=id,name,username,created_at&start_time=2023-11-11T00:00:00.00Z&end_time=2023-11-12T00:00:00.00Z&next_token=1234567890abcdef
[2023-11-14T16:05:16.380-0300] {twitter_hook.py:47} INFO - URL: https://labdados.com/2/tweets/search/recent?query=datascience&tweet.fields=author_id,conversation_id,created_at,id,in_reply_to_user_id,public_metrics,lang,text&expansions=author_id&user.fields=id,name,username,created_at&start_time=2023-11-11T00:00:00.00Z&end_time=2023-11-12T00:00:00.00Z&next_token=1234567890abcdef
[2023-11-14T16:05:16.517-0300] {twitter_hook.py:47} INFO - URL: https://labdados.com/2/tweets/search/recent?query=datascience&tweet.fields=author_id,conversation_id,created_at,id,in_reply_to_user_id,public_metrics,lang,text&expansions=author_id&user.fields=id,name,username,created_at&start_time=2023-11-11T00:00:00.00Z&end_time=2023-11-12T00:00:00.00Z&next_token=1234567890abcdef
[2023-11-14T16:05:16.655-0300] {twitter_hook.py:47} INFO - URL: https://labdados.com/2/tweets/search/recent?query=datascience&tweet.fields=author_id,conversation_id,created_at,id,in_reply_to_user_id,public_metrics,lang,text&expansions=author_id&user.fields=id,name,username,created_at&start_time=2023-11-11T00:00:00.00Z&end_time=2023-11-12T00:00:00.00Z&next_token=1234567890abcdef
[2023-11-14T16:05:16.795-0300] {twitter_hook.py:47} INFO - URL: https://labdados.com/2/tweets/search/recent?query=datascience&tweet.fields=author_id,conversation_id,created_at,id,in_reply_to_user_id,public_metrics,lang,text&expansions=author_id&user.fields=id,name,username,created_at&start_time=2023-11-11T00:00:00.00Z&end_time=2023-11-12T00:00:00.00Z&next_token=1234567890abcdef
[2023-11-14T16:05:16.929-0300] {twitter_hook.py:47} INFO - URL: https://labdados.com/2/tweets/search/recent?query=datascience&tweet.fields=author_id,conversation_id,created_at,id,in_reply_to_user_id,public_metrics,lang,text&expansions=author_id&user.fields=id,name,username,created_at&start_time=2023-11-11T00:00:00.00Z&end_time=2023-11-12T00:00:00.00Z&next_token=1234567890abcdef
[2023-11-14T16:05:17.063-0300] {twitter_hook.py:47} INFO - URL: https://labdados.com/2/tweets/search/recent?query=datascience&tweet.fields=author_id,conversation_id,created_at,id,in_reply_to_user_id,public_metrics,lang,text&expansions=author_id&user.fields=id,name,username,created_at&start_time=2023-11-11T00:00:00.00Z&end_time=2023-11-12T00:00:00.00Z&next_token=1234567890abcdef
[2023-11-14T16:05:17.197-0300] {twitter_hook.py:47} INFO - URL: https://labdados.com/2/tweets/search/recent?query=datascience&tweet.fields=author_id,conversation_id,created_at,id,in_reply_to_user_id,public_metrics,lang,text&expansions=author_id&user.fields=id,name,username,created_at&start_time=2023-11-11T00:00:00.00Z&end_time=2023-11-12T00:00:00.00Z&next_token=1234567890abcdef
[2023-11-14T16:05:17.333-0300] {twitter_hook.py:47} INFO - URL: https://labdados.com/2/tweets/search/recent?query=datascience&tweet.fields=author_id,conversation_id,created_at,id,in_reply_to_user_id,public_metrics,lang,text&expansions=author_id&user.fields=id,name,username,created_at&start_time=2023-11-11T00:00:00.00Z&end_time=2023-11-12T00:00:00.00Z&next_token=1234567890abcdef
[2023-11-14T16:05:17.473-0300] {twitter_hook.py:47} INFO - URL: https://labdados.com/2/tweets/search/recent?query=datascience&tweet.fields=author_id,conversation_id,created_at,id,in_reply_to_user_id,public_metrics,lang,text&expansions=author_id&user.fields=id,name,username,created_at&start_time=2023-11-11T00:00:00.00Z&end_time=2023-11-12T00:00:00.00Z&next_token=1234567890abcdef
[2023-11-14T16:05:17.611-0300] {twitter_hook.py:47} INFO - URL: https://labdados.com/2/tweets/search/recent?query=datascience&tweet.fields=author_id,conversation_id,created_at,id,in_reply_to_user_id,public_metrics,lang,text&expansions=author_id&user.fields=id,name,username,created_at&start_time=2023-11-11T00:00:00.00Z&end_time=2023-11-12T00:00:00.00Z&next_token=1234567890abcdef
[2023-11-14T16:05:17.751-0300] {twitter_hook.py:47} INFO - URL: https://labdados.com/2/tweets/search/recent?query=datascience&tweet.fields=author_id,conversation_id,created_at,id,in_reply_to_user_id,public_metrics,lang,text&expansions=author_id&user.fields=id,name,username,created_at&start_time=2023-11-11T00:00:00.00Z&end_time=2023-11-12T00:00:00.00Z&next_token=1234567890abcdef
[2023-11-14T16:05:17.887-0300] {twitter_hook.py:47} INFO - URL: https://labdados.com/2/tweets/search/recent?query=datascience&tweet.fields=author_id,conversation_id,created_at,id,in_reply_to_user_id,public_metrics,lang,text&expansions=author_id&user.fields=id,name,username,created_at&start_time=2023-11-11T00:00:00.00Z&end_time=2023-11-12T00:00:00.00Z&next_token=1234567890abcdef
[2023-11-14T16:05:18.024-0300] {twitter_hook.py:47} INFO - URL: https://labdados.com/2/tweets/search/recent?query=datascience&tweet.fields=author_id,conversation_id,created_at,id,in_reply_to_user_id,public_metrics,lang,text&expansions=author_id&user.fields=id,name,username,created_at&start_time=2023-11-11T00:00:00.00Z&end_time=2023-11-12T00:00:00.00Z&next_token=1234567890abcdef
[2023-11-14T16:05:18.165-0300] {twitter_hook.py:47} INFO - URL: https://labdados.com/2/tweets/search/recent?query=datascience&tweet.fields=author_id,conversation_id,created_at,id,in_reply_to_user_id,public_metrics,lang,text&expansions=author_id&user.fields=id,name,username,created_at&start_time=2023-11-11T00:00:00.00Z&end_time=2023-11-12T00:00:00.00Z&next_token=1234567890abcdef
[2023-11-14T16:05:18.304-0300] {twitter_hook.py:47} INFO - URL: https://labdados.com/2/tweets/search/recent?query=datascience&tweet.fields=author_id,conversation_id,created_at,id,in_reply_to_user_id,public_metrics,lang,text&expansions=author_id&user.fields=id,name,username,created_at&start_time=2023-11-11T00:00:00.00Z&end_time=2023-11-12T00:00:00.00Z&next_token=1234567890abcdef
[2023-11-14T16:05:18.443-0300] {twitter_hook.py:47} INFO - URL: https://labdados.com/2/tweets/search/recent?query=datascience&tweet.fields=author_id,conversation_id,created_at,id,in_reply_to_user_id,public_metrics,lang,text&expansions=author_id&user.fields=id,name,username,created_at&start_time=2023-11-11T00:00:00.00Z&end_time=2023-11-12T00:00:00.00Z&next_token=1234567890abcdef
[2023-11-14T16:05:18.582-0300] {twitter_hook.py:47} INFO - URL: https://labdados.com/2/tweets/search/recent?query=datascience&tweet.fields=author_id,conversation_id,created_at,id,in_reply_to_user_id,public_metrics,lang,text&expansions=author_id&user.fields=id,name,username,created_at&start_time=2023-11-11T00:00:00.00Z&end_time=2023-11-12T00:00:00.00Z&next_token=1234567890abcdef
[2023-11-14T16:05:18.720-0300] {twitter_hook.py:47} INFO - URL: https://labdados.com/2/tweets/search/recent?query=datascience&tweet.fields=author_id,conversation_id,created_at,id,in_reply_to_user_id,public_metrics,lang,text&expansions=author_id&user.fields=id,name,username,created_at&start_time=2023-11-11T00:00:00.00Z&end_time=2023-11-12T00:00:00.00Z&next_token=1234567890abcdef
[2023-11-14T16:05:18.859-0300] {twitter_hook.py:47} INFO - URL: https://labdados.com/2/tweets/search/recent?query=datascience&tweet.fields=author_id,conversation_id,created_at,id,in_reply_to_user_id,public_metrics,lang,text&expansions=author_id&user.fields=id,name,username,created_at&start_time=2023-11-11T00:00:00.00Z&end_time=2023-11-12T00:00:00.00Z&next_token=1234567890abcdef
[2023-11-14T16:05:19.486-0300] {twitter_hook.py:47} INFO - URL: https://labdados.com/2/tweets/search/recent?query=datascience&tweet.fields=author_id,conversation_id,created_at,id,in_reply_to_user_id,public_metrics,lang,text&expansions=author_id&user.fields=id,name,username,created_at&start_time=2023-11-11T00:00:00.00Z&end_time=2023-11-12T00:00:00.00Z&next_token=1234567890abcdef
[2023-11-14T16:05:19.619-0300] {twitter_hook.py:47} INFO - URL: https://labdados.com/2/tweets/search/recent?query=datascience&tweet.fields=author_id,conversation_id,created_at,id,in_reply_to_user_id,public_metrics,lang,text&expansions=author_id&user.fields=id,name,username,created_at&start_time=2023-11-11T00:00:00.00Z&end_time=2023-11-12T00:00:00.00Z&next_token=1234567890abcdef
[2023-11-14T16:05:19.757-0300] {twitter_hook.py:47} INFO - URL: https://labdados.com/2/tweets/search/recent?query=datascience&tweet.fields=author_id,conversation_id,created_at,id,in_reply_to_user_id,public_metrics,lang,text&expansions=author_id&user.fields=id,name,username,created_at&start_time=2023-11-11T00:00:00.00Z&end_time=2023-11-12T00:00:00.00Z&next_token=1234567890abcdef
[2023-11-14T16:05:19.894-0300] {twitter_hook.py:47} INFO - URL: https://labdados.com/2/tweets/search/recent?query=datascience&tweet.fields=author_id,conversation_id,created_at,id,in_reply_to_user_id,public_metrics,lang,text&expansions=author_id&user.fields=id,name,username,created_at&start_time=2023-11-11T00:00:00.00Z&end_time=2023-11-12T00:00:00.00Z&next_token=1234567890abcdef
[2023-11-14T16:05:20.030-0300] {twitter_hook.py:47} INFO - URL: https://labdados.com/2/tweets/search/recent?query=datascience&tweet.fields=author_id,conversation_id,created_at,id,in_reply_to_user_id,public_metrics,lang,text&expansions=author_id&user.fields=id,name,username,created_at&start_time=2023-11-11T00:00:00.00Z&end_time=2023-11-12T00:00:00.00Z&next_token=1234567890abcdef
[2023-11-14T16:05:20.168-0300] {twitter_hook.py:47} INFO - URL: https://labdados.com/2/tweets/search/recent?query=datascience&tweet.fields=author_id,conversation_id,created_at,id,in_reply_to_user_id,public_metrics,lang,text&expansions=author_id&user.fields=id,name,username,created_at&start_time=2023-11-11T00:00:00.00Z&end_time=2023-11-12T00:00:00.00Z&next_token=1234567890abcdef
[2023-11-14T16:05:20.304-0300] {twitter_hook.py:47} INFO - URL: https://labdados.com/2/tweets/search/recent?query=datascience&tweet.fields=author_id,conversation_id,created_at,id,in_reply_to_user_id,public_metrics,lang,text&expansions=author_id&user.fields=id,name,username,created_at&start_time=2023-11-11T00:00:00.00Z&end_time=2023-11-12T00:00:00.00Z&next_token=1234567890abcdef
[2023-11-14T16:05:20.438-0300] {twitter_hook.py:47} INFO - URL: https://labdados.com/2/tweets/search/recent?query=datascience&tweet.fields=author_id,conversation_id,created_at,id,in_reply_to_user_id,public_metrics,lang,text&expansions=author_id&user.fields=id,name,username,created_at&start_time=2023-11-11T00:00:00.00Z&end_time=2023-11-12T00:00:00.00Z&next_token=1234567890abcdef
[2023-11-14T16:05:20.573-0300] {twitter_hook.py:47} INFO - URL: https://labdados.com/2/tweets/search/recent?query=datascience&tweet.fields=author_id,conversation_id,created_at,id,in_reply_to_user_id,public_metrics,lang,text&expansions=author_id&user.fields=id,name,username,created_at&start_time=2023-11-11T00:00:00.00Z&end_time=2023-11-12T00:00:00.00Z&next_token=1234567890abcdef
[2023-11-14T16:05:20.707-0300] {twitter_hook.py:47} INFO - URL: https://labdados.com/2/tweets/search/recent?query=datascience&tweet.fields=author_id,conversation_id,created_at,id,in_reply_to_user_id,public_metrics,lang,text&expansions=author_id&user.fields=id,name,username,created_at&start_time=2023-11-11T00:00:00.00Z&end_time=2023-11-12T00:00:00.00Z&next_token=1234567890abcdef
[2023-11-14T16:05:20.842-0300] {twitter_hook.py:47} INFO - URL: https://labdados.com/2/tweets/search/recent?query=datascience&tweet.fields=author_id,conversation_id,created_at,id,in_reply_to_user_id,public_metrics,lang,text&expansions=author_id&user.fields=id,name,username,created_at&start_time=2023-11-11T00:00:00.00Z&end_time=2023-11-12T00:00:00.00Z&next_token=1234567890abcdef
[2023-11-14T16:05:20.981-0300] {twitter_hook.py:47} INFO - URL: https://labdados.com/2/tweets/search/recent?query=datascience&tweet.fields=author_id,conversation_id,created_at,id,in_reply_to_user_id,public_metrics,lang,text&expansions=author_id&user.fields=id,name,username,created_at&start_time=2023-11-11T00:00:00.00Z&end_time=2023-11-12T00:00:00.00Z&next_token=1234567890abcdef
[2023-11-14T16:05:21.118-0300] {twitter_hook.py:47} INFO - URL: https://labdados.com/2/tweets/search/recent?query=datascience&tweet.fields=author_id,conversation_id,created_at,id,in_reply_to_user_id,public_metrics,lang,text&expansions=author_id&user.fields=id,name,username,created_at&start_time=2023-11-11T00:00:00.00Z&end_time=2023-11-12T00:00:00.00Z&next_token=1234567890abcdef
[2023-11-14T16:05:21.256-0300] {twitter_hook.py:47} INFO - URL: https://labdados.com/2/tweets/search/recent?query=datascience&tweet.fields=author_id,conversation_id,created_at,id,in_reply_to_user_id,public_metrics,lang,text&expansions=author_id&user.fields=id,name,username,created_at&start_time=2023-11-11T00:00:00.00Z&end_time=2023-11-12T00:00:00.00Z&next_token=1234567890abcdef
[2023-11-14T16:05:21.392-0300] {twitter_hook.py:47} INFO - URL: https://labdados.com/2/tweets/search/recent?query=datascience&tweet.fields=author_id,conversation_id,created_at,id,in_reply_to_user_id,public_metrics,lang,text&expansions=author_id&user.fields=id,name,username,created_at&start_time=2023-11-11T00:00:00.00Z&end_time=2023-11-12T00:00:00.00Z&next_token=1234567890abcdef
[2023-11-14T16:05:21.528-0300] {twitter_hook.py:47} INFO - URL: https://labdados.com/2/tweets/search/recent?query=datascience&tweet.fields=author_id,conversation_id,created_at,id,in_reply_to_user_id,public_metrics,lang,text&expansions=author_id&user.fields=id,name,username,created_at&start_time=2023-11-11T00:00:00.00Z&end_time=2023-11-12T00:00:00.00Z&next_token=1234567890abcdef
[2023-11-14T16:05:21.668-0300] {twitter_hook.py:47} INFO - URL: https://labdados.com/2/tweets/search/recent?query=datascience&tweet.fields=author_id,conversation_id,created_at,id,in_reply_to_user_id,public_metrics,lang,text&expansions=author_id&user.fields=id,name,username,created_at&start_time=2023-11-11T00:00:00.00Z&end_time=2023-11-12T00:00:00.00Z&next_token=1234567890abcdef
[2023-11-14T16:05:21.806-0300] {twitter_hook.py:47} INFO - URL: https://labdados.com/2/tweets/search/recent?query=datascience&tweet.fields=author_id,conversation_id,created_at,id,in_reply_to_user_id,public_metrics,lang,text&expansions=author_id&user.fields=id,name,username,created_at&start_time=2023-11-11T00:00:00.00Z&end_time=2023-11-12T00:00:00.00Z&next_token=1234567890abcdef
[2023-11-14T16:05:21.947-0300] {twitter_hook.py:47} INFO - URL: https://labdados.com/2/tweets/search/recent?query=datascience&tweet.fields=author_id,conversation_id,created_at,id,in_reply_to_user_id,public_metrics,lang,text&expansions=author_id&user.fields=id,name,username,created_at&start_time=2023-11-11T00:00:00.00Z&end_time=2023-11-12T00:00:00.00Z&next_token=1234567890abcdef
[2023-11-14T16:05:22.085-0300] {twitter_hook.py:47} INFO - URL: https://labdados.com/2/tweets/search/recent?query=datascience&tweet.fields=author_id,conversation_id,created_at,id,in_reply_to_user_id,public_metrics,lang,text&expansions=author_id&user.fields=id,name,username,created_at&start_time=2023-11-11T00:00:00.00Z&end_time=2023-11-12T00:00:00.00Z&next_token=1234567890abcdef
[2023-11-14T16:05:22.221-0300] {twitter_hook.py:47} INFO - URL: https://labdados.com/2/tweets/search/recent?query=datascience&tweet.fields=author_id,conversation_id,created_at,id,in_reply_to_user_id,public_metrics,lang,text&expansions=author_id&user.fields=id,name,username,created_at&start_time=2023-11-11T00:00:00.00Z&end_time=2023-11-12T00:00:00.00Z&next_token=1234567890abcdef
[2023-11-14T16:05:22.357-0300] {twitter_hook.py:47} INFO - URL: https://labdados.com/2/tweets/search/recent?query=datascience&tweet.fields=author_id,conversation_id,created_at,id,in_reply_to_user_id,public_metrics,lang,text&expansions=author_id&user.fields=id,name,username,created_at&start_time=2023-11-11T00:00:00.00Z&end_time=2023-11-12T00:00:00.00Z&next_token=1234567890abcdef
[2023-11-14T16:05:22.494-0300] {twitter_hook.py:47} INFO - URL: https://labdados.com/2/tweets/search/recent?query=datascience&tweet.fields=author_id,conversation_id,created_at,id,in_reply_to_user_id,public_metrics,lang,text&expansions=author_id&user.fields=id,name,username,created_at&start_time=2023-11-11T00:00:00.00Z&end_time=2023-11-12T00:00:00.00Z&next_token=1234567890abcdef
[2023-11-14T16:05:22.631-0300] {twitter_hook.py:47} INFO - URL: https://labdados.com/2/tweets/search/recent?query=datascience&tweet.fields=author_id,conversation_id,created_at,id,in_reply_to_user_id,public_metrics,lang,text&expansions=author_id&user.fields=id,name,username,created_at&start_time=2023-11-11T00:00:00.00Z&end_time=2023-11-12T00:00:00.00Z&next_token=1234567890abcdef
[2023-11-14T16:05:22.769-0300] {twitter_hook.py:47} INFO - URL: https://labdados.com/2/tweets/search/recent?query=datascience&tweet.fields=author_id,conversation_id,created_at,id,in_reply_to_user_id,public_metrics,lang,text&expansions=author_id&user.fields=id,name,username,created_at&start_time=2023-11-11T00:00:00.00Z&end_time=2023-11-12T00:00:00.00Z&next_token=1234567890abcdef
[2023-11-14T16:05:22.909-0300] {twitter_hook.py:47} INFO - URL: https://labdados.com/2/tweets/search/recent?query=datascience&tweet.fields=author_id,conversation_id,created_at,id,in_reply_to_user_id,public_metrics,lang,text&expansions=author_id&user.fields=id,name,username,created_at&start_time=2023-11-11T00:00:00.00Z&end_time=2023-11-12T00:00:00.00Z&next_token=1234567890abcdef
[2023-11-14T16:05:23.044-0300] {twitter_hook.py:47} INFO - URL: https://labdados.com/2/tweets/search/recent?query=datascience&tweet.fields=author_id,conversation_id,created_at,id,in_reply_to_user_id,public_metrics,lang,text&expansions=author_id&user.fields=id,name,username,created_at&start_time=2023-11-11T00:00:00.00Z&end_time=2023-11-12T00:00:00.00Z&next_token=1234567890abcdef
[2023-11-14T16:05:23.178-0300] {twitter_hook.py:47} INFO - URL: https://labdados.com/2/tweets/search/recent?query=datascience&tweet.fields=author_id,conversation_id,created_at,id,in_reply_to_user_id,public_metrics,lang,text&expansions=author_id&user.fields=id,name,username,created_at&start_time=2023-11-11T00:00:00.00Z&end_time=2023-11-12T00:00:00.00Z&next_token=1234567890abcdef
[2023-11-14T16:05:23.311-0300] {twitter_hook.py:47} INFO - URL: https://labdados.com/2/tweets/search/recent?query=datascience&tweet.fields=author_id,conversation_id,created_at,id,in_reply_to_user_id,public_metrics,lang,text&expansions=author_id&user.fields=id,name,username,created_at&start_time=2023-11-11T00:00:00.00Z&end_time=2023-11-12T00:00:00.00Z&next_token=1234567890abcdef
[2023-11-14T16:05:23.445-0300] {twitter_hook.py:47} INFO - URL: https://labdados.com/2/tweets/search/recent?query=datascience&tweet.fields=author_id,conversation_id,created_at,id,in_reply_to_user_id,public_metrics,lang,text&expansions=author_id&user.fields=id,name,username,created_at&start_time=2023-11-11T00:00:00.00Z&end_time=2023-11-12T00:00:00.00Z&next_token=1234567890abcdef
[2023-11-14T16:05:23.581-0300] {twitter_hook.py:47} INFO - URL: https://labdados.com/2/tweets/search/recent?query=datascience&tweet.fields=author_id,conversation_id,created_at,id,in_reply_to_user_id,public_metrics,lang,text&expansions=author_id&user.fields=id,name,username,created_at&start_time=2023-11-11T00:00:00.00Z&end_time=2023-11-12T00:00:00.00Z&next_token=1234567890abcdef
[2023-11-14T16:05:23.717-0300] {twitter_hook.py:47} INFO - URL: https://labdados.com/2/tweets/search/recent?query=datascience&tweet.fields=author_id,conversation_id,created_at,id,in_reply_to_user_id,public_metrics,lang,text&expansions=author_id&user.fields=id,name,username,created_at&start_time=2023-11-11T00:00:00.00Z&end_time=2023-11-12T00:00:00.00Z&next_token=1234567890abcdef
[2023-11-14T16:05:23.852-0300] {twitter_hook.py:47} INFO - URL: https://labdados.com/2/tweets/search/recent?query=datascience&tweet.fields=author_id,conversation_id,created_at,id,in_reply_to_user_id,public_metrics,lang,text&expansions=author_id&user.fields=id,name,username,created_at&start_time=2023-11-11T00:00:00.00Z&end_time=2023-11-12T00:00:00.00Z&next_token=1234567890abcdef
[2023-11-14T16:05:23.985-0300] {twitter_hook.py:47} INFO - URL: https://labdados.com/2/tweets/search/recent?query=datascience&tweet.fields=author_id,conversation_id,created_at,id,in_reply_to_user_id,public_metrics,lang,text&expansions=author_id&user.fields=id,name,username,created_at&start_time=2023-11-11T00:00:00.00Z&end_time=2023-11-12T00:00:00.00Z&next_token=1234567890abcdef
[2023-11-14T16:05:24.119-0300] {twitter_hook.py:47} INFO - URL: https://labdados.com/2/tweets/search/recent?query=datascience&tweet.fields=author_id,conversation_id,created_at,id,in_reply_to_user_id,public_metrics,lang,text&expansions=author_id&user.fields=id,name,username,created_at&start_time=2023-11-11T00:00:00.00Z&end_time=2023-11-12T00:00:00.00Z&next_token=1234567890abcdef
[2023-11-14T16:05:24.252-0300] {twitter_hook.py:47} INFO - URL: https://labdados.com/2/tweets/search/recent?query=datascience&tweet.fields=author_id,conversation_id,created_at,id,in_reply_to_user_id,public_metrics,lang,text&expansions=author_id&user.fields=id,name,username,created_at&start_time=2023-11-11T00:00:00.00Z&end_time=2023-11-12T00:00:00.00Z&next_token=1234567890abcdef
[2023-11-14T16:05:24.388-0300] {twitter_hook.py:47} INFO - URL: https://labdados.com/2/tweets/search/recent?query=datascience&tweet.fields=author_id,conversation_id,created_at,id,in_reply_to_user_id,public_metrics,lang,text&expansions=author_id&user.fields=id,name,username,created_at&start_time=2023-11-11T00:00:00.00Z&end_time=2023-11-12T00:00:00.00Z&next_token=1234567890abcdef
[2023-11-14T16:05:24.526-0300] {twitter_hook.py:47} INFO - URL: https://labdados.com/2/tweets/search/recent?query=datascience&tweet.fields=author_id,conversation_id,created_at,id,in_reply_to_user_id,public_metrics,lang,text&expansions=author_id&user.fields=id,name,username,created_at&start_time=2023-11-11T00:00:00.00Z&end_time=2023-11-12T00:00:00.00Z&next_token=1234567890abcdef
[2023-11-14T16:05:24.664-0300] {twitter_hook.py:47} INFO - URL: https://labdados.com/2/tweets/search/recent?query=datascience&tweet.fields=author_id,conversation_id,created_at,id,in_reply_to_user_id,public_metrics,lang,text&expansions=author_id&user.fields=id,name,username,created_at&start_time=2023-11-11T00:00:00.00Z&end_time=2023-11-12T00:00:00.00Z&next_token=1234567890abcdef
[2023-11-14T16:05:24.801-0300] {twitter_hook.py:47} INFO - URL: https://labdados.com/2/tweets/search/recent?query=datascience&tweet.fields=author_id,conversation_id,created_at,id,in_reply_to_user_id,public_metrics,lang,text&expansions=author_id&user.fields=id,name,username,created_at&start_time=2023-11-11T00:00:00.00Z&end_time=2023-11-12T00:00:00.00Z&next_token=1234567890abcdef
[2023-11-14T16:05:24.961-0300] {taskinstance.py:1400} INFO - Marking task as SUCCESS. dag_id=TwitterDAG, task_id=twitter_extract_datascience, execution_date=20231111T000000, start_date=20231114T190510, end_date=20231114T190524
[2023-11-14T16:05:24.981-0300] {local_task_job_runner.py:228} INFO - Task exited with return code 0
[2023-11-14T16:05:24.989-0300] {taskinstance.py:2778} INFO - 1 downstream tasks scheduled from follow-on schedule check
[2023-11-14T16:09:30.237-0300] {taskinstance.py:1159} INFO - Dependencies all met for dep_context=non-requeueable deps ti=<TaskInstance: TwitterDAG.twitter_extract_datascience scheduled__2023-11-11T00:00:00+00:00 [queued]>
[2023-11-14T16:09:30.244-0300] {taskinstance.py:1159} INFO - Dependencies all met for dep_context=requeueable deps ti=<TaskInstance: TwitterDAG.twitter_extract_datascience scheduled__2023-11-11T00:00:00+00:00 [queued]>
[2023-11-14T16:09:30.244-0300] {taskinstance.py:1361} INFO - Starting attempt 1 of 1
[2023-11-14T16:09:30.261-0300] {taskinstance.py:1382} INFO - Executing <Task(TwitterOperator): twitter_extract_datascience> on 2023-11-11 00:00:00+00:00
[2023-11-14T16:09:30.263-0300] {standard_task_runner.py:57} INFO - Started process 18715 to run task
[2023-11-14T16:09:30.265-0300] {standard_task_runner.py:84} INFO - Running: ['airflow', 'tasks', 'run', 'TwitterDAG', 'twitter_extract_datascience', 'scheduled__2023-11-11T00:00:00+00:00', '--job-id', '28', '--raw', '--subdir', 'DAGS_FOLDER/twitter_dag.py', '--cfg-path', '/tmp/tmpd355_08l']
[2023-11-14T16:09:30.266-0300] {standard_task_runner.py:85} INFO - Job 28: Subtask twitter_extract_datascience
[2023-11-14T16:09:30.294-0300] {task_command.py:416} INFO - Running <TaskInstance: TwitterDAG.twitter_extract_datascience scheduled__2023-11-11T00:00:00+00:00 [running]> on host MI0118G-ATIC.gabaer.intraer
[2023-11-14T16:09:30.348-0300] {taskinstance.py:1662} INFO - Exporting env vars: AIRFLOW_CTX_DAG_OWNER='airflow' AIRFLOW_CTX_DAG_ID='TwitterDAG' AIRFLOW_CTX_TASK_ID='twitter_extract_datascience' AIRFLOW_CTX_EXECUTION_DATE='2023-11-11T00:00:00+00:00' AIRFLOW_CTX_TRY_NUMBER='1' AIRFLOW_CTX_DAG_RUN_ID='scheduled__2023-11-11T00:00:00+00:00'
[2023-11-14T16:09:30.351-0300] {base.py:73} INFO - Using connection ID 'twitter_default' for task execution.
[2023-11-14T16:09:30.352-0300] {twitter_hook.py:47} INFO - URL: https://labdados.com/2/tweets/search/recent?query=datascience&tweet.fields=author_id,conversation_id,created_at,id,in_reply_to_user_id,public_metrics,lang,text&expansions=author_id&user.fields=id,name,username,created_at&start_time=2023-11-11T00:00:00.00Z&end_time=2023-11-12T00:00:00.00Z
[2023-11-14T16:09:30.791-0300] {taskinstance.py:1400} INFO - Marking task as SUCCESS. dag_id=TwitterDAG, task_id=twitter_extract_datascience, execution_date=20231111T000000, start_date=20231114T190930, end_date=20231114T190930
[2023-11-14T16:09:30.840-0300] {local_task_job_runner.py:228} INFO - Task exited with return code 0
[2023-11-14T16:09:30.854-0300] {taskinstance.py:2778} INFO - 1 downstream tasks scheduled from follow-on schedule check
[2023-11-16T12:42:44.087-0300] {taskinstance.py:1159} INFO - Dependencies all met for dep_context=non-requeueable deps ti=<TaskInstance: TwitterDAG.twitter_extract_datascience scheduled__2023-11-11T00:00:00+00:00 [queued]>
[2023-11-16T12:42:44.092-0300] {taskinstance.py:1159} INFO - Dependencies all met for dep_context=requeueable deps ti=<TaskInstance: TwitterDAG.twitter_extract_datascience scheduled__2023-11-11T00:00:00+00:00 [queued]>
[2023-11-16T12:42:44.092-0300] {taskinstance.py:1361} INFO - Starting attempt 1 of 1
[2023-11-16T12:42:44.109-0300] {taskinstance.py:1382} INFO - Executing <Task(TwitterOperator): twitter_extract_datascience> on 2023-11-11 00:00:00+00:00
[2023-11-16T12:42:44.110-0300] {standard_task_runner.py:57} INFO - Started process 12306 to run task
[2023-11-16T12:42:44.113-0300] {standard_task_runner.py:84} INFO - Running: ['airflow', 'tasks', 'run', 'TwitterDAG', 'twitter_extract_datascience', 'scheduled__2023-11-11T00:00:00+00:00', '--job-id', '38', '--raw', '--subdir', 'DAGS_FOLDER/twitter_dag.py', '--cfg-path', '/tmp/tmph6hiuy1a']
[2023-11-16T12:42:44.114-0300] {standard_task_runner.py:85} INFO - Job 38: Subtask twitter_extract_datascience
[2023-11-16T12:42:44.145-0300] {task_command.py:416} INFO - Running <TaskInstance: TwitterDAG.twitter_extract_datascience scheduled__2023-11-11T00:00:00+00:00 [running]> on host MI0118G-ATIC.gabaer.intraer
[2023-11-16T12:42:44.201-0300] {taskinstance.py:1662} INFO - Exporting env vars: AIRFLOW_CTX_DAG_OWNER='airflow' AIRFLOW_CTX_DAG_ID='TwitterDAG' AIRFLOW_CTX_TASK_ID='twitter_extract_datascience' AIRFLOW_CTX_EXECUTION_DATE='2023-11-11T00:00:00+00:00' AIRFLOW_CTX_TRY_NUMBER='1' AIRFLOW_CTX_DAG_RUN_ID='scheduled__2023-11-11T00:00:00+00:00'
[2023-11-16T12:42:44.204-0300] {base.py:73} INFO - Using connection ID 'twitter_default' for task execution.
[2023-11-16T12:42:44.205-0300] {twitter_hook.py:47} INFO - URL: https://labdados.com/2/tweets/search/recent?query=datascience&tweet.fields=author_id,conversation_id,created_at,id,in_reply_to_user_id,public_metrics,lang,text&expansions=author_id&user.fields=id,name,username,created_at&start_time=2023-11-11T00:00:00.00Z&end_time=2023-11-12T00:00:00.00Z
[2023-11-16T12:42:44.624-0300] {taskinstance.py:1400} INFO - Marking task as SUCCESS. dag_id=TwitterDAG, task_id=twitter_extract_datascience, execution_date=20231111T000000, start_date=20231116T154244, end_date=20231116T154244
[2023-11-16T12:42:44.648-0300] {local_task_job_runner.py:228} INFO - Task exited with return code 0
[2023-11-16T12:42:44.661-0300] {taskinstance.py:2778} INFO - 1 downstream tasks scheduled from follow-on schedule check
