[2023-12-26T15:32:23.369-0300] {taskinstance.py:1159} INFO - Dependencies all met for dep_context=non-requeueable deps ti=<TaskInstance: TwitterDAG.twitter_transform_datascience scheduled__2023-12-22T00:00:00+00:00 [queued]>
[2023-12-26T15:32:23.373-0300] {taskinstance.py:1159} INFO - Dependencies all met for dep_context=requeueable deps ti=<TaskInstance: TwitterDAG.twitter_transform_datascience scheduled__2023-12-22T00:00:00+00:00 [queued]>
[2023-12-26T15:32:23.373-0300] {taskinstance.py:1361} INFO - Starting attempt 1 of 1
[2023-12-26T15:32:23.389-0300] {taskinstance.py:1382} INFO - Executing <Task(SparkSubmitOperator): twitter_transform_datascience> on 2023-12-22 00:00:00+00:00
[2023-12-26T15:32:23.391-0300] {standard_task_runner.py:57} INFO - Started process 8684 to run task
[2023-12-26T15:32:23.393-0300] {standard_task_runner.py:84} INFO - Running: ['airflow', 'tasks', 'run', 'TwitterDAG', 'twitter_transform_datascience', 'scheduled__2023-12-22T00:00:00+00:00', '--job-id', '14', '--raw', '--subdir', 'DAGS_FOLDER/twitter_dag.py', '--cfg-path', '/tmp/tmpoyxv9s4t']
[2023-12-26T15:32:23.394-0300] {standard_task_runner.py:85} INFO - Job 14: Subtask twitter_transform_datascience
[2023-12-26T15:32:23.426-0300] {task_command.py:416} INFO - Running <TaskInstance: TwitterDAG.twitter_transform_datascience scheduled__2023-12-22T00:00:00+00:00 [running]> on host MI0118G-ATIC.gabaer.intraer
[2023-12-26T15:32:23.548-0300] {taskinstance.py:1662} INFO - Exporting env vars: AIRFLOW_CTX_DAG_OWNER='airflow' AIRFLOW_CTX_DAG_ID='TwitterDAG' AIRFLOW_CTX_TASK_ID='twitter_transform_datascience' AIRFLOW_CTX_EXECUTION_DATE='2023-12-22T00:00:00+00:00' AIRFLOW_CTX_TRY_NUMBER='1' AIRFLOW_CTX_DAG_RUN_ID='scheduled__2023-12-22T00:00:00+00:00'
[2023-12-26T15:32:23.551-0300] {base.py:73} INFO - Using connection ID 'spark_default' for task execution.
[2023-12-26T15:32:23.552-0300] {spark_submit.py:351} INFO - Spark-Submit cmd: spark-submit --master yarn --name twitter_transformation --queue root.default /home/pedro/projetos/projetos_python/proj_twitter_pipeline/src/spark/transformation.py --origem /home/pedro/projetos/projetos_python/proj_twitter_pipeline/datalake/bronze/twitter_datascience/extract_date=2023-12-22 --destino /home/pedro/projetos/projetos_python/proj_twitter_pipeline/datalake/silver/twitter_datascience/ --process_date 2023-12-22
[2023-12-26T15:32:24.334-0300] {spark_submit.py:521} INFO - 23/12/26 15:32:24 WARN Utils: Your hostname, MI0118G-ATIC resolves to a loopback address: 127.0.1.1; using 172.21.232.236 instead (on interface eth0)
[2023-12-26T15:32:24.335-0300] {spark_submit.py:521} INFO - 23/12/26 15:32:24 WARN Utils: Set SPARK_LOCAL_IP if you need to bind to another address
[2023-12-26T15:32:24.375-0300] {spark_submit.py:521} INFO - Exception in thread "main" org.apache.spark.SparkException: When running with master 'yarn' either HADOOP_CONF_DIR or YARN_CONF_DIR must be set in the environment.
[2023-12-26T15:32:24.376-0300] {spark_submit.py:521} INFO - at org.apache.spark.deploy.SparkSubmitArguments.error(SparkSubmitArguments.scala:634)
[2023-12-26T15:32:24.376-0300] {spark_submit.py:521} INFO - at org.apache.spark.deploy.SparkSubmitArguments.validateSubmitArguments(SparkSubmitArguments.scala:274)
[2023-12-26T15:32:24.376-0300] {spark_submit.py:521} INFO - at org.apache.spark.deploy.SparkSubmitArguments.validateArguments(SparkSubmitArguments.scala:234)
[2023-12-26T15:32:24.376-0300] {spark_submit.py:521} INFO - at org.apache.spark.deploy.SparkSubmitArguments.<init>(SparkSubmitArguments.scala:119)
[2023-12-26T15:32:24.376-0300] {spark_submit.py:521} INFO - at org.apache.spark.deploy.SparkSubmit$$anon$2$$anon$3.<init>(SparkSubmit.scala:1037)
[2023-12-26T15:32:24.376-0300] {spark_submit.py:521} INFO - at org.apache.spark.deploy.SparkSubmit$$anon$2.parseArguments(SparkSubmit.scala:1037)
[2023-12-26T15:32:24.377-0300] {spark_submit.py:521} INFO - at org.apache.spark.deploy.SparkSubmit.doSubmit(SparkSubmit.scala:85)
[2023-12-26T15:32:24.377-0300] {spark_submit.py:521} INFO - at org.apache.spark.deploy.SparkSubmit$$anon$2.doSubmit(SparkSubmit.scala:1054)
[2023-12-26T15:32:24.377-0300] {spark_submit.py:521} INFO - at org.apache.spark.deploy.SparkSubmit$.main(SparkSubmit.scala:1063)
[2023-12-26T15:32:24.377-0300] {spark_submit.py:521} INFO - at org.apache.spark.deploy.SparkSubmit.main(SparkSubmit.scala)
[2023-12-26T15:32:24.388-0300] {taskinstance.py:1937} ERROR - Task failed with exception
Traceback (most recent call last):
  File "/home/pedro/projetos/projetos_python/proj_twitter_pipeline/venv/lib/python3.9/site-packages/airflow/providers/apache/spark/operators/spark_submit.py", line 160, in execute
    self._hook.submit(self._application)
  File "/home/pedro/projetos/projetos_python/proj_twitter_pipeline/venv/lib/python3.9/site-packages/airflow/providers/apache/spark/hooks/spark_submit.py", line 452, in submit
    raise AirflowException(
airflow.exceptions.AirflowException: Cannot execute: spark-submit --master yarn --name twitter_transformation --queue root.default /home/pedro/projetos/projetos_python/proj_twitter_pipeline/src/spark/transformation.py --origem /home/pedro/projetos/projetos_python/proj_twitter_pipeline/datalake/bronze/twitter_datascience/extract_date=2023-12-22 --destino /home/pedro/projetos/projetos_python/proj_twitter_pipeline/datalake/silver/twitter_datascience/ --process_date 2023-12-22. Error code is: 1.
[2023-12-26T15:32:24.390-0300] {taskinstance.py:1400} INFO - Marking task as FAILED. dag_id=TwitterDAG, task_id=twitter_transform_datascience, execution_date=20231222T000000, start_date=20231226T183223, end_date=20231226T183224
[2023-12-26T15:32:24.403-0300] {standard_task_runner.py:104} ERROR - Failed to execute job 14 for task twitter_transform_datascience (Cannot execute: spark-submit --master yarn --name twitter_transformation --queue root.default /home/pedro/projetos/projetos_python/proj_twitter_pipeline/src/spark/transformation.py --origem /home/pedro/projetos/projetos_python/proj_twitter_pipeline/datalake/bronze/twitter_datascience/extract_date=2023-12-22 --destino /home/pedro/projetos/projetos_python/proj_twitter_pipeline/datalake/silver/twitter_datascience/ --process_date 2023-12-22. Error code is: 1.; 8684)
[2023-12-26T15:32:24.410-0300] {local_task_job_runner.py:228} INFO - Task exited with return code 1
[2023-12-26T15:32:24.423-0300] {taskinstance.py:2778} INFO - 0 downstream tasks scheduled from follow-on schedule check
[2023-12-26T15:40:32.722-0300] {taskinstance.py:1159} INFO - Dependencies all met for dep_context=non-requeueable deps ti=<TaskInstance: TwitterDAG.twitter_transform_datascience scheduled__2023-12-22T00:00:00+00:00 [queued]>
[2023-12-26T15:40:32.727-0300] {taskinstance.py:1159} INFO - Dependencies all met for dep_context=requeueable deps ti=<TaskInstance: TwitterDAG.twitter_transform_datascience scheduled__2023-12-22T00:00:00+00:00 [queued]>
[2023-12-26T15:40:32.727-0300] {taskinstance.py:1361} INFO - Starting attempt 1 of 1
[2023-12-26T15:40:32.744-0300] {taskinstance.py:1382} INFO - Executing <Task(SparkSubmitOperator): twitter_transform_datascience> on 2023-12-22 00:00:00+00:00
[2023-12-26T15:40:32.750-0300] {standard_task_runner.py:57} INFO - Started process 11932 to run task
[2023-12-26T15:40:32.755-0300] {standard_task_runner.py:84} INFO - Running: ['airflow', 'tasks', 'run', 'TwitterDAG', 'twitter_transform_datascience', 'scheduled__2023-12-22T00:00:00+00:00', '--job-id', '14', '--raw', '--subdir', 'DAGS_FOLDER/twitter_dag.py', '--cfg-path', '/tmp/tmp8_pd9xh5']
[2023-12-26T15:40:32.756-0300] {standard_task_runner.py:85} INFO - Job 14: Subtask twitter_transform_datascience
[2023-12-26T15:40:32.790-0300] {task_command.py:416} INFO - Running <TaskInstance: TwitterDAG.twitter_transform_datascience scheduled__2023-12-22T00:00:00+00:00 [running]> on host MI0118G-ATIC.gabaer.intraer
[2023-12-26T15:40:32.943-0300] {taskinstance.py:1662} INFO - Exporting env vars: AIRFLOW_CTX_DAG_OWNER='airflow' AIRFLOW_CTX_DAG_ID='TwitterDAG' AIRFLOW_CTX_TASK_ID='twitter_transform_datascience' AIRFLOW_CTX_EXECUTION_DATE='2023-12-22T00:00:00+00:00' AIRFLOW_CTX_TRY_NUMBER='1' AIRFLOW_CTX_DAG_RUN_ID='scheduled__2023-12-22T00:00:00+00:00'
[2023-12-26T15:40:32.946-0300] {base.py:73} INFO - Using connection ID 'spark_default' for task execution.
[2023-12-26T15:40:32.947-0300] {spark_submit.py:351} INFO - Spark-Submit cmd: spark-submit --master yarn --name twitter_transformation --queue root.default /home/pedro/projetos/projetos_python/proj_twitter_pipeline/src/spark/transformation.py --origem /home/pedro/projetos/projetos_python/proj_twitter_pipeline/datalake/bronze/twitter_datascience/extract_date=2023-12-22 --destino /home/pedro/projetos/projetos_python/proj_twitter_pipeline/datalake/silver/twitter_datascience/ --process_date 2023-12-22
[2023-12-26T15:40:33.792-0300] {spark_submit.py:521} INFO - 23/12/26 15:40:33 WARN Utils: Your hostname, MI0118G-ATIC resolves to a loopback address: 127.0.1.1; using 172.21.232.236 instead (on interface eth0)
[2023-12-26T15:40:33.793-0300] {spark_submit.py:521} INFO - 23/12/26 15:40:33 WARN Utils: Set SPARK_LOCAL_IP if you need to bind to another address
[2023-12-26T15:40:33.832-0300] {spark_submit.py:521} INFO - Exception in thread "main" org.apache.spark.SparkException: When running with master 'yarn' either HADOOP_CONF_DIR or YARN_CONF_DIR must be set in the environment.
[2023-12-26T15:40:33.833-0300] {spark_submit.py:521} INFO - at org.apache.spark.deploy.SparkSubmitArguments.error(SparkSubmitArguments.scala:634)
[2023-12-26T15:40:33.833-0300] {spark_submit.py:521} INFO - at org.apache.spark.deploy.SparkSubmitArguments.validateSubmitArguments(SparkSubmitArguments.scala:274)
[2023-12-26T15:40:33.833-0300] {spark_submit.py:521} INFO - at org.apache.spark.deploy.SparkSubmitArguments.validateArguments(SparkSubmitArguments.scala:234)
[2023-12-26T15:40:33.834-0300] {spark_submit.py:521} INFO - at org.apache.spark.deploy.SparkSubmitArguments.<init>(SparkSubmitArguments.scala:119)
[2023-12-26T15:40:33.834-0300] {spark_submit.py:521} INFO - at org.apache.spark.deploy.SparkSubmit$$anon$2$$anon$3.<init>(SparkSubmit.scala:1037)
[2023-12-26T15:40:33.834-0300] {spark_submit.py:521} INFO - at org.apache.spark.deploy.SparkSubmit$$anon$2.parseArguments(SparkSubmit.scala:1037)
[2023-12-26T15:40:33.834-0300] {spark_submit.py:521} INFO - at org.apache.spark.deploy.SparkSubmit.doSubmit(SparkSubmit.scala:85)
[2023-12-26T15:40:33.835-0300] {spark_submit.py:521} INFO - at org.apache.spark.deploy.SparkSubmit$$anon$2.doSubmit(SparkSubmit.scala:1054)
[2023-12-26T15:40:33.835-0300] {spark_submit.py:521} INFO - at org.apache.spark.deploy.SparkSubmit$.main(SparkSubmit.scala:1063)
[2023-12-26T15:40:33.835-0300] {spark_submit.py:521} INFO - at org.apache.spark.deploy.SparkSubmit.main(SparkSubmit.scala)
[2023-12-26T15:40:33.854-0300] {taskinstance.py:1937} ERROR - Task failed with exception
Traceback (most recent call last):
  File "/home/pedro/projetos/projetos_python/proj_twitter_pipeline/venv/lib/python3.9/site-packages/airflow/providers/apache/spark/operators/spark_submit.py", line 160, in execute
    self._hook.submit(self._application)
  File "/home/pedro/projetos/projetos_python/proj_twitter_pipeline/venv/lib/python3.9/site-packages/airflow/providers/apache/spark/hooks/spark_submit.py", line 452, in submit
    raise AirflowException(
airflow.exceptions.AirflowException: Cannot execute: spark-submit --master yarn --name twitter_transformation --queue root.default /home/pedro/projetos/projetos_python/proj_twitter_pipeline/src/spark/transformation.py --origem /home/pedro/projetos/projetos_python/proj_twitter_pipeline/datalake/bronze/twitter_datascience/extract_date=2023-12-22 --destino /home/pedro/projetos/projetos_python/proj_twitter_pipeline/datalake/silver/twitter_datascience/ --process_date 2023-12-22. Error code is: 1.
[2023-12-26T15:40:33.857-0300] {taskinstance.py:1400} INFO - Marking task as FAILED. dag_id=TwitterDAG, task_id=twitter_transform_datascience, execution_date=20231222T000000, start_date=20231226T184032, end_date=20231226T184033
[2023-12-26T15:40:33.874-0300] {standard_task_runner.py:104} ERROR - Failed to execute job 14 for task twitter_transform_datascience (Cannot execute: spark-submit --master yarn --name twitter_transformation --queue root.default /home/pedro/projetos/projetos_python/proj_twitter_pipeline/src/spark/transformation.py --origem /home/pedro/projetos/projetos_python/proj_twitter_pipeline/datalake/bronze/twitter_datascience/extract_date=2023-12-22 --destino /home/pedro/projetos/projetos_python/proj_twitter_pipeline/datalake/silver/twitter_datascience/ --process_date 2023-12-22. Error code is: 1.; 11932)
[2023-12-26T15:40:33.891-0300] {local_task_job_runner.py:228} INFO - Task exited with return code 1
[2023-12-26T15:40:33.923-0300] {taskinstance.py:2778} INFO - 0 downstream tasks scheduled from follow-on schedule check
