[2023-12-28T14:11:31.014-0300] {processor.py:157} INFO - Started process (PID=20337) to work on /home/pedro/projetos/projetos_python/proj_twitter_pipeline/venv/lib/python3.9/site-packages/airflow/example_dags/plugins/event_listener.py
[2023-12-28T14:11:31.015-0300] {processor.py:829} INFO - Processing file /home/pedro/projetos/projetos_python/proj_twitter_pipeline/venv/lib/python3.9/site-packages/airflow/example_dags/plugins/event_listener.py for tasks to queue
[2023-12-28T14:11:31.015-0300] {logging_mixin.py:154} INFO - [2023-12-28T14:11:31.015-0300] {dagbag.py:536} INFO - Filling up the DagBag from /home/pedro/projetos/projetos_python/proj_twitter_pipeline/venv/lib/python3.9/site-packages/airflow/example_dags/plugins/event_listener.py
[2023-12-28T14:11:31.017-0300] {processor.py:841} WARNING - No viable dags retrieved from /home/pedro/projetos/projetos_python/proj_twitter_pipeline/venv/lib/python3.9/site-packages/airflow/example_dags/plugins/event_listener.py
[2023-12-28T14:11:31.023-0300] {processor.py:179} INFO - Processing /home/pedro/projetos/projetos_python/proj_twitter_pipeline/venv/lib/python3.9/site-packages/airflow/example_dags/plugins/event_listener.py took 0.011 seconds
[2023-12-28T14:12:16.060-0300] {processor.py:157} INFO - Started process (PID=20908) to work on /home/pedro/projetos/projetos_python/proj_twitter_pipeline/venv/lib/python3.9/site-packages/airflow/example_dags/plugins/event_listener.py
[2023-12-28T14:12:16.061-0300] {processor.py:829} INFO - Processing file /home/pedro/projetos/projetos_python/proj_twitter_pipeline/venv/lib/python3.9/site-packages/airflow/example_dags/plugins/event_listener.py for tasks to queue
[2023-12-28T14:12:16.062-0300] {logging_mixin.py:154} INFO - [2023-12-28T14:12:16.062-0300] {dagbag.py:536} INFO - Filling up the DagBag from /home/pedro/projetos/projetos_python/proj_twitter_pipeline/venv/lib/python3.9/site-packages/airflow/example_dags/plugins/event_listener.py
[2023-12-28T14:12:16.063-0300] {processor.py:841} WARNING - No viable dags retrieved from /home/pedro/projetos/projetos_python/proj_twitter_pipeline/venv/lib/python3.9/site-packages/airflow/example_dags/plugins/event_listener.py
[2023-12-28T14:12:16.073-0300] {processor.py:179} INFO - Processing /home/pedro/projetos/projetos_python/proj_twitter_pipeline/venv/lib/python3.9/site-packages/airflow/example_dags/plugins/event_listener.py took 0.015 seconds
[2023-12-28T14:13:01.267-0300] {processor.py:157} INFO - Started process (PID=21144) to work on /home/pedro/projetos/projetos_python/proj_twitter_pipeline/venv/lib/python3.9/site-packages/airflow/example_dags/plugins/event_listener.py
[2023-12-28T14:13:01.269-0300] {processor.py:829} INFO - Processing file /home/pedro/projetos/projetos_python/proj_twitter_pipeline/venv/lib/python3.9/site-packages/airflow/example_dags/plugins/event_listener.py for tasks to queue
[2023-12-28T14:13:01.270-0300] {logging_mixin.py:154} INFO - [2023-12-28T14:13:01.270-0300] {dagbag.py:536} INFO - Filling up the DagBag from /home/pedro/projetos/projetos_python/proj_twitter_pipeline/venv/lib/python3.9/site-packages/airflow/example_dags/plugins/event_listener.py
[2023-12-28T14:13:01.272-0300] {processor.py:841} WARNING - No viable dags retrieved from /home/pedro/projetos/projetos_python/proj_twitter_pipeline/venv/lib/python3.9/site-packages/airflow/example_dags/plugins/event_listener.py
[2023-12-28T14:13:01.278-0300] {processor.py:179} INFO - Processing /home/pedro/projetos/projetos_python/proj_twitter_pipeline/venv/lib/python3.9/site-packages/airflow/example_dags/plugins/event_listener.py took 0.014 seconds
[2023-12-28T14:13:46.571-0300] {processor.py:157} INFO - Started process (PID=21743) to work on /home/pedro/projetos/projetos_python/proj_twitter_pipeline/venv/lib/python3.9/site-packages/airflow/example_dags/plugins/event_listener.py
[2023-12-28T14:13:46.572-0300] {processor.py:829} INFO - Processing file /home/pedro/projetos/projetos_python/proj_twitter_pipeline/venv/lib/python3.9/site-packages/airflow/example_dags/plugins/event_listener.py for tasks to queue
[2023-12-28T14:13:46.573-0300] {logging_mixin.py:154} INFO - [2023-12-28T14:13:46.573-0300] {dagbag.py:536} INFO - Filling up the DagBag from /home/pedro/projetos/projetos_python/proj_twitter_pipeline/venv/lib/python3.9/site-packages/airflow/example_dags/plugins/event_listener.py
[2023-12-28T14:13:46.578-0300] {processor.py:841} WARNING - No viable dags retrieved from /home/pedro/projetos/projetos_python/proj_twitter_pipeline/venv/lib/python3.9/site-packages/airflow/example_dags/plugins/event_listener.py
[2023-12-28T14:13:46.587-0300] {processor.py:179} INFO - Processing /home/pedro/projetos/projetos_python/proj_twitter_pipeline/venv/lib/python3.9/site-packages/airflow/example_dags/plugins/event_listener.py took 0.018 seconds
[2023-12-28T14:14:32.868-0300] {processor.py:157} INFO - Started process (PID=22158) to work on /home/pedro/projetos/projetos_python/proj_twitter_pipeline/venv/lib/python3.9/site-packages/airflow/example_dags/plugins/event_listener.py
[2023-12-28T14:14:32.875-0300] {processor.py:829} INFO - Processing file /home/pedro/projetos/projetos_python/proj_twitter_pipeline/venv/lib/python3.9/site-packages/airflow/example_dags/plugins/event_listener.py for tasks to queue
[2023-12-28T14:14:32.876-0300] {logging_mixin.py:154} INFO - [2023-12-28T14:14:32.875-0300] {dagbag.py:536} INFO - Filling up the DagBag from /home/pedro/projetos/projetos_python/proj_twitter_pipeline/venv/lib/python3.9/site-packages/airflow/example_dags/plugins/event_listener.py
[2023-12-28T14:14:32.877-0300] {processor.py:841} WARNING - No viable dags retrieved from /home/pedro/projetos/projetos_python/proj_twitter_pipeline/venv/lib/python3.9/site-packages/airflow/example_dags/plugins/event_listener.py
[2023-12-28T14:14:32.884-0300] {processor.py:179} INFO - Processing /home/pedro/projetos/projetos_python/proj_twitter_pipeline/venv/lib/python3.9/site-packages/airflow/example_dags/plugins/event_listener.py took 0.019 seconds
[2023-12-28T14:15:21.443-0300] {processor.py:157} INFO - Started process (PID=22400) to work on /home/pedro/projetos/projetos_python/proj_twitter_pipeline/venv/lib/python3.9/site-packages/airflow/example_dags/plugins/event_listener.py
[2023-12-28T14:15:21.444-0300] {processor.py:829} INFO - Processing file /home/pedro/projetos/projetos_python/proj_twitter_pipeline/venv/lib/python3.9/site-packages/airflow/example_dags/plugins/event_listener.py for tasks to queue
[2023-12-28T14:15:21.444-0300] {logging_mixin.py:154} INFO - [2023-12-28T14:15:21.444-0300] {dagbag.py:536} INFO - Filling up the DagBag from /home/pedro/projetos/projetos_python/proj_twitter_pipeline/venv/lib/python3.9/site-packages/airflow/example_dags/plugins/event_listener.py
[2023-12-28T14:15:21.446-0300] {processor.py:841} WARNING - No viable dags retrieved from /home/pedro/projetos/projetos_python/proj_twitter_pipeline/venv/lib/python3.9/site-packages/airflow/example_dags/plugins/event_listener.py
[2023-12-28T14:15:21.454-0300] {processor.py:179} INFO - Processing /home/pedro/projetos/projetos_python/proj_twitter_pipeline/venv/lib/python3.9/site-packages/airflow/example_dags/plugins/event_listener.py took 0.014 seconds
[2023-12-28T14:16:11.730-0300] {processor.py:157} INFO - Started process (PID=22707) to work on /home/pedro/projetos/projetos_python/proj_twitter_pipeline/venv/lib/python3.9/site-packages/airflow/example_dags/plugins/event_listener.py
[2023-12-28T14:16:11.731-0300] {processor.py:829} INFO - Processing file /home/pedro/projetos/projetos_python/proj_twitter_pipeline/venv/lib/python3.9/site-packages/airflow/example_dags/plugins/event_listener.py for tasks to queue
[2023-12-28T14:16:11.732-0300] {logging_mixin.py:154} INFO - [2023-12-28T14:16:11.732-0300] {dagbag.py:536} INFO - Filling up the DagBag from /home/pedro/projetos/projetos_python/proj_twitter_pipeline/venv/lib/python3.9/site-packages/airflow/example_dags/plugins/event_listener.py
[2023-12-28T14:16:11.734-0300] {processor.py:841} WARNING - No viable dags retrieved from /home/pedro/projetos/projetos_python/proj_twitter_pipeline/venv/lib/python3.9/site-packages/airflow/example_dags/plugins/event_listener.py
[2023-12-28T14:16:11.742-0300] {processor.py:179} INFO - Processing /home/pedro/projetos/projetos_python/proj_twitter_pipeline/venv/lib/python3.9/site-packages/airflow/example_dags/plugins/event_listener.py took 0.014 seconds
[2023-12-28T14:16:56.830-0300] {processor.py:157} INFO - Started process (PID=22944) to work on /home/pedro/projetos/projetos_python/proj_twitter_pipeline/venv/lib/python3.9/site-packages/airflow/example_dags/plugins/event_listener.py
[2023-12-28T14:16:56.833-0300] {processor.py:829} INFO - Processing file /home/pedro/projetos/projetos_python/proj_twitter_pipeline/venv/lib/python3.9/site-packages/airflow/example_dags/plugins/event_listener.py for tasks to queue
[2023-12-28T14:16:56.834-0300] {logging_mixin.py:154} INFO - [2023-12-28T14:16:56.833-0300] {dagbag.py:536} INFO - Filling up the DagBag from /home/pedro/projetos/projetos_python/proj_twitter_pipeline/venv/lib/python3.9/site-packages/airflow/example_dags/plugins/event_listener.py
[2023-12-28T14:16:56.835-0300] {processor.py:841} WARNING - No viable dags retrieved from /home/pedro/projetos/projetos_python/proj_twitter_pipeline/venv/lib/python3.9/site-packages/airflow/example_dags/plugins/event_listener.py
[2023-12-28T14:16:56.842-0300] {processor.py:179} INFO - Processing /home/pedro/projetos/projetos_python/proj_twitter_pipeline/venv/lib/python3.9/site-packages/airflow/example_dags/plugins/event_listener.py took 0.014 seconds
[2023-12-28T14:17:40.376-0300] {processor.py:157} INFO - Started process (PID=23115) to work on /home/pedro/projetos/projetos_python/proj_twitter_pipeline/venv/lib/python3.9/site-packages/airflow/example_dags/plugins/event_listener.py
[2023-12-28T14:17:40.378-0300] {processor.py:829} INFO - Processing file /home/pedro/projetos/projetos_python/proj_twitter_pipeline/venv/lib/python3.9/site-packages/airflow/example_dags/plugins/event_listener.py for tasks to queue
[2023-12-28T14:17:40.379-0300] {logging_mixin.py:154} INFO - [2023-12-28T14:17:40.378-0300] {dagbag.py:536} INFO - Filling up the DagBag from /home/pedro/projetos/projetos_python/proj_twitter_pipeline/venv/lib/python3.9/site-packages/airflow/example_dags/plugins/event_listener.py
[2023-12-28T14:17:40.380-0300] {processor.py:841} WARNING - No viable dags retrieved from /home/pedro/projetos/projetos_python/proj_twitter_pipeline/venv/lib/python3.9/site-packages/airflow/example_dags/plugins/event_listener.py
[2023-12-28T14:17:40.387-0300] {processor.py:179} INFO - Processing /home/pedro/projetos/projetos_python/proj_twitter_pipeline/venv/lib/python3.9/site-packages/airflow/example_dags/plugins/event_listener.py took 0.014 seconds
[2023-12-28T14:18:27.847-0300] {processor.py:157} INFO - Started process (PID=23293) to work on /home/pedro/projetos/projetos_python/proj_twitter_pipeline/venv/lib/python3.9/site-packages/airflow/example_dags/plugins/event_listener.py
[2023-12-28T14:18:27.850-0300] {processor.py:829} INFO - Processing file /home/pedro/projetos/projetos_python/proj_twitter_pipeline/venv/lib/python3.9/site-packages/airflow/example_dags/plugins/event_listener.py for tasks to queue
[2023-12-28T14:18:27.850-0300] {logging_mixin.py:154} INFO - [2023-12-28T14:18:27.850-0300] {dagbag.py:536} INFO - Filling up the DagBag from /home/pedro/projetos/projetos_python/proj_twitter_pipeline/venv/lib/python3.9/site-packages/airflow/example_dags/plugins/event_listener.py
[2023-12-28T14:18:27.852-0300] {processor.py:841} WARNING - No viable dags retrieved from /home/pedro/projetos/projetos_python/proj_twitter_pipeline/venv/lib/python3.9/site-packages/airflow/example_dags/plugins/event_listener.py
[2023-12-28T14:18:27.859-0300] {processor.py:179} INFO - Processing /home/pedro/projetos/projetos_python/proj_twitter_pipeline/venv/lib/python3.9/site-packages/airflow/example_dags/plugins/event_listener.py took 0.014 seconds
[2023-12-28T14:19:16.942-0300] {processor.py:157} INFO - Started process (PID=23600) to work on /home/pedro/projetos/projetos_python/proj_twitter_pipeline/venv/lib/python3.9/site-packages/airflow/example_dags/plugins/event_listener.py
[2023-12-28T14:19:16.944-0300] {processor.py:829} INFO - Processing file /home/pedro/projetos/projetos_python/proj_twitter_pipeline/venv/lib/python3.9/site-packages/airflow/example_dags/plugins/event_listener.py for tasks to queue
[2023-12-28T14:19:16.945-0300] {logging_mixin.py:154} INFO - [2023-12-28T14:19:16.945-0300] {dagbag.py:536} INFO - Filling up the DagBag from /home/pedro/projetos/projetos_python/proj_twitter_pipeline/venv/lib/python3.9/site-packages/airflow/example_dags/plugins/event_listener.py
[2023-12-28T14:19:16.947-0300] {processor.py:841} WARNING - No viable dags retrieved from /home/pedro/projetos/projetos_python/proj_twitter_pipeline/venv/lib/python3.9/site-packages/airflow/example_dags/plugins/event_listener.py
[2023-12-28T14:19:16.955-0300] {processor.py:179} INFO - Processing /home/pedro/projetos/projetos_python/proj_twitter_pipeline/venv/lib/python3.9/site-packages/airflow/example_dags/plugins/event_listener.py took 0.015 seconds
[2023-12-28T14:20:05.921-0300] {processor.py:157} INFO - Started process (PID=23722) to work on /home/pedro/projetos/projetos_python/proj_twitter_pipeline/venv/lib/python3.9/site-packages/airflow/example_dags/plugins/event_listener.py
[2023-12-28T14:20:05.923-0300] {processor.py:829} INFO - Processing file /home/pedro/projetos/projetos_python/proj_twitter_pipeline/venv/lib/python3.9/site-packages/airflow/example_dags/plugins/event_listener.py for tasks to queue
[2023-12-28T14:20:05.924-0300] {logging_mixin.py:154} INFO - [2023-12-28T14:20:05.923-0300] {dagbag.py:536} INFO - Filling up the DagBag from /home/pedro/projetos/projetos_python/proj_twitter_pipeline/venv/lib/python3.9/site-packages/airflow/example_dags/plugins/event_listener.py
[2023-12-28T14:20:05.925-0300] {processor.py:841} WARNING - No viable dags retrieved from /home/pedro/projetos/projetos_python/proj_twitter_pipeline/venv/lib/python3.9/site-packages/airflow/example_dags/plugins/event_listener.py
[2023-12-28T14:20:05.933-0300] {processor.py:179} INFO - Processing /home/pedro/projetos/projetos_python/proj_twitter_pipeline/venv/lib/python3.9/site-packages/airflow/example_dags/plugins/event_listener.py took 0.014 seconds
[2023-12-28T14:22:06.690-0300] {processor.py:157} INFO - Started process (PID=24932) to work on /home/pedro/projetos/projetos_python/proj_twitter_pipeline/venv/lib/python3.9/site-packages/airflow/example_dags/plugins/event_listener.py
[2023-12-28T14:22:06.693-0300] {processor.py:829} INFO - Processing file /home/pedro/projetos/projetos_python/proj_twitter_pipeline/venv/lib/python3.9/site-packages/airflow/example_dags/plugins/event_listener.py for tasks to queue
[2023-12-28T14:22:06.694-0300] {logging_mixin.py:154} INFO - [2023-12-28T14:22:06.693-0300] {dagbag.py:536} INFO - Filling up the DagBag from /home/pedro/projetos/projetos_python/proj_twitter_pipeline/venv/lib/python3.9/site-packages/airflow/example_dags/plugins/event_listener.py
[2023-12-28T14:22:06.695-0300] {processor.py:841} WARNING - No viable dags retrieved from /home/pedro/projetos/projetos_python/proj_twitter_pipeline/venv/lib/python3.9/site-packages/airflow/example_dags/plugins/event_listener.py
[2023-12-28T14:22:06.702-0300] {processor.py:179} INFO - Processing /home/pedro/projetos/projetos_python/proj_twitter_pipeline/venv/lib/python3.9/site-packages/airflow/example_dags/plugins/event_listener.py took 0.014 seconds
[2023-12-28T14:22:54.166-0300] {processor.py:157} INFO - Started process (PID=25112) to work on /home/pedro/projetos/projetos_python/proj_twitter_pipeline/venv/lib/python3.9/site-packages/airflow/example_dags/plugins/event_listener.py
[2023-12-28T14:22:54.168-0300] {processor.py:829} INFO - Processing file /home/pedro/projetos/projetos_python/proj_twitter_pipeline/venv/lib/python3.9/site-packages/airflow/example_dags/plugins/event_listener.py for tasks to queue
[2023-12-28T14:22:54.169-0300] {logging_mixin.py:154} INFO - [2023-12-28T14:22:54.169-0300] {dagbag.py:536} INFO - Filling up the DagBag from /home/pedro/projetos/projetos_python/proj_twitter_pipeline/venv/lib/python3.9/site-packages/airflow/example_dags/plugins/event_listener.py
[2023-12-28T14:22:54.171-0300] {processor.py:841} WARNING - No viable dags retrieved from /home/pedro/projetos/projetos_python/proj_twitter_pipeline/venv/lib/python3.9/site-packages/airflow/example_dags/plugins/event_listener.py
[2023-12-28T14:22:54.177-0300] {processor.py:179} INFO - Processing /home/pedro/projetos/projetos_python/proj_twitter_pipeline/venv/lib/python3.9/site-packages/airflow/example_dags/plugins/event_listener.py took 0.014 seconds
[2023-12-28T14:23:38.068-0300] {processor.py:157} INFO - Started process (PID=25283) to work on /home/pedro/projetos/projetos_python/proj_twitter_pipeline/venv/lib/python3.9/site-packages/airflow/example_dags/plugins/event_listener.py
[2023-12-28T14:23:38.070-0300] {processor.py:829} INFO - Processing file /home/pedro/projetos/projetos_python/proj_twitter_pipeline/venv/lib/python3.9/site-packages/airflow/example_dags/plugins/event_listener.py for tasks to queue
[2023-12-28T14:23:38.070-0300] {logging_mixin.py:154} INFO - [2023-12-28T14:23:38.070-0300] {dagbag.py:536} INFO - Filling up the DagBag from /home/pedro/projetos/projetos_python/proj_twitter_pipeline/venv/lib/python3.9/site-packages/airflow/example_dags/plugins/event_listener.py
[2023-12-28T14:23:38.072-0300] {processor.py:841} WARNING - No viable dags retrieved from /home/pedro/projetos/projetos_python/proj_twitter_pipeline/venv/lib/python3.9/site-packages/airflow/example_dags/plugins/event_listener.py
[2023-12-28T14:23:38.079-0300] {processor.py:179} INFO - Processing /home/pedro/projetos/projetos_python/proj_twitter_pipeline/venv/lib/python3.9/site-packages/airflow/example_dags/plugins/event_listener.py took 0.013 seconds
[2023-12-28T14:24:27.012-0300] {processor.py:157} INFO - Started process (PID=25466) to work on /home/pedro/projetos/projetos_python/proj_twitter_pipeline/venv/lib/python3.9/site-packages/airflow/example_dags/plugins/event_listener.py
[2023-12-28T14:24:27.014-0300] {processor.py:829} INFO - Processing file /home/pedro/projetos/projetos_python/proj_twitter_pipeline/venv/lib/python3.9/site-packages/airflow/example_dags/plugins/event_listener.py for tasks to queue
[2023-12-28T14:24:27.015-0300] {logging_mixin.py:154} INFO - [2023-12-28T14:24:27.014-0300] {dagbag.py:536} INFO - Filling up the DagBag from /home/pedro/projetos/projetos_python/proj_twitter_pipeline/venv/lib/python3.9/site-packages/airflow/example_dags/plugins/event_listener.py
[2023-12-28T14:24:27.016-0300] {processor.py:841} WARNING - No viable dags retrieved from /home/pedro/projetos/projetos_python/proj_twitter_pipeline/venv/lib/python3.9/site-packages/airflow/example_dags/plugins/event_listener.py
[2023-12-28T14:24:27.023-0300] {processor.py:179} INFO - Processing /home/pedro/projetos/projetos_python/proj_twitter_pipeline/venv/lib/python3.9/site-packages/airflow/example_dags/plugins/event_listener.py took 0.014 seconds
[2023-12-28T14:25:13.102-0300] {processor.py:157} INFO - Started process (PID=25583) to work on /home/pedro/projetos/projetos_python/proj_twitter_pipeline/venv/lib/python3.9/site-packages/airflow/example_dags/plugins/event_listener.py
[2023-12-28T14:25:13.105-0300] {processor.py:829} INFO - Processing file /home/pedro/projetos/projetos_python/proj_twitter_pipeline/venv/lib/python3.9/site-packages/airflow/example_dags/plugins/event_listener.py for tasks to queue
[2023-12-28T14:25:13.106-0300] {logging_mixin.py:154} INFO - [2023-12-28T14:25:13.106-0300] {dagbag.py:536} INFO - Filling up the DagBag from /home/pedro/projetos/projetos_python/proj_twitter_pipeline/venv/lib/python3.9/site-packages/airflow/example_dags/plugins/event_listener.py
[2023-12-28T14:25:13.109-0300] {processor.py:841} WARNING - No viable dags retrieved from /home/pedro/projetos/projetos_python/proj_twitter_pipeline/venv/lib/python3.9/site-packages/airflow/example_dags/plugins/event_listener.py
[2023-12-28T14:25:13.120-0300] {processor.py:179} INFO - Processing /home/pedro/projetos/projetos_python/proj_twitter_pipeline/venv/lib/python3.9/site-packages/airflow/example_dags/plugins/event_listener.py took 0.022 seconds
[2023-12-28T14:26:01.597-0300] {processor.py:157} INFO - Started process (PID=25765) to work on /home/pedro/projetos/projetos_python/proj_twitter_pipeline/venv/lib/python3.9/site-packages/airflow/example_dags/plugins/event_listener.py
[2023-12-28T14:26:01.599-0300] {processor.py:829} INFO - Processing file /home/pedro/projetos/projetos_python/proj_twitter_pipeline/venv/lib/python3.9/site-packages/airflow/example_dags/plugins/event_listener.py for tasks to queue
[2023-12-28T14:26:01.600-0300] {logging_mixin.py:154} INFO - [2023-12-28T14:26:01.600-0300] {dagbag.py:536} INFO - Filling up the DagBag from /home/pedro/projetos/projetos_python/proj_twitter_pipeline/venv/lib/python3.9/site-packages/airflow/example_dags/plugins/event_listener.py
[2023-12-28T14:26:01.602-0300] {processor.py:841} WARNING - No viable dags retrieved from /home/pedro/projetos/projetos_python/proj_twitter_pipeline/venv/lib/python3.9/site-packages/airflow/example_dags/plugins/event_listener.py
[2023-12-28T14:26:01.609-0300] {processor.py:179} INFO - Processing /home/pedro/projetos/projetos_python/proj_twitter_pipeline/venv/lib/python3.9/site-packages/airflow/example_dags/plugins/event_listener.py took 0.014 seconds
[2023-12-28T14:26:48.723-0300] {processor.py:157} INFO - Started process (PID=26005) to work on /home/pedro/projetos/projetos_python/proj_twitter_pipeline/venv/lib/python3.9/site-packages/airflow/example_dags/plugins/event_listener.py
[2023-12-28T14:26:48.725-0300] {processor.py:829} INFO - Processing file /home/pedro/projetos/projetos_python/proj_twitter_pipeline/venv/lib/python3.9/site-packages/airflow/example_dags/plugins/event_listener.py for tasks to queue
[2023-12-28T14:26:48.726-0300] {logging_mixin.py:154} INFO - [2023-12-28T14:26:48.726-0300] {dagbag.py:536} INFO - Filling up the DagBag from /home/pedro/projetos/projetos_python/proj_twitter_pipeline/venv/lib/python3.9/site-packages/airflow/example_dags/plugins/event_listener.py
[2023-12-28T14:26:48.728-0300] {processor.py:841} WARNING - No viable dags retrieved from /home/pedro/projetos/projetos_python/proj_twitter_pipeline/venv/lib/python3.9/site-packages/airflow/example_dags/plugins/event_listener.py
[2023-12-28T14:26:48.735-0300] {processor.py:179} INFO - Processing /home/pedro/projetos/projetos_python/proj_twitter_pipeline/venv/lib/python3.9/site-packages/airflow/example_dags/plugins/event_listener.py took 0.014 seconds
[2023-12-28T14:27:29.665-0300] {processor.py:157} INFO - Started process (PID=26171) to work on /home/pedro/projetos/projetos_python/proj_twitter_pipeline/venv/lib/python3.9/site-packages/airflow/example_dags/plugins/event_listener.py
[2023-12-28T14:27:29.667-0300] {processor.py:829} INFO - Processing file /home/pedro/projetos/projetos_python/proj_twitter_pipeline/venv/lib/python3.9/site-packages/airflow/example_dags/plugins/event_listener.py for tasks to queue
[2023-12-28T14:27:29.668-0300] {logging_mixin.py:154} INFO - [2023-12-28T14:27:29.667-0300] {dagbag.py:536} INFO - Filling up the DagBag from /home/pedro/projetos/projetos_python/proj_twitter_pipeline/venv/lib/python3.9/site-packages/airflow/example_dags/plugins/event_listener.py
[2023-12-28T14:27:29.669-0300] {processor.py:841} WARNING - No viable dags retrieved from /home/pedro/projetos/projetos_python/proj_twitter_pipeline/venv/lib/python3.9/site-packages/airflow/example_dags/plugins/event_listener.py
[2023-12-28T14:27:29.676-0300] {processor.py:179} INFO - Processing /home/pedro/projetos/projetos_python/proj_twitter_pipeline/venv/lib/python3.9/site-packages/airflow/example_dags/plugins/event_listener.py took 0.013 seconds
[2023-12-28T14:28:12.337-0300] {processor.py:157} INFO - Started process (PID=26279) to work on /home/pedro/projetos/projetos_python/proj_twitter_pipeline/venv/lib/python3.9/site-packages/airflow/example_dags/plugins/event_listener.py
[2023-12-28T14:28:12.339-0300] {processor.py:829} INFO - Processing file /home/pedro/projetos/projetos_python/proj_twitter_pipeline/venv/lib/python3.9/site-packages/airflow/example_dags/plugins/event_listener.py for tasks to queue
[2023-12-28T14:28:12.340-0300] {logging_mixin.py:154} INFO - [2023-12-28T14:28:12.340-0300] {dagbag.py:536} INFO - Filling up the DagBag from /home/pedro/projetos/projetos_python/proj_twitter_pipeline/venv/lib/python3.9/site-packages/airflow/example_dags/plugins/event_listener.py
[2023-12-28T14:28:12.342-0300] {processor.py:841} WARNING - No viable dags retrieved from /home/pedro/projetos/projetos_python/proj_twitter_pipeline/venv/lib/python3.9/site-packages/airflow/example_dags/plugins/event_listener.py
[2023-12-28T14:28:12.349-0300] {processor.py:179} INFO - Processing /home/pedro/projetos/projetos_python/proj_twitter_pipeline/venv/lib/python3.9/site-packages/airflow/example_dags/plugins/event_listener.py took 0.014 seconds
[2023-12-28T14:28:57.168-0300] {processor.py:157} INFO - Started process (PID=26453) to work on /home/pedro/projetos/projetos_python/proj_twitter_pipeline/venv/lib/python3.9/site-packages/airflow/example_dags/plugins/event_listener.py
[2023-12-28T14:28:57.170-0300] {processor.py:829} INFO - Processing file /home/pedro/projetos/projetos_python/proj_twitter_pipeline/venv/lib/python3.9/site-packages/airflow/example_dags/plugins/event_listener.py for tasks to queue
[2023-12-28T14:28:57.171-0300] {logging_mixin.py:154} INFO - [2023-12-28T14:28:57.170-0300] {dagbag.py:536} INFO - Filling up the DagBag from /home/pedro/projetos/projetos_python/proj_twitter_pipeline/venv/lib/python3.9/site-packages/airflow/example_dags/plugins/event_listener.py
[2023-12-28T14:28:57.173-0300] {processor.py:841} WARNING - No viable dags retrieved from /home/pedro/projetos/projetos_python/proj_twitter_pipeline/venv/lib/python3.9/site-packages/airflow/example_dags/plugins/event_listener.py
[2023-12-28T14:28:57.183-0300] {processor.py:179} INFO - Processing /home/pedro/projetos/projetos_python/proj_twitter_pipeline/venv/lib/python3.9/site-packages/airflow/example_dags/plugins/event_listener.py took 0.018 seconds
[2023-12-28T14:29:47.370-0300] {processor.py:157} INFO - Started process (PID=26640) to work on /home/pedro/projetos/projetos_python/proj_twitter_pipeline/venv/lib/python3.9/site-packages/airflow/example_dags/plugins/event_listener.py
[2023-12-28T14:29:47.373-0300] {processor.py:829} INFO - Processing file /home/pedro/projetos/projetos_python/proj_twitter_pipeline/venv/lib/python3.9/site-packages/airflow/example_dags/plugins/event_listener.py for tasks to queue
[2023-12-28T14:29:47.374-0300] {logging_mixin.py:154} INFO - [2023-12-28T14:29:47.373-0300] {dagbag.py:536} INFO - Filling up the DagBag from /home/pedro/projetos/projetos_python/proj_twitter_pipeline/venv/lib/python3.9/site-packages/airflow/example_dags/plugins/event_listener.py
[2023-12-28T14:29:47.375-0300] {processor.py:841} WARNING - No viable dags retrieved from /home/pedro/projetos/projetos_python/proj_twitter_pipeline/venv/lib/python3.9/site-packages/airflow/example_dags/plugins/event_listener.py
[2023-12-28T14:29:47.383-0300] {processor.py:179} INFO - Processing /home/pedro/projetos/projetos_python/proj_twitter_pipeline/venv/lib/python3.9/site-packages/airflow/example_dags/plugins/event_listener.py took 0.015 seconds
[2023-12-28T14:30:34.176-0300] {processor.py:157} INFO - Started process (PID=26819) to work on /home/pedro/projetos/projetos_python/proj_twitter_pipeline/venv/lib/python3.9/site-packages/airflow/example_dags/plugins/event_listener.py
[2023-12-28T14:30:34.179-0300] {processor.py:829} INFO - Processing file /home/pedro/projetos/projetos_python/proj_twitter_pipeline/venv/lib/python3.9/site-packages/airflow/example_dags/plugins/event_listener.py for tasks to queue
[2023-12-28T14:30:34.180-0300] {logging_mixin.py:154} INFO - [2023-12-28T14:30:34.179-0300] {dagbag.py:536} INFO - Filling up the DagBag from /home/pedro/projetos/projetos_python/proj_twitter_pipeline/venv/lib/python3.9/site-packages/airflow/example_dags/plugins/event_listener.py
[2023-12-28T14:30:34.181-0300] {processor.py:841} WARNING - No viable dags retrieved from /home/pedro/projetos/projetos_python/proj_twitter_pipeline/venv/lib/python3.9/site-packages/airflow/example_dags/plugins/event_listener.py
[2023-12-28T14:30:34.188-0300] {processor.py:179} INFO - Processing /home/pedro/projetos/projetos_python/proj_twitter_pipeline/venv/lib/python3.9/site-packages/airflow/example_dags/plugins/event_listener.py took 0.014 seconds
[2023-12-28T14:31:23.605-0300] {processor.py:157} INFO - Started process (PID=27003) to work on /home/pedro/projetos/projetos_python/proj_twitter_pipeline/venv/lib/python3.9/site-packages/airflow/example_dags/plugins/event_listener.py
[2023-12-28T14:31:23.608-0300] {processor.py:829} INFO - Processing file /home/pedro/projetos/projetos_python/proj_twitter_pipeline/venv/lib/python3.9/site-packages/airflow/example_dags/plugins/event_listener.py for tasks to queue
[2023-12-28T14:31:23.609-0300] {logging_mixin.py:154} INFO - [2023-12-28T14:31:23.608-0300] {dagbag.py:536} INFO - Filling up the DagBag from /home/pedro/projetos/projetos_python/proj_twitter_pipeline/venv/lib/python3.9/site-packages/airflow/example_dags/plugins/event_listener.py
[2023-12-28T14:31:23.610-0300] {processor.py:841} WARNING - No viable dags retrieved from /home/pedro/projetos/projetos_python/proj_twitter_pipeline/venv/lib/python3.9/site-packages/airflow/example_dags/plugins/event_listener.py
[2023-12-28T14:31:23.617-0300] {processor.py:179} INFO - Processing /home/pedro/projetos/projetos_python/proj_twitter_pipeline/venv/lib/python3.9/site-packages/airflow/example_dags/plugins/event_listener.py took 0.014 seconds
[2023-12-28T14:32:10.439-0300] {processor.py:157} INFO - Started process (PID=27182) to work on /home/pedro/projetos/projetos_python/proj_twitter_pipeline/venv/lib/python3.9/site-packages/airflow/example_dags/plugins/event_listener.py
[2023-12-28T14:32:10.441-0300] {processor.py:829} INFO - Processing file /home/pedro/projetos/projetos_python/proj_twitter_pipeline/venv/lib/python3.9/site-packages/airflow/example_dags/plugins/event_listener.py for tasks to queue
[2023-12-28T14:32:10.442-0300] {logging_mixin.py:154} INFO - [2023-12-28T14:32:10.442-0300] {dagbag.py:536} INFO - Filling up the DagBag from /home/pedro/projetos/projetos_python/proj_twitter_pipeline/venv/lib/python3.9/site-packages/airflow/example_dags/plugins/event_listener.py
[2023-12-28T14:32:10.444-0300] {processor.py:841} WARNING - No viable dags retrieved from /home/pedro/projetos/projetos_python/proj_twitter_pipeline/venv/lib/python3.9/site-packages/airflow/example_dags/plugins/event_listener.py
[2023-12-28T14:32:10.451-0300] {processor.py:179} INFO - Processing /home/pedro/projetos/projetos_python/proj_twitter_pipeline/venv/lib/python3.9/site-packages/airflow/example_dags/plugins/event_listener.py took 0.014 seconds
[2023-12-28T14:32:57.637-0300] {processor.py:157} INFO - Started process (PID=27364) to work on /home/pedro/projetos/projetos_python/proj_twitter_pipeline/venv/lib/python3.9/site-packages/airflow/example_dags/plugins/event_listener.py
[2023-12-28T14:32:57.640-0300] {processor.py:829} INFO - Processing file /home/pedro/projetos/projetos_python/proj_twitter_pipeline/venv/lib/python3.9/site-packages/airflow/example_dags/plugins/event_listener.py for tasks to queue
[2023-12-28T14:32:57.641-0300] {logging_mixin.py:154} INFO - [2023-12-28T14:32:57.641-0300] {dagbag.py:536} INFO - Filling up the DagBag from /home/pedro/projetos/projetos_python/proj_twitter_pipeline/venv/lib/python3.9/site-packages/airflow/example_dags/plugins/event_listener.py
[2023-12-28T14:32:57.644-0300] {processor.py:841} WARNING - No viable dags retrieved from /home/pedro/projetos/projetos_python/proj_twitter_pipeline/venv/lib/python3.9/site-packages/airflow/example_dags/plugins/event_listener.py
[2023-12-28T14:32:57.653-0300] {processor.py:179} INFO - Processing /home/pedro/projetos/projetos_python/proj_twitter_pipeline/venv/lib/python3.9/site-packages/airflow/example_dags/plugins/event_listener.py took 0.020 seconds
[2023-12-28T14:33:47.733-0300] {processor.py:157} INFO - Started process (PID=27551) to work on /home/pedro/projetos/projetos_python/proj_twitter_pipeline/venv/lib/python3.9/site-packages/airflow/example_dags/plugins/event_listener.py
[2023-12-28T14:33:47.735-0300] {processor.py:829} INFO - Processing file /home/pedro/projetos/projetos_python/proj_twitter_pipeline/venv/lib/python3.9/site-packages/airflow/example_dags/plugins/event_listener.py for tasks to queue
[2023-12-28T14:33:47.735-0300] {logging_mixin.py:154} INFO - [2023-12-28T14:33:47.735-0300] {dagbag.py:536} INFO - Filling up the DagBag from /home/pedro/projetos/projetos_python/proj_twitter_pipeline/venv/lib/python3.9/site-packages/airflow/example_dags/plugins/event_listener.py
[2023-12-28T14:33:47.737-0300] {processor.py:841} WARNING - No viable dags retrieved from /home/pedro/projetos/projetos_python/proj_twitter_pipeline/venv/lib/python3.9/site-packages/airflow/example_dags/plugins/event_listener.py
[2023-12-28T14:33:47.744-0300] {processor.py:179} INFO - Processing /home/pedro/projetos/projetos_python/proj_twitter_pipeline/venv/lib/python3.9/site-packages/airflow/example_dags/plugins/event_listener.py took 0.013 seconds
[2023-12-28T14:34:37.466-0300] {processor.py:157} INFO - Started process (PID=27734) to work on /home/pedro/projetos/projetos_python/proj_twitter_pipeline/venv/lib/python3.9/site-packages/airflow/example_dags/plugins/event_listener.py
[2023-12-28T14:34:37.469-0300] {processor.py:829} INFO - Processing file /home/pedro/projetos/projetos_python/proj_twitter_pipeline/venv/lib/python3.9/site-packages/airflow/example_dags/plugins/event_listener.py for tasks to queue
[2023-12-28T14:34:37.470-0300] {logging_mixin.py:154} INFO - [2023-12-28T14:34:37.470-0300] {dagbag.py:536} INFO - Filling up the DagBag from /home/pedro/projetos/projetos_python/proj_twitter_pipeline/venv/lib/python3.9/site-packages/airflow/example_dags/plugins/event_listener.py
[2023-12-28T14:34:37.472-0300] {processor.py:841} WARNING - No viable dags retrieved from /home/pedro/projetos/projetos_python/proj_twitter_pipeline/venv/lib/python3.9/site-packages/airflow/example_dags/plugins/event_listener.py
[2023-12-28T14:34:37.478-0300] {processor.py:179} INFO - Processing /home/pedro/projetos/projetos_python/proj_twitter_pipeline/venv/lib/python3.9/site-packages/airflow/example_dags/plugins/event_listener.py took 0.014 seconds
[2023-12-28T14:35:16.308-0300] {processor.py:157} INFO - Started process (PID=27893) to work on /home/pedro/projetos/projetos_python/proj_twitter_pipeline/venv/lib/python3.9/site-packages/airflow/example_dags/plugins/event_listener.py
[2023-12-28T14:35:16.311-0300] {processor.py:829} INFO - Processing file /home/pedro/projetos/projetos_python/proj_twitter_pipeline/venv/lib/python3.9/site-packages/airflow/example_dags/plugins/event_listener.py for tasks to queue
[2023-12-28T14:35:16.312-0300] {logging_mixin.py:154} INFO - [2023-12-28T14:35:16.311-0300] {dagbag.py:536} INFO - Filling up the DagBag from /home/pedro/projetos/projetos_python/proj_twitter_pipeline/venv/lib/python3.9/site-packages/airflow/example_dags/plugins/event_listener.py
[2023-12-28T14:35:16.313-0300] {processor.py:841} WARNING - No viable dags retrieved from /home/pedro/projetos/projetos_python/proj_twitter_pipeline/venv/lib/python3.9/site-packages/airflow/example_dags/plugins/event_listener.py
[2023-12-28T14:35:16.320-0300] {processor.py:179} INFO - Processing /home/pedro/projetos/projetos_python/proj_twitter_pipeline/venv/lib/python3.9/site-packages/airflow/example_dags/plugins/event_listener.py took 0.015 seconds
[2023-12-28T14:35:59.496-0300] {processor.py:157} INFO - Started process (PID=28004) to work on /home/pedro/projetos/projetos_python/proj_twitter_pipeline/venv/lib/python3.9/site-packages/airflow/example_dags/plugins/event_listener.py
[2023-12-28T14:35:59.498-0300] {processor.py:829} INFO - Processing file /home/pedro/projetos/projetos_python/proj_twitter_pipeline/venv/lib/python3.9/site-packages/airflow/example_dags/plugins/event_listener.py for tasks to queue
[2023-12-28T14:35:59.499-0300] {logging_mixin.py:154} INFO - [2023-12-28T14:35:59.499-0300] {dagbag.py:536} INFO - Filling up the DagBag from /home/pedro/projetos/projetos_python/proj_twitter_pipeline/venv/lib/python3.9/site-packages/airflow/example_dags/plugins/event_listener.py
[2023-12-28T14:35:59.501-0300] {processor.py:841} WARNING - No viable dags retrieved from /home/pedro/projetos/projetos_python/proj_twitter_pipeline/venv/lib/python3.9/site-packages/airflow/example_dags/plugins/event_listener.py
[2023-12-28T14:35:59.508-0300] {processor.py:179} INFO - Processing /home/pedro/projetos/projetos_python/proj_twitter_pipeline/venv/lib/python3.9/site-packages/airflow/example_dags/plugins/event_listener.py took 0.014 seconds
[2023-12-28T14:36:48.635-0300] {processor.py:157} INFO - Started process (PID=28247) to work on /home/pedro/projetos/projetos_python/proj_twitter_pipeline/venv/lib/python3.9/site-packages/airflow/example_dags/plugins/event_listener.py
[2023-12-28T14:36:48.638-0300] {processor.py:829} INFO - Processing file /home/pedro/projetos/projetos_python/proj_twitter_pipeline/venv/lib/python3.9/site-packages/airflow/example_dags/plugins/event_listener.py for tasks to queue
[2023-12-28T14:36:48.639-0300] {logging_mixin.py:154} INFO - [2023-12-28T14:36:48.638-0300] {dagbag.py:536} INFO - Filling up the DagBag from /home/pedro/projetos/projetos_python/proj_twitter_pipeline/venv/lib/python3.9/site-packages/airflow/example_dags/plugins/event_listener.py
[2023-12-28T14:36:48.640-0300] {processor.py:841} WARNING - No viable dags retrieved from /home/pedro/projetos/projetos_python/proj_twitter_pipeline/venv/lib/python3.9/site-packages/airflow/example_dags/plugins/event_listener.py
[2023-12-28T14:36:48.647-0300] {processor.py:179} INFO - Processing /home/pedro/projetos/projetos_python/proj_twitter_pipeline/venv/lib/python3.9/site-packages/airflow/example_dags/plugins/event_listener.py took 0.014 seconds
[2023-12-28T14:37:36.950-0300] {processor.py:157} INFO - Started process (PID=28430) to work on /home/pedro/projetos/projetos_python/proj_twitter_pipeline/venv/lib/python3.9/site-packages/airflow/example_dags/plugins/event_listener.py
[2023-12-28T14:37:36.952-0300] {processor.py:829} INFO - Processing file /home/pedro/projetos/projetos_python/proj_twitter_pipeline/venv/lib/python3.9/site-packages/airflow/example_dags/plugins/event_listener.py for tasks to queue
[2023-12-28T14:37:36.953-0300] {logging_mixin.py:154} INFO - [2023-12-28T14:37:36.952-0300] {dagbag.py:536} INFO - Filling up the DagBag from /home/pedro/projetos/projetos_python/proj_twitter_pipeline/venv/lib/python3.9/site-packages/airflow/example_dags/plugins/event_listener.py
[2023-12-28T14:37:36.954-0300] {processor.py:841} WARNING - No viable dags retrieved from /home/pedro/projetos/projetos_python/proj_twitter_pipeline/venv/lib/python3.9/site-packages/airflow/example_dags/plugins/event_listener.py
[2023-12-28T14:37:36.961-0300] {processor.py:179} INFO - Processing /home/pedro/projetos/projetos_python/proj_twitter_pipeline/venv/lib/python3.9/site-packages/airflow/example_dags/plugins/event_listener.py took 0.014 seconds
[2023-12-28T14:38:27.718-0300] {processor.py:157} INFO - Started process (PID=28616) to work on /home/pedro/projetos/projetos_python/proj_twitter_pipeline/venv/lib/python3.9/site-packages/airflow/example_dags/plugins/event_listener.py
[2023-12-28T14:38:27.721-0300] {processor.py:829} INFO - Processing file /home/pedro/projetos/projetos_python/proj_twitter_pipeline/venv/lib/python3.9/site-packages/airflow/example_dags/plugins/event_listener.py for tasks to queue
[2023-12-28T14:38:27.722-0300] {logging_mixin.py:154} INFO - [2023-12-28T14:38:27.722-0300] {dagbag.py:536} INFO - Filling up the DagBag from /home/pedro/projetos/projetos_python/proj_twitter_pipeline/venv/lib/python3.9/site-packages/airflow/example_dags/plugins/event_listener.py
[2023-12-28T14:38:27.725-0300] {processor.py:841} WARNING - No viable dags retrieved from /home/pedro/projetos/projetos_python/proj_twitter_pipeline/venv/lib/python3.9/site-packages/airflow/example_dags/plugins/event_listener.py
[2023-12-28T14:38:27.736-0300] {processor.py:179} INFO - Processing /home/pedro/projetos/projetos_python/proj_twitter_pipeline/venv/lib/python3.9/site-packages/airflow/example_dags/plugins/event_listener.py took 0.022 seconds
[2023-12-28T14:39:19.497-0300] {processor.py:157} INFO - Started process (PID=28807) to work on /home/pedro/projetos/projetos_python/proj_twitter_pipeline/venv/lib/python3.9/site-packages/airflow/example_dags/plugins/event_listener.py
[2023-12-28T14:39:19.500-0300] {processor.py:829} INFO - Processing file /home/pedro/projetos/projetos_python/proj_twitter_pipeline/venv/lib/python3.9/site-packages/airflow/example_dags/plugins/event_listener.py for tasks to queue
[2023-12-28T14:39:19.501-0300] {logging_mixin.py:154} INFO - [2023-12-28T14:39:19.501-0300] {dagbag.py:536} INFO - Filling up the DagBag from /home/pedro/projetos/projetos_python/proj_twitter_pipeline/venv/lib/python3.9/site-packages/airflow/example_dags/plugins/event_listener.py
[2023-12-28T14:39:19.503-0300] {processor.py:841} WARNING - No viable dags retrieved from /home/pedro/projetos/projetos_python/proj_twitter_pipeline/venv/lib/python3.9/site-packages/airflow/example_dags/plugins/event_listener.py
[2023-12-28T14:39:19.510-0300] {processor.py:179} INFO - Processing /home/pedro/projetos/projetos_python/proj_twitter_pipeline/venv/lib/python3.9/site-packages/airflow/example_dags/plugins/event_listener.py took 0.015 seconds
[2023-12-28T14:40:04.179-0300] {processor.py:157} INFO - Started process (PID=28921) to work on /home/pedro/projetos/projetos_python/proj_twitter_pipeline/venv/lib/python3.9/site-packages/airflow/example_dags/plugins/event_listener.py
[2023-12-28T14:40:04.182-0300] {processor.py:829} INFO - Processing file /home/pedro/projetos/projetos_python/proj_twitter_pipeline/venv/lib/python3.9/site-packages/airflow/example_dags/plugins/event_listener.py for tasks to queue
[2023-12-28T14:40:04.182-0300] {logging_mixin.py:154} INFO - [2023-12-28T14:40:04.182-0300] {dagbag.py:536} INFO - Filling up the DagBag from /home/pedro/projetos/projetos_python/proj_twitter_pipeline/venv/lib/python3.9/site-packages/airflow/example_dags/plugins/event_listener.py
[2023-12-28T14:40:04.184-0300] {processor.py:841} WARNING - No viable dags retrieved from /home/pedro/projetos/projetos_python/proj_twitter_pipeline/venv/lib/python3.9/site-packages/airflow/example_dags/plugins/event_listener.py
[2023-12-28T14:40:04.191-0300] {processor.py:179} INFO - Processing /home/pedro/projetos/projetos_python/proj_twitter_pipeline/venv/lib/python3.9/site-packages/airflow/example_dags/plugins/event_listener.py took 0.014 seconds
[2023-12-28T14:40:51.792-0300] {processor.py:157} INFO - Started process (PID=29101) to work on /home/pedro/projetos/projetos_python/proj_twitter_pipeline/venv/lib/python3.9/site-packages/airflow/example_dags/plugins/event_listener.py
[2023-12-28T14:40:51.795-0300] {processor.py:829} INFO - Processing file /home/pedro/projetos/projetos_python/proj_twitter_pipeline/venv/lib/python3.9/site-packages/airflow/example_dags/plugins/event_listener.py for tasks to queue
[2023-12-28T14:40:51.796-0300] {logging_mixin.py:154} INFO - [2023-12-28T14:40:51.795-0300] {dagbag.py:536} INFO - Filling up the DagBag from /home/pedro/projetos/projetos_python/proj_twitter_pipeline/venv/lib/python3.9/site-packages/airflow/example_dags/plugins/event_listener.py
[2023-12-28T14:40:51.797-0300] {processor.py:841} WARNING - No viable dags retrieved from /home/pedro/projetos/projetos_python/proj_twitter_pipeline/venv/lib/python3.9/site-packages/airflow/example_dags/plugins/event_listener.py
[2023-12-28T14:40:51.804-0300] {processor.py:179} INFO - Processing /home/pedro/projetos/projetos_python/proj_twitter_pipeline/venv/lib/python3.9/site-packages/airflow/example_dags/plugins/event_listener.py took 0.014 seconds
[2023-12-28T14:41:38.897-0300] {processor.py:157} INFO - Started process (PID=29340) to work on /home/pedro/projetos/projetos_python/proj_twitter_pipeline/venv/lib/python3.9/site-packages/airflow/example_dags/plugins/event_listener.py
[2023-12-28T14:41:38.899-0300] {processor.py:829} INFO - Processing file /home/pedro/projetos/projetos_python/proj_twitter_pipeline/venv/lib/python3.9/site-packages/airflow/example_dags/plugins/event_listener.py for tasks to queue
[2023-12-28T14:41:38.900-0300] {logging_mixin.py:154} INFO - [2023-12-28T14:41:38.900-0300] {dagbag.py:536} INFO - Filling up the DagBag from /home/pedro/projetos/projetos_python/proj_twitter_pipeline/venv/lib/python3.9/site-packages/airflow/example_dags/plugins/event_listener.py
[2023-12-28T14:41:38.902-0300] {processor.py:841} WARNING - No viable dags retrieved from /home/pedro/projetos/projetos_python/proj_twitter_pipeline/venv/lib/python3.9/site-packages/airflow/example_dags/plugins/event_listener.py
[2023-12-28T14:41:38.909-0300] {processor.py:179} INFO - Processing /home/pedro/projetos/projetos_python/proj_twitter_pipeline/venv/lib/python3.9/site-packages/airflow/example_dags/plugins/event_listener.py took 0.014 seconds
[2023-12-28T14:42:24.094-0300] {processor.py:157} INFO - Started process (PID=29514) to work on /home/pedro/projetos/projetos_python/proj_twitter_pipeline/venv/lib/python3.9/site-packages/airflow/example_dags/plugins/event_listener.py
[2023-12-28T14:42:24.097-0300] {processor.py:829} INFO - Processing file /home/pedro/projetos/projetos_python/proj_twitter_pipeline/venv/lib/python3.9/site-packages/airflow/example_dags/plugins/event_listener.py for tasks to queue
[2023-12-28T14:42:24.097-0300] {logging_mixin.py:154} INFO - [2023-12-28T14:42:24.097-0300] {dagbag.py:536} INFO - Filling up the DagBag from /home/pedro/projetos/projetos_python/proj_twitter_pipeline/venv/lib/python3.9/site-packages/airflow/example_dags/plugins/event_listener.py
[2023-12-28T14:42:24.099-0300] {processor.py:841} WARNING - No viable dags retrieved from /home/pedro/projetos/projetos_python/proj_twitter_pipeline/venv/lib/python3.9/site-packages/airflow/example_dags/plugins/event_listener.py
[2023-12-28T14:42:24.106-0300] {processor.py:179} INFO - Processing /home/pedro/projetos/projetos_python/proj_twitter_pipeline/venv/lib/python3.9/site-packages/airflow/example_dags/plugins/event_listener.py took 0.014 seconds
[2023-12-28T14:43:10.406-0300] {processor.py:157} INFO - Started process (PID=29633) to work on /home/pedro/projetos/projetos_python/proj_twitter_pipeline/venv/lib/python3.9/site-packages/airflow/example_dags/plugins/event_listener.py
[2023-12-28T14:43:10.407-0300] {processor.py:829} INFO - Processing file /home/pedro/projetos/projetos_python/proj_twitter_pipeline/venv/lib/python3.9/site-packages/airflow/example_dags/plugins/event_listener.py for tasks to queue
[2023-12-28T14:43:10.408-0300] {logging_mixin.py:154} INFO - [2023-12-28T14:43:10.407-0300] {dagbag.py:536} INFO - Filling up the DagBag from /home/pedro/projetos/projetos_python/proj_twitter_pipeline/venv/lib/python3.9/site-packages/airflow/example_dags/plugins/event_listener.py
[2023-12-28T14:43:10.410-0300] {processor.py:841} WARNING - No viable dags retrieved from /home/pedro/projetos/projetos_python/proj_twitter_pipeline/venv/lib/python3.9/site-packages/airflow/example_dags/plugins/event_listener.py
[2023-12-28T14:43:10.417-0300] {processor.py:179} INFO - Processing /home/pedro/projetos/projetos_python/proj_twitter_pipeline/venv/lib/python3.9/site-packages/airflow/example_dags/plugins/event_listener.py took 0.014 seconds
[2023-12-28T14:43:57.568-0300] {processor.py:157} INFO - Started process (PID=29812) to work on /home/pedro/projetos/projetos_python/proj_twitter_pipeline/venv/lib/python3.9/site-packages/airflow/example_dags/plugins/event_listener.py
[2023-12-28T14:43:57.570-0300] {processor.py:829} INFO - Processing file /home/pedro/projetos/projetos_python/proj_twitter_pipeline/venv/lib/python3.9/site-packages/airflow/example_dags/plugins/event_listener.py for tasks to queue
[2023-12-28T14:43:57.571-0300] {logging_mixin.py:154} INFO - [2023-12-28T14:43:57.571-0300] {dagbag.py:536} INFO - Filling up the DagBag from /home/pedro/projetos/projetos_python/proj_twitter_pipeline/venv/lib/python3.9/site-packages/airflow/example_dags/plugins/event_listener.py
[2023-12-28T14:43:57.572-0300] {processor.py:841} WARNING - No viable dags retrieved from /home/pedro/projetos/projetos_python/proj_twitter_pipeline/venv/lib/python3.9/site-packages/airflow/example_dags/plugins/event_listener.py
[2023-12-28T14:43:57.580-0300] {processor.py:179} INFO - Processing /home/pedro/projetos/projetos_python/proj_twitter_pipeline/venv/lib/python3.9/site-packages/airflow/example_dags/plugins/event_listener.py took 0.014 seconds
[2023-12-28T14:44:46.330-0300] {processor.py:157} INFO - Started process (PID=29994) to work on /home/pedro/projetos/projetos_python/proj_twitter_pipeline/venv/lib/python3.9/site-packages/airflow/example_dags/plugins/event_listener.py
[2023-12-28T14:44:46.333-0300] {processor.py:829} INFO - Processing file /home/pedro/projetos/projetos_python/proj_twitter_pipeline/venv/lib/python3.9/site-packages/airflow/example_dags/plugins/event_listener.py for tasks to queue
[2023-12-28T14:44:46.333-0300] {logging_mixin.py:154} INFO - [2023-12-28T14:44:46.333-0300] {dagbag.py:536} INFO - Filling up the DagBag from /home/pedro/projetos/projetos_python/proj_twitter_pipeline/venv/lib/python3.9/site-packages/airflow/example_dags/plugins/event_listener.py
[2023-12-28T14:44:46.335-0300] {processor.py:841} WARNING - No viable dags retrieved from /home/pedro/projetos/projetos_python/proj_twitter_pipeline/venv/lib/python3.9/site-packages/airflow/example_dags/plugins/event_listener.py
[2023-12-28T14:44:46.341-0300] {processor.py:179} INFO - Processing /home/pedro/projetos/projetos_python/proj_twitter_pipeline/venv/lib/python3.9/site-packages/airflow/example_dags/plugins/event_listener.py took 0.013 seconds
[2023-12-28T14:45:34.588-0300] {processor.py:157} INFO - Started process (PID=30177) to work on /home/pedro/projetos/projetos_python/proj_twitter_pipeline/venv/lib/python3.9/site-packages/airflow/example_dags/plugins/event_listener.py
[2023-12-28T14:45:34.589-0300] {processor.py:829} INFO - Processing file /home/pedro/projetos/projetos_python/proj_twitter_pipeline/venv/lib/python3.9/site-packages/airflow/example_dags/plugins/event_listener.py for tasks to queue
[2023-12-28T14:45:34.589-0300] {logging_mixin.py:154} INFO - [2023-12-28T14:45:34.589-0300] {dagbag.py:536} INFO - Filling up the DagBag from /home/pedro/projetos/projetos_python/proj_twitter_pipeline/venv/lib/python3.9/site-packages/airflow/example_dags/plugins/event_listener.py
[2023-12-28T14:45:34.591-0300] {processor.py:841} WARNING - No viable dags retrieved from /home/pedro/projetos/projetos_python/proj_twitter_pipeline/venv/lib/python3.9/site-packages/airflow/example_dags/plugins/event_listener.py
[2023-12-28T14:45:34.598-0300] {processor.py:179} INFO - Processing /home/pedro/projetos/projetos_python/proj_twitter_pipeline/venv/lib/python3.9/site-packages/airflow/example_dags/plugins/event_listener.py took 0.012 seconds
[2023-12-28T14:46:22.924-0300] {processor.py:157} INFO - Started process (PID=30360) to work on /home/pedro/projetos/projetos_python/proj_twitter_pipeline/venv/lib/python3.9/site-packages/airflow/example_dags/plugins/event_listener.py
[2023-12-28T14:46:22.926-0300] {processor.py:829} INFO - Processing file /home/pedro/projetos/projetos_python/proj_twitter_pipeline/venv/lib/python3.9/site-packages/airflow/example_dags/plugins/event_listener.py for tasks to queue
[2023-12-28T14:46:22.927-0300] {logging_mixin.py:154} INFO - [2023-12-28T14:46:22.927-0300] {dagbag.py:536} INFO - Filling up the DagBag from /home/pedro/projetos/projetos_python/proj_twitter_pipeline/venv/lib/python3.9/site-packages/airflow/example_dags/plugins/event_listener.py
[2023-12-28T14:46:22.929-0300] {processor.py:841} WARNING - No viable dags retrieved from /home/pedro/projetos/projetos_python/proj_twitter_pipeline/venv/lib/python3.9/site-packages/airflow/example_dags/plugins/event_listener.py
[2023-12-28T14:46:22.936-0300] {processor.py:179} INFO - Processing /home/pedro/projetos/projetos_python/proj_twitter_pipeline/venv/lib/python3.9/site-packages/airflow/example_dags/plugins/event_listener.py took 0.014 seconds
[2023-12-28T14:47:10.533-0300] {processor.py:157} INFO - Started process (PID=30540) to work on /home/pedro/projetos/projetos_python/proj_twitter_pipeline/venv/lib/python3.9/site-packages/airflow/example_dags/plugins/event_listener.py
[2023-12-28T14:47:10.537-0300] {processor.py:829} INFO - Processing file /home/pedro/projetos/projetos_python/proj_twitter_pipeline/venv/lib/python3.9/site-packages/airflow/example_dags/plugins/event_listener.py for tasks to queue
[2023-12-28T14:47:10.539-0300] {logging_mixin.py:154} INFO - [2023-12-28T14:47:10.538-0300] {dagbag.py:536} INFO - Filling up the DagBag from /home/pedro/projetos/projetos_python/proj_twitter_pipeline/venv/lib/python3.9/site-packages/airflow/example_dags/plugins/event_listener.py
[2023-12-28T14:47:10.540-0300] {processor.py:841} WARNING - No viable dags retrieved from /home/pedro/projetos/projetos_python/proj_twitter_pipeline/venv/lib/python3.9/site-packages/airflow/example_dags/plugins/event_listener.py
[2023-12-28T14:47:10.547-0300] {processor.py:179} INFO - Processing /home/pedro/projetos/projetos_python/proj_twitter_pipeline/venv/lib/python3.9/site-packages/airflow/example_dags/plugins/event_listener.py took 0.017 seconds
[2023-12-28T14:47:58.080-0300] {processor.py:157} INFO - Started process (PID=30720) to work on /home/pedro/projetos/projetos_python/proj_twitter_pipeline/venv/lib/python3.9/site-packages/airflow/example_dags/plugins/event_listener.py
[2023-12-28T14:47:58.081-0300] {processor.py:829} INFO - Processing file /home/pedro/projetos/projetos_python/proj_twitter_pipeline/venv/lib/python3.9/site-packages/airflow/example_dags/plugins/event_listener.py for tasks to queue
[2023-12-28T14:47:58.082-0300] {logging_mixin.py:154} INFO - [2023-12-28T14:47:58.082-0300] {dagbag.py:536} INFO - Filling up the DagBag from /home/pedro/projetos/projetos_python/proj_twitter_pipeline/venv/lib/python3.9/site-packages/airflow/example_dags/plugins/event_listener.py
[2023-12-28T14:47:58.084-0300] {processor.py:841} WARNING - No viable dags retrieved from /home/pedro/projetos/projetos_python/proj_twitter_pipeline/venv/lib/python3.9/site-packages/airflow/example_dags/plugins/event_listener.py
[2023-12-28T14:47:58.090-0300] {processor.py:179} INFO - Processing /home/pedro/projetos/projetos_python/proj_twitter_pipeline/venv/lib/python3.9/site-packages/airflow/example_dags/plugins/event_listener.py took 0.012 seconds
[2023-12-28T14:48:41.571-0300] {processor.py:157} INFO - Started process (PID=30891) to work on /home/pedro/projetos/projetos_python/proj_twitter_pipeline/venv/lib/python3.9/site-packages/airflow/example_dags/plugins/event_listener.py
[2023-12-28T14:48:41.573-0300] {processor.py:829} INFO - Processing file /home/pedro/projetos/projetos_python/proj_twitter_pipeline/venv/lib/python3.9/site-packages/airflow/example_dags/plugins/event_listener.py for tasks to queue
[2023-12-28T14:48:41.574-0300] {logging_mixin.py:154} INFO - [2023-12-28T14:48:41.574-0300] {dagbag.py:536} INFO - Filling up the DagBag from /home/pedro/projetos/projetos_python/proj_twitter_pipeline/venv/lib/python3.9/site-packages/airflow/example_dags/plugins/event_listener.py
[2023-12-28T14:48:41.575-0300] {processor.py:841} WARNING - No viable dags retrieved from /home/pedro/projetos/projetos_python/proj_twitter_pipeline/venv/lib/python3.9/site-packages/airflow/example_dags/plugins/event_listener.py
[2023-12-28T14:48:41.582-0300] {processor.py:179} INFO - Processing /home/pedro/projetos/projetos_python/proj_twitter_pipeline/venv/lib/python3.9/site-packages/airflow/example_dags/plugins/event_listener.py took 0.014 seconds
[2023-12-28T14:49:30.938-0300] {processor.py:157} INFO - Started process (PID=31077) to work on /home/pedro/projetos/projetos_python/proj_twitter_pipeline/venv/lib/python3.9/site-packages/airflow/example_dags/plugins/event_listener.py
[2023-12-28T14:49:30.940-0300] {processor.py:829} INFO - Processing file /home/pedro/projetos/projetos_python/proj_twitter_pipeline/venv/lib/python3.9/site-packages/airflow/example_dags/plugins/event_listener.py for tasks to queue
[2023-12-28T14:49:30.941-0300] {logging_mixin.py:154} INFO - [2023-12-28T14:49:30.941-0300] {dagbag.py:536} INFO - Filling up the DagBag from /home/pedro/projetos/projetos_python/proj_twitter_pipeline/venv/lib/python3.9/site-packages/airflow/example_dags/plugins/event_listener.py
[2023-12-28T14:49:30.943-0300] {processor.py:841} WARNING - No viable dags retrieved from /home/pedro/projetos/projetos_python/proj_twitter_pipeline/venv/lib/python3.9/site-packages/airflow/example_dags/plugins/event_listener.py
[2023-12-28T14:49:30.949-0300] {processor.py:179} INFO - Processing /home/pedro/projetos/projetos_python/proj_twitter_pipeline/venv/lib/python3.9/site-packages/airflow/example_dags/plugins/event_listener.py took 0.013 seconds
[2023-12-28T14:50:15.731-0300] {processor.py:157} INFO - Started process (PID=31191) to work on /home/pedro/projetos/projetos_python/proj_twitter_pipeline/venv/lib/python3.9/site-packages/airflow/example_dags/plugins/event_listener.py
[2023-12-28T14:50:15.734-0300] {processor.py:829} INFO - Processing file /home/pedro/projetos/projetos_python/proj_twitter_pipeline/venv/lib/python3.9/site-packages/airflow/example_dags/plugins/event_listener.py for tasks to queue
[2023-12-28T14:50:15.735-0300] {logging_mixin.py:154} INFO - [2023-12-28T14:50:15.734-0300] {dagbag.py:536} INFO - Filling up the DagBag from /home/pedro/projetos/projetos_python/proj_twitter_pipeline/venv/lib/python3.9/site-packages/airflow/example_dags/plugins/event_listener.py
[2023-12-28T14:50:15.737-0300] {processor.py:841} WARNING - No viable dags retrieved from /home/pedro/projetos/projetos_python/proj_twitter_pipeline/venv/lib/python3.9/site-packages/airflow/example_dags/plugins/event_listener.py
[2023-12-28T14:50:15.745-0300] {processor.py:179} INFO - Processing /home/pedro/projetos/projetos_python/proj_twitter_pipeline/venv/lib/python3.9/site-packages/airflow/example_dags/plugins/event_listener.py took 0.015 seconds
[2023-12-28T14:51:06.656-0300] {processor.py:157} INFO - Started process (PID=31376) to work on /home/pedro/projetos/projetos_python/proj_twitter_pipeline/venv/lib/python3.9/site-packages/airflow/example_dags/plugins/event_listener.py
[2023-12-28T14:51:06.659-0300] {processor.py:829} INFO - Processing file /home/pedro/projetos/projetos_python/proj_twitter_pipeline/venv/lib/python3.9/site-packages/airflow/example_dags/plugins/event_listener.py for tasks to queue
[2023-12-28T14:51:06.660-0300] {logging_mixin.py:154} INFO - [2023-12-28T14:51:06.660-0300] {dagbag.py:536} INFO - Filling up the DagBag from /home/pedro/projetos/projetos_python/proj_twitter_pipeline/venv/lib/python3.9/site-packages/airflow/example_dags/plugins/event_listener.py
[2023-12-28T14:51:06.662-0300] {processor.py:841} WARNING - No viable dags retrieved from /home/pedro/projetos/projetos_python/proj_twitter_pipeline/venv/lib/python3.9/site-packages/airflow/example_dags/plugins/event_listener.py
[2023-12-28T14:51:06.669-0300] {processor.py:179} INFO - Processing /home/pedro/projetos/projetos_python/proj_twitter_pipeline/venv/lib/python3.9/site-packages/airflow/example_dags/plugins/event_listener.py took 0.016 seconds
[2023-12-28T14:51:55.188-0300] {processor.py:157} INFO - Started process (PID=31620) to work on /home/pedro/projetos/projetos_python/proj_twitter_pipeline/venv/lib/python3.9/site-packages/airflow/example_dags/plugins/event_listener.py
[2023-12-28T14:51:55.191-0300] {processor.py:829} INFO - Processing file /home/pedro/projetos/projetos_python/proj_twitter_pipeline/venv/lib/python3.9/site-packages/airflow/example_dags/plugins/event_listener.py for tasks to queue
[2023-12-28T14:51:55.191-0300] {logging_mixin.py:154} INFO - [2023-12-28T14:51:55.191-0300] {dagbag.py:536} INFO - Filling up the DagBag from /home/pedro/projetos/projetos_python/proj_twitter_pipeline/venv/lib/python3.9/site-packages/airflow/example_dags/plugins/event_listener.py
[2023-12-28T14:51:55.193-0300] {processor.py:841} WARNING - No viable dags retrieved from /home/pedro/projetos/projetos_python/proj_twitter_pipeline/venv/lib/python3.9/site-packages/airflow/example_dags/plugins/event_listener.py
[2023-12-28T14:51:55.200-0300] {processor.py:179} INFO - Processing /home/pedro/projetos/projetos_python/proj_twitter_pipeline/venv/lib/python3.9/site-packages/airflow/example_dags/plugins/event_listener.py took 0.014 seconds
[2023-12-28T14:52:42.520-0300] {processor.py:157} INFO - Started process (PID=31799) to work on /home/pedro/projetos/projetos_python/proj_twitter_pipeline/venv/lib/python3.9/site-packages/airflow/example_dags/plugins/event_listener.py
[2023-12-28T14:52:42.522-0300] {processor.py:829} INFO - Processing file /home/pedro/projetos/projetos_python/proj_twitter_pipeline/venv/lib/python3.9/site-packages/airflow/example_dags/plugins/event_listener.py for tasks to queue
[2023-12-28T14:52:42.523-0300] {logging_mixin.py:154} INFO - [2023-12-28T14:52:42.523-0300] {dagbag.py:536} INFO - Filling up the DagBag from /home/pedro/projetos/projetos_python/proj_twitter_pipeline/venv/lib/python3.9/site-packages/airflow/example_dags/plugins/event_listener.py
[2023-12-28T14:52:42.525-0300] {processor.py:841} WARNING - No viable dags retrieved from /home/pedro/projetos/projetos_python/proj_twitter_pipeline/venv/lib/python3.9/site-packages/airflow/example_dags/plugins/event_listener.py
[2023-12-28T14:52:42.532-0300] {processor.py:179} INFO - Processing /home/pedro/projetos/projetos_python/proj_twitter_pipeline/venv/lib/python3.9/site-packages/airflow/example_dags/plugins/event_listener.py took 0.014 seconds
[2023-12-28T14:53:28.879-0300] {processor.py:157} INFO - Started process (PID=31979) to work on /home/pedro/projetos/projetos_python/proj_twitter_pipeline/venv/lib/python3.9/site-packages/airflow/example_dags/plugins/event_listener.py
[2023-12-28T14:53:28.881-0300] {processor.py:829} INFO - Processing file /home/pedro/projetos/projetos_python/proj_twitter_pipeline/venv/lib/python3.9/site-packages/airflow/example_dags/plugins/event_listener.py for tasks to queue
[2023-12-28T14:53:28.882-0300] {logging_mixin.py:154} INFO - [2023-12-28T14:53:28.882-0300] {dagbag.py:536} INFO - Filling up the DagBag from /home/pedro/projetos/projetos_python/proj_twitter_pipeline/venv/lib/python3.9/site-packages/airflow/example_dags/plugins/event_listener.py
[2023-12-28T14:53:28.884-0300] {processor.py:841} WARNING - No viable dags retrieved from /home/pedro/projetos/projetos_python/proj_twitter_pipeline/venv/lib/python3.9/site-packages/airflow/example_dags/plugins/event_listener.py
[2023-12-28T14:53:28.890-0300] {processor.py:179} INFO - Processing /home/pedro/projetos/projetos_python/proj_twitter_pipeline/venv/lib/python3.9/site-packages/airflow/example_dags/plugins/event_listener.py took 0.014 seconds
[2023-12-28T14:54:15.145-0300] {processor.py:157} INFO - Started process (PID=32098) to work on /home/pedro/projetos/projetos_python/proj_twitter_pipeline/venv/lib/python3.9/site-packages/airflow/example_dags/plugins/event_listener.py
[2023-12-28T14:54:15.147-0300] {processor.py:829} INFO - Processing file /home/pedro/projetos/projetos_python/proj_twitter_pipeline/venv/lib/python3.9/site-packages/airflow/example_dags/plugins/event_listener.py for tasks to queue
[2023-12-28T14:54:15.148-0300] {logging_mixin.py:154} INFO - [2023-12-28T14:54:15.147-0300] {dagbag.py:536} INFO - Filling up the DagBag from /home/pedro/projetos/projetos_python/proj_twitter_pipeline/venv/lib/python3.9/site-packages/airflow/example_dags/plugins/event_listener.py
[2023-12-28T14:54:15.149-0300] {processor.py:841} WARNING - No viable dags retrieved from /home/pedro/projetos/projetos_python/proj_twitter_pipeline/venv/lib/python3.9/site-packages/airflow/example_dags/plugins/event_listener.py
[2023-12-28T14:54:15.156-0300] {processor.py:179} INFO - Processing /home/pedro/projetos/projetos_python/proj_twitter_pipeline/venv/lib/python3.9/site-packages/airflow/example_dags/plugins/event_listener.py took 0.013 seconds
[2023-12-28T14:55:04.414-0300] {processor.py:157} INFO - Started process (PID=32283) to work on /home/pedro/projetos/projetos_python/proj_twitter_pipeline/venv/lib/python3.9/site-packages/airflow/example_dags/plugins/event_listener.py
[2023-12-28T14:55:04.417-0300] {processor.py:829} INFO - Processing file /home/pedro/projetos/projetos_python/proj_twitter_pipeline/venv/lib/python3.9/site-packages/airflow/example_dags/plugins/event_listener.py for tasks to queue
[2023-12-28T14:55:04.417-0300] {logging_mixin.py:154} INFO - [2023-12-28T14:55:04.417-0300] {dagbag.py:536} INFO - Filling up the DagBag from /home/pedro/projetos/projetos_python/proj_twitter_pipeline/venv/lib/python3.9/site-packages/airflow/example_dags/plugins/event_listener.py
[2023-12-28T14:55:04.419-0300] {processor.py:841} WARNING - No viable dags retrieved from /home/pedro/projetos/projetos_python/proj_twitter_pipeline/venv/lib/python3.9/site-packages/airflow/example_dags/plugins/event_listener.py
[2023-12-28T14:55:04.425-0300] {processor.py:179} INFO - Processing /home/pedro/projetos/projetos_python/proj_twitter_pipeline/venv/lib/python3.9/site-packages/airflow/example_dags/plugins/event_listener.py took 0.013 seconds
[2023-12-28T14:55:49.603-0300] {processor.py:157} INFO - Started process (PID=32458) to work on /home/pedro/projetos/projetos_python/proj_twitter_pipeline/venv/lib/python3.9/site-packages/airflow/example_dags/plugins/event_listener.py
[2023-12-28T14:55:49.605-0300] {processor.py:829} INFO - Processing file /home/pedro/projetos/projetos_python/proj_twitter_pipeline/venv/lib/python3.9/site-packages/airflow/example_dags/plugins/event_listener.py for tasks to queue
[2023-12-28T14:55:49.606-0300] {logging_mixin.py:154} INFO - [2023-12-28T14:55:49.606-0300] {dagbag.py:536} INFO - Filling up the DagBag from /home/pedro/projetos/projetos_python/proj_twitter_pipeline/venv/lib/python3.9/site-packages/airflow/example_dags/plugins/event_listener.py
[2023-12-28T14:55:49.607-0300] {processor.py:841} WARNING - No viable dags retrieved from /home/pedro/projetos/projetos_python/proj_twitter_pipeline/venv/lib/python3.9/site-packages/airflow/example_dags/plugins/event_listener.py
[2023-12-28T14:55:49.614-0300] {processor.py:179} INFO - Processing /home/pedro/projetos/projetos_python/proj_twitter_pipeline/venv/lib/python3.9/site-packages/airflow/example_dags/plugins/event_listener.py took 0.013 seconds
[2023-12-28T14:56:40.418-0300] {processor.py:157} INFO - Started process (PID=32706) to work on /home/pedro/projetos/projetos_python/proj_twitter_pipeline/venv/lib/python3.9/site-packages/airflow/example_dags/plugins/event_listener.py
[2023-12-28T14:56:40.420-0300] {processor.py:829} INFO - Processing file /home/pedro/projetos/projetos_python/proj_twitter_pipeline/venv/lib/python3.9/site-packages/airflow/example_dags/plugins/event_listener.py for tasks to queue
[2023-12-28T14:56:40.421-0300] {logging_mixin.py:154} INFO - [2023-12-28T14:56:40.421-0300] {dagbag.py:536} INFO - Filling up the DagBag from /home/pedro/projetos/projetos_python/proj_twitter_pipeline/venv/lib/python3.9/site-packages/airflow/example_dags/plugins/event_listener.py
[2023-12-28T14:56:40.423-0300] {processor.py:841} WARNING - No viable dags retrieved from /home/pedro/projetos/projetos_python/proj_twitter_pipeline/venv/lib/python3.9/site-packages/airflow/example_dags/plugins/event_listener.py
[2023-12-28T14:56:40.429-0300] {processor.py:179} INFO - Processing /home/pedro/projetos/projetos_python/proj_twitter_pipeline/venv/lib/python3.9/site-packages/airflow/example_dags/plugins/event_listener.py took 0.014 seconds
[2023-12-28T14:57:31.386-0300] {processor.py:157} INFO - Started process (PID=425) to work on /home/pedro/projetos/projetos_python/proj_twitter_pipeline/venv/lib/python3.9/site-packages/airflow/example_dags/plugins/event_listener.py
[2023-12-28T14:57:31.389-0300] {processor.py:829} INFO - Processing file /home/pedro/projetos/projetos_python/proj_twitter_pipeline/venv/lib/python3.9/site-packages/airflow/example_dags/plugins/event_listener.py for tasks to queue
[2023-12-28T14:57:31.389-0300] {logging_mixin.py:154} INFO - [2023-12-28T14:57:31.389-0300] {dagbag.py:536} INFO - Filling up the DagBag from /home/pedro/projetos/projetos_python/proj_twitter_pipeline/venv/lib/python3.9/site-packages/airflow/example_dags/plugins/event_listener.py
[2023-12-28T14:57:31.391-0300] {processor.py:841} WARNING - No viable dags retrieved from /home/pedro/projetos/projetos_python/proj_twitter_pipeline/venv/lib/python3.9/site-packages/airflow/example_dags/plugins/event_listener.py
[2023-12-28T14:57:31.398-0300] {processor.py:179} INFO - Processing /home/pedro/projetos/projetos_python/proj_twitter_pipeline/venv/lib/python3.9/site-packages/airflow/example_dags/plugins/event_listener.py took 0.014 seconds
[2023-12-28T14:58:21.372-0300] {processor.py:157} INFO - Started process (PID=612) to work on /home/pedro/projetos/projetos_python/proj_twitter_pipeline/venv/lib/python3.9/site-packages/airflow/example_dags/plugins/event_listener.py
[2023-12-28T14:58:21.373-0300] {processor.py:829} INFO - Processing file /home/pedro/projetos/projetos_python/proj_twitter_pipeline/venv/lib/python3.9/site-packages/airflow/example_dags/plugins/event_listener.py for tasks to queue
[2023-12-28T14:58:21.374-0300] {logging_mixin.py:154} INFO - [2023-12-28T14:58:21.374-0300] {dagbag.py:536} INFO - Filling up the DagBag from /home/pedro/projetos/projetos_python/proj_twitter_pipeline/venv/lib/python3.9/site-packages/airflow/example_dags/plugins/event_listener.py
[2023-12-28T14:58:21.376-0300] {processor.py:841} WARNING - No viable dags retrieved from /home/pedro/projetos/projetos_python/proj_twitter_pipeline/venv/lib/python3.9/site-packages/airflow/example_dags/plugins/event_listener.py
[2023-12-28T14:58:21.383-0300] {processor.py:179} INFO - Processing /home/pedro/projetos/projetos_python/proj_twitter_pipeline/venv/lib/python3.9/site-packages/airflow/example_dags/plugins/event_listener.py took 0.014 seconds
[2023-12-28T14:59:14.165-0300] {processor.py:157} INFO - Started process (PID=740) to work on /home/pedro/projetos/projetos_python/proj_twitter_pipeline/venv/lib/python3.9/site-packages/airflow/example_dags/plugins/event_listener.py
[2023-12-28T14:59:14.168-0300] {processor.py:829} INFO - Processing file /home/pedro/projetos/projetos_python/proj_twitter_pipeline/venv/lib/python3.9/site-packages/airflow/example_dags/plugins/event_listener.py for tasks to queue
[2023-12-28T14:59:14.169-0300] {logging_mixin.py:154} INFO - [2023-12-28T14:59:14.169-0300] {dagbag.py:536} INFO - Filling up the DagBag from /home/pedro/projetos/projetos_python/proj_twitter_pipeline/venv/lib/python3.9/site-packages/airflow/example_dags/plugins/event_listener.py
[2023-12-28T14:59:14.170-0300] {processor.py:841} WARNING - No viable dags retrieved from /home/pedro/projetos/projetos_python/proj_twitter_pipeline/venv/lib/python3.9/site-packages/airflow/example_dags/plugins/event_listener.py
[2023-12-28T14:59:14.177-0300] {processor.py:179} INFO - Processing /home/pedro/projetos/projetos_python/proj_twitter_pipeline/venv/lib/python3.9/site-packages/airflow/example_dags/plugins/event_listener.py took 0.014 seconds
[2023-12-28T14:59:58.271-0300] {processor.py:157} INFO - Started process (PID=914) to work on /home/pedro/projetos/projetos_python/proj_twitter_pipeline/venv/lib/python3.9/site-packages/airflow/example_dags/plugins/event_listener.py
[2023-12-28T14:59:58.274-0300] {processor.py:829} INFO - Processing file /home/pedro/projetos/projetos_python/proj_twitter_pipeline/venv/lib/python3.9/site-packages/airflow/example_dags/plugins/event_listener.py for tasks to queue
[2023-12-28T14:59:58.275-0300] {logging_mixin.py:154} INFO - [2023-12-28T14:59:58.274-0300] {dagbag.py:536} INFO - Filling up the DagBag from /home/pedro/projetos/projetos_python/proj_twitter_pipeline/venv/lib/python3.9/site-packages/airflow/example_dags/plugins/event_listener.py
[2023-12-28T14:59:58.276-0300] {processor.py:841} WARNING - No viable dags retrieved from /home/pedro/projetos/projetos_python/proj_twitter_pipeline/venv/lib/python3.9/site-packages/airflow/example_dags/plugins/event_listener.py
[2023-12-28T14:59:58.283-0300] {processor.py:179} INFO - Processing /home/pedro/projetos/projetos_python/proj_twitter_pipeline/venv/lib/python3.9/site-packages/airflow/example_dags/plugins/event_listener.py took 0.014 seconds
[2023-12-28T15:00:48.589-0300] {processor.py:157} INFO - Started process (PID=1102) to work on /home/pedro/projetos/projetos_python/proj_twitter_pipeline/venv/lib/python3.9/site-packages/airflow/example_dags/plugins/event_listener.py
[2023-12-28T15:00:48.591-0300] {processor.py:829} INFO - Processing file /home/pedro/projetos/projetos_python/proj_twitter_pipeline/venv/lib/python3.9/site-packages/airflow/example_dags/plugins/event_listener.py for tasks to queue
[2023-12-28T15:00:48.592-0300] {logging_mixin.py:154} INFO - [2023-12-28T15:00:48.591-0300] {dagbag.py:536} INFO - Filling up the DagBag from /home/pedro/projetos/projetos_python/proj_twitter_pipeline/venv/lib/python3.9/site-packages/airflow/example_dags/plugins/event_listener.py
[2023-12-28T15:00:48.593-0300] {processor.py:841} WARNING - No viable dags retrieved from /home/pedro/projetos/projetos_python/proj_twitter_pipeline/venv/lib/python3.9/site-packages/airflow/example_dags/plugins/event_listener.py
[2023-12-28T15:00:48.600-0300] {processor.py:179} INFO - Processing /home/pedro/projetos/projetos_python/proj_twitter_pipeline/venv/lib/python3.9/site-packages/airflow/example_dags/plugins/event_listener.py took 0.013 seconds
[2023-12-28T15:01:36.152-0300] {processor.py:157} INFO - Started process (PID=1348) to work on /home/pedro/projetos/projetos_python/proj_twitter_pipeline/venv/lib/python3.9/site-packages/airflow/example_dags/plugins/event_listener.py
[2023-12-28T15:01:36.154-0300] {processor.py:829} INFO - Processing file /home/pedro/projetos/projetos_python/proj_twitter_pipeline/venv/lib/python3.9/site-packages/airflow/example_dags/plugins/event_listener.py for tasks to queue
[2023-12-28T15:01:36.155-0300] {logging_mixin.py:154} INFO - [2023-12-28T15:01:36.155-0300] {dagbag.py:536} INFO - Filling up the DagBag from /home/pedro/projetos/projetos_python/proj_twitter_pipeline/venv/lib/python3.9/site-packages/airflow/example_dags/plugins/event_listener.py
[2023-12-28T15:01:36.157-0300] {processor.py:841} WARNING - No viable dags retrieved from /home/pedro/projetos/projetos_python/proj_twitter_pipeline/venv/lib/python3.9/site-packages/airflow/example_dags/plugins/event_listener.py
[2023-12-28T15:01:36.164-0300] {processor.py:179} INFO - Processing /home/pedro/projetos/projetos_python/proj_twitter_pipeline/venv/lib/python3.9/site-packages/airflow/example_dags/plugins/event_listener.py took 0.015 seconds
[2023-12-28T15:02:25.560-0300] {processor.py:157} INFO - Started process (PID=1531) to work on /home/pedro/projetos/projetos_python/proj_twitter_pipeline/venv/lib/python3.9/site-packages/airflow/example_dags/plugins/event_listener.py
[2023-12-28T15:02:25.562-0300] {processor.py:829} INFO - Processing file /home/pedro/projetos/projetos_python/proj_twitter_pipeline/venv/lib/python3.9/site-packages/airflow/example_dags/plugins/event_listener.py for tasks to queue
[2023-12-28T15:02:25.563-0300] {logging_mixin.py:154} INFO - [2023-12-28T15:02:25.563-0300] {dagbag.py:536} INFO - Filling up the DagBag from /home/pedro/projetos/projetos_python/proj_twitter_pipeline/venv/lib/python3.9/site-packages/airflow/example_dags/plugins/event_listener.py
[2023-12-28T15:02:25.565-0300] {processor.py:841} WARNING - No viable dags retrieved from /home/pedro/projetos/projetos_python/proj_twitter_pipeline/venv/lib/python3.9/site-packages/airflow/example_dags/plugins/event_listener.py
[2023-12-28T15:02:25.572-0300] {processor.py:179} INFO - Processing /home/pedro/projetos/projetos_python/proj_twitter_pipeline/venv/lib/python3.9/site-packages/airflow/example_dags/plugins/event_listener.py took 0.014 seconds
[2023-12-28T15:03:13.873-0300] {processor.py:157} INFO - Started process (PID=1654) to work on /home/pedro/projetos/projetos_python/proj_twitter_pipeline/venv/lib/python3.9/site-packages/airflow/example_dags/plugins/event_listener.py
[2023-12-28T15:03:13.875-0300] {processor.py:829} INFO - Processing file /home/pedro/projetos/projetos_python/proj_twitter_pipeline/venv/lib/python3.9/site-packages/airflow/example_dags/plugins/event_listener.py for tasks to queue
[2023-12-28T15:03:13.876-0300] {logging_mixin.py:154} INFO - [2023-12-28T15:03:13.875-0300] {dagbag.py:536} INFO - Filling up the DagBag from /home/pedro/projetos/projetos_python/proj_twitter_pipeline/venv/lib/python3.9/site-packages/airflow/example_dags/plugins/event_listener.py
[2023-12-28T15:03:13.877-0300] {processor.py:841} WARNING - No viable dags retrieved from /home/pedro/projetos/projetos_python/proj_twitter_pipeline/venv/lib/python3.9/site-packages/airflow/example_dags/plugins/event_listener.py
[2023-12-28T15:03:13.884-0300] {processor.py:179} INFO - Processing /home/pedro/projetos/projetos_python/proj_twitter_pipeline/venv/lib/python3.9/site-packages/airflow/example_dags/plugins/event_listener.py took 0.014 seconds
[2023-12-28T15:03:52.131-0300] {processor.py:157} INFO - Started process (PID=1809) to work on /home/pedro/projetos/projetos_python/proj_twitter_pipeline/venv/lib/python3.9/site-packages/airflow/example_dags/plugins/event_listener.py
[2023-12-28T15:03:52.134-0300] {processor.py:829} INFO - Processing file /home/pedro/projetos/projetos_python/proj_twitter_pipeline/venv/lib/python3.9/site-packages/airflow/example_dags/plugins/event_listener.py for tasks to queue
[2023-12-28T15:03:52.135-0300] {logging_mixin.py:154} INFO - [2023-12-28T15:03:52.134-0300] {dagbag.py:536} INFO - Filling up the DagBag from /home/pedro/projetos/projetos_python/proj_twitter_pipeline/venv/lib/python3.9/site-packages/airflow/example_dags/plugins/event_listener.py
[2023-12-28T15:03:52.136-0300] {processor.py:841} WARNING - No viable dags retrieved from /home/pedro/projetos/projetos_python/proj_twitter_pipeline/venv/lib/python3.9/site-packages/airflow/example_dags/plugins/event_listener.py
[2023-12-28T15:03:52.143-0300] {processor.py:179} INFO - Processing /home/pedro/projetos/projetos_python/proj_twitter_pipeline/venv/lib/python3.9/site-packages/airflow/example_dags/plugins/event_listener.py took 0.014 seconds
[2023-12-28T15:04:41.805-0300] {processor.py:157} INFO - Started process (PID=1993) to work on /home/pedro/projetos/projetos_python/proj_twitter_pipeline/venv/lib/python3.9/site-packages/airflow/example_dags/plugins/event_listener.py
[2023-12-28T15:04:41.808-0300] {processor.py:829} INFO - Processing file /home/pedro/projetos/projetos_python/proj_twitter_pipeline/venv/lib/python3.9/site-packages/airflow/example_dags/plugins/event_listener.py for tasks to queue
[2023-12-28T15:04:41.809-0300] {logging_mixin.py:154} INFO - [2023-12-28T15:04:41.808-0300] {dagbag.py:536} INFO - Filling up the DagBag from /home/pedro/projetos/projetos_python/proj_twitter_pipeline/venv/lib/python3.9/site-packages/airflow/example_dags/plugins/event_listener.py
[2023-12-28T15:04:41.810-0300] {processor.py:841} WARNING - No viable dags retrieved from /home/pedro/projetos/projetos_python/proj_twitter_pipeline/venv/lib/python3.9/site-packages/airflow/example_dags/plugins/event_listener.py
[2023-12-28T15:04:41.817-0300] {processor.py:179} INFO - Processing /home/pedro/projetos/projetos_python/proj_twitter_pipeline/venv/lib/python3.9/site-packages/airflow/example_dags/plugins/event_listener.py took 0.014 seconds
[2023-12-28T15:05:30.263-0300] {processor.py:157} INFO - Started process (PID=2176) to work on /home/pedro/projetos/projetos_python/proj_twitter_pipeline/venv/lib/python3.9/site-packages/airflow/example_dags/plugins/event_listener.py
[2023-12-28T15:05:30.265-0300] {processor.py:829} INFO - Processing file /home/pedro/projetos/projetos_python/proj_twitter_pipeline/venv/lib/python3.9/site-packages/airflow/example_dags/plugins/event_listener.py for tasks to queue
[2023-12-28T15:05:30.266-0300] {logging_mixin.py:154} INFO - [2023-12-28T15:05:30.265-0300] {dagbag.py:536} INFO - Filling up the DagBag from /home/pedro/projetos/projetos_python/proj_twitter_pipeline/venv/lib/python3.9/site-packages/airflow/example_dags/plugins/event_listener.py
[2023-12-28T15:05:30.267-0300] {processor.py:841} WARNING - No viable dags retrieved from /home/pedro/projetos/projetos_python/proj_twitter_pipeline/venv/lib/python3.9/site-packages/airflow/example_dags/plugins/event_listener.py
[2023-12-28T15:05:30.274-0300] {processor.py:179} INFO - Processing /home/pedro/projetos/projetos_python/proj_twitter_pipeline/venv/lib/python3.9/site-packages/airflow/example_dags/plugins/event_listener.py took 0.013 seconds
[2023-12-28T15:06:20.910-0300] {processor.py:157} INFO - Started process (PID=2363) to work on /home/pedro/projetos/projetos_python/proj_twitter_pipeline/venv/lib/python3.9/site-packages/airflow/example_dags/plugins/event_listener.py
[2023-12-28T15:06:20.913-0300] {processor.py:829} INFO - Processing file /home/pedro/projetos/projetos_python/proj_twitter_pipeline/venv/lib/python3.9/site-packages/airflow/example_dags/plugins/event_listener.py for tasks to queue
[2023-12-28T15:06:20.914-0300] {logging_mixin.py:154} INFO - [2023-12-28T15:06:20.913-0300] {dagbag.py:536} INFO - Filling up the DagBag from /home/pedro/projetos/projetos_python/proj_twitter_pipeline/venv/lib/python3.9/site-packages/airflow/example_dags/plugins/event_listener.py
[2023-12-28T15:06:20.915-0300] {processor.py:841} WARNING - No viable dags retrieved from /home/pedro/projetos/projetos_python/proj_twitter_pipeline/venv/lib/python3.9/site-packages/airflow/example_dags/plugins/event_listener.py
[2023-12-28T15:06:20.922-0300] {processor.py:179} INFO - Processing /home/pedro/projetos/projetos_python/proj_twitter_pipeline/venv/lib/python3.9/site-packages/airflow/example_dags/plugins/event_listener.py took 0.014 seconds
[2023-12-28T15:07:08.164-0300] {processor.py:157} INFO - Started process (PID=2541) to work on /home/pedro/projetos/projetos_python/proj_twitter_pipeline/venv/lib/python3.9/site-packages/airflow/example_dags/plugins/event_listener.py
[2023-12-28T15:07:08.166-0300] {processor.py:829} INFO - Processing file /home/pedro/projetos/projetos_python/proj_twitter_pipeline/venv/lib/python3.9/site-packages/airflow/example_dags/plugins/event_listener.py for tasks to queue
[2023-12-28T15:07:08.167-0300] {logging_mixin.py:154} INFO - [2023-12-28T15:07:08.167-0300] {dagbag.py:536} INFO - Filling up the DagBag from /home/pedro/projetos/projetos_python/proj_twitter_pipeline/venv/lib/python3.9/site-packages/airflow/example_dags/plugins/event_listener.py
[2023-12-28T15:07:08.169-0300] {processor.py:841} WARNING - No viable dags retrieved from /home/pedro/projetos/projetos_python/proj_twitter_pipeline/venv/lib/python3.9/site-packages/airflow/example_dags/plugins/event_listener.py
[2023-12-28T15:07:08.175-0300] {processor.py:179} INFO - Processing /home/pedro/projetos/projetos_python/proj_twitter_pipeline/venv/lib/python3.9/site-packages/airflow/example_dags/plugins/event_listener.py took 0.014 seconds
[2023-12-28T15:07:55.705-0300] {processor.py:157} INFO - Started process (PID=2721) to work on /home/pedro/projetos/projetos_python/proj_twitter_pipeline/venv/lib/python3.9/site-packages/airflow/example_dags/plugins/event_listener.py
[2023-12-28T15:07:55.707-0300] {processor.py:829} INFO - Processing file /home/pedro/projetos/projetos_python/proj_twitter_pipeline/venv/lib/python3.9/site-packages/airflow/example_dags/plugins/event_listener.py for tasks to queue
[2023-12-28T15:07:55.707-0300] {logging_mixin.py:154} INFO - [2023-12-28T15:07:55.707-0300] {dagbag.py:536} INFO - Filling up the DagBag from /home/pedro/projetos/projetos_python/proj_twitter_pipeline/venv/lib/python3.9/site-packages/airflow/example_dags/plugins/event_listener.py
[2023-12-28T15:07:55.709-0300] {processor.py:841} WARNING - No viable dags retrieved from /home/pedro/projetos/projetos_python/proj_twitter_pipeline/venv/lib/python3.9/site-packages/airflow/example_dags/plugins/event_listener.py
[2023-12-28T15:07:55.716-0300] {processor.py:179} INFO - Processing /home/pedro/projetos/projetos_python/proj_twitter_pipeline/venv/lib/python3.9/site-packages/airflow/example_dags/plugins/event_listener.py took 0.013 seconds
[2023-12-28T15:08:46.278-0300] {processor.py:157} INFO - Started process (PID=2909) to work on /home/pedro/projetos/projetos_python/proj_twitter_pipeline/venv/lib/python3.9/site-packages/airflow/example_dags/plugins/event_listener.py
[2023-12-28T15:08:46.281-0300] {processor.py:829} INFO - Processing file /home/pedro/projetos/projetos_python/proj_twitter_pipeline/venv/lib/python3.9/site-packages/airflow/example_dags/plugins/event_listener.py for tasks to queue
[2023-12-28T15:08:46.281-0300] {logging_mixin.py:154} INFO - [2023-12-28T15:08:46.281-0300] {dagbag.py:536} INFO - Filling up the DagBag from /home/pedro/projetos/projetos_python/proj_twitter_pipeline/venv/lib/python3.9/site-packages/airflow/example_dags/plugins/event_listener.py
[2023-12-28T15:08:46.283-0300] {processor.py:841} WARNING - No viable dags retrieved from /home/pedro/projetos/projetos_python/proj_twitter_pipeline/venv/lib/python3.9/site-packages/airflow/example_dags/plugins/event_listener.py
[2023-12-28T15:08:46.290-0300] {processor.py:179} INFO - Processing /home/pedro/projetos/projetos_python/proj_twitter_pipeline/venv/lib/python3.9/site-packages/airflow/example_dags/plugins/event_listener.py took 0.014 seconds
[2023-12-28T15:09:36.620-0300] {processor.py:157} INFO - Started process (PID=3095) to work on /home/pedro/projetos/projetos_python/proj_twitter_pipeline/venv/lib/python3.9/site-packages/airflow/example_dags/plugins/event_listener.py
[2023-12-28T15:09:36.622-0300] {processor.py:829} INFO - Processing file /home/pedro/projetos/projetos_python/proj_twitter_pipeline/venv/lib/python3.9/site-packages/airflow/example_dags/plugins/event_listener.py for tasks to queue
[2023-12-28T15:09:36.623-0300] {logging_mixin.py:154} INFO - [2023-12-28T15:09:36.623-0300] {dagbag.py:536} INFO - Filling up the DagBag from /home/pedro/projetos/projetos_python/proj_twitter_pipeline/venv/lib/python3.9/site-packages/airflow/example_dags/plugins/event_listener.py
[2023-12-28T15:09:36.625-0300] {processor.py:841} WARNING - No viable dags retrieved from /home/pedro/projetos/projetos_python/proj_twitter_pipeline/venv/lib/python3.9/site-packages/airflow/example_dags/plugins/event_listener.py
[2023-12-28T15:09:36.632-0300] {processor.py:179} INFO - Processing /home/pedro/projetos/projetos_python/proj_twitter_pipeline/venv/lib/python3.9/site-packages/airflow/example_dags/plugins/event_listener.py took 0.014 seconds
[2023-12-28T15:10:20.178-0300] {processor.py:157} INFO - Started process (PID=3266) to work on /home/pedro/projetos/projetos_python/proj_twitter_pipeline/venv/lib/python3.9/site-packages/airflow/example_dags/plugins/event_listener.py
[2023-12-28T15:10:20.181-0300] {processor.py:829} INFO - Processing file /home/pedro/projetos/projetos_python/proj_twitter_pipeline/venv/lib/python3.9/site-packages/airflow/example_dags/plugins/event_listener.py for tasks to queue
[2023-12-28T15:10:20.182-0300] {logging_mixin.py:154} INFO - [2023-12-28T15:10:20.181-0300] {dagbag.py:536} INFO - Filling up the DagBag from /home/pedro/projetos/projetos_python/proj_twitter_pipeline/venv/lib/python3.9/site-packages/airflow/example_dags/plugins/event_listener.py
[2023-12-28T15:10:20.183-0300] {processor.py:841} WARNING - No viable dags retrieved from /home/pedro/projetos/projetos_python/proj_twitter_pipeline/venv/lib/python3.9/site-packages/airflow/example_dags/plugins/event_listener.py
[2023-12-28T15:10:20.190-0300] {processor.py:179} INFO - Processing /home/pedro/projetos/projetos_python/proj_twitter_pipeline/venv/lib/python3.9/site-packages/airflow/example_dags/plugins/event_listener.py took 0.014 seconds
[2023-12-28T15:11:07.796-0300] {processor.py:157} INFO - Started process (PID=3384) to work on /home/pedro/projetos/projetos_python/proj_twitter_pipeline/venv/lib/python3.9/site-packages/airflow/example_dags/plugins/event_listener.py
[2023-12-28T15:11:07.798-0300] {processor.py:829} INFO - Processing file /home/pedro/projetos/projetos_python/proj_twitter_pipeline/venv/lib/python3.9/site-packages/airflow/example_dags/plugins/event_listener.py for tasks to queue
[2023-12-28T15:11:07.799-0300] {logging_mixin.py:154} INFO - [2023-12-28T15:11:07.799-0300] {dagbag.py:536} INFO - Filling up the DagBag from /home/pedro/projetos/projetos_python/proj_twitter_pipeline/venv/lib/python3.9/site-packages/airflow/example_dags/plugins/event_listener.py
[2023-12-28T15:11:07.800-0300] {processor.py:841} WARNING - No viable dags retrieved from /home/pedro/projetos/projetos_python/proj_twitter_pipeline/venv/lib/python3.9/site-packages/airflow/example_dags/plugins/event_listener.py
[2023-12-28T15:11:07.808-0300] {processor.py:179} INFO - Processing /home/pedro/projetos/projetos_python/proj_twitter_pipeline/venv/lib/python3.9/site-packages/airflow/example_dags/plugins/event_listener.py took 0.014 seconds
[2023-12-28T15:11:56.453-0300] {processor.py:157} INFO - Started process (PID=3627) to work on /home/pedro/projetos/projetos_python/proj_twitter_pipeline/venv/lib/python3.9/site-packages/airflow/example_dags/plugins/event_listener.py
[2023-12-28T15:11:56.455-0300] {processor.py:829} INFO - Processing file /home/pedro/projetos/projetos_python/proj_twitter_pipeline/venv/lib/python3.9/site-packages/airflow/example_dags/plugins/event_listener.py for tasks to queue
[2023-12-28T15:11:56.456-0300] {logging_mixin.py:154} INFO - [2023-12-28T15:11:56.456-0300] {dagbag.py:536} INFO - Filling up the DagBag from /home/pedro/projetos/projetos_python/proj_twitter_pipeline/venv/lib/python3.9/site-packages/airflow/example_dags/plugins/event_listener.py
[2023-12-28T15:11:56.458-0300] {processor.py:841} WARNING - No viable dags retrieved from /home/pedro/projetos/projetos_python/proj_twitter_pipeline/venv/lib/python3.9/site-packages/airflow/example_dags/plugins/event_listener.py
[2023-12-28T15:11:56.465-0300] {processor.py:179} INFO - Processing /home/pedro/projetos/projetos_python/proj_twitter_pipeline/venv/lib/python3.9/site-packages/airflow/example_dags/plugins/event_listener.py took 0.014 seconds
[2023-12-28T15:12:49.261-0300] {processor.py:157} INFO - Started process (PID=3819) to work on /home/pedro/projetos/projetos_python/proj_twitter_pipeline/venv/lib/python3.9/site-packages/airflow/example_dags/plugins/event_listener.py
[2023-12-28T15:12:49.263-0300] {processor.py:829} INFO - Processing file /home/pedro/projetos/projetos_python/proj_twitter_pipeline/venv/lib/python3.9/site-packages/airflow/example_dags/plugins/event_listener.py for tasks to queue
[2023-12-28T15:12:49.264-0300] {logging_mixin.py:154} INFO - [2023-12-28T15:12:49.264-0300] {dagbag.py:536} INFO - Filling up the DagBag from /home/pedro/projetos/projetos_python/proj_twitter_pipeline/venv/lib/python3.9/site-packages/airflow/example_dags/plugins/event_listener.py
[2023-12-28T15:12:49.266-0300] {processor.py:841} WARNING - No viable dags retrieved from /home/pedro/projetos/projetos_python/proj_twitter_pipeline/venv/lib/python3.9/site-packages/airflow/example_dags/plugins/event_listener.py
[2023-12-28T15:12:49.278-0300] {processor.py:179} INFO - Processing /home/pedro/projetos/projetos_python/proj_twitter_pipeline/venv/lib/python3.9/site-packages/airflow/example_dags/plugins/event_listener.py took 0.020 seconds
[2023-12-28T15:13:43.010-0300] {processor.py:157} INFO - Started process (PID=4011) to work on /home/pedro/projetos/projetos_python/proj_twitter_pipeline/venv/lib/python3.9/site-packages/airflow/example_dags/plugins/event_listener.py
[2023-12-28T15:13:43.012-0300] {processor.py:829} INFO - Processing file /home/pedro/projetos/projetos_python/proj_twitter_pipeline/venv/lib/python3.9/site-packages/airflow/example_dags/plugins/event_listener.py for tasks to queue
[2023-12-28T15:13:43.013-0300] {logging_mixin.py:154} INFO - [2023-12-28T15:13:43.013-0300] {dagbag.py:536} INFO - Filling up the DagBag from /home/pedro/projetos/projetos_python/proj_twitter_pipeline/venv/lib/python3.9/site-packages/airflow/example_dags/plugins/event_listener.py
[2023-12-28T15:13:43.015-0300] {processor.py:841} WARNING - No viable dags retrieved from /home/pedro/projetos/projetos_python/proj_twitter_pipeline/venv/lib/python3.9/site-packages/airflow/example_dags/plugins/event_listener.py
[2023-12-28T15:13:43.022-0300] {processor.py:179} INFO - Processing /home/pedro/projetos/projetos_python/proj_twitter_pipeline/venv/lib/python3.9/site-packages/airflow/example_dags/plugins/event_listener.py took 0.014 seconds
[2023-12-28T15:14:20.828-0300] {processor.py:157} INFO - Started process (PID=4166) to work on /home/pedro/projetos/projetos_python/proj_twitter_pipeline/venv/lib/python3.9/site-packages/airflow/example_dags/plugins/event_listener.py
[2023-12-28T15:14:20.829-0300] {processor.py:829} INFO - Processing file /home/pedro/projetos/projetos_python/proj_twitter_pipeline/venv/lib/python3.9/site-packages/airflow/example_dags/plugins/event_listener.py for tasks to queue
[2023-12-28T15:14:20.830-0300] {logging_mixin.py:154} INFO - [2023-12-28T15:14:20.829-0300] {dagbag.py:536} INFO - Filling up the DagBag from /home/pedro/projetos/projetos_python/proj_twitter_pipeline/venv/lib/python3.9/site-packages/airflow/example_dags/plugins/event_listener.py
[2023-12-28T15:14:20.831-0300] {processor.py:841} WARNING - No viable dags retrieved from /home/pedro/projetos/projetos_python/proj_twitter_pipeline/venv/lib/python3.9/site-packages/airflow/example_dags/plugins/event_listener.py
[2023-12-28T15:14:20.838-0300] {processor.py:179} INFO - Processing /home/pedro/projetos/projetos_python/proj_twitter_pipeline/venv/lib/python3.9/site-packages/airflow/example_dags/plugins/event_listener.py took 0.014 seconds
[2023-12-28T15:15:11.838-0300] {processor.py:157} INFO - Started process (PID=4294) to work on /home/pedro/projetos/projetos_python/proj_twitter_pipeline/venv/lib/python3.9/site-packages/airflow/example_dags/plugins/event_listener.py
[2023-12-28T15:15:11.840-0300] {processor.py:829} INFO - Processing file /home/pedro/projetos/projetos_python/proj_twitter_pipeline/venv/lib/python3.9/site-packages/airflow/example_dags/plugins/event_listener.py for tasks to queue
[2023-12-28T15:15:11.841-0300] {logging_mixin.py:154} INFO - [2023-12-28T15:15:11.841-0300] {dagbag.py:536} INFO - Filling up the DagBag from /home/pedro/projetos/projetos_python/proj_twitter_pipeline/venv/lib/python3.9/site-packages/airflow/example_dags/plugins/event_listener.py
[2023-12-28T15:15:11.843-0300] {processor.py:841} WARNING - No viable dags retrieved from /home/pedro/projetos/projetos_python/proj_twitter_pipeline/venv/lib/python3.9/site-packages/airflow/example_dags/plugins/event_listener.py
[2023-12-28T15:15:11.849-0300] {processor.py:179} INFO - Processing /home/pedro/projetos/projetos_python/proj_twitter_pipeline/venv/lib/python3.9/site-packages/airflow/example_dags/plugins/event_listener.py took 0.013 seconds
[2023-12-28T15:15:59.480-0300] {processor.py:157} INFO - Started process (PID=4474) to work on /home/pedro/projetos/projetos_python/proj_twitter_pipeline/venv/lib/python3.9/site-packages/airflow/example_dags/plugins/event_listener.py
[2023-12-28T15:15:59.482-0300] {processor.py:829} INFO - Processing file /home/pedro/projetos/projetos_python/proj_twitter_pipeline/venv/lib/python3.9/site-packages/airflow/example_dags/plugins/event_listener.py for tasks to queue
[2023-12-28T15:15:59.483-0300] {logging_mixin.py:154} INFO - [2023-12-28T15:15:59.483-0300] {dagbag.py:536} INFO - Filling up the DagBag from /home/pedro/projetos/projetos_python/proj_twitter_pipeline/venv/lib/python3.9/site-packages/airflow/example_dags/plugins/event_listener.py
[2023-12-28T15:15:59.484-0300] {processor.py:841} WARNING - No viable dags retrieved from /home/pedro/projetos/projetos_python/proj_twitter_pipeline/venv/lib/python3.9/site-packages/airflow/example_dags/plugins/event_listener.py
[2023-12-28T15:15:59.491-0300] {processor.py:179} INFO - Processing /home/pedro/projetos/projetos_python/proj_twitter_pipeline/venv/lib/python3.9/site-packages/airflow/example_dags/plugins/event_listener.py took 0.014 seconds
[2023-12-28T15:16:47.073-0300] {processor.py:157} INFO - Started process (PID=4712) to work on /home/pedro/projetos/projetos_python/proj_twitter_pipeline/venv/lib/python3.9/site-packages/airflow/example_dags/plugins/event_listener.py
[2023-12-28T15:16:47.074-0300] {processor.py:829} INFO - Processing file /home/pedro/projetos/projetos_python/proj_twitter_pipeline/venv/lib/python3.9/site-packages/airflow/example_dags/plugins/event_listener.py for tasks to queue
[2023-12-28T15:16:47.075-0300] {logging_mixin.py:154} INFO - [2023-12-28T15:16:47.075-0300] {dagbag.py:536} INFO - Filling up the DagBag from /home/pedro/projetos/projetos_python/proj_twitter_pipeline/venv/lib/python3.9/site-packages/airflow/example_dags/plugins/event_listener.py
[2023-12-28T15:16:47.076-0300] {processor.py:841} WARNING - No viable dags retrieved from /home/pedro/projetos/projetos_python/proj_twitter_pipeline/venv/lib/python3.9/site-packages/airflow/example_dags/plugins/event_listener.py
[2023-12-28T15:16:47.083-0300] {processor.py:179} INFO - Processing /home/pedro/projetos/projetos_python/proj_twitter_pipeline/venv/lib/python3.9/site-packages/airflow/example_dags/plugins/event_listener.py took 0.013 seconds
