[2023-12-28T14:11:32.605-0300] {processor.py:157} INFO - Started process (PID=20378) to work on /home/pedro/projetos/projetos_python/proj_twitter_pipeline/venv/lib/python3.9/site-packages/airflow/example_dags/plugins/listener_plugin.py
[2023-12-28T14:11:32.605-0300] {processor.py:829} INFO - Processing file /home/pedro/projetos/projetos_python/proj_twitter_pipeline/venv/lib/python3.9/site-packages/airflow/example_dags/plugins/listener_plugin.py for tasks to queue
[2023-12-28T14:11:32.606-0300] {logging_mixin.py:154} INFO - [2023-12-28T14:11:32.606-0300] {dagbag.py:536} INFO - Filling up the DagBag from /home/pedro/projetos/projetos_python/proj_twitter_pipeline/venv/lib/python3.9/site-packages/airflow/example_dags/plugins/listener_plugin.py
[2023-12-28T14:11:32.608-0300] {processor.py:841} WARNING - No viable dags retrieved from /home/pedro/projetos/projetos_python/proj_twitter_pipeline/venv/lib/python3.9/site-packages/airflow/example_dags/plugins/listener_plugin.py
[2023-12-28T14:11:32.615-0300] {processor.py:179} INFO - Processing /home/pedro/projetos/projetos_python/proj_twitter_pipeline/venv/lib/python3.9/site-packages/airflow/example_dags/plugins/listener_plugin.py took 0.012 seconds
[2023-12-28T14:12:18.480-0300] {processor.py:157} INFO - Started process (PID=20939) to work on /home/pedro/projetos/projetos_python/proj_twitter_pipeline/venv/lib/python3.9/site-packages/airflow/example_dags/plugins/listener_plugin.py
[2023-12-28T14:12:18.481-0300] {processor.py:829} INFO - Processing file /home/pedro/projetos/projetos_python/proj_twitter_pipeline/venv/lib/python3.9/site-packages/airflow/example_dags/plugins/listener_plugin.py for tasks to queue
[2023-12-28T14:12:18.481-0300] {logging_mixin.py:154} INFO - [2023-12-28T14:12:18.481-0300] {dagbag.py:536} INFO - Filling up the DagBag from /home/pedro/projetos/projetos_python/proj_twitter_pipeline/venv/lib/python3.9/site-packages/airflow/example_dags/plugins/listener_plugin.py
[2023-12-28T14:12:18.483-0300] {processor.py:841} WARNING - No viable dags retrieved from /home/pedro/projetos/projetos_python/proj_twitter_pipeline/venv/lib/python3.9/site-packages/airflow/example_dags/plugins/listener_plugin.py
[2023-12-28T14:12:18.489-0300] {processor.py:179} INFO - Processing /home/pedro/projetos/projetos_python/proj_twitter_pipeline/venv/lib/python3.9/site-packages/airflow/example_dags/plugins/listener_plugin.py took 0.012 seconds
[2023-12-28T14:13:03.636-0300] {processor.py:157} INFO - Started process (PID=21153) to work on /home/pedro/projetos/projetos_python/proj_twitter_pipeline/venv/lib/python3.9/site-packages/airflow/example_dags/plugins/listener_plugin.py
[2023-12-28T14:13:03.639-0300] {processor.py:829} INFO - Processing file /home/pedro/projetos/projetos_python/proj_twitter_pipeline/venv/lib/python3.9/site-packages/airflow/example_dags/plugins/listener_plugin.py for tasks to queue
[2023-12-28T14:13:03.639-0300] {logging_mixin.py:154} INFO - [2023-12-28T14:13:03.639-0300] {dagbag.py:536} INFO - Filling up the DagBag from /home/pedro/projetos/projetos_python/proj_twitter_pipeline/venv/lib/python3.9/site-packages/airflow/example_dags/plugins/listener_plugin.py
[2023-12-28T14:13:03.642-0300] {processor.py:841} WARNING - No viable dags retrieved from /home/pedro/projetos/projetos_python/proj_twitter_pipeline/venv/lib/python3.9/site-packages/airflow/example_dags/plugins/listener_plugin.py
[2023-12-28T14:13:03.649-0300] {processor.py:179} INFO - Processing /home/pedro/projetos/projetos_python/proj_twitter_pipeline/venv/lib/python3.9/site-packages/airflow/example_dags/plugins/listener_plugin.py took 0.016 seconds
[2023-12-28T14:13:50.320-0300] {processor.py:157} INFO - Started process (PID=21810) to work on /home/pedro/projetos/projetos_python/proj_twitter_pipeline/venv/lib/python3.9/site-packages/airflow/example_dags/plugins/listener_plugin.py
[2023-12-28T14:13:50.322-0300] {processor.py:829} INFO - Processing file /home/pedro/projetos/projetos_python/proj_twitter_pipeline/venv/lib/python3.9/site-packages/airflow/example_dags/plugins/listener_plugin.py for tasks to queue
[2023-12-28T14:13:50.323-0300] {logging_mixin.py:154} INFO - [2023-12-28T14:13:50.323-0300] {dagbag.py:536} INFO - Filling up the DagBag from /home/pedro/projetos/projetos_python/proj_twitter_pipeline/venv/lib/python3.9/site-packages/airflow/example_dags/plugins/listener_plugin.py
[2023-12-28T14:13:50.325-0300] {processor.py:841} WARNING - No viable dags retrieved from /home/pedro/projetos/projetos_python/proj_twitter_pipeline/venv/lib/python3.9/site-packages/airflow/example_dags/plugins/listener_plugin.py
[2023-12-28T14:13:50.335-0300] {processor.py:179} INFO - Processing /home/pedro/projetos/projetos_python/proj_twitter_pipeline/venv/lib/python3.9/site-packages/airflow/example_dags/plugins/listener_plugin.py took 0.018 seconds
[2023-12-28T14:14:35.027-0300] {processor.py:157} INFO - Started process (PID=22164) to work on /home/pedro/projetos/projetos_python/proj_twitter_pipeline/venv/lib/python3.9/site-packages/airflow/example_dags/plugins/listener_plugin.py
[2023-12-28T14:14:35.029-0300] {processor.py:829} INFO - Processing file /home/pedro/projetos/projetos_python/proj_twitter_pipeline/venv/lib/python3.9/site-packages/airflow/example_dags/plugins/listener_plugin.py for tasks to queue
[2023-12-28T14:14:35.029-0300] {logging_mixin.py:154} INFO - [2023-12-28T14:14:35.029-0300] {dagbag.py:536} INFO - Filling up the DagBag from /home/pedro/projetos/projetos_python/proj_twitter_pipeline/venv/lib/python3.9/site-packages/airflow/example_dags/plugins/listener_plugin.py
[2023-12-28T14:14:35.031-0300] {processor.py:841} WARNING - No viable dags retrieved from /home/pedro/projetos/projetos_python/proj_twitter_pipeline/venv/lib/python3.9/site-packages/airflow/example_dags/plugins/listener_plugin.py
[2023-12-28T14:14:35.039-0300] {processor.py:179} INFO - Processing /home/pedro/projetos/projetos_python/proj_twitter_pipeline/venv/lib/python3.9/site-packages/airflow/example_dags/plugins/listener_plugin.py took 0.014 seconds
[2023-12-28T14:15:23.912-0300] {processor.py:157} INFO - Started process (PID=22431) to work on /home/pedro/projetos/projetos_python/proj_twitter_pipeline/venv/lib/python3.9/site-packages/airflow/example_dags/plugins/listener_plugin.py
[2023-12-28T14:15:23.913-0300] {processor.py:829} INFO - Processing file /home/pedro/projetos/projetos_python/proj_twitter_pipeline/venv/lib/python3.9/site-packages/airflow/example_dags/plugins/listener_plugin.py for tasks to queue
[2023-12-28T14:15:23.914-0300] {logging_mixin.py:154} INFO - [2023-12-28T14:15:23.914-0300] {dagbag.py:536} INFO - Filling up the DagBag from /home/pedro/projetos/projetos_python/proj_twitter_pipeline/venv/lib/python3.9/site-packages/airflow/example_dags/plugins/listener_plugin.py
[2023-12-28T14:15:23.916-0300] {processor.py:841} WARNING - No viable dags retrieved from /home/pedro/projetos/projetos_python/proj_twitter_pipeline/venv/lib/python3.9/site-packages/airflow/example_dags/plugins/listener_plugin.py
[2023-12-28T14:15:23.925-0300] {processor.py:179} INFO - Processing /home/pedro/projetos/projetos_python/proj_twitter_pipeline/venv/lib/python3.9/site-packages/airflow/example_dags/plugins/listener_plugin.py took 0.015 seconds
[2023-12-28T14:16:12.984-0300] {processor.py:157} INFO - Started process (PID=22772) to work on /home/pedro/projetos/projetos_python/proj_twitter_pipeline/venv/lib/python3.9/site-packages/airflow/example_dags/plugins/listener_plugin.py
[2023-12-28T14:16:12.986-0300] {processor.py:829} INFO - Processing file /home/pedro/projetos/projetos_python/proj_twitter_pipeline/venv/lib/python3.9/site-packages/airflow/example_dags/plugins/listener_plugin.py for tasks to queue
[2023-12-28T14:16:12.987-0300] {logging_mixin.py:154} INFO - [2023-12-28T14:16:12.987-0300] {dagbag.py:536} INFO - Filling up the DagBag from /home/pedro/projetos/projetos_python/proj_twitter_pipeline/venv/lib/python3.9/site-packages/airflow/example_dags/plugins/listener_plugin.py
[2023-12-28T14:16:12.989-0300] {processor.py:841} WARNING - No viable dags retrieved from /home/pedro/projetos/projetos_python/proj_twitter_pipeline/venv/lib/python3.9/site-packages/airflow/example_dags/plugins/listener_plugin.py
[2023-12-28T14:16:12.996-0300] {processor.py:179} INFO - Processing /home/pedro/projetos/projetos_python/proj_twitter_pipeline/venv/lib/python3.9/site-packages/airflow/example_dags/plugins/listener_plugin.py took 0.015 seconds
[2023-12-28T14:16:58.502-0300] {processor.py:157} INFO - Started process (PID=22947) to work on /home/pedro/projetos/projetos_python/proj_twitter_pipeline/venv/lib/python3.9/site-packages/airflow/example_dags/plugins/listener_plugin.py
[2023-12-28T14:16:58.504-0300] {processor.py:829} INFO - Processing file /home/pedro/projetos/projetos_python/proj_twitter_pipeline/venv/lib/python3.9/site-packages/airflow/example_dags/plugins/listener_plugin.py for tasks to queue
[2023-12-28T14:16:58.505-0300] {logging_mixin.py:154} INFO - [2023-12-28T14:16:58.504-0300] {dagbag.py:536} INFO - Filling up the DagBag from /home/pedro/projetos/projetos_python/proj_twitter_pipeline/venv/lib/python3.9/site-packages/airflow/example_dags/plugins/listener_plugin.py
[2023-12-28T14:16:58.507-0300] {processor.py:841} WARNING - No viable dags retrieved from /home/pedro/projetos/projetos_python/proj_twitter_pipeline/venv/lib/python3.9/site-packages/airflow/example_dags/plugins/listener_plugin.py
[2023-12-28T14:16:58.515-0300] {processor.py:179} INFO - Processing /home/pedro/projetos/projetos_python/proj_twitter_pipeline/venv/lib/python3.9/site-packages/airflow/example_dags/plugins/listener_plugin.py took 0.015 seconds
[2023-12-28T14:17:42.738-0300] {processor.py:157} INFO - Started process (PID=23121) to work on /home/pedro/projetos/projetos_python/proj_twitter_pipeline/venv/lib/python3.9/site-packages/airflow/example_dags/plugins/listener_plugin.py
[2023-12-28T14:17:42.740-0300] {processor.py:829} INFO - Processing file /home/pedro/projetos/projetos_python/proj_twitter_pipeline/venv/lib/python3.9/site-packages/airflow/example_dags/plugins/listener_plugin.py for tasks to queue
[2023-12-28T14:17:42.740-0300] {logging_mixin.py:154} INFO - [2023-12-28T14:17:42.740-0300] {dagbag.py:536} INFO - Filling up the DagBag from /home/pedro/projetos/projetos_python/proj_twitter_pipeline/venv/lib/python3.9/site-packages/airflow/example_dags/plugins/listener_plugin.py
[2023-12-28T14:17:42.742-0300] {processor.py:841} WARNING - No viable dags retrieved from /home/pedro/projetos/projetos_python/proj_twitter_pipeline/venv/lib/python3.9/site-packages/airflow/example_dags/plugins/listener_plugin.py
[2023-12-28T14:17:42.751-0300] {processor.py:179} INFO - Processing /home/pedro/projetos/projetos_python/proj_twitter_pipeline/venv/lib/python3.9/site-packages/airflow/example_dags/plugins/listener_plugin.py took 0.015 seconds
[2023-12-28T14:18:29.560-0300] {processor.py:157} INFO - Started process (PID=23299) to work on /home/pedro/projetos/projetos_python/proj_twitter_pipeline/venv/lib/python3.9/site-packages/airflow/example_dags/plugins/listener_plugin.py
[2023-12-28T14:18:29.562-0300] {processor.py:829} INFO - Processing file /home/pedro/projetos/projetos_python/proj_twitter_pipeline/venv/lib/python3.9/site-packages/airflow/example_dags/plugins/listener_plugin.py for tasks to queue
[2023-12-28T14:18:29.563-0300] {logging_mixin.py:154} INFO - [2023-12-28T14:18:29.563-0300] {dagbag.py:536} INFO - Filling up the DagBag from /home/pedro/projetos/projetos_python/proj_twitter_pipeline/venv/lib/python3.9/site-packages/airflow/example_dags/plugins/listener_plugin.py
[2023-12-28T14:18:29.565-0300] {processor.py:841} WARNING - No viable dags retrieved from /home/pedro/projetos/projetos_python/proj_twitter_pipeline/venv/lib/python3.9/site-packages/airflow/example_dags/plugins/listener_plugin.py
[2023-12-28T14:18:29.572-0300] {processor.py:179} INFO - Processing /home/pedro/projetos/projetos_python/proj_twitter_pipeline/venv/lib/python3.9/site-packages/airflow/example_dags/plugins/listener_plugin.py took 0.014 seconds
[2023-12-28T14:19:19.348-0300] {processor.py:157} INFO - Started process (PID=23606) to work on /home/pedro/projetos/projetos_python/proj_twitter_pipeline/venv/lib/python3.9/site-packages/airflow/example_dags/plugins/listener_plugin.py
[2023-12-28T14:19:19.349-0300] {processor.py:829} INFO - Processing file /home/pedro/projetos/projetos_python/proj_twitter_pipeline/venv/lib/python3.9/site-packages/airflow/example_dags/plugins/listener_plugin.py for tasks to queue
[2023-12-28T14:19:19.350-0300] {logging_mixin.py:154} INFO - [2023-12-28T14:19:19.350-0300] {dagbag.py:536} INFO - Filling up the DagBag from /home/pedro/projetos/projetos_python/proj_twitter_pipeline/venv/lib/python3.9/site-packages/airflow/example_dags/plugins/listener_plugin.py
[2023-12-28T14:19:19.354-0300] {processor.py:841} WARNING - No viable dags retrieved from /home/pedro/projetos/projetos_python/proj_twitter_pipeline/venv/lib/python3.9/site-packages/airflow/example_dags/plugins/listener_plugin.py
[2023-12-28T14:19:19.361-0300] {processor.py:179} INFO - Processing /home/pedro/projetos/projetos_python/proj_twitter_pipeline/venv/lib/python3.9/site-packages/airflow/example_dags/plugins/listener_plugin.py took 0.015 seconds
[2023-12-28T14:20:09.305-0300] {processor.py:157} INFO - Started process (PID=23731) to work on /home/pedro/projetos/projetos_python/proj_twitter_pipeline/venv/lib/python3.9/site-packages/airflow/example_dags/plugins/listener_plugin.py
[2023-12-28T14:20:09.307-0300] {processor.py:829} INFO - Processing file /home/pedro/projetos/projetos_python/proj_twitter_pipeline/venv/lib/python3.9/site-packages/airflow/example_dags/plugins/listener_plugin.py for tasks to queue
[2023-12-28T14:20:09.308-0300] {logging_mixin.py:154} INFO - [2023-12-28T14:20:09.308-0300] {dagbag.py:536} INFO - Filling up the DagBag from /home/pedro/projetos/projetos_python/proj_twitter_pipeline/venv/lib/python3.9/site-packages/airflow/example_dags/plugins/listener_plugin.py
[2023-12-28T14:20:09.310-0300] {processor.py:841} WARNING - No viable dags retrieved from /home/pedro/projetos/projetos_python/proj_twitter_pipeline/venv/lib/python3.9/site-packages/airflow/example_dags/plugins/listener_plugin.py
[2023-12-28T14:20:09.317-0300] {processor.py:179} INFO - Processing /home/pedro/projetos/projetos_python/proj_twitter_pipeline/venv/lib/python3.9/site-packages/airflow/example_dags/plugins/listener_plugin.py took 0.014 seconds
[2023-12-28T14:22:09.069-0300] {processor.py:157} INFO - Started process (PID=24938) to work on /home/pedro/projetos/projetos_python/proj_twitter_pipeline/venv/lib/python3.9/site-packages/airflow/example_dags/plugins/listener_plugin.py
[2023-12-28T14:22:09.072-0300] {processor.py:829} INFO - Processing file /home/pedro/projetos/projetos_python/proj_twitter_pipeline/venv/lib/python3.9/site-packages/airflow/example_dags/plugins/listener_plugin.py for tasks to queue
[2023-12-28T14:22:09.073-0300] {logging_mixin.py:154} INFO - [2023-12-28T14:22:09.072-0300] {dagbag.py:536} INFO - Filling up the DagBag from /home/pedro/projetos/projetos_python/proj_twitter_pipeline/venv/lib/python3.9/site-packages/airflow/example_dags/plugins/listener_plugin.py
[2023-12-28T14:22:09.075-0300] {processor.py:841} WARNING - No viable dags retrieved from /home/pedro/projetos/projetos_python/proj_twitter_pipeline/venv/lib/python3.9/site-packages/airflow/example_dags/plugins/listener_plugin.py
[2023-12-28T14:22:09.081-0300] {processor.py:179} INFO - Processing /home/pedro/projetos/projetos_python/proj_twitter_pipeline/venv/lib/python3.9/site-packages/airflow/example_dags/plugins/listener_plugin.py took 0.014 seconds
[2023-12-28T14:22:55.798-0300] {processor.py:157} INFO - Started process (PID=25115) to work on /home/pedro/projetos/projetos_python/proj_twitter_pipeline/venv/lib/python3.9/site-packages/airflow/example_dags/plugins/listener_plugin.py
[2023-12-28T14:22:55.808-0300] {processor.py:829} INFO - Processing file /home/pedro/projetos/projetos_python/proj_twitter_pipeline/venv/lib/python3.9/site-packages/airflow/example_dags/plugins/listener_plugin.py for tasks to queue
[2023-12-28T14:22:55.809-0300] {logging_mixin.py:154} INFO - [2023-12-28T14:22:55.809-0300] {dagbag.py:536} INFO - Filling up the DagBag from /home/pedro/projetos/projetos_python/proj_twitter_pipeline/venv/lib/python3.9/site-packages/airflow/example_dags/plugins/listener_plugin.py
[2023-12-28T14:22:55.812-0300] {processor.py:841} WARNING - No viable dags retrieved from /home/pedro/projetos/projetos_python/proj_twitter_pipeline/venv/lib/python3.9/site-packages/airflow/example_dags/plugins/listener_plugin.py
[2023-12-28T14:22:55.820-0300] {processor.py:179} INFO - Processing /home/pedro/projetos/projetos_python/proj_twitter_pipeline/venv/lib/python3.9/site-packages/airflow/example_dags/plugins/listener_plugin.py took 0.023 seconds
[2023-12-28T14:23:40.464-0300] {processor.py:157} INFO - Started process (PID=25289) to work on /home/pedro/projetos/projetos_python/proj_twitter_pipeline/venv/lib/python3.9/site-packages/airflow/example_dags/plugins/listener_plugin.py
[2023-12-28T14:23:40.467-0300] {processor.py:829} INFO - Processing file /home/pedro/projetos/projetos_python/proj_twitter_pipeline/venv/lib/python3.9/site-packages/airflow/example_dags/plugins/listener_plugin.py for tasks to queue
[2023-12-28T14:23:40.467-0300] {logging_mixin.py:154} INFO - [2023-12-28T14:23:40.467-0300] {dagbag.py:536} INFO - Filling up the DagBag from /home/pedro/projetos/projetos_python/proj_twitter_pipeline/venv/lib/python3.9/site-packages/airflow/example_dags/plugins/listener_plugin.py
[2023-12-28T14:23:40.469-0300] {processor.py:841} WARNING - No viable dags retrieved from /home/pedro/projetos/projetos_python/proj_twitter_pipeline/venv/lib/python3.9/site-packages/airflow/example_dags/plugins/listener_plugin.py
[2023-12-28T14:23:40.476-0300] {processor.py:179} INFO - Processing /home/pedro/projetos/projetos_python/proj_twitter_pipeline/venv/lib/python3.9/site-packages/airflow/example_dags/plugins/listener_plugin.py took 0.014 seconds
[2023-12-28T14:24:29.286-0300] {processor.py:157} INFO - Started process (PID=25472) to work on /home/pedro/projetos/projetos_python/proj_twitter_pipeline/venv/lib/python3.9/site-packages/airflow/example_dags/plugins/listener_plugin.py
[2023-12-28T14:24:29.288-0300] {processor.py:829} INFO - Processing file /home/pedro/projetos/projetos_python/proj_twitter_pipeline/venv/lib/python3.9/site-packages/airflow/example_dags/plugins/listener_plugin.py for tasks to queue
[2023-12-28T14:24:29.289-0300] {logging_mixin.py:154} INFO - [2023-12-28T14:24:29.289-0300] {dagbag.py:536} INFO - Filling up the DagBag from /home/pedro/projetos/projetos_python/proj_twitter_pipeline/venv/lib/python3.9/site-packages/airflow/example_dags/plugins/listener_plugin.py
[2023-12-28T14:24:29.291-0300] {processor.py:841} WARNING - No viable dags retrieved from /home/pedro/projetos/projetos_python/proj_twitter_pipeline/venv/lib/python3.9/site-packages/airflow/example_dags/plugins/listener_plugin.py
[2023-12-28T14:24:29.298-0300] {processor.py:179} INFO - Processing /home/pedro/projetos/projetos_python/proj_twitter_pipeline/venv/lib/python3.9/site-packages/airflow/example_dags/plugins/listener_plugin.py took 0.014 seconds
[2023-12-28T14:25:15.558-0300] {processor.py:157} INFO - Started process (PID=25642) to work on /home/pedro/projetos/projetos_python/proj_twitter_pipeline/venv/lib/python3.9/site-packages/airflow/example_dags/plugins/listener_plugin.py
[2023-12-28T14:25:15.560-0300] {processor.py:829} INFO - Processing file /home/pedro/projetos/projetos_python/proj_twitter_pipeline/venv/lib/python3.9/site-packages/airflow/example_dags/plugins/listener_plugin.py for tasks to queue
[2023-12-28T14:25:15.561-0300] {logging_mixin.py:154} INFO - [2023-12-28T14:25:15.561-0300] {dagbag.py:536} INFO - Filling up the DagBag from /home/pedro/projetos/projetos_python/proj_twitter_pipeline/venv/lib/python3.9/site-packages/airflow/example_dags/plugins/listener_plugin.py
[2023-12-28T14:25:15.564-0300] {processor.py:841} WARNING - No viable dags retrieved from /home/pedro/projetos/projetos_python/proj_twitter_pipeline/venv/lib/python3.9/site-packages/airflow/example_dags/plugins/listener_plugin.py
[2023-12-28T14:25:15.571-0300] {processor.py:179} INFO - Processing /home/pedro/projetos/projetos_python/proj_twitter_pipeline/venv/lib/python3.9/site-packages/airflow/example_dags/plugins/listener_plugin.py took 0.015 seconds
[2023-12-28T14:26:03.546-0300] {processor.py:157} INFO - Started process (PID=25771) to work on /home/pedro/projetos/projetos_python/proj_twitter_pipeline/venv/lib/python3.9/site-packages/airflow/example_dags/plugins/listener_plugin.py
[2023-12-28T14:26:03.548-0300] {processor.py:829} INFO - Processing file /home/pedro/projetos/projetos_python/proj_twitter_pipeline/venv/lib/python3.9/site-packages/airflow/example_dags/plugins/listener_plugin.py for tasks to queue
[2023-12-28T14:26:03.549-0300] {logging_mixin.py:154} INFO - [2023-12-28T14:26:03.549-0300] {dagbag.py:536} INFO - Filling up the DagBag from /home/pedro/projetos/projetos_python/proj_twitter_pipeline/venv/lib/python3.9/site-packages/airflow/example_dags/plugins/listener_plugin.py
[2023-12-28T14:26:03.551-0300] {processor.py:841} WARNING - No viable dags retrieved from /home/pedro/projetos/projetos_python/proj_twitter_pipeline/venv/lib/python3.9/site-packages/airflow/example_dags/plugins/listener_plugin.py
[2023-12-28T14:26:03.558-0300] {processor.py:179} INFO - Processing /home/pedro/projetos/projetos_python/proj_twitter_pipeline/venv/lib/python3.9/site-packages/airflow/example_dags/plugins/listener_plugin.py took 0.014 seconds
[2023-12-28T14:26:50.230-0300] {processor.py:157} INFO - Started process (PID=26011) to work on /home/pedro/projetos/projetos_python/proj_twitter_pipeline/venv/lib/python3.9/site-packages/airflow/example_dags/plugins/listener_plugin.py
[2023-12-28T14:26:50.232-0300] {processor.py:829} INFO - Processing file /home/pedro/projetos/projetos_python/proj_twitter_pipeline/venv/lib/python3.9/site-packages/airflow/example_dags/plugins/listener_plugin.py for tasks to queue
[2023-12-28T14:26:50.233-0300] {logging_mixin.py:154} INFO - [2023-12-28T14:26:50.233-0300] {dagbag.py:536} INFO - Filling up the DagBag from /home/pedro/projetos/projetos_python/proj_twitter_pipeline/venv/lib/python3.9/site-packages/airflow/example_dags/plugins/listener_plugin.py
[2023-12-28T14:26:50.235-0300] {processor.py:841} WARNING - No viable dags retrieved from /home/pedro/projetos/projetos_python/proj_twitter_pipeline/venv/lib/python3.9/site-packages/airflow/example_dags/plugins/listener_plugin.py
[2023-12-28T14:26:50.243-0300] {processor.py:179} INFO - Processing /home/pedro/projetos/projetos_python/proj_twitter_pipeline/venv/lib/python3.9/site-packages/airflow/example_dags/plugins/listener_plugin.py took 0.015 seconds
[2023-12-28T14:27:31.314-0300] {processor.py:157} INFO - Started process (PID=26177) to work on /home/pedro/projetos/projetos_python/proj_twitter_pipeline/venv/lib/python3.9/site-packages/airflow/example_dags/plugins/listener_plugin.py
[2023-12-28T14:27:31.316-0300] {processor.py:829} INFO - Processing file /home/pedro/projetos/projetos_python/proj_twitter_pipeline/venv/lib/python3.9/site-packages/airflow/example_dags/plugins/listener_plugin.py for tasks to queue
[2023-12-28T14:27:31.317-0300] {logging_mixin.py:154} INFO - [2023-12-28T14:27:31.317-0300] {dagbag.py:536} INFO - Filling up the DagBag from /home/pedro/projetos/projetos_python/proj_twitter_pipeline/venv/lib/python3.9/site-packages/airflow/example_dags/plugins/listener_plugin.py
[2023-12-28T14:27:31.319-0300] {processor.py:841} WARNING - No viable dags retrieved from /home/pedro/projetos/projetos_python/proj_twitter_pipeline/venv/lib/python3.9/site-packages/airflow/example_dags/plugins/listener_plugin.py
[2023-12-28T14:27:31.325-0300] {processor.py:179} INFO - Processing /home/pedro/projetos/projetos_python/proj_twitter_pipeline/venv/lib/python3.9/site-packages/airflow/example_dags/plugins/listener_plugin.py took 0.014 seconds
[2023-12-28T14:28:14.818-0300] {processor.py:157} INFO - Started process (PID=26313) to work on /home/pedro/projetos/projetos_python/proj_twitter_pipeline/venv/lib/python3.9/site-packages/airflow/example_dags/plugins/listener_plugin.py
[2023-12-28T14:28:14.821-0300] {processor.py:829} INFO - Processing file /home/pedro/projetos/projetos_python/proj_twitter_pipeline/venv/lib/python3.9/site-packages/airflow/example_dags/plugins/listener_plugin.py for tasks to queue
[2023-12-28T14:28:14.822-0300] {logging_mixin.py:154} INFO - [2023-12-28T14:28:14.821-0300] {dagbag.py:536} INFO - Filling up the DagBag from /home/pedro/projetos/projetos_python/proj_twitter_pipeline/venv/lib/python3.9/site-packages/airflow/example_dags/plugins/listener_plugin.py
[2023-12-28T14:28:14.824-0300] {processor.py:841} WARNING - No viable dags retrieved from /home/pedro/projetos/projetos_python/proj_twitter_pipeline/venv/lib/python3.9/site-packages/airflow/example_dags/plugins/listener_plugin.py
[2023-12-28T14:28:14.831-0300] {processor.py:179} INFO - Processing /home/pedro/projetos/projetos_python/proj_twitter_pipeline/venv/lib/python3.9/site-packages/airflow/example_dags/plugins/listener_plugin.py took 0.014 seconds
[2023-12-28T14:28:59.103-0300] {processor.py:157} INFO - Started process (PID=26459) to work on /home/pedro/projetos/projetos_python/proj_twitter_pipeline/venv/lib/python3.9/site-packages/airflow/example_dags/plugins/listener_plugin.py
[2023-12-28T14:28:59.105-0300] {processor.py:829} INFO - Processing file /home/pedro/projetos/projetos_python/proj_twitter_pipeline/venv/lib/python3.9/site-packages/airflow/example_dags/plugins/listener_plugin.py for tasks to queue
[2023-12-28T14:28:59.106-0300] {logging_mixin.py:154} INFO - [2023-12-28T14:28:59.106-0300] {dagbag.py:536} INFO - Filling up the DagBag from /home/pedro/projetos/projetos_python/proj_twitter_pipeline/venv/lib/python3.9/site-packages/airflow/example_dags/plugins/listener_plugin.py
[2023-12-28T14:28:59.108-0300] {processor.py:841} WARNING - No viable dags retrieved from /home/pedro/projetos/projetos_python/proj_twitter_pipeline/venv/lib/python3.9/site-packages/airflow/example_dags/plugins/listener_plugin.py
[2023-12-28T14:28:59.115-0300] {processor.py:179} INFO - Processing /home/pedro/projetos/projetos_python/proj_twitter_pipeline/venv/lib/python3.9/site-packages/airflow/example_dags/plugins/listener_plugin.py took 0.014 seconds
[2023-12-28T14:29:49.075-0300] {processor.py:157} INFO - Started process (PID=26646) to work on /home/pedro/projetos/projetos_python/proj_twitter_pipeline/venv/lib/python3.9/site-packages/airflow/example_dags/plugins/listener_plugin.py
[2023-12-28T14:29:49.077-0300] {processor.py:829} INFO - Processing file /home/pedro/projetos/projetos_python/proj_twitter_pipeline/venv/lib/python3.9/site-packages/airflow/example_dags/plugins/listener_plugin.py for tasks to queue
[2023-12-28T14:29:49.078-0300] {logging_mixin.py:154} INFO - [2023-12-28T14:29:49.077-0300] {dagbag.py:536} INFO - Filling up the DagBag from /home/pedro/projetos/projetos_python/proj_twitter_pipeline/venv/lib/python3.9/site-packages/airflow/example_dags/plugins/listener_plugin.py
[2023-12-28T14:29:49.080-0300] {processor.py:841} WARNING - No viable dags retrieved from /home/pedro/projetos/projetos_python/proj_twitter_pipeline/venv/lib/python3.9/site-packages/airflow/example_dags/plugins/listener_plugin.py
[2023-12-28T14:29:49.087-0300] {processor.py:179} INFO - Processing /home/pedro/projetos/projetos_python/proj_twitter_pipeline/venv/lib/python3.9/site-packages/airflow/example_dags/plugins/listener_plugin.py took 0.015 seconds
[2023-12-28T14:30:35.465-0300] {processor.py:157} INFO - Started process (PID=26822) to work on /home/pedro/projetos/projetos_python/proj_twitter_pipeline/venv/lib/python3.9/site-packages/airflow/example_dags/plugins/listener_plugin.py
[2023-12-28T14:30:35.466-0300] {processor.py:829} INFO - Processing file /home/pedro/projetos/projetos_python/proj_twitter_pipeline/venv/lib/python3.9/site-packages/airflow/example_dags/plugins/listener_plugin.py for tasks to queue
[2023-12-28T14:30:35.467-0300] {logging_mixin.py:154} INFO - [2023-12-28T14:30:35.467-0300] {dagbag.py:536} INFO - Filling up the DagBag from /home/pedro/projetos/projetos_python/proj_twitter_pipeline/venv/lib/python3.9/site-packages/airflow/example_dags/plugins/listener_plugin.py
[2023-12-28T14:30:35.469-0300] {processor.py:841} WARNING - No viable dags retrieved from /home/pedro/projetos/projetos_python/proj_twitter_pipeline/venv/lib/python3.9/site-packages/airflow/example_dags/plugins/listener_plugin.py
[2023-12-28T14:30:35.477-0300] {processor.py:179} INFO - Processing /home/pedro/projetos/projetos_python/proj_twitter_pipeline/venv/lib/python3.9/site-packages/airflow/example_dags/plugins/listener_plugin.py took 0.014 seconds
[2023-12-28T14:31:26.099-0300] {processor.py:157} INFO - Started process (PID=27009) to work on /home/pedro/projetos/projetos_python/proj_twitter_pipeline/venv/lib/python3.9/site-packages/airflow/example_dags/plugins/listener_plugin.py
[2023-12-28T14:31:26.102-0300] {processor.py:829} INFO - Processing file /home/pedro/projetos/projetos_python/proj_twitter_pipeline/venv/lib/python3.9/site-packages/airflow/example_dags/plugins/listener_plugin.py for tasks to queue
[2023-12-28T14:31:26.103-0300] {logging_mixin.py:154} INFO - [2023-12-28T14:31:26.102-0300] {dagbag.py:536} INFO - Filling up the DagBag from /home/pedro/projetos/projetos_python/proj_twitter_pipeline/venv/lib/python3.9/site-packages/airflow/example_dags/plugins/listener_plugin.py
[2023-12-28T14:31:26.104-0300] {processor.py:841} WARNING - No viable dags retrieved from /home/pedro/projetos/projetos_python/proj_twitter_pipeline/venv/lib/python3.9/site-packages/airflow/example_dags/plugins/listener_plugin.py
[2023-12-28T14:31:26.111-0300] {processor.py:179} INFO - Processing /home/pedro/projetos/projetos_python/proj_twitter_pipeline/venv/lib/python3.9/site-packages/airflow/example_dags/plugins/listener_plugin.py took 0.014 seconds
[2023-12-28T14:32:12.930-0300] {processor.py:157} INFO - Started process (PID=27188) to work on /home/pedro/projetos/projetos_python/proj_twitter_pipeline/venv/lib/python3.9/site-packages/airflow/example_dags/plugins/listener_plugin.py
[2023-12-28T14:32:12.933-0300] {processor.py:829} INFO - Processing file /home/pedro/projetos/projetos_python/proj_twitter_pipeline/venv/lib/python3.9/site-packages/airflow/example_dags/plugins/listener_plugin.py for tasks to queue
[2023-12-28T14:32:12.934-0300] {logging_mixin.py:154} INFO - [2023-12-28T14:32:12.934-0300] {dagbag.py:536} INFO - Filling up the DagBag from /home/pedro/projetos/projetos_python/proj_twitter_pipeline/venv/lib/python3.9/site-packages/airflow/example_dags/plugins/listener_plugin.py
[2023-12-28T14:32:12.936-0300] {processor.py:841} WARNING - No viable dags retrieved from /home/pedro/projetos/projetos_python/proj_twitter_pipeline/venv/lib/python3.9/site-packages/airflow/example_dags/plugins/listener_plugin.py
[2023-12-28T14:32:12.944-0300] {processor.py:179} INFO - Processing /home/pedro/projetos/projetos_python/proj_twitter_pipeline/venv/lib/python3.9/site-packages/airflow/example_dags/plugins/listener_plugin.py took 0.018 seconds
[2023-12-28T14:32:59.348-0300] {processor.py:157} INFO - Started process (PID=27370) to work on /home/pedro/projetos/projetos_python/proj_twitter_pipeline/venv/lib/python3.9/site-packages/airflow/example_dags/plugins/listener_plugin.py
[2023-12-28T14:32:59.350-0300] {processor.py:829} INFO - Processing file /home/pedro/projetos/projetos_python/proj_twitter_pipeline/venv/lib/python3.9/site-packages/airflow/example_dags/plugins/listener_plugin.py for tasks to queue
[2023-12-28T14:32:59.351-0300] {logging_mixin.py:154} INFO - [2023-12-28T14:32:59.351-0300] {dagbag.py:536} INFO - Filling up the DagBag from /home/pedro/projetos/projetos_python/proj_twitter_pipeline/venv/lib/python3.9/site-packages/airflow/example_dags/plugins/listener_plugin.py
[2023-12-28T14:32:59.353-0300] {processor.py:841} WARNING - No viable dags retrieved from /home/pedro/projetos/projetos_python/proj_twitter_pipeline/venv/lib/python3.9/site-packages/airflow/example_dags/plugins/listener_plugin.py
[2023-12-28T14:32:59.359-0300] {processor.py:179} INFO - Processing /home/pedro/projetos/projetos_python/proj_twitter_pipeline/venv/lib/python3.9/site-packages/airflow/example_dags/plugins/listener_plugin.py took 0.014 seconds
[2023-12-28T14:33:50.202-0300] {processor.py:157} INFO - Started process (PID=27557) to work on /home/pedro/projetos/projetos_python/proj_twitter_pipeline/venv/lib/python3.9/site-packages/airflow/example_dags/plugins/listener_plugin.py
[2023-12-28T14:33:50.203-0300] {processor.py:829} INFO - Processing file /home/pedro/projetos/projetos_python/proj_twitter_pipeline/venv/lib/python3.9/site-packages/airflow/example_dags/plugins/listener_plugin.py for tasks to queue
[2023-12-28T14:33:50.203-0300] {logging_mixin.py:154} INFO - [2023-12-28T14:33:50.203-0300] {dagbag.py:536} INFO - Filling up the DagBag from /home/pedro/projetos/projetos_python/proj_twitter_pipeline/venv/lib/python3.9/site-packages/airflow/example_dags/plugins/listener_plugin.py
[2023-12-28T14:33:50.206-0300] {processor.py:841} WARNING - No viable dags retrieved from /home/pedro/projetos/projetos_python/proj_twitter_pipeline/venv/lib/python3.9/site-packages/airflow/example_dags/plugins/listener_plugin.py
[2023-12-28T14:33:50.213-0300] {processor.py:179} INFO - Processing /home/pedro/projetos/projetos_python/proj_twitter_pipeline/venv/lib/python3.9/site-packages/airflow/example_dags/plugins/listener_plugin.py took 0.013 seconds
[2023-12-28T14:34:39.962-0300] {processor.py:157} INFO - Started process (PID=27740) to work on /home/pedro/projetos/projetos_python/proj_twitter_pipeline/venv/lib/python3.9/site-packages/airflow/example_dags/plugins/listener_plugin.py
[2023-12-28T14:34:39.965-0300] {processor.py:829} INFO - Processing file /home/pedro/projetos/projetos_python/proj_twitter_pipeline/venv/lib/python3.9/site-packages/airflow/example_dags/plugins/listener_plugin.py for tasks to queue
[2023-12-28T14:34:39.966-0300] {logging_mixin.py:154} INFO - [2023-12-28T14:34:39.966-0300] {dagbag.py:536} INFO - Filling up the DagBag from /home/pedro/projetos/projetos_python/proj_twitter_pipeline/venv/lib/python3.9/site-packages/airflow/example_dags/plugins/listener_plugin.py
[2023-12-28T14:34:39.969-0300] {processor.py:841} WARNING - No viable dags retrieved from /home/pedro/projetos/projetos_python/proj_twitter_pipeline/venv/lib/python3.9/site-packages/airflow/example_dags/plugins/listener_plugin.py
[2023-12-28T14:34:39.977-0300] {processor.py:179} INFO - Processing /home/pedro/projetos/projetos_python/proj_twitter_pipeline/venv/lib/python3.9/site-packages/airflow/example_dags/plugins/listener_plugin.py took 0.017 seconds
[2023-12-28T14:35:29.679-0300] {processor.py:157} INFO - Started process (PID=27926) to work on /home/pedro/projetos/projetos_python/proj_twitter_pipeline/venv/lib/python3.9/site-packages/airflow/example_dags/plugins/listener_plugin.py
[2023-12-28T14:35:29.682-0300] {processor.py:829} INFO - Processing file /home/pedro/projetos/projetos_python/proj_twitter_pipeline/venv/lib/python3.9/site-packages/airflow/example_dags/plugins/listener_plugin.py for tasks to queue
[2023-12-28T14:35:29.683-0300] {logging_mixin.py:154} INFO - [2023-12-28T14:35:29.683-0300] {dagbag.py:536} INFO - Filling up the DagBag from /home/pedro/projetos/projetos_python/proj_twitter_pipeline/venv/lib/python3.9/site-packages/airflow/example_dags/plugins/listener_plugin.py
[2023-12-28T14:35:29.685-0300] {processor.py:841} WARNING - No viable dags retrieved from /home/pedro/projetos/projetos_python/proj_twitter_pipeline/venv/lib/python3.9/site-packages/airflow/example_dags/plugins/listener_plugin.py
[2023-12-28T14:35:29.692-0300] {processor.py:179} INFO - Processing /home/pedro/projetos/projetos_python/proj_twitter_pipeline/venv/lib/python3.9/site-packages/airflow/example_dags/plugins/listener_plugin.py took 0.015 seconds
[2023-12-28T14:36:12.398-0300] {processor.py:157} INFO - Started process (PID=28036) to work on /home/pedro/projetos/projetos_python/proj_twitter_pipeline/venv/lib/python3.9/site-packages/airflow/example_dags/plugins/listener_plugin.py
[2023-12-28T14:36:12.400-0300] {processor.py:829} INFO - Processing file /home/pedro/projetos/projetos_python/proj_twitter_pipeline/venv/lib/python3.9/site-packages/airflow/example_dags/plugins/listener_plugin.py for tasks to queue
[2023-12-28T14:36:12.401-0300] {logging_mixin.py:154} INFO - [2023-12-28T14:36:12.401-0300] {dagbag.py:536} INFO - Filling up the DagBag from /home/pedro/projetos/projetos_python/proj_twitter_pipeline/venv/lib/python3.9/site-packages/airflow/example_dags/plugins/listener_plugin.py
[2023-12-28T14:36:12.403-0300] {processor.py:841} WARNING - No viable dags retrieved from /home/pedro/projetos/projetos_python/proj_twitter_pipeline/venv/lib/python3.9/site-packages/airflow/example_dags/plugins/listener_plugin.py
[2023-12-28T14:36:12.410-0300] {processor.py:179} INFO - Processing /home/pedro/projetos/projetos_python/proj_twitter_pipeline/venv/lib/python3.9/site-packages/airflow/example_dags/plugins/listener_plugin.py took 0.015 seconds
[2023-12-28T14:37:02.537-0300] {processor.py:157} INFO - Started process (PID=28283) to work on /home/pedro/projetos/projetos_python/proj_twitter_pipeline/venv/lib/python3.9/site-packages/airflow/example_dags/plugins/listener_plugin.py
[2023-12-28T14:37:02.539-0300] {processor.py:829} INFO - Processing file /home/pedro/projetos/projetos_python/proj_twitter_pipeline/venv/lib/python3.9/site-packages/airflow/example_dags/plugins/listener_plugin.py for tasks to queue
[2023-12-28T14:37:02.540-0300] {logging_mixin.py:154} INFO - [2023-12-28T14:37:02.539-0300] {dagbag.py:536} INFO - Filling up the DagBag from /home/pedro/projetos/projetos_python/proj_twitter_pipeline/venv/lib/python3.9/site-packages/airflow/example_dags/plugins/listener_plugin.py
[2023-12-28T14:37:02.543-0300] {processor.py:841} WARNING - No viable dags retrieved from /home/pedro/projetos/projetos_python/proj_twitter_pipeline/venv/lib/python3.9/site-packages/airflow/example_dags/plugins/listener_plugin.py
[2023-12-28T14:37:02.553-0300] {processor.py:179} INFO - Processing /home/pedro/projetos/projetos_python/proj_twitter_pipeline/venv/lib/python3.9/site-packages/airflow/example_dags/plugins/listener_plugin.py took 0.020 seconds
[2023-12-28T14:37:49.011-0300] {processor.py:157} INFO - Started process (PID=28461) to work on /home/pedro/projetos/projetos_python/proj_twitter_pipeline/venv/lib/python3.9/site-packages/airflow/example_dags/plugins/listener_plugin.py
[2023-12-28T14:37:49.014-0300] {processor.py:829} INFO - Processing file /home/pedro/projetos/projetos_python/proj_twitter_pipeline/venv/lib/python3.9/site-packages/airflow/example_dags/plugins/listener_plugin.py for tasks to queue
[2023-12-28T14:37:49.014-0300] {logging_mixin.py:154} INFO - [2023-12-28T14:37:49.014-0300] {dagbag.py:536} INFO - Filling up the DagBag from /home/pedro/projetos/projetos_python/proj_twitter_pipeline/venv/lib/python3.9/site-packages/airflow/example_dags/plugins/listener_plugin.py
[2023-12-28T14:37:49.016-0300] {processor.py:841} WARNING - No viable dags retrieved from /home/pedro/projetos/projetos_python/proj_twitter_pipeline/venv/lib/python3.9/site-packages/airflow/example_dags/plugins/listener_plugin.py
[2023-12-28T14:37:49.023-0300] {processor.py:179} INFO - Processing /home/pedro/projetos/projetos_python/proj_twitter_pipeline/venv/lib/python3.9/site-packages/airflow/example_dags/plugins/listener_plugin.py took 0.014 seconds
[2023-12-28T14:38:41.858-0300] {processor.py:157} INFO - Started process (PID=28650) to work on /home/pedro/projetos/projetos_python/proj_twitter_pipeline/venv/lib/python3.9/site-packages/airflow/example_dags/plugins/listener_plugin.py
[2023-12-28T14:38:41.861-0300] {processor.py:829} INFO - Processing file /home/pedro/projetos/projetos_python/proj_twitter_pipeline/venv/lib/python3.9/site-packages/airflow/example_dags/plugins/listener_plugin.py for tasks to queue
[2023-12-28T14:38:41.862-0300] {logging_mixin.py:154} INFO - [2023-12-28T14:38:41.861-0300] {dagbag.py:536} INFO - Filling up the DagBag from /home/pedro/projetos/projetos_python/proj_twitter_pipeline/venv/lib/python3.9/site-packages/airflow/example_dags/plugins/listener_plugin.py
[2023-12-28T14:38:41.864-0300] {processor.py:841} WARNING - No viable dags retrieved from /home/pedro/projetos/projetos_python/proj_twitter_pipeline/venv/lib/python3.9/site-packages/airflow/example_dags/plugins/listener_plugin.py
[2023-12-28T14:38:41.871-0300] {processor.py:179} INFO - Processing /home/pedro/projetos/projetos_python/proj_twitter_pipeline/venv/lib/python3.9/site-packages/airflow/example_dags/plugins/listener_plugin.py took 0.014 seconds
[2023-12-28T14:39:31.339-0300] {processor.py:157} INFO - Started process (PID=28839) to work on /home/pedro/projetos/projetos_python/proj_twitter_pipeline/venv/lib/python3.9/site-packages/airflow/example_dags/plugins/listener_plugin.py
[2023-12-28T14:39:31.342-0300] {processor.py:829} INFO - Processing file /home/pedro/projetos/projetos_python/proj_twitter_pipeline/venv/lib/python3.9/site-packages/airflow/example_dags/plugins/listener_plugin.py for tasks to queue
[2023-12-28T14:39:31.343-0300] {logging_mixin.py:154} INFO - [2023-12-28T14:39:31.342-0300] {dagbag.py:536} INFO - Filling up the DagBag from /home/pedro/projetos/projetos_python/proj_twitter_pipeline/venv/lib/python3.9/site-packages/airflow/example_dags/plugins/listener_plugin.py
[2023-12-28T14:39:31.345-0300] {processor.py:841} WARNING - No viable dags retrieved from /home/pedro/projetos/projetos_python/proj_twitter_pipeline/venv/lib/python3.9/site-packages/airflow/example_dags/plugins/listener_plugin.py
[2023-12-28T14:39:31.352-0300] {processor.py:179} INFO - Processing /home/pedro/projetos/projetos_python/proj_twitter_pipeline/venv/lib/python3.9/site-packages/airflow/example_dags/plugins/listener_plugin.py took 0.015 seconds
[2023-12-28T14:40:15.627-0300] {processor.py:157} INFO - Started process (PID=28974) to work on /home/pedro/projetos/projetos_python/proj_twitter_pipeline/venv/lib/python3.9/site-packages/airflow/example_dags/plugins/listener_plugin.py
[2023-12-28T14:40:15.629-0300] {processor.py:829} INFO - Processing file /home/pedro/projetos/projetos_python/proj_twitter_pipeline/venv/lib/python3.9/site-packages/airflow/example_dags/plugins/listener_plugin.py for tasks to queue
[2023-12-28T14:40:15.630-0300] {logging_mixin.py:154} INFO - [2023-12-28T14:40:15.630-0300] {dagbag.py:536} INFO - Filling up the DagBag from /home/pedro/projetos/projetos_python/proj_twitter_pipeline/venv/lib/python3.9/site-packages/airflow/example_dags/plugins/listener_plugin.py
[2023-12-28T14:40:15.632-0300] {processor.py:841} WARNING - No viable dags retrieved from /home/pedro/projetos/projetos_python/proj_twitter_pipeline/venv/lib/python3.9/site-packages/airflow/example_dags/plugins/listener_plugin.py
[2023-12-28T14:40:15.639-0300] {processor.py:179} INFO - Processing /home/pedro/projetos/projetos_python/proj_twitter_pipeline/venv/lib/python3.9/site-packages/airflow/example_dags/plugins/listener_plugin.py took 0.015 seconds
[2023-12-28T14:41:01.942-0300] {processor.py:157} INFO - Started process (PID=29128) to work on /home/pedro/projetos/projetos_python/proj_twitter_pipeline/venv/lib/python3.9/site-packages/airflow/example_dags/plugins/listener_plugin.py
[2023-12-28T14:41:01.944-0300] {processor.py:829} INFO - Processing file /home/pedro/projetos/projetos_python/proj_twitter_pipeline/venv/lib/python3.9/site-packages/airflow/example_dags/plugins/listener_plugin.py for tasks to queue
[2023-12-28T14:41:01.945-0300] {logging_mixin.py:154} INFO - [2023-12-28T14:41:01.945-0300] {dagbag.py:536} INFO - Filling up the DagBag from /home/pedro/projetos/projetos_python/proj_twitter_pipeline/venv/lib/python3.9/site-packages/airflow/example_dags/plugins/listener_plugin.py
[2023-12-28T14:41:01.947-0300] {processor.py:841} WARNING - No viable dags retrieved from /home/pedro/projetos/projetos_python/proj_twitter_pipeline/venv/lib/python3.9/site-packages/airflow/example_dags/plugins/listener_plugin.py
[2023-12-28T14:41:01.954-0300] {processor.py:179} INFO - Processing /home/pedro/projetos/projetos_python/proj_twitter_pipeline/venv/lib/python3.9/site-packages/airflow/example_dags/plugins/listener_plugin.py took 0.014 seconds
[2023-12-28T14:41:49.913-0300] {processor.py:157} INFO - Started process (PID=29370) to work on /home/pedro/projetos/projetos_python/proj_twitter_pipeline/venv/lib/python3.9/site-packages/airflow/example_dags/plugins/listener_plugin.py
[2023-12-28T14:41:49.914-0300] {processor.py:829} INFO - Processing file /home/pedro/projetos/projetos_python/proj_twitter_pipeline/venv/lib/python3.9/site-packages/airflow/example_dags/plugins/listener_plugin.py for tasks to queue
[2023-12-28T14:41:49.915-0300] {logging_mixin.py:154} INFO - [2023-12-28T14:41:49.915-0300] {dagbag.py:536} INFO - Filling up the DagBag from /home/pedro/projetos/projetos_python/proj_twitter_pipeline/venv/lib/python3.9/site-packages/airflow/example_dags/plugins/listener_plugin.py
[2023-12-28T14:41:49.917-0300] {processor.py:841} WARNING - No viable dags retrieved from /home/pedro/projetos/projetos_python/proj_twitter_pipeline/venv/lib/python3.9/site-packages/airflow/example_dags/plugins/listener_plugin.py
[2023-12-28T14:41:49.924-0300] {processor.py:179} INFO - Processing /home/pedro/projetos/projetos_python/proj_twitter_pipeline/venv/lib/python3.9/site-packages/airflow/example_dags/plugins/listener_plugin.py took 0.013 seconds
[2023-12-28T14:42:34.020-0300] {processor.py:157} INFO - Started process (PID=29541) to work on /home/pedro/projetos/projetos_python/proj_twitter_pipeline/venv/lib/python3.9/site-packages/airflow/example_dags/plugins/listener_plugin.py
[2023-12-28T14:42:34.023-0300] {processor.py:829} INFO - Processing file /home/pedro/projetos/projetos_python/proj_twitter_pipeline/venv/lib/python3.9/site-packages/airflow/example_dags/plugins/listener_plugin.py for tasks to queue
[2023-12-28T14:42:34.024-0300] {logging_mixin.py:154} INFO - [2023-12-28T14:42:34.024-0300] {dagbag.py:536} INFO - Filling up the DagBag from /home/pedro/projetos/projetos_python/proj_twitter_pipeline/venv/lib/python3.9/site-packages/airflow/example_dags/plugins/listener_plugin.py
[2023-12-28T14:42:34.026-0300] {processor.py:841} WARNING - No viable dags retrieved from /home/pedro/projetos/projetos_python/proj_twitter_pipeline/venv/lib/python3.9/site-packages/airflow/example_dags/plugins/listener_plugin.py
[2023-12-28T14:42:34.033-0300] {processor.py:179} INFO - Processing /home/pedro/projetos/projetos_python/proj_twitter_pipeline/venv/lib/python3.9/site-packages/airflow/example_dags/plugins/listener_plugin.py took 0.015 seconds
[2023-12-28T14:43:19.590-0300] {processor.py:157} INFO - Started process (PID=29718) to work on /home/pedro/projetos/projetos_python/proj_twitter_pipeline/venv/lib/python3.9/site-packages/airflow/example_dags/plugins/listener_plugin.py
[2023-12-28T14:43:19.593-0300] {processor.py:829} INFO - Processing file /home/pedro/projetos/projetos_python/proj_twitter_pipeline/venv/lib/python3.9/site-packages/airflow/example_dags/plugins/listener_plugin.py for tasks to queue
[2023-12-28T14:43:19.593-0300] {logging_mixin.py:154} INFO - [2023-12-28T14:43:19.593-0300] {dagbag.py:536} INFO - Filling up the DagBag from /home/pedro/projetos/projetos_python/proj_twitter_pipeline/venv/lib/python3.9/site-packages/airflow/example_dags/plugins/listener_plugin.py
[2023-12-28T14:43:19.595-0300] {processor.py:841} WARNING - No viable dags retrieved from /home/pedro/projetos/projetos_python/proj_twitter_pipeline/venv/lib/python3.9/site-packages/airflow/example_dags/plugins/listener_plugin.py
[2023-12-28T14:43:19.602-0300] {processor.py:179} INFO - Processing /home/pedro/projetos/projetos_python/proj_twitter_pipeline/venv/lib/python3.9/site-packages/airflow/example_dags/plugins/listener_plugin.py took 0.014 seconds
[2023-12-28T14:44:07.401-0300] {processor.py:157} INFO - Started process (PID=29837) to work on /home/pedro/projetos/projetos_python/proj_twitter_pipeline/venv/lib/python3.9/site-packages/airflow/example_dags/plugins/listener_plugin.py
[2023-12-28T14:44:07.402-0300] {processor.py:829} INFO - Processing file /home/pedro/projetos/projetos_python/proj_twitter_pipeline/venv/lib/python3.9/site-packages/airflow/example_dags/plugins/listener_plugin.py for tasks to queue
[2023-12-28T14:44:07.403-0300] {logging_mixin.py:154} INFO - [2023-12-28T14:44:07.402-0300] {dagbag.py:536} INFO - Filling up the DagBag from /home/pedro/projetos/projetos_python/proj_twitter_pipeline/venv/lib/python3.9/site-packages/airflow/example_dags/plugins/listener_plugin.py
[2023-12-28T14:44:07.405-0300] {processor.py:841} WARNING - No viable dags retrieved from /home/pedro/projetos/projetos_python/proj_twitter_pipeline/venv/lib/python3.9/site-packages/airflow/example_dags/plugins/listener_plugin.py
[2023-12-28T14:44:07.412-0300] {processor.py:179} INFO - Processing /home/pedro/projetos/projetos_python/proj_twitter_pipeline/venv/lib/python3.9/site-packages/airflow/example_dags/plugins/listener_plugin.py took 0.013 seconds
[2023-12-28T14:44:57.707-0300] {processor.py:157} INFO - Started process (PID=30024) to work on /home/pedro/projetos/projetos_python/proj_twitter_pipeline/venv/lib/python3.9/site-packages/airflow/example_dags/plugins/listener_plugin.py
[2023-12-28T14:44:57.709-0300] {processor.py:829} INFO - Processing file /home/pedro/projetos/projetos_python/proj_twitter_pipeline/venv/lib/python3.9/site-packages/airflow/example_dags/plugins/listener_plugin.py for tasks to queue
[2023-12-28T14:44:57.709-0300] {logging_mixin.py:154} INFO - [2023-12-28T14:44:57.709-0300] {dagbag.py:536} INFO - Filling up the DagBag from /home/pedro/projetos/projetos_python/proj_twitter_pipeline/venv/lib/python3.9/site-packages/airflow/example_dags/plugins/listener_plugin.py
[2023-12-28T14:44:57.711-0300] {processor.py:841} WARNING - No viable dags retrieved from /home/pedro/projetos/projetos_python/proj_twitter_pipeline/venv/lib/python3.9/site-packages/airflow/example_dags/plugins/listener_plugin.py
[2023-12-28T14:44:57.718-0300] {processor.py:179} INFO - Processing /home/pedro/projetos/projetos_python/proj_twitter_pipeline/venv/lib/python3.9/site-packages/airflow/example_dags/plugins/listener_plugin.py took 0.015 seconds
[2023-12-28T14:45:44.678-0300] {processor.py:157} INFO - Started process (PID=30203) to work on /home/pedro/projetos/projetos_python/proj_twitter_pipeline/venv/lib/python3.9/site-packages/airflow/example_dags/plugins/listener_plugin.py
[2023-12-28T14:45:44.680-0300] {processor.py:829} INFO - Processing file /home/pedro/projetos/projetos_python/proj_twitter_pipeline/venv/lib/python3.9/site-packages/airflow/example_dags/plugins/listener_plugin.py for tasks to queue
[2023-12-28T14:45:44.680-0300] {logging_mixin.py:154} INFO - [2023-12-28T14:45:44.680-0300] {dagbag.py:536} INFO - Filling up the DagBag from /home/pedro/projetos/projetos_python/proj_twitter_pipeline/venv/lib/python3.9/site-packages/airflow/example_dags/plugins/listener_plugin.py
[2023-12-28T14:45:44.682-0300] {processor.py:841} WARNING - No viable dags retrieved from /home/pedro/projetos/projetos_python/proj_twitter_pipeline/venv/lib/python3.9/site-packages/airflow/example_dags/plugins/listener_plugin.py
[2023-12-28T14:45:44.692-0300] {processor.py:179} INFO - Processing /home/pedro/projetos/projetos_python/proj_twitter_pipeline/venv/lib/python3.9/site-packages/airflow/example_dags/plugins/listener_plugin.py took 0.017 seconds
[2023-12-28T14:46:30.914-0300] {processor.py:157} INFO - Started process (PID=30378) to work on /home/pedro/projetos/projetos_python/proj_twitter_pipeline/venv/lib/python3.9/site-packages/airflow/example_dags/plugins/listener_plugin.py
[2023-12-28T14:46:30.917-0300] {processor.py:829} INFO - Processing file /home/pedro/projetos/projetos_python/proj_twitter_pipeline/venv/lib/python3.9/site-packages/airflow/example_dags/plugins/listener_plugin.py for tasks to queue
[2023-12-28T14:46:30.918-0300] {logging_mixin.py:154} INFO - [2023-12-28T14:46:30.917-0300] {dagbag.py:536} INFO - Filling up the DagBag from /home/pedro/projetos/projetos_python/proj_twitter_pipeline/venv/lib/python3.9/site-packages/airflow/example_dags/plugins/listener_plugin.py
[2023-12-28T14:46:30.919-0300] {processor.py:841} WARNING - No viable dags retrieved from /home/pedro/projetos/projetos_python/proj_twitter_pipeline/venv/lib/python3.9/site-packages/airflow/example_dags/plugins/listener_plugin.py
[2023-12-28T14:46:30.926-0300] {processor.py:179} INFO - Processing /home/pedro/projetos/projetos_python/proj_twitter_pipeline/venv/lib/python3.9/site-packages/airflow/example_dags/plugins/listener_plugin.py took 0.014 seconds
[2023-12-28T14:47:21.933-0300] {processor.py:157} INFO - Started process (PID=30627) to work on /home/pedro/projetos/projetos_python/proj_twitter_pipeline/venv/lib/python3.9/site-packages/airflow/example_dags/plugins/listener_plugin.py
[2023-12-28T14:47:21.935-0300] {processor.py:829} INFO - Processing file /home/pedro/projetos/projetos_python/proj_twitter_pipeline/venv/lib/python3.9/site-packages/airflow/example_dags/plugins/listener_plugin.py for tasks to queue
[2023-12-28T14:47:21.936-0300] {logging_mixin.py:154} INFO - [2023-12-28T14:47:21.936-0300] {dagbag.py:536} INFO - Filling up the DagBag from /home/pedro/projetos/projetos_python/proj_twitter_pipeline/venv/lib/python3.9/site-packages/airflow/example_dags/plugins/listener_plugin.py
[2023-12-28T14:47:21.938-0300] {processor.py:841} WARNING - No viable dags retrieved from /home/pedro/projetos/projetos_python/proj_twitter_pipeline/venv/lib/python3.9/site-packages/airflow/example_dags/plugins/listener_plugin.py
[2023-12-28T14:47:21.944-0300] {processor.py:179} INFO - Processing /home/pedro/projetos/projetos_python/proj_twitter_pipeline/venv/lib/python3.9/site-packages/airflow/example_dags/plugins/listener_plugin.py took 0.014 seconds
[2023-12-28T14:48:05.488-0300] {processor.py:157} INFO - Started process (PID=30741) to work on /home/pedro/projetos/projetos_python/proj_twitter_pipeline/venv/lib/python3.9/site-packages/airflow/example_dags/plugins/listener_plugin.py
[2023-12-28T14:48:05.490-0300] {processor.py:829} INFO - Processing file /home/pedro/projetos/projetos_python/proj_twitter_pipeline/venv/lib/python3.9/site-packages/airflow/example_dags/plugins/listener_plugin.py for tasks to queue
[2023-12-28T14:48:05.491-0300] {logging_mixin.py:154} INFO - [2023-12-28T14:48:05.491-0300] {dagbag.py:536} INFO - Filling up the DagBag from /home/pedro/projetos/projetos_python/proj_twitter_pipeline/venv/lib/python3.9/site-packages/airflow/example_dags/plugins/listener_plugin.py
[2023-12-28T14:48:05.494-0300] {processor.py:841} WARNING - No viable dags retrieved from /home/pedro/projetos/projetos_python/proj_twitter_pipeline/venv/lib/python3.9/site-packages/airflow/example_dags/plugins/listener_plugin.py
[2023-12-28T14:48:05.505-0300] {processor.py:179} INFO - Processing /home/pedro/projetos/projetos_python/proj_twitter_pipeline/venv/lib/python3.9/site-packages/airflow/example_dags/plugins/listener_plugin.py took 0.019 seconds
[2023-12-28T14:48:52.880-0300] {processor.py:157} INFO - Started process (PID=30922) to work on /home/pedro/projetos/projetos_python/proj_twitter_pipeline/venv/lib/python3.9/site-packages/airflow/example_dags/plugins/listener_plugin.py
[2023-12-28T14:48:52.883-0300] {processor.py:829} INFO - Processing file /home/pedro/projetos/projetos_python/proj_twitter_pipeline/venv/lib/python3.9/site-packages/airflow/example_dags/plugins/listener_plugin.py for tasks to queue
[2023-12-28T14:48:52.883-0300] {logging_mixin.py:154} INFO - [2023-12-28T14:48:52.883-0300] {dagbag.py:536} INFO - Filling up the DagBag from /home/pedro/projetos/projetos_python/proj_twitter_pipeline/venv/lib/python3.9/site-packages/airflow/example_dags/plugins/listener_plugin.py
[2023-12-28T14:48:52.885-0300] {processor.py:841} WARNING - No viable dags retrieved from /home/pedro/projetos/projetos_python/proj_twitter_pipeline/venv/lib/python3.9/site-packages/airflow/example_dags/plugins/listener_plugin.py
[2023-12-28T14:48:52.892-0300] {processor.py:179} INFO - Processing /home/pedro/projetos/projetos_python/proj_twitter_pipeline/venv/lib/python3.9/site-packages/airflow/example_dags/plugins/listener_plugin.py took 0.013 seconds
[2023-12-28T14:49:32.459-0300] {processor.py:157} INFO - Started process (PID=31080) to work on /home/pedro/projetos/projetos_python/proj_twitter_pipeline/venv/lib/python3.9/site-packages/airflow/example_dags/plugins/listener_plugin.py
[2023-12-28T14:49:32.493-0300] {processor.py:829} INFO - Processing file /home/pedro/projetos/projetos_python/proj_twitter_pipeline/venv/lib/python3.9/site-packages/airflow/example_dags/plugins/listener_plugin.py for tasks to queue
[2023-12-28T14:49:32.494-0300] {logging_mixin.py:154} INFO - [2023-12-28T14:49:32.494-0300] {dagbag.py:536} INFO - Filling up the DagBag from /home/pedro/projetos/projetos_python/proj_twitter_pipeline/venv/lib/python3.9/site-packages/airflow/example_dags/plugins/listener_plugin.py
[2023-12-28T14:49:32.496-0300] {processor.py:841} WARNING - No viable dags retrieved from /home/pedro/projetos/projetos_python/proj_twitter_pipeline/venv/lib/python3.9/site-packages/airflow/example_dags/plugins/listener_plugin.py
[2023-12-28T14:49:32.503-0300] {processor.py:179} INFO - Processing /home/pedro/projetos/projetos_python/proj_twitter_pipeline/venv/lib/python3.9/site-packages/airflow/example_dags/plugins/listener_plugin.py took 0.046 seconds
[2023-12-28T14:50:18.206-0300] {processor.py:157} INFO - Started process (PID=31257) to work on /home/pedro/projetos/projetos_python/proj_twitter_pipeline/venv/lib/python3.9/site-packages/airflow/example_dags/plugins/listener_plugin.py
[2023-12-28T14:50:18.208-0300] {processor.py:829} INFO - Processing file /home/pedro/projetos/projetos_python/proj_twitter_pipeline/venv/lib/python3.9/site-packages/airflow/example_dags/plugins/listener_plugin.py for tasks to queue
[2023-12-28T14:50:18.209-0300] {logging_mixin.py:154} INFO - [2023-12-28T14:50:18.208-0300] {dagbag.py:536} INFO - Filling up the DagBag from /home/pedro/projetos/projetos_python/proj_twitter_pipeline/venv/lib/python3.9/site-packages/airflow/example_dags/plugins/listener_plugin.py
[2023-12-28T14:50:18.210-0300] {processor.py:841} WARNING - No viable dags retrieved from /home/pedro/projetos/projetos_python/proj_twitter_pipeline/venv/lib/python3.9/site-packages/airflow/example_dags/plugins/listener_plugin.py
[2023-12-28T14:50:18.217-0300] {processor.py:179} INFO - Processing /home/pedro/projetos/projetos_python/proj_twitter_pipeline/venv/lib/python3.9/site-packages/airflow/example_dags/plugins/listener_plugin.py took 0.013 seconds
[2023-12-28T14:51:09.067-0300] {processor.py:157} INFO - Started process (PID=31385) to work on /home/pedro/projetos/projetos_python/proj_twitter_pipeline/venv/lib/python3.9/site-packages/airflow/example_dags/plugins/listener_plugin.py
[2023-12-28T14:51:09.069-0300] {processor.py:829} INFO - Processing file /home/pedro/projetos/projetos_python/proj_twitter_pipeline/venv/lib/python3.9/site-packages/airflow/example_dags/plugins/listener_plugin.py for tasks to queue
[2023-12-28T14:51:09.070-0300] {logging_mixin.py:154} INFO - [2023-12-28T14:51:09.070-0300] {dagbag.py:536} INFO - Filling up the DagBag from /home/pedro/projetos/projetos_python/proj_twitter_pipeline/venv/lib/python3.9/site-packages/airflow/example_dags/plugins/listener_plugin.py
[2023-12-28T14:51:09.072-0300] {processor.py:841} WARNING - No viable dags retrieved from /home/pedro/projetos/projetos_python/proj_twitter_pipeline/venv/lib/python3.9/site-packages/airflow/example_dags/plugins/listener_plugin.py
[2023-12-28T14:51:09.084-0300] {processor.py:179} INFO - Processing /home/pedro/projetos/projetos_python/proj_twitter_pipeline/venv/lib/python3.9/site-packages/airflow/example_dags/plugins/listener_plugin.py took 0.019 seconds
[2023-12-28T14:51:57.653-0300] {processor.py:157} INFO - Started process (PID=31626) to work on /home/pedro/projetos/projetos_python/proj_twitter_pipeline/venv/lib/python3.9/site-packages/airflow/example_dags/plugins/listener_plugin.py
[2023-12-28T14:51:57.656-0300] {processor.py:829} INFO - Processing file /home/pedro/projetos/projetos_python/proj_twitter_pipeline/venv/lib/python3.9/site-packages/airflow/example_dags/plugins/listener_plugin.py for tasks to queue
[2023-12-28T14:51:57.656-0300] {logging_mixin.py:154} INFO - [2023-12-28T14:51:57.656-0300] {dagbag.py:536} INFO - Filling up the DagBag from /home/pedro/projetos/projetos_python/proj_twitter_pipeline/venv/lib/python3.9/site-packages/airflow/example_dags/plugins/listener_plugin.py
[2023-12-28T14:51:57.658-0300] {processor.py:841} WARNING - No viable dags retrieved from /home/pedro/projetos/projetos_python/proj_twitter_pipeline/venv/lib/python3.9/site-packages/airflow/example_dags/plugins/listener_plugin.py
[2023-12-28T14:51:57.665-0300] {processor.py:179} INFO - Processing /home/pedro/projetos/projetos_python/proj_twitter_pipeline/venv/lib/python3.9/site-packages/airflow/example_dags/plugins/listener_plugin.py took 0.014 seconds
[2023-12-28T14:52:44.255-0300] {processor.py:157} INFO - Started process (PID=31805) to work on /home/pedro/projetos/projetos_python/proj_twitter_pipeline/venv/lib/python3.9/site-packages/airflow/example_dags/plugins/listener_plugin.py
[2023-12-28T14:52:44.257-0300] {processor.py:829} INFO - Processing file /home/pedro/projetos/projetos_python/proj_twitter_pipeline/venv/lib/python3.9/site-packages/airflow/example_dags/plugins/listener_plugin.py for tasks to queue
[2023-12-28T14:52:44.258-0300] {logging_mixin.py:154} INFO - [2023-12-28T14:52:44.258-0300] {dagbag.py:536} INFO - Filling up the DagBag from /home/pedro/projetos/projetos_python/proj_twitter_pipeline/venv/lib/python3.9/site-packages/airflow/example_dags/plugins/listener_plugin.py
[2023-12-28T14:52:44.260-0300] {processor.py:841} WARNING - No viable dags retrieved from /home/pedro/projetos/projetos_python/proj_twitter_pipeline/venv/lib/python3.9/site-packages/airflow/example_dags/plugins/listener_plugin.py
[2023-12-28T14:52:44.267-0300] {processor.py:179} INFO - Processing /home/pedro/projetos/projetos_python/proj_twitter_pipeline/venv/lib/python3.9/site-packages/airflow/example_dags/plugins/listener_plugin.py took 0.014 seconds
[2023-12-28T14:53:30.614-0300] {processor.py:157} INFO - Started process (PID=31985) to work on /home/pedro/projetos/projetos_python/proj_twitter_pipeline/venv/lib/python3.9/site-packages/airflow/example_dags/plugins/listener_plugin.py
[2023-12-28T14:53:30.617-0300] {processor.py:829} INFO - Processing file /home/pedro/projetos/projetos_python/proj_twitter_pipeline/venv/lib/python3.9/site-packages/airflow/example_dags/plugins/listener_plugin.py for tasks to queue
[2023-12-28T14:53:30.618-0300] {logging_mixin.py:154} INFO - [2023-12-28T14:53:30.617-0300] {dagbag.py:536} INFO - Filling up the DagBag from /home/pedro/projetos/projetos_python/proj_twitter_pipeline/venv/lib/python3.9/site-packages/airflow/example_dags/plugins/listener_plugin.py
[2023-12-28T14:53:30.619-0300] {processor.py:841} WARNING - No viable dags retrieved from /home/pedro/projetos/projetos_python/proj_twitter_pipeline/venv/lib/python3.9/site-packages/airflow/example_dags/plugins/listener_plugin.py
[2023-12-28T14:53:30.626-0300] {processor.py:179} INFO - Processing /home/pedro/projetos/projetos_python/proj_twitter_pipeline/venv/lib/python3.9/site-packages/airflow/example_dags/plugins/listener_plugin.py took 0.013 seconds
[2023-12-28T14:54:16.866-0300] {processor.py:157} INFO - Started process (PID=32130) to work on /home/pedro/projetos/projetos_python/proj_twitter_pipeline/venv/lib/python3.9/site-packages/airflow/example_dags/plugins/listener_plugin.py
[2023-12-28T14:54:16.869-0300] {processor.py:829} INFO - Processing file /home/pedro/projetos/projetos_python/proj_twitter_pipeline/venv/lib/python3.9/site-packages/airflow/example_dags/plugins/listener_plugin.py for tasks to queue
[2023-12-28T14:54:16.869-0300] {logging_mixin.py:154} INFO - [2023-12-28T14:54:16.869-0300] {dagbag.py:536} INFO - Filling up the DagBag from /home/pedro/projetos/projetos_python/proj_twitter_pipeline/venv/lib/python3.9/site-packages/airflow/example_dags/plugins/listener_plugin.py
[2023-12-28T14:54:16.871-0300] {processor.py:841} WARNING - No viable dags retrieved from /home/pedro/projetos/projetos_python/proj_twitter_pipeline/venv/lib/python3.9/site-packages/airflow/example_dags/plugins/listener_plugin.py
[2023-12-28T14:54:16.878-0300] {processor.py:179} INFO - Processing /home/pedro/projetos/projetos_python/proj_twitter_pipeline/venv/lib/python3.9/site-packages/airflow/example_dags/plugins/listener_plugin.py took 0.014 seconds
[2023-12-28T14:55:06.897-0300] {processor.py:157} INFO - Started process (PID=32289) to work on /home/pedro/projetos/projetos_python/proj_twitter_pipeline/venv/lib/python3.9/site-packages/airflow/example_dags/plugins/listener_plugin.py
[2023-12-28T14:55:06.899-0300] {processor.py:829} INFO - Processing file /home/pedro/projetos/projetos_python/proj_twitter_pipeline/venv/lib/python3.9/site-packages/airflow/example_dags/plugins/listener_plugin.py for tasks to queue
[2023-12-28T14:55:06.900-0300] {logging_mixin.py:154} INFO - [2023-12-28T14:55:06.900-0300] {dagbag.py:536} INFO - Filling up the DagBag from /home/pedro/projetos/projetos_python/proj_twitter_pipeline/venv/lib/python3.9/site-packages/airflow/example_dags/plugins/listener_plugin.py
[2023-12-28T14:55:06.902-0300] {processor.py:841} WARNING - No viable dags retrieved from /home/pedro/projetos/projetos_python/proj_twitter_pipeline/venv/lib/python3.9/site-packages/airflow/example_dags/plugins/listener_plugin.py
[2023-12-28T14:55:06.909-0300] {processor.py:179} INFO - Processing /home/pedro/projetos/projetos_python/proj_twitter_pipeline/venv/lib/python3.9/site-packages/airflow/example_dags/plugins/listener_plugin.py took 0.014 seconds
[2023-12-28T14:55:51.726-0300] {processor.py:157} INFO - Started process (PID=32464) to work on /home/pedro/projetos/projetos_python/proj_twitter_pipeline/venv/lib/python3.9/site-packages/airflow/example_dags/plugins/listener_plugin.py
[2023-12-28T14:55:51.728-0300] {processor.py:829} INFO - Processing file /home/pedro/projetos/projetos_python/proj_twitter_pipeline/venv/lib/python3.9/site-packages/airflow/example_dags/plugins/listener_plugin.py for tasks to queue
[2023-12-28T14:55:51.729-0300] {logging_mixin.py:154} INFO - [2023-12-28T14:55:51.729-0300] {dagbag.py:536} INFO - Filling up the DagBag from /home/pedro/projetos/projetos_python/proj_twitter_pipeline/venv/lib/python3.9/site-packages/airflow/example_dags/plugins/listener_plugin.py
[2023-12-28T14:55:51.731-0300] {processor.py:841} WARNING - No viable dags retrieved from /home/pedro/projetos/projetos_python/proj_twitter_pipeline/venv/lib/python3.9/site-packages/airflow/example_dags/plugins/listener_plugin.py
[2023-12-28T14:55:51.737-0300] {processor.py:179} INFO - Processing /home/pedro/projetos/projetos_python/proj_twitter_pipeline/venv/lib/python3.9/site-packages/airflow/example_dags/plugins/listener_plugin.py took 0.014 seconds
[2023-12-28T14:56:42.344-0300] {processor.py:157} INFO - Started process (PID=32712) to work on /home/pedro/projetos/projetos_python/proj_twitter_pipeline/venv/lib/python3.9/site-packages/airflow/example_dags/plugins/listener_plugin.py
[2023-12-28T14:56:42.347-0300] {processor.py:829} INFO - Processing file /home/pedro/projetos/projetos_python/proj_twitter_pipeline/venv/lib/python3.9/site-packages/airflow/example_dags/plugins/listener_plugin.py for tasks to queue
[2023-12-28T14:56:42.347-0300] {logging_mixin.py:154} INFO - [2023-12-28T14:56:42.347-0300] {dagbag.py:536} INFO - Filling up the DagBag from /home/pedro/projetos/projetos_python/proj_twitter_pipeline/venv/lib/python3.9/site-packages/airflow/example_dags/plugins/listener_plugin.py
[2023-12-28T14:56:42.349-0300] {processor.py:841} WARNING - No viable dags retrieved from /home/pedro/projetos/projetos_python/proj_twitter_pipeline/venv/lib/python3.9/site-packages/airflow/example_dags/plugins/listener_plugin.py
[2023-12-28T14:56:42.356-0300] {processor.py:179} INFO - Processing /home/pedro/projetos/projetos_python/proj_twitter_pipeline/venv/lib/python3.9/site-packages/airflow/example_dags/plugins/listener_plugin.py took 0.014 seconds
[2023-12-28T14:57:33.146-0300] {processor.py:157} INFO - Started process (PID=431) to work on /home/pedro/projetos/projetos_python/proj_twitter_pipeline/venv/lib/python3.9/site-packages/airflow/example_dags/plugins/listener_plugin.py
[2023-12-28T14:57:33.147-0300] {processor.py:829} INFO - Processing file /home/pedro/projetos/projetos_python/proj_twitter_pipeline/venv/lib/python3.9/site-packages/airflow/example_dags/plugins/listener_plugin.py for tasks to queue
[2023-12-28T14:57:33.147-0300] {logging_mixin.py:154} INFO - [2023-12-28T14:57:33.147-0300] {dagbag.py:536} INFO - Filling up the DagBag from /home/pedro/projetos/projetos_python/proj_twitter_pipeline/venv/lib/python3.9/site-packages/airflow/example_dags/plugins/listener_plugin.py
[2023-12-28T14:57:33.149-0300] {processor.py:841} WARNING - No viable dags retrieved from /home/pedro/projetos/projetos_python/proj_twitter_pipeline/venv/lib/python3.9/site-packages/airflow/example_dags/plugins/listener_plugin.py
[2023-12-28T14:57:33.156-0300] {processor.py:179} INFO - Processing /home/pedro/projetos/projetos_python/proj_twitter_pipeline/venv/lib/python3.9/site-packages/airflow/example_dags/plugins/listener_plugin.py took 0.013 seconds
[2023-12-28T14:58:23.778-0300] {processor.py:157} INFO - Started process (PID=618) to work on /home/pedro/projetos/projetos_python/proj_twitter_pipeline/venv/lib/python3.9/site-packages/airflow/example_dags/plugins/listener_plugin.py
[2023-12-28T14:58:23.780-0300] {processor.py:829} INFO - Processing file /home/pedro/projetos/projetos_python/proj_twitter_pipeline/venv/lib/python3.9/site-packages/airflow/example_dags/plugins/listener_plugin.py for tasks to queue
[2023-12-28T14:58:23.781-0300] {logging_mixin.py:154} INFO - [2023-12-28T14:58:23.781-0300] {dagbag.py:536} INFO - Filling up the DagBag from /home/pedro/projetos/projetos_python/proj_twitter_pipeline/venv/lib/python3.9/site-packages/airflow/example_dags/plugins/listener_plugin.py
[2023-12-28T14:58:23.783-0300] {processor.py:841} WARNING - No viable dags retrieved from /home/pedro/projetos/projetos_python/proj_twitter_pipeline/venv/lib/python3.9/site-packages/airflow/example_dags/plugins/listener_plugin.py
[2023-12-28T14:58:23.790-0300] {processor.py:179} INFO - Processing /home/pedro/projetos/projetos_python/proj_twitter_pipeline/venv/lib/python3.9/site-packages/airflow/example_dags/plugins/listener_plugin.py took 0.014 seconds
[2023-12-28T14:59:15.882-0300] {processor.py:157} INFO - Started process (PID=746) to work on /home/pedro/projetos/projetos_python/proj_twitter_pipeline/venv/lib/python3.9/site-packages/airflow/example_dags/plugins/listener_plugin.py
[2023-12-28T14:59:15.885-0300] {processor.py:829} INFO - Processing file /home/pedro/projetos/projetos_python/proj_twitter_pipeline/venv/lib/python3.9/site-packages/airflow/example_dags/plugins/listener_plugin.py for tasks to queue
[2023-12-28T14:59:15.886-0300] {logging_mixin.py:154} INFO - [2023-12-28T14:59:15.885-0300] {dagbag.py:536} INFO - Filling up the DagBag from /home/pedro/projetos/projetos_python/proj_twitter_pipeline/venv/lib/python3.9/site-packages/airflow/example_dags/plugins/listener_plugin.py
[2023-12-28T14:59:15.887-0300] {processor.py:841} WARNING - No viable dags retrieved from /home/pedro/projetos/projetos_python/proj_twitter_pipeline/venv/lib/python3.9/site-packages/airflow/example_dags/plugins/listener_plugin.py
[2023-12-28T14:59:15.894-0300] {processor.py:179} INFO - Processing /home/pedro/projetos/projetos_python/proj_twitter_pipeline/venv/lib/python3.9/site-packages/airflow/example_dags/plugins/listener_plugin.py took 0.014 seconds
[2023-12-28T15:00:00.777-0300] {processor.py:157} INFO - Started process (PID=920) to work on /home/pedro/projetos/projetos_python/proj_twitter_pipeline/venv/lib/python3.9/site-packages/airflow/example_dags/plugins/listener_plugin.py
[2023-12-28T15:00:00.778-0300] {processor.py:829} INFO - Processing file /home/pedro/projetos/projetos_python/proj_twitter_pipeline/venv/lib/python3.9/site-packages/airflow/example_dags/plugins/listener_plugin.py for tasks to queue
[2023-12-28T15:00:00.779-0300] {logging_mixin.py:154} INFO - [2023-12-28T15:00:00.778-0300] {dagbag.py:536} INFO - Filling up the DagBag from /home/pedro/projetos/projetos_python/proj_twitter_pipeline/venv/lib/python3.9/site-packages/airflow/example_dags/plugins/listener_plugin.py
[2023-12-28T15:00:00.780-0300] {processor.py:841} WARNING - No viable dags retrieved from /home/pedro/projetos/projetos_python/proj_twitter_pipeline/venv/lib/python3.9/site-packages/airflow/example_dags/plugins/listener_plugin.py
[2023-12-28T15:00:00.787-0300] {processor.py:179} INFO - Processing /home/pedro/projetos/projetos_python/proj_twitter_pipeline/venv/lib/python3.9/site-packages/airflow/example_dags/plugins/listener_plugin.py took 0.012 seconds
[2023-12-28T15:00:51.090-0300] {processor.py:157} INFO - Started process (PID=1108) to work on /home/pedro/projetos/projetos_python/proj_twitter_pipeline/venv/lib/python3.9/site-packages/airflow/example_dags/plugins/listener_plugin.py
[2023-12-28T15:00:51.091-0300] {processor.py:829} INFO - Processing file /home/pedro/projetos/projetos_python/proj_twitter_pipeline/venv/lib/python3.9/site-packages/airflow/example_dags/plugins/listener_plugin.py for tasks to queue
[2023-12-28T15:00:51.092-0300] {logging_mixin.py:154} INFO - [2023-12-28T15:00:51.092-0300] {dagbag.py:536} INFO - Filling up the DagBag from /home/pedro/projetos/projetos_python/proj_twitter_pipeline/venv/lib/python3.9/site-packages/airflow/example_dags/plugins/listener_plugin.py
[2023-12-28T15:00:51.094-0300] {processor.py:841} WARNING - No viable dags retrieved from /home/pedro/projetos/projetos_python/proj_twitter_pipeline/venv/lib/python3.9/site-packages/airflow/example_dags/plugins/listener_plugin.py
[2023-12-28T15:00:51.100-0300] {processor.py:179} INFO - Processing /home/pedro/projetos/projetos_python/proj_twitter_pipeline/venv/lib/python3.9/site-packages/airflow/example_dags/plugins/listener_plugin.py took 0.012 seconds
[2023-12-28T15:01:37.915-0300] {processor.py:157} INFO - Started process (PID=1354) to work on /home/pedro/projetos/projetos_python/proj_twitter_pipeline/venv/lib/python3.9/site-packages/airflow/example_dags/plugins/listener_plugin.py
[2023-12-28T15:01:37.918-0300] {processor.py:829} INFO - Processing file /home/pedro/projetos/projetos_python/proj_twitter_pipeline/venv/lib/python3.9/site-packages/airflow/example_dags/plugins/listener_plugin.py for tasks to queue
[2023-12-28T15:01:37.918-0300] {logging_mixin.py:154} INFO - [2023-12-28T15:01:37.918-0300] {dagbag.py:536} INFO - Filling up the DagBag from /home/pedro/projetos/projetos_python/proj_twitter_pipeline/venv/lib/python3.9/site-packages/airflow/example_dags/plugins/listener_plugin.py
[2023-12-28T15:01:37.920-0300] {processor.py:841} WARNING - No viable dags retrieved from /home/pedro/projetos/projetos_python/proj_twitter_pipeline/venv/lib/python3.9/site-packages/airflow/example_dags/plugins/listener_plugin.py
[2023-12-28T15:01:37.927-0300] {processor.py:179} INFO - Processing /home/pedro/projetos/projetos_python/proj_twitter_pipeline/venv/lib/python3.9/site-packages/airflow/example_dags/plugins/listener_plugin.py took 0.014 seconds
[2023-12-28T15:02:27.502-0300] {processor.py:157} INFO - Started process (PID=1537) to work on /home/pedro/projetos/projetos_python/proj_twitter_pipeline/venv/lib/python3.9/site-packages/airflow/example_dags/plugins/listener_plugin.py
[2023-12-28T15:02:27.504-0300] {processor.py:829} INFO - Processing file /home/pedro/projetos/projetos_python/proj_twitter_pipeline/venv/lib/python3.9/site-packages/airflow/example_dags/plugins/listener_plugin.py for tasks to queue
[2023-12-28T15:02:27.505-0300] {logging_mixin.py:154} INFO - [2023-12-28T15:02:27.505-0300] {dagbag.py:536} INFO - Filling up the DagBag from /home/pedro/projetos/projetos_python/proj_twitter_pipeline/venv/lib/python3.9/site-packages/airflow/example_dags/plugins/listener_plugin.py
[2023-12-28T15:02:27.507-0300] {processor.py:841} WARNING - No viable dags retrieved from /home/pedro/projetos/projetos_python/proj_twitter_pipeline/venv/lib/python3.9/site-packages/airflow/example_dags/plugins/listener_plugin.py
[2023-12-28T15:02:27.513-0300] {processor.py:179} INFO - Processing /home/pedro/projetos/projetos_python/proj_twitter_pipeline/venv/lib/python3.9/site-packages/airflow/example_dags/plugins/listener_plugin.py took 0.014 seconds
[2023-12-28T15:03:16.598-0300] {processor.py:157} INFO - Started process (PID=1660) to work on /home/pedro/projetos/projetos_python/proj_twitter_pipeline/venv/lib/python3.9/site-packages/airflow/example_dags/plugins/listener_plugin.py
[2023-12-28T15:03:16.599-0300] {processor.py:829} INFO - Processing file /home/pedro/projetos/projetos_python/proj_twitter_pipeline/venv/lib/python3.9/site-packages/airflow/example_dags/plugins/listener_plugin.py for tasks to queue
[2023-12-28T15:03:16.600-0300] {logging_mixin.py:154} INFO - [2023-12-28T15:03:16.599-0300] {dagbag.py:536} INFO - Filling up the DagBag from /home/pedro/projetos/projetos_python/proj_twitter_pipeline/venv/lib/python3.9/site-packages/airflow/example_dags/plugins/listener_plugin.py
[2023-12-28T15:03:16.601-0300] {processor.py:841} WARNING - No viable dags retrieved from /home/pedro/projetos/projetos_python/proj_twitter_pipeline/venv/lib/python3.9/site-packages/airflow/example_dags/plugins/listener_plugin.py
[2023-12-28T15:03:16.608-0300] {processor.py:179} INFO - Processing /home/pedro/projetos/projetos_python/proj_twitter_pipeline/venv/lib/python3.9/site-packages/airflow/example_dags/plugins/listener_plugin.py took 0.013 seconds
[2023-12-28T15:04:10.194-0300] {processor.py:157} INFO - Started process (PID=1856) to work on /home/pedro/projetos/projetos_python/proj_twitter_pipeline/venv/lib/python3.9/site-packages/airflow/example_dags/plugins/listener_plugin.py
[2023-12-28T15:04:10.196-0300] {processor.py:829} INFO - Processing file /home/pedro/projetos/projetos_python/proj_twitter_pipeline/venv/lib/python3.9/site-packages/airflow/example_dags/plugins/listener_plugin.py for tasks to queue
[2023-12-28T15:04:10.197-0300] {logging_mixin.py:154} INFO - [2023-12-28T15:04:10.197-0300] {dagbag.py:536} INFO - Filling up the DagBag from /home/pedro/projetos/projetos_python/proj_twitter_pipeline/venv/lib/python3.9/site-packages/airflow/example_dags/plugins/listener_plugin.py
[2023-12-28T15:04:10.199-0300] {processor.py:841} WARNING - No viable dags retrieved from /home/pedro/projetos/projetos_python/proj_twitter_pipeline/venv/lib/python3.9/site-packages/airflow/example_dags/plugins/listener_plugin.py
[2023-12-28T15:04:10.206-0300] {processor.py:179} INFO - Processing /home/pedro/projetos/projetos_python/proj_twitter_pipeline/venv/lib/python3.9/site-packages/airflow/example_dags/plugins/listener_plugin.py took 0.014 seconds
[2023-12-28T15:04:59.827-0300] {processor.py:157} INFO - Started process (PID=2039) to work on /home/pedro/projetos/projetos_python/proj_twitter_pipeline/venv/lib/python3.9/site-packages/airflow/example_dags/plugins/listener_plugin.py
[2023-12-28T15:04:59.830-0300] {processor.py:829} INFO - Processing file /home/pedro/projetos/projetos_python/proj_twitter_pipeline/venv/lib/python3.9/site-packages/airflow/example_dags/plugins/listener_plugin.py for tasks to queue
[2023-12-28T15:04:59.831-0300] {logging_mixin.py:154} INFO - [2023-12-28T15:04:59.830-0300] {dagbag.py:536} INFO - Filling up the DagBag from /home/pedro/projetos/projetos_python/proj_twitter_pipeline/venv/lib/python3.9/site-packages/airflow/example_dags/plugins/listener_plugin.py
[2023-12-28T15:04:59.832-0300] {processor.py:841} WARNING - No viable dags retrieved from /home/pedro/projetos/projetos_python/proj_twitter_pipeline/venv/lib/python3.9/site-packages/airflow/example_dags/plugins/listener_plugin.py
[2023-12-28T15:04:59.839-0300] {processor.py:179} INFO - Processing /home/pedro/projetos/projetos_python/proj_twitter_pipeline/venv/lib/python3.9/site-packages/airflow/example_dags/plugins/listener_plugin.py took 0.014 seconds
[2023-12-28T15:05:47.628-0300] {processor.py:157} INFO - Started process (PID=2218) to work on /home/pedro/projetos/projetos_python/proj_twitter_pipeline/venv/lib/python3.9/site-packages/airflow/example_dags/plugins/listener_plugin.py
[2023-12-28T15:05:47.630-0300] {processor.py:829} INFO - Processing file /home/pedro/projetos/projetos_python/proj_twitter_pipeline/venv/lib/python3.9/site-packages/airflow/example_dags/plugins/listener_plugin.py for tasks to queue
[2023-12-28T15:05:47.631-0300] {logging_mixin.py:154} INFO - [2023-12-28T15:05:47.631-0300] {dagbag.py:536} INFO - Filling up the DagBag from /home/pedro/projetos/projetos_python/proj_twitter_pipeline/venv/lib/python3.9/site-packages/airflow/example_dags/plugins/listener_plugin.py
[2023-12-28T15:05:47.633-0300] {processor.py:841} WARNING - No viable dags retrieved from /home/pedro/projetos/projetos_python/proj_twitter_pipeline/venv/lib/python3.9/site-packages/airflow/example_dags/plugins/listener_plugin.py
[2023-12-28T15:05:47.640-0300] {processor.py:179} INFO - Processing /home/pedro/projetos/projetos_python/proj_twitter_pipeline/venv/lib/python3.9/site-packages/airflow/example_dags/plugins/listener_plugin.py took 0.014 seconds
[2023-12-28T15:06:37.441-0300] {processor.py:157} INFO - Started process (PID=2465) to work on /home/pedro/projetos/projetos_python/proj_twitter_pipeline/venv/lib/python3.9/site-packages/airflow/example_dags/plugins/listener_plugin.py
[2023-12-28T15:06:37.444-0300] {processor.py:829} INFO - Processing file /home/pedro/projetos/projetos_python/proj_twitter_pipeline/venv/lib/python3.9/site-packages/airflow/example_dags/plugins/listener_plugin.py for tasks to queue
[2023-12-28T15:06:37.445-0300] {logging_mixin.py:154} INFO - [2023-12-28T15:06:37.444-0300] {dagbag.py:536} INFO - Filling up the DagBag from /home/pedro/projetos/projetos_python/proj_twitter_pipeline/venv/lib/python3.9/site-packages/airflow/example_dags/plugins/listener_plugin.py
[2023-12-28T15:06:37.446-0300] {processor.py:841} WARNING - No viable dags retrieved from /home/pedro/projetos/projetos_python/proj_twitter_pipeline/venv/lib/python3.9/site-packages/airflow/example_dags/plugins/listener_plugin.py
[2023-12-28T15:06:37.453-0300] {processor.py:179} INFO - Processing /home/pedro/projetos/projetos_python/proj_twitter_pipeline/venv/lib/python3.9/site-packages/airflow/example_dags/plugins/listener_plugin.py took 0.014 seconds
[2023-12-28T15:07:26.526-0300] {processor.py:157} INFO - Started process (PID=2648) to work on /home/pedro/projetos/projetos_python/proj_twitter_pipeline/venv/lib/python3.9/site-packages/airflow/example_dags/plugins/listener_plugin.py
[2023-12-28T15:07:26.529-0300] {processor.py:829} INFO - Processing file /home/pedro/projetos/projetos_python/proj_twitter_pipeline/venv/lib/python3.9/site-packages/airflow/example_dags/plugins/listener_plugin.py for tasks to queue
[2023-12-28T15:07:26.530-0300] {logging_mixin.py:154} INFO - [2023-12-28T15:07:26.529-0300] {dagbag.py:536} INFO - Filling up the DagBag from /home/pedro/projetos/projetos_python/proj_twitter_pipeline/venv/lib/python3.9/site-packages/airflow/example_dags/plugins/listener_plugin.py
[2023-12-28T15:07:26.532-0300] {processor.py:841} WARNING - No viable dags retrieved from /home/pedro/projetos/projetos_python/proj_twitter_pipeline/venv/lib/python3.9/site-packages/airflow/example_dags/plugins/listener_plugin.py
[2023-12-28T15:07:26.540-0300] {processor.py:179} INFO - Processing /home/pedro/projetos/projetos_python/proj_twitter_pipeline/venv/lib/python3.9/site-packages/airflow/example_dags/plugins/listener_plugin.py took 0.015 seconds
[2023-12-28T15:08:14.899-0300] {processor.py:157} INFO - Started process (PID=2771) to work on /home/pedro/projetos/projetos_python/proj_twitter_pipeline/venv/lib/python3.9/site-packages/airflow/example_dags/plugins/listener_plugin.py
[2023-12-28T15:08:14.901-0300] {processor.py:829} INFO - Processing file /home/pedro/projetos/projetos_python/proj_twitter_pipeline/venv/lib/python3.9/site-packages/airflow/example_dags/plugins/listener_plugin.py for tasks to queue
[2023-12-28T15:08:14.902-0300] {logging_mixin.py:154} INFO - [2023-12-28T15:08:14.902-0300] {dagbag.py:536} INFO - Filling up the DagBag from /home/pedro/projetos/projetos_python/proj_twitter_pipeline/venv/lib/python3.9/site-packages/airflow/example_dags/plugins/listener_plugin.py
[2023-12-28T15:08:14.904-0300] {processor.py:841} WARNING - No viable dags retrieved from /home/pedro/projetos/projetos_python/proj_twitter_pipeline/venv/lib/python3.9/site-packages/airflow/example_dags/plugins/listener_plugin.py
[2023-12-28T15:08:14.911-0300] {processor.py:179} INFO - Processing /home/pedro/projetos/projetos_python/proj_twitter_pipeline/venv/lib/python3.9/site-packages/airflow/example_dags/plugins/listener_plugin.py took 0.014 seconds
[2023-12-28T15:09:01.981-0300] {processor.py:157} INFO - Started process (PID=2950) to work on /home/pedro/projetos/projetos_python/proj_twitter_pipeline/venv/lib/python3.9/site-packages/airflow/example_dags/plugins/listener_plugin.py
[2023-12-28T15:09:01.984-0300] {processor.py:829} INFO - Processing file /home/pedro/projetos/projetos_python/proj_twitter_pipeline/venv/lib/python3.9/site-packages/airflow/example_dags/plugins/listener_plugin.py for tasks to queue
[2023-12-28T15:09:01.985-0300] {logging_mixin.py:154} INFO - [2023-12-28T15:09:01.984-0300] {dagbag.py:536} INFO - Filling up the DagBag from /home/pedro/projetos/projetos_python/proj_twitter_pipeline/venv/lib/python3.9/site-packages/airflow/example_dags/plugins/listener_plugin.py
[2023-12-28T15:09:01.987-0300] {processor.py:841} WARNING - No viable dags retrieved from /home/pedro/projetos/projetos_python/proj_twitter_pipeline/venv/lib/python3.9/site-packages/airflow/example_dags/plugins/listener_plugin.py
[2023-12-28T15:09:01.994-0300] {processor.py:179} INFO - Processing /home/pedro/projetos/projetos_python/proj_twitter_pipeline/venv/lib/python3.9/site-packages/airflow/example_dags/plugins/listener_plugin.py took 0.016 seconds
[2023-12-28T15:09:52.884-0300] {processor.py:157} INFO - Started process (PID=3137) to work on /home/pedro/projetos/projetos_python/proj_twitter_pipeline/venv/lib/python3.9/site-packages/airflow/example_dags/plugins/listener_plugin.py
[2023-12-28T15:09:52.887-0300] {processor.py:829} INFO - Processing file /home/pedro/projetos/projetos_python/proj_twitter_pipeline/venv/lib/python3.9/site-packages/airflow/example_dags/plugins/listener_plugin.py for tasks to queue
[2023-12-28T15:09:52.887-0300] {logging_mixin.py:154} INFO - [2023-12-28T15:09:52.887-0300] {dagbag.py:536} INFO - Filling up the DagBag from /home/pedro/projetos/projetos_python/proj_twitter_pipeline/venv/lib/python3.9/site-packages/airflow/example_dags/plugins/listener_plugin.py
[2023-12-28T15:09:52.889-0300] {processor.py:841} WARNING - No viable dags retrieved from /home/pedro/projetos/projetos_python/proj_twitter_pipeline/venv/lib/python3.9/site-packages/airflow/example_dags/plugins/listener_plugin.py
[2023-12-28T15:09:52.896-0300] {processor.py:179} INFO - Processing /home/pedro/projetos/projetos_python/proj_twitter_pipeline/venv/lib/python3.9/site-packages/airflow/example_dags/plugins/listener_plugin.py took 0.014 seconds
[2023-12-28T15:10:37.047-0300] {processor.py:157} INFO - Started process (PID=3308) to work on /home/pedro/projetos/projetos_python/proj_twitter_pipeline/venv/lib/python3.9/site-packages/airflow/example_dags/plugins/listener_plugin.py
[2023-12-28T15:10:37.048-0300] {processor.py:829} INFO - Processing file /home/pedro/projetos/projetos_python/proj_twitter_pipeline/venv/lib/python3.9/site-packages/airflow/example_dags/plugins/listener_plugin.py for tasks to queue
[2023-12-28T15:10:37.049-0300] {logging_mixin.py:154} INFO - [2023-12-28T15:10:37.049-0300] {dagbag.py:536} INFO - Filling up the DagBag from /home/pedro/projetos/projetos_python/proj_twitter_pipeline/venv/lib/python3.9/site-packages/airflow/example_dags/plugins/listener_plugin.py
[2023-12-28T15:10:37.051-0300] {processor.py:841} WARNING - No viable dags retrieved from /home/pedro/projetos/projetos_python/proj_twitter_pipeline/venv/lib/python3.9/site-packages/airflow/example_dags/plugins/listener_plugin.py
[2023-12-28T15:10:37.058-0300] {processor.py:179} INFO - Processing /home/pedro/projetos/projetos_python/proj_twitter_pipeline/venv/lib/python3.9/site-packages/airflow/example_dags/plugins/listener_plugin.py took 0.013 seconds
[2023-12-28T15:11:27.400-0300] {processor.py:157} INFO - Started process (PID=3494) to work on /home/pedro/projetos/projetos_python/proj_twitter_pipeline/venv/lib/python3.9/site-packages/airflow/example_dags/plugins/listener_plugin.py
[2023-12-28T15:11:27.403-0300] {processor.py:829} INFO - Processing file /home/pedro/projetos/projetos_python/proj_twitter_pipeline/venv/lib/python3.9/site-packages/airflow/example_dags/plugins/listener_plugin.py for tasks to queue
[2023-12-28T15:11:27.403-0300] {logging_mixin.py:154} INFO - [2023-12-28T15:11:27.403-0300] {dagbag.py:536} INFO - Filling up the DagBag from /home/pedro/projetos/projetos_python/proj_twitter_pipeline/venv/lib/python3.9/site-packages/airflow/example_dags/plugins/listener_plugin.py
[2023-12-28T15:11:27.405-0300] {processor.py:841} WARNING - No viable dags retrieved from /home/pedro/projetos/projetos_python/proj_twitter_pipeline/venv/lib/python3.9/site-packages/airflow/example_dags/plugins/listener_plugin.py
[2023-12-28T15:11:27.412-0300] {processor.py:179} INFO - Processing /home/pedro/projetos/projetos_python/proj_twitter_pipeline/venv/lib/python3.9/site-packages/airflow/example_dags/plugins/listener_plugin.py took 0.014 seconds
[2023-12-28T15:12:14.638-0300] {processor.py:157} INFO - Started process (PID=3673) to work on /home/pedro/projetos/projetos_python/proj_twitter_pipeline/venv/lib/python3.9/site-packages/airflow/example_dags/plugins/listener_plugin.py
[2023-12-28T15:12:14.642-0300] {processor.py:829} INFO - Processing file /home/pedro/projetos/projetos_python/proj_twitter_pipeline/venv/lib/python3.9/site-packages/airflow/example_dags/plugins/listener_plugin.py for tasks to queue
[2023-12-28T15:12:14.643-0300] {logging_mixin.py:154} INFO - [2023-12-28T15:12:14.643-0300] {dagbag.py:536} INFO - Filling up the DagBag from /home/pedro/projetos/projetos_python/proj_twitter_pipeline/venv/lib/python3.9/site-packages/airflow/example_dags/plugins/listener_plugin.py
[2023-12-28T15:12:14.645-0300] {processor.py:841} WARNING - No viable dags retrieved from /home/pedro/projetos/projetos_python/proj_twitter_pipeline/venv/lib/python3.9/site-packages/airflow/example_dags/plugins/listener_plugin.py
[2023-12-28T15:12:14.660-0300] {processor.py:179} INFO - Processing /home/pedro/projetos/projetos_python/proj_twitter_pipeline/venv/lib/python3.9/site-packages/airflow/example_dags/plugins/listener_plugin.py took 0.029 seconds
[2023-12-28T15:13:08.755-0300] {processor.py:157} INFO - Started process (PID=3866) to work on /home/pedro/projetos/projetos_python/proj_twitter_pipeline/venv/lib/python3.9/site-packages/airflow/example_dags/plugins/listener_plugin.py
[2023-12-28T15:13:08.758-0300] {processor.py:829} INFO - Processing file /home/pedro/projetos/projetos_python/proj_twitter_pipeline/venv/lib/python3.9/site-packages/airflow/example_dags/plugins/listener_plugin.py for tasks to queue
[2023-12-28T15:13:08.759-0300] {logging_mixin.py:154} INFO - [2023-12-28T15:13:08.759-0300] {dagbag.py:536} INFO - Filling up the DagBag from /home/pedro/projetos/projetos_python/proj_twitter_pipeline/venv/lib/python3.9/site-packages/airflow/example_dags/plugins/listener_plugin.py
[2023-12-28T15:13:08.761-0300] {processor.py:841} WARNING - No viable dags retrieved from /home/pedro/projetos/projetos_python/proj_twitter_pipeline/venv/lib/python3.9/site-packages/airflow/example_dags/plugins/listener_plugin.py
[2023-12-28T15:13:08.768-0300] {processor.py:179} INFO - Processing /home/pedro/projetos/projetos_python/proj_twitter_pipeline/venv/lib/python3.9/site-packages/airflow/example_dags/plugins/listener_plugin.py took 0.016 seconds
[2023-12-28T15:14:03.581-0300] {processor.py:157} INFO - Started process (PID=4062) to work on /home/pedro/projetos/projetos_python/proj_twitter_pipeline/venv/lib/python3.9/site-packages/airflow/example_dags/plugins/listener_plugin.py
[2023-12-28T15:14:03.583-0300] {processor.py:829} INFO - Processing file /home/pedro/projetos/projetos_python/proj_twitter_pipeline/venv/lib/python3.9/site-packages/airflow/example_dags/plugins/listener_plugin.py for tasks to queue
[2023-12-28T15:14:03.584-0300] {logging_mixin.py:154} INFO - [2023-12-28T15:14:03.584-0300] {dagbag.py:536} INFO - Filling up the DagBag from /home/pedro/projetos/projetos_python/proj_twitter_pipeline/venv/lib/python3.9/site-packages/airflow/example_dags/plugins/listener_plugin.py
[2023-12-28T15:14:03.586-0300] {processor.py:841} WARNING - No viable dags retrieved from /home/pedro/projetos/projetos_python/proj_twitter_pipeline/venv/lib/python3.9/site-packages/airflow/example_dags/plugins/listener_plugin.py
[2023-12-28T15:14:03.594-0300] {processor.py:179} INFO - Processing /home/pedro/projetos/projetos_python/proj_twitter_pipeline/venv/lib/python3.9/site-packages/airflow/example_dags/plugins/listener_plugin.py took 0.015 seconds
[2023-12-28T15:14:57.253-0300] {processor.py:157} INFO - Started process (PID=4257) to work on /home/pedro/projetos/projetos_python/proj_twitter_pipeline/venv/lib/python3.9/site-packages/airflow/example_dags/plugins/listener_plugin.py
[2023-12-28T15:14:57.256-0300] {processor.py:829} INFO - Processing file /home/pedro/projetos/projetos_python/proj_twitter_pipeline/venv/lib/python3.9/site-packages/airflow/example_dags/plugins/listener_plugin.py for tasks to queue
[2023-12-28T15:14:57.257-0300] {logging_mixin.py:154} INFO - [2023-12-28T15:14:57.257-0300] {dagbag.py:536} INFO - Filling up the DagBag from /home/pedro/projetos/projetos_python/proj_twitter_pipeline/venv/lib/python3.9/site-packages/airflow/example_dags/plugins/listener_plugin.py
[2023-12-28T15:14:57.259-0300] {processor.py:841} WARNING - No viable dags retrieved from /home/pedro/projetos/projetos_python/proj_twitter_pipeline/venv/lib/python3.9/site-packages/airflow/example_dags/plugins/listener_plugin.py
[2023-12-28T15:14:57.267-0300] {processor.py:179} INFO - Processing /home/pedro/projetos/projetos_python/proj_twitter_pipeline/venv/lib/python3.9/site-packages/airflow/example_dags/plugins/listener_plugin.py took 0.016 seconds
[2023-12-28T15:15:46.353-0300] {processor.py:157} INFO - Started process (PID=4441) to work on /home/pedro/projetos/projetos_python/proj_twitter_pipeline/venv/lib/python3.9/site-packages/airflow/example_dags/plugins/listener_plugin.py
[2023-12-28T15:15:46.356-0300] {processor.py:829} INFO - Processing file /home/pedro/projetos/projetos_python/proj_twitter_pipeline/venv/lib/python3.9/site-packages/airflow/example_dags/plugins/listener_plugin.py for tasks to queue
[2023-12-28T15:15:46.357-0300] {logging_mixin.py:154} INFO - [2023-12-28T15:15:46.356-0300] {dagbag.py:536} INFO - Filling up the DagBag from /home/pedro/projetos/projetos_python/proj_twitter_pipeline/venv/lib/python3.9/site-packages/airflow/example_dags/plugins/listener_plugin.py
[2023-12-28T15:15:46.359-0300] {processor.py:841} WARNING - No viable dags retrieved from /home/pedro/projetos/projetos_python/proj_twitter_pipeline/venv/lib/python3.9/site-packages/airflow/example_dags/plugins/listener_plugin.py
[2023-12-28T15:15:46.365-0300] {processor.py:179} INFO - Processing /home/pedro/projetos/projetos_python/proj_twitter_pipeline/venv/lib/python3.9/site-packages/airflow/example_dags/plugins/listener_plugin.py took 0.014 seconds
[2023-12-28T15:16:31.965-0300] {processor.py:157} INFO - Started process (PID=4641) to work on /home/pedro/projetos/projetos_python/proj_twitter_pipeline/venv/lib/python3.9/site-packages/airflow/example_dags/plugins/listener_plugin.py
[2023-12-28T15:16:31.967-0300] {processor.py:829} INFO - Processing file /home/pedro/projetos/projetos_python/proj_twitter_pipeline/venv/lib/python3.9/site-packages/airflow/example_dags/plugins/listener_plugin.py for tasks to queue
[2023-12-28T15:16:31.968-0300] {logging_mixin.py:154} INFO - [2023-12-28T15:16:31.968-0300] {dagbag.py:536} INFO - Filling up the DagBag from /home/pedro/projetos/projetos_python/proj_twitter_pipeline/venv/lib/python3.9/site-packages/airflow/example_dags/plugins/listener_plugin.py
[2023-12-28T15:16:31.970-0300] {processor.py:841} WARNING - No viable dags retrieved from /home/pedro/projetos/projetos_python/proj_twitter_pipeline/venv/lib/python3.9/site-packages/airflow/example_dags/plugins/listener_plugin.py
[2023-12-28T15:16:31.977-0300] {processor.py:179} INFO - Processing /home/pedro/projetos/projetos_python/proj_twitter_pipeline/venv/lib/python3.9/site-packages/airflow/example_dags/plugins/listener_plugin.py took 0.014 seconds
