[2023-12-28T14:11:32.161-0300] {processor.py:157} INFO - Started process (PID=20376) to work on /home/pedro/projetos/projetos_python/proj_twitter_pipeline/venv/lib/python3.9/site-packages/airflow/example_dags/plugins/workday.py
[2023-12-28T14:11:32.162-0300] {processor.py:829} INFO - Processing file /home/pedro/projetos/projetos_python/proj_twitter_pipeline/venv/lib/python3.9/site-packages/airflow/example_dags/plugins/workday.py for tasks to queue
[2023-12-28T14:11:32.163-0300] {logging_mixin.py:154} INFO - [2023-12-28T14:11:32.162-0300] {dagbag.py:536} INFO - Filling up the DagBag from /home/pedro/projetos/projetos_python/proj_twitter_pipeline/venv/lib/python3.9/site-packages/airflow/example_dags/plugins/workday.py
[2023-12-28T14:11:32.365-0300] {processor.py:841} WARNING - No viable dags retrieved from /home/pedro/projetos/projetos_python/proj_twitter_pipeline/venv/lib/python3.9/site-packages/airflow/example_dags/plugins/workday.py
[2023-12-28T14:11:32.372-0300] {processor.py:179} INFO - Processing /home/pedro/projetos/projetos_python/proj_twitter_pipeline/venv/lib/python3.9/site-packages/airflow/example_dags/plugins/workday.py took 0.214 seconds
[2023-12-28T14:12:17.242-0300] {processor.py:157} INFO - Started process (PID=20912) to work on /home/pedro/projetos/projetos_python/proj_twitter_pipeline/venv/lib/python3.9/site-packages/airflow/example_dags/plugins/workday.py
[2023-12-28T14:12:17.247-0300] {processor.py:829} INFO - Processing file /home/pedro/projetos/projetos_python/proj_twitter_pipeline/venv/lib/python3.9/site-packages/airflow/example_dags/plugins/workday.py for tasks to queue
[2023-12-28T14:12:17.248-0300] {logging_mixin.py:154} INFO - [2023-12-28T14:12:17.248-0300] {dagbag.py:536} INFO - Filling up the DagBag from /home/pedro/projetos/projetos_python/proj_twitter_pipeline/venv/lib/python3.9/site-packages/airflow/example_dags/plugins/workday.py
[2023-12-28T14:12:17.426-0300] {processor.py:841} WARNING - No viable dags retrieved from /home/pedro/projetos/projetos_python/proj_twitter_pipeline/venv/lib/python3.9/site-packages/airflow/example_dags/plugins/workday.py
[2023-12-28T14:12:17.433-0300] {processor.py:179} INFO - Processing /home/pedro/projetos/projetos_python/proj_twitter_pipeline/venv/lib/python3.9/site-packages/airflow/example_dags/plugins/workday.py took 0.195 seconds
[2023-12-28T14:13:02.397-0300] {processor.py:157} INFO - Started process (PID=21148) to work on /home/pedro/projetos/projetos_python/proj_twitter_pipeline/venv/lib/python3.9/site-packages/airflow/example_dags/plugins/workday.py
[2023-12-28T14:13:02.400-0300] {processor.py:829} INFO - Processing file /home/pedro/projetos/projetos_python/proj_twitter_pipeline/venv/lib/python3.9/site-packages/airflow/example_dags/plugins/workday.py for tasks to queue
[2023-12-28T14:13:02.400-0300] {logging_mixin.py:154} INFO - [2023-12-28T14:13:02.400-0300] {dagbag.py:536} INFO - Filling up the DagBag from /home/pedro/projetos/projetos_python/proj_twitter_pipeline/venv/lib/python3.9/site-packages/airflow/example_dags/plugins/workday.py
[2023-12-28T14:13:02.580-0300] {processor.py:841} WARNING - No viable dags retrieved from /home/pedro/projetos/projetos_python/proj_twitter_pipeline/venv/lib/python3.9/site-packages/airflow/example_dags/plugins/workday.py
[2023-12-28T14:13:02.588-0300] {processor.py:179} INFO - Processing /home/pedro/projetos/projetos_python/proj_twitter_pipeline/venv/lib/python3.9/site-packages/airflow/example_dags/plugins/workday.py took 0.193 seconds
[2023-12-28T14:13:47.742-0300] {processor.py:157} INFO - Started process (PID=21769) to work on /home/pedro/projetos/projetos_python/proj_twitter_pipeline/venv/lib/python3.9/site-packages/airflow/example_dags/plugins/workday.py
[2023-12-28T14:13:47.744-0300] {processor.py:829} INFO - Processing file /home/pedro/projetos/projetos_python/proj_twitter_pipeline/venv/lib/python3.9/site-packages/airflow/example_dags/plugins/workday.py for tasks to queue
[2023-12-28T14:13:47.746-0300] {logging_mixin.py:154} INFO - [2023-12-28T14:13:47.745-0300] {dagbag.py:536} INFO - Filling up the DagBag from /home/pedro/projetos/projetos_python/proj_twitter_pipeline/venv/lib/python3.9/site-packages/airflow/example_dags/plugins/workday.py
[2023-12-28T14:13:48.043-0300] {processor.py:841} WARNING - No viable dags retrieved from /home/pedro/projetos/projetos_python/proj_twitter_pipeline/venv/lib/python3.9/site-packages/airflow/example_dags/plugins/workday.py
[2023-12-28T14:13:48.051-0300] {processor.py:179} INFO - Processing /home/pedro/projetos/projetos_python/proj_twitter_pipeline/venv/lib/python3.9/site-packages/airflow/example_dags/plugins/workday.py took 0.318 seconds
[2023-12-28T14:14:34.031-0300] {processor.py:157} INFO - Started process (PID=22162) to work on /home/pedro/projetos/projetos_python/proj_twitter_pipeline/venv/lib/python3.9/site-packages/airflow/example_dags/plugins/workday.py
[2023-12-28T14:14:34.033-0300] {processor.py:829} INFO - Processing file /home/pedro/projetos/projetos_python/proj_twitter_pipeline/venv/lib/python3.9/site-packages/airflow/example_dags/plugins/workday.py for tasks to queue
[2023-12-28T14:14:34.034-0300] {logging_mixin.py:154} INFO - [2023-12-28T14:14:34.034-0300] {dagbag.py:536} INFO - Filling up the DagBag from /home/pedro/projetos/projetos_python/proj_twitter_pipeline/venv/lib/python3.9/site-packages/airflow/example_dags/plugins/workday.py
[2023-12-28T14:14:34.221-0300] {processor.py:841} WARNING - No viable dags retrieved from /home/pedro/projetos/projetos_python/proj_twitter_pipeline/venv/lib/python3.9/site-packages/airflow/example_dags/plugins/workday.py
[2023-12-28T14:14:34.228-0300] {processor.py:179} INFO - Processing /home/pedro/projetos/projetos_python/proj_twitter_pipeline/venv/lib/python3.9/site-packages/airflow/example_dags/plugins/workday.py took 0.199 seconds
[2023-12-28T14:15:22.580-0300] {processor.py:157} INFO - Started process (PID=22401) to work on /home/pedro/projetos/projetos_python/proj_twitter_pipeline/venv/lib/python3.9/site-packages/airflow/example_dags/plugins/workday.py
[2023-12-28T14:15:22.582-0300] {processor.py:829} INFO - Processing file /home/pedro/projetos/projetos_python/proj_twitter_pipeline/venv/lib/python3.9/site-packages/airflow/example_dags/plugins/workday.py for tasks to queue
[2023-12-28T14:15:22.583-0300] {logging_mixin.py:154} INFO - [2023-12-28T14:15:22.583-0300] {dagbag.py:536} INFO - Filling up the DagBag from /home/pedro/projetos/projetos_python/proj_twitter_pipeline/venv/lib/python3.9/site-packages/airflow/example_dags/plugins/workday.py
[2023-12-28T14:15:22.786-0300] {processor.py:841} WARNING - No viable dags retrieved from /home/pedro/projetos/projetos_python/proj_twitter_pipeline/venv/lib/python3.9/site-packages/airflow/example_dags/plugins/workday.py
[2023-12-28T14:15:22.794-0300] {processor.py:179} INFO - Processing /home/pedro/projetos/projetos_python/proj_twitter_pipeline/venv/lib/python3.9/site-packages/airflow/example_dags/plugins/workday.py took 0.217 seconds
[2023-12-28T14:16:12.446-0300] {processor.py:157} INFO - Started process (PID=22734) to work on /home/pedro/projetos/projetos_python/proj_twitter_pipeline/venv/lib/python3.9/site-packages/airflow/example_dags/plugins/workday.py
[2023-12-28T14:16:12.448-0300] {processor.py:829} INFO - Processing file /home/pedro/projetos/projetos_python/proj_twitter_pipeline/venv/lib/python3.9/site-packages/airflow/example_dags/plugins/workday.py for tasks to queue
[2023-12-28T14:16:12.449-0300] {logging_mixin.py:154} INFO - [2023-12-28T14:16:12.449-0300] {dagbag.py:536} INFO - Filling up the DagBag from /home/pedro/projetos/projetos_python/proj_twitter_pipeline/venv/lib/python3.9/site-packages/airflow/example_dags/plugins/workday.py
[2023-12-28T14:16:12.639-0300] {processor.py:841} WARNING - No viable dags retrieved from /home/pedro/projetos/projetos_python/proj_twitter_pipeline/venv/lib/python3.9/site-packages/airflow/example_dags/plugins/workday.py
[2023-12-28T14:16:12.647-0300] {processor.py:179} INFO - Processing /home/pedro/projetos/projetos_python/proj_twitter_pipeline/venv/lib/python3.9/site-packages/airflow/example_dags/plugins/workday.py took 0.203 seconds
[2023-12-28T14:16:57.270-0300] {processor.py:157} INFO - Started process (PID=22945) to work on /home/pedro/projetos/projetos_python/proj_twitter_pipeline/venv/lib/python3.9/site-packages/airflow/example_dags/plugins/workday.py
[2023-12-28T14:16:57.273-0300] {processor.py:829} INFO - Processing file /home/pedro/projetos/projetos_python/proj_twitter_pipeline/venv/lib/python3.9/site-packages/airflow/example_dags/plugins/workday.py for tasks to queue
[2023-12-28T14:16:57.274-0300] {logging_mixin.py:154} INFO - [2023-12-28T14:16:57.273-0300] {dagbag.py:536} INFO - Filling up the DagBag from /home/pedro/projetos/projetos_python/proj_twitter_pipeline/venv/lib/python3.9/site-packages/airflow/example_dags/plugins/workday.py
[2023-12-28T14:16:57.448-0300] {processor.py:841} WARNING - No viable dags retrieved from /home/pedro/projetos/projetos_python/proj_twitter_pipeline/venv/lib/python3.9/site-packages/airflow/example_dags/plugins/workday.py
[2023-12-28T14:16:57.454-0300] {processor.py:179} INFO - Processing /home/pedro/projetos/projetos_python/proj_twitter_pipeline/venv/lib/python3.9/site-packages/airflow/example_dags/plugins/workday.py took 0.185 seconds
[2023-12-28T14:17:41.509-0300] {processor.py:157} INFO - Started process (PID=23119) to work on /home/pedro/projetos/projetos_python/proj_twitter_pipeline/venv/lib/python3.9/site-packages/airflow/example_dags/plugins/workday.py
[2023-12-28T14:17:41.511-0300] {processor.py:829} INFO - Processing file /home/pedro/projetos/projetos_python/proj_twitter_pipeline/venv/lib/python3.9/site-packages/airflow/example_dags/plugins/workday.py for tasks to queue
[2023-12-28T14:17:41.512-0300] {logging_mixin.py:154} INFO - [2023-12-28T14:17:41.512-0300] {dagbag.py:536} INFO - Filling up the DagBag from /home/pedro/projetos/projetos_python/proj_twitter_pipeline/venv/lib/python3.9/site-packages/airflow/example_dags/plugins/workday.py
[2023-12-28T14:17:41.693-0300] {processor.py:841} WARNING - No viable dags retrieved from /home/pedro/projetos/projetos_python/proj_twitter_pipeline/venv/lib/python3.9/site-packages/airflow/example_dags/plugins/workday.py
[2023-12-28T14:17:41.699-0300] {processor.py:179} INFO - Processing /home/pedro/projetos/projetos_python/proj_twitter_pipeline/venv/lib/python3.9/site-packages/airflow/example_dags/plugins/workday.py took 0.193 seconds
[2023-12-28T14:18:28.606-0300] {processor.py:157} INFO - Started process (PID=23297) to work on /home/pedro/projetos/projetos_python/proj_twitter_pipeline/venv/lib/python3.9/site-packages/airflow/example_dags/plugins/workday.py
[2023-12-28T14:18:28.609-0300] {processor.py:829} INFO - Processing file /home/pedro/projetos/projetos_python/proj_twitter_pipeline/venv/lib/python3.9/site-packages/airflow/example_dags/plugins/workday.py for tasks to queue
[2023-12-28T14:18:28.610-0300] {logging_mixin.py:154} INFO - [2023-12-28T14:18:28.609-0300] {dagbag.py:536} INFO - Filling up the DagBag from /home/pedro/projetos/projetos_python/proj_twitter_pipeline/venv/lib/python3.9/site-packages/airflow/example_dags/plugins/workday.py
[2023-12-28T14:18:28.792-0300] {processor.py:841} WARNING - No viable dags retrieved from /home/pedro/projetos/projetos_python/proj_twitter_pipeline/venv/lib/python3.9/site-packages/airflow/example_dags/plugins/workday.py
[2023-12-28T14:18:28.798-0300] {processor.py:179} INFO - Processing /home/pedro/projetos/projetos_python/proj_twitter_pipeline/venv/lib/python3.9/site-packages/airflow/example_dags/plugins/workday.py took 0.195 seconds
[2023-12-28T14:19:18.096-0300] {processor.py:157} INFO - Started process (PID=23604) to work on /home/pedro/projetos/projetos_python/proj_twitter_pipeline/venv/lib/python3.9/site-packages/airflow/example_dags/plugins/workday.py
[2023-12-28T14:19:18.099-0300] {processor.py:829} INFO - Processing file /home/pedro/projetos/projetos_python/proj_twitter_pipeline/venv/lib/python3.9/site-packages/airflow/example_dags/plugins/workday.py for tasks to queue
[2023-12-28T14:19:18.099-0300] {logging_mixin.py:154} INFO - [2023-12-28T14:19:18.099-0300] {dagbag.py:536} INFO - Filling up the DagBag from /home/pedro/projetos/projetos_python/proj_twitter_pipeline/venv/lib/python3.9/site-packages/airflow/example_dags/plugins/workday.py
[2023-12-28T14:19:18.275-0300] {processor.py:841} WARNING - No viable dags retrieved from /home/pedro/projetos/projetos_python/proj_twitter_pipeline/venv/lib/python3.9/site-packages/airflow/example_dags/plugins/workday.py
[2023-12-28T14:19:18.288-0300] {processor.py:179} INFO - Processing /home/pedro/projetos/projetos_python/proj_twitter_pipeline/venv/lib/python3.9/site-packages/airflow/example_dags/plugins/workday.py took 0.194 seconds
[2023-12-28T14:20:07.061-0300] {processor.py:157} INFO - Started process (PID=23726) to work on /home/pedro/projetos/projetos_python/proj_twitter_pipeline/venv/lib/python3.9/site-packages/airflow/example_dags/plugins/workday.py
[2023-12-28T14:20:07.063-0300] {processor.py:829} INFO - Processing file /home/pedro/projetos/projetos_python/proj_twitter_pipeline/venv/lib/python3.9/site-packages/airflow/example_dags/plugins/workday.py for tasks to queue
[2023-12-28T14:20:07.064-0300] {logging_mixin.py:154} INFO - [2023-12-28T14:20:07.064-0300] {dagbag.py:536} INFO - Filling up the DagBag from /home/pedro/projetos/projetos_python/proj_twitter_pipeline/venv/lib/python3.9/site-packages/airflow/example_dags/plugins/workday.py
[2023-12-28T14:20:08.229-0300] {processor.py:841} WARNING - No viable dags retrieved from /home/pedro/projetos/projetos_python/proj_twitter_pipeline/venv/lib/python3.9/site-packages/airflow/example_dags/plugins/workday.py
[2023-12-28T14:20:08.249-0300] {processor.py:179} INFO - Processing /home/pedro/projetos/projetos_python/proj_twitter_pipeline/venv/lib/python3.9/site-packages/airflow/example_dags/plugins/workday.py took 1.190 seconds
[2023-12-28T14:22:07.834-0300] {processor.py:157} INFO - Started process (PID=24936) to work on /home/pedro/projetos/projetos_python/proj_twitter_pipeline/venv/lib/python3.9/site-packages/airflow/example_dags/plugins/workday.py
[2023-12-28T14:22:07.837-0300] {processor.py:829} INFO - Processing file /home/pedro/projetos/projetos_python/proj_twitter_pipeline/venv/lib/python3.9/site-packages/airflow/example_dags/plugins/workday.py for tasks to queue
[2023-12-28T14:22:07.838-0300] {logging_mixin.py:154} INFO - [2023-12-28T14:22:07.837-0300] {dagbag.py:536} INFO - Filling up the DagBag from /home/pedro/projetos/projetos_python/proj_twitter_pipeline/venv/lib/python3.9/site-packages/airflow/example_dags/plugins/workday.py
[2023-12-28T14:22:08.021-0300] {processor.py:841} WARNING - No viable dags retrieved from /home/pedro/projetos/projetos_python/proj_twitter_pipeline/venv/lib/python3.9/site-packages/airflow/example_dags/plugins/workday.py
[2023-12-28T14:22:08.028-0300] {processor.py:179} INFO - Processing /home/pedro/projetos/projetos_python/proj_twitter_pipeline/venv/lib/python3.9/site-packages/airflow/example_dags/plugins/workday.py took 0.196 seconds
[2023-12-28T14:22:55.317-0300] {processor.py:157} INFO - Started process (PID=25113) to work on /home/pedro/projetos/projetos_python/proj_twitter_pipeline/venv/lib/python3.9/site-packages/airflow/example_dags/plugins/workday.py
[2023-12-28T14:22:55.320-0300] {processor.py:829} INFO - Processing file /home/pedro/projetos/projetos_python/proj_twitter_pipeline/venv/lib/python3.9/site-packages/airflow/example_dags/plugins/workday.py for tasks to queue
[2023-12-28T14:22:55.321-0300] {logging_mixin.py:154} INFO - [2023-12-28T14:22:55.320-0300] {dagbag.py:536} INFO - Filling up the DagBag from /home/pedro/projetos/projetos_python/proj_twitter_pipeline/venv/lib/python3.9/site-packages/airflow/example_dags/plugins/workday.py
[2023-12-28T14:22:55.584-0300] {processor.py:841} WARNING - No viable dags retrieved from /home/pedro/projetos/projetos_python/proj_twitter_pipeline/venv/lib/python3.9/site-packages/airflow/example_dags/plugins/workday.py
[2023-12-28T14:22:55.589-0300] {processor.py:179} INFO - Processing /home/pedro/projetos/projetos_python/proj_twitter_pipeline/venv/lib/python3.9/site-packages/airflow/example_dags/plugins/workday.py took 0.274 seconds
[2023-12-28T14:23:39.226-0300] {processor.py:157} INFO - Started process (PID=25287) to work on /home/pedro/projetos/projetos_python/proj_twitter_pipeline/venv/lib/python3.9/site-packages/airflow/example_dags/plugins/workday.py
[2023-12-28T14:23:39.228-0300] {processor.py:829} INFO - Processing file /home/pedro/projetos/projetos_python/proj_twitter_pipeline/venv/lib/python3.9/site-packages/airflow/example_dags/plugins/workday.py for tasks to queue
[2023-12-28T14:23:39.229-0300] {logging_mixin.py:154} INFO - [2023-12-28T14:23:39.229-0300] {dagbag.py:536} INFO - Filling up the DagBag from /home/pedro/projetos/projetos_python/proj_twitter_pipeline/venv/lib/python3.9/site-packages/airflow/example_dags/plugins/workday.py
[2023-12-28T14:23:39.403-0300] {processor.py:841} WARNING - No viable dags retrieved from /home/pedro/projetos/projetos_python/proj_twitter_pipeline/venv/lib/python3.9/site-packages/airflow/example_dags/plugins/workday.py
[2023-12-28T14:23:39.410-0300] {processor.py:179} INFO - Processing /home/pedro/projetos/projetos_python/proj_twitter_pipeline/venv/lib/python3.9/site-packages/airflow/example_dags/plugins/workday.py took 0.186 seconds
[2023-12-28T14:24:28.190-0300] {processor.py:157} INFO - Started process (PID=25470) to work on /home/pedro/projetos/projetos_python/proj_twitter_pipeline/venv/lib/python3.9/site-packages/airflow/example_dags/plugins/workday.py
[2023-12-28T14:24:28.192-0300] {processor.py:829} INFO - Processing file /home/pedro/projetos/projetos_python/proj_twitter_pipeline/venv/lib/python3.9/site-packages/airflow/example_dags/plugins/workday.py for tasks to queue
[2023-12-28T14:24:28.193-0300] {logging_mixin.py:154} INFO - [2023-12-28T14:24:28.192-0300] {dagbag.py:536} INFO - Filling up the DagBag from /home/pedro/projetos/projetos_python/proj_twitter_pipeline/venv/lib/python3.9/site-packages/airflow/example_dags/plugins/workday.py
[2023-12-28T14:24:28.452-0300] {processor.py:841} WARNING - No viable dags retrieved from /home/pedro/projetos/projetos_python/proj_twitter_pipeline/venv/lib/python3.9/site-packages/airflow/example_dags/plugins/workday.py
[2023-12-28T14:24:28.457-0300] {processor.py:179} INFO - Processing /home/pedro/projetos/projetos_python/proj_twitter_pipeline/venv/lib/python3.9/site-packages/airflow/example_dags/plugins/workday.py took 0.272 seconds
[2023-12-28T14:25:14.229-0300] {processor.py:157} INFO - Started process (PID=25584) to work on /home/pedro/projetos/projetos_python/proj_twitter_pipeline/venv/lib/python3.9/site-packages/airflow/example_dags/plugins/workday.py
[2023-12-28T14:25:14.231-0300] {processor.py:829} INFO - Processing file /home/pedro/projetos/projetos_python/proj_twitter_pipeline/venv/lib/python3.9/site-packages/airflow/example_dags/plugins/workday.py for tasks to queue
[2023-12-28T14:25:14.232-0300] {logging_mixin.py:154} INFO - [2023-12-28T14:25:14.231-0300] {dagbag.py:536} INFO - Filling up the DagBag from /home/pedro/projetos/projetos_python/proj_twitter_pipeline/venv/lib/python3.9/site-packages/airflow/example_dags/plugins/workday.py
[2023-12-28T14:25:14.495-0300] {processor.py:841} WARNING - No viable dags retrieved from /home/pedro/projetos/projetos_python/proj_twitter_pipeline/venv/lib/python3.9/site-packages/airflow/example_dags/plugins/workday.py
[2023-12-28T14:25:14.500-0300] {processor.py:179} INFO - Processing /home/pedro/projetos/projetos_python/proj_twitter_pipeline/venv/lib/python3.9/site-packages/airflow/example_dags/plugins/workday.py took 0.274 seconds
[2023-12-28T14:26:02.198-0300] {processor.py:157} INFO - Started process (PID=25769) to work on /home/pedro/projetos/projetos_python/proj_twitter_pipeline/venv/lib/python3.9/site-packages/airflow/example_dags/plugins/workday.py
[2023-12-28T14:26:02.200-0300] {processor.py:829} INFO - Processing file /home/pedro/projetos/projetos_python/proj_twitter_pipeline/venv/lib/python3.9/site-packages/airflow/example_dags/plugins/workday.py for tasks to queue
[2023-12-28T14:26:02.201-0300] {logging_mixin.py:154} INFO - [2023-12-28T14:26:02.201-0300] {dagbag.py:536} INFO - Filling up the DagBag from /home/pedro/projetos/projetos_python/proj_twitter_pipeline/venv/lib/python3.9/site-packages/airflow/example_dags/plugins/workday.py
[2023-12-28T14:26:02.460-0300] {processor.py:841} WARNING - No viable dags retrieved from /home/pedro/projetos/projetos_python/proj_twitter_pipeline/venv/lib/python3.9/site-packages/airflow/example_dags/plugins/workday.py
[2023-12-28T14:26:02.465-0300] {processor.py:179} INFO - Processing /home/pedro/projetos/projetos_python/proj_twitter_pipeline/venv/lib/python3.9/site-packages/airflow/example_dags/plugins/workday.py took 0.270 seconds
[2023-12-28T14:26:48.897-0300] {processor.py:157} INFO - Started process (PID=26009) to work on /home/pedro/projetos/projetos_python/proj_twitter_pipeline/venv/lib/python3.9/site-packages/airflow/example_dags/plugins/workday.py
[2023-12-28T14:26:48.901-0300] {processor.py:829} INFO - Processing file /home/pedro/projetos/projetos_python/proj_twitter_pipeline/venv/lib/python3.9/site-packages/airflow/example_dags/plugins/workday.py for tasks to queue
[2023-12-28T14:26:48.902-0300] {logging_mixin.py:154} INFO - [2023-12-28T14:26:48.902-0300] {dagbag.py:536} INFO - Filling up the DagBag from /home/pedro/projetos/projetos_python/proj_twitter_pipeline/venv/lib/python3.9/site-packages/airflow/example_dags/plugins/workday.py
[2023-12-28T14:26:49.167-0300] {processor.py:841} WARNING - No viable dags retrieved from /home/pedro/projetos/projetos_python/proj_twitter_pipeline/venv/lib/python3.9/site-packages/airflow/example_dags/plugins/workday.py
[2023-12-28T14:26:49.172-0300] {processor.py:179} INFO - Processing /home/pedro/projetos/projetos_python/proj_twitter_pipeline/venv/lib/python3.9/site-packages/airflow/example_dags/plugins/workday.py took 0.277 seconds
[2023-12-28T14:27:29.941-0300] {processor.py:157} INFO - Started process (PID=26175) to work on /home/pedro/projetos/projetos_python/proj_twitter_pipeline/venv/lib/python3.9/site-packages/airflow/example_dags/plugins/workday.py
[2023-12-28T14:27:29.944-0300] {processor.py:829} INFO - Processing file /home/pedro/projetos/projetos_python/proj_twitter_pipeline/venv/lib/python3.9/site-packages/airflow/example_dags/plugins/workday.py for tasks to queue
[2023-12-28T14:27:29.944-0300] {logging_mixin.py:154} INFO - [2023-12-28T14:27:29.944-0300] {dagbag.py:536} INFO - Filling up the DagBag from /home/pedro/projetos/projetos_python/proj_twitter_pipeline/venv/lib/python3.9/site-packages/airflow/example_dags/plugins/workday.py
[2023-12-28T14:27:30.194-0300] {processor.py:841} WARNING - No viable dags retrieved from /home/pedro/projetos/projetos_python/proj_twitter_pipeline/venv/lib/python3.9/site-packages/airflow/example_dags/plugins/workday.py
[2023-12-28T14:27:30.198-0300] {processor.py:179} INFO - Processing /home/pedro/projetos/projetos_python/proj_twitter_pipeline/venv/lib/python3.9/site-packages/airflow/example_dags/plugins/workday.py took 0.259 seconds
[2023-12-28T14:28:13.471-0300] {processor.py:157} INFO - Started process (PID=26283) to work on /home/pedro/projetos/projetos_python/proj_twitter_pipeline/venv/lib/python3.9/site-packages/airflow/example_dags/plugins/workday.py
[2023-12-28T14:28:13.474-0300] {processor.py:829} INFO - Processing file /home/pedro/projetos/projetos_python/proj_twitter_pipeline/venv/lib/python3.9/site-packages/airflow/example_dags/plugins/workday.py for tasks to queue
[2023-12-28T14:28:13.474-0300] {logging_mixin.py:154} INFO - [2023-12-28T14:28:13.474-0300] {dagbag.py:536} INFO - Filling up the DagBag from /home/pedro/projetos/projetos_python/proj_twitter_pipeline/venv/lib/python3.9/site-packages/airflow/example_dags/plugins/workday.py
[2023-12-28T14:28:13.734-0300] {processor.py:841} WARNING - No viable dags retrieved from /home/pedro/projetos/projetos_python/proj_twitter_pipeline/venv/lib/python3.9/site-packages/airflow/example_dags/plugins/workday.py
[2023-12-28T14:28:13.739-0300] {processor.py:179} INFO - Processing /home/pedro/projetos/projetos_python/proj_twitter_pipeline/venv/lib/python3.9/site-packages/airflow/example_dags/plugins/workday.py took 0.270 seconds
[2023-12-28T14:28:57.652-0300] {processor.py:157} INFO - Started process (PID=26457) to work on /home/pedro/projetos/projetos_python/proj_twitter_pipeline/venv/lib/python3.9/site-packages/airflow/example_dags/plugins/workday.py
[2023-12-28T14:28:57.655-0300] {processor.py:829} INFO - Processing file /home/pedro/projetos/projetos_python/proj_twitter_pipeline/venv/lib/python3.9/site-packages/airflow/example_dags/plugins/workday.py for tasks to queue
[2023-12-28T14:28:57.655-0300] {logging_mixin.py:154} INFO - [2023-12-28T14:28:57.655-0300] {dagbag.py:536} INFO - Filling up the DagBag from /home/pedro/projetos/projetos_python/proj_twitter_pipeline/venv/lib/python3.9/site-packages/airflow/example_dags/plugins/workday.py
[2023-12-28T14:28:57.968-0300] {processor.py:841} WARNING - No viable dags retrieved from /home/pedro/projetos/projetos_python/proj_twitter_pipeline/venv/lib/python3.9/site-packages/airflow/example_dags/plugins/workday.py
[2023-12-28T14:28:57.973-0300] {processor.py:179} INFO - Processing /home/pedro/projetos/projetos_python/proj_twitter_pipeline/venv/lib/python3.9/site-packages/airflow/example_dags/plugins/workday.py took 0.324 seconds
[2023-12-28T14:29:48.508-0300] {processor.py:157} INFO - Started process (PID=26641) to work on /home/pedro/projetos/projetos_python/proj_twitter_pipeline/venv/lib/python3.9/site-packages/airflow/example_dags/plugins/workday.py
[2023-12-28T14:29:48.510-0300] {processor.py:829} INFO - Processing file /home/pedro/projetos/projetos_python/proj_twitter_pipeline/venv/lib/python3.9/site-packages/airflow/example_dags/plugins/workday.py for tasks to queue
[2023-12-28T14:29:48.511-0300] {logging_mixin.py:154} INFO - [2023-12-28T14:29:48.511-0300] {dagbag.py:536} INFO - Filling up the DagBag from /home/pedro/projetos/projetos_python/proj_twitter_pipeline/venv/lib/python3.9/site-packages/airflow/example_dags/plugins/workday.py
[2023-12-28T14:29:48.787-0300] {processor.py:841} WARNING - No viable dags retrieved from /home/pedro/projetos/projetos_python/proj_twitter_pipeline/venv/lib/python3.9/site-packages/airflow/example_dags/plugins/workday.py
[2023-12-28T14:29:48.791-0300] {processor.py:179} INFO - Processing /home/pedro/projetos/projetos_python/proj_twitter_pipeline/venv/lib/python3.9/site-packages/airflow/example_dags/plugins/workday.py took 0.286 seconds
[2023-12-28T14:30:34.919-0300] {processor.py:157} INFO - Started process (PID=26820) to work on /home/pedro/projetos/projetos_python/proj_twitter_pipeline/venv/lib/python3.9/site-packages/airflow/example_dags/plugins/workday.py
[2023-12-28T14:30:34.921-0300] {processor.py:829} INFO - Processing file /home/pedro/projetos/projetos_python/proj_twitter_pipeline/venv/lib/python3.9/site-packages/airflow/example_dags/plugins/workday.py for tasks to queue
[2023-12-28T14:30:34.922-0300] {logging_mixin.py:154} INFO - [2023-12-28T14:30:34.922-0300] {dagbag.py:536} INFO - Filling up the DagBag from /home/pedro/projetos/projetos_python/proj_twitter_pipeline/venv/lib/python3.9/site-packages/airflow/example_dags/plugins/workday.py
[2023-12-28T14:30:35.181-0300] {processor.py:841} WARNING - No viable dags retrieved from /home/pedro/projetos/projetos_python/proj_twitter_pipeline/venv/lib/python3.9/site-packages/airflow/example_dags/plugins/workday.py
[2023-12-28T14:30:35.185-0300] {processor.py:179} INFO - Processing /home/pedro/projetos/projetos_python/proj_twitter_pipeline/venv/lib/python3.9/site-packages/airflow/example_dags/plugins/workday.py took 0.268 seconds
[2023-12-28T14:31:24.765-0300] {processor.py:157} INFO - Started process (PID=27007) to work on /home/pedro/projetos/projetos_python/proj_twitter_pipeline/venv/lib/python3.9/site-packages/airflow/example_dags/plugins/workday.py
[2023-12-28T14:31:24.768-0300] {processor.py:829} INFO - Processing file /home/pedro/projetos/projetos_python/proj_twitter_pipeline/venv/lib/python3.9/site-packages/airflow/example_dags/plugins/workday.py for tasks to queue
[2023-12-28T14:31:24.768-0300] {logging_mixin.py:154} INFO - [2023-12-28T14:31:24.768-0300] {dagbag.py:536} INFO - Filling up the DagBag from /home/pedro/projetos/projetos_python/proj_twitter_pipeline/venv/lib/python3.9/site-packages/airflow/example_dags/plugins/workday.py
[2023-12-28T14:31:25.034-0300] {processor.py:841} WARNING - No viable dags retrieved from /home/pedro/projetos/projetos_python/proj_twitter_pipeline/venv/lib/python3.9/site-packages/airflow/example_dags/plugins/workday.py
[2023-12-28T14:31:25.039-0300] {processor.py:179} INFO - Processing /home/pedro/projetos/projetos_python/proj_twitter_pipeline/venv/lib/python3.9/site-packages/airflow/example_dags/plugins/workday.py took 0.276 seconds
[2023-12-28T14:32:11.582-0300] {processor.py:157} INFO - Started process (PID=27186) to work on /home/pedro/projetos/projetos_python/proj_twitter_pipeline/venv/lib/python3.9/site-packages/airflow/example_dags/plugins/workday.py
[2023-12-28T14:32:11.584-0300] {processor.py:829} INFO - Processing file /home/pedro/projetos/projetos_python/proj_twitter_pipeline/venv/lib/python3.9/site-packages/airflow/example_dags/plugins/workday.py for tasks to queue
[2023-12-28T14:32:11.585-0300] {logging_mixin.py:154} INFO - [2023-12-28T14:32:11.585-0300] {dagbag.py:536} INFO - Filling up the DagBag from /home/pedro/projetos/projetos_python/proj_twitter_pipeline/venv/lib/python3.9/site-packages/airflow/example_dags/plugins/workday.py
[2023-12-28T14:32:11.857-0300] {processor.py:841} WARNING - No viable dags retrieved from /home/pedro/projetos/projetos_python/proj_twitter_pipeline/venv/lib/python3.9/site-packages/airflow/example_dags/plugins/workday.py
[2023-12-28T14:32:11.862-0300] {processor.py:179} INFO - Processing /home/pedro/projetos/projetos_python/proj_twitter_pipeline/venv/lib/python3.9/site-packages/airflow/example_dags/plugins/workday.py took 0.282 seconds
[2023-12-28T14:32:58.768-0300] {processor.py:157} INFO - Started process (PID=27368) to work on /home/pedro/projetos/projetos_python/proj_twitter_pipeline/venv/lib/python3.9/site-packages/airflow/example_dags/plugins/workday.py
[2023-12-28T14:32:58.770-0300] {processor.py:829} INFO - Processing file /home/pedro/projetos/projetos_python/proj_twitter_pipeline/venv/lib/python3.9/site-packages/airflow/example_dags/plugins/workday.py for tasks to queue
[2023-12-28T14:32:58.772-0300] {logging_mixin.py:154} INFO - [2023-12-28T14:32:58.771-0300] {dagbag.py:536} INFO - Filling up the DagBag from /home/pedro/projetos/projetos_python/proj_twitter_pipeline/venv/lib/python3.9/site-packages/airflow/example_dags/plugins/workday.py
[2023-12-28T14:32:59.051-0300] {processor.py:841} WARNING - No viable dags retrieved from /home/pedro/projetos/projetos_python/proj_twitter_pipeline/venv/lib/python3.9/site-packages/airflow/example_dags/plugins/workday.py
[2023-12-28T14:32:59.056-0300] {processor.py:179} INFO - Processing /home/pedro/projetos/projetos_python/proj_twitter_pipeline/venv/lib/python3.9/site-packages/airflow/example_dags/plugins/workday.py took 0.290 seconds
[2023-12-28T14:33:48.868-0300] {processor.py:157} INFO - Started process (PID=27552) to work on /home/pedro/projetos/projetos_python/proj_twitter_pipeline/venv/lib/python3.9/site-packages/airflow/example_dags/plugins/workday.py
[2023-12-28T14:33:48.870-0300] {processor.py:829} INFO - Processing file /home/pedro/projetos/projetos_python/proj_twitter_pipeline/venv/lib/python3.9/site-packages/airflow/example_dags/plugins/workday.py for tasks to queue
[2023-12-28T14:33:48.871-0300] {logging_mixin.py:154} INFO - [2023-12-28T14:33:48.871-0300] {dagbag.py:536} INFO - Filling up the DagBag from /home/pedro/projetos/projetos_python/proj_twitter_pipeline/venv/lib/python3.9/site-packages/airflow/example_dags/plugins/workday.py
[2023-12-28T14:33:49.141-0300] {processor.py:841} WARNING - No viable dags retrieved from /home/pedro/projetos/projetos_python/proj_twitter_pipeline/venv/lib/python3.9/site-packages/airflow/example_dags/plugins/workday.py
[2023-12-28T14:33:49.146-0300] {processor.py:179} INFO - Processing /home/pedro/projetos/projetos_python/proj_twitter_pipeline/venv/lib/python3.9/site-packages/airflow/example_dags/plugins/workday.py took 0.280 seconds
[2023-12-28T14:34:38.630-0300] {processor.py:157} INFO - Started process (PID=27735) to work on /home/pedro/projetos/projetos_python/proj_twitter_pipeline/venv/lib/python3.9/site-packages/airflow/example_dags/plugins/workday.py
[2023-12-28T14:34:38.633-0300] {processor.py:829} INFO - Processing file /home/pedro/projetos/projetos_python/proj_twitter_pipeline/venv/lib/python3.9/site-packages/airflow/example_dags/plugins/workday.py for tasks to queue
[2023-12-28T14:34:38.634-0300] {logging_mixin.py:154} INFO - [2023-12-28T14:34:38.633-0300] {dagbag.py:536} INFO - Filling up the DagBag from /home/pedro/projetos/projetos_python/proj_twitter_pipeline/venv/lib/python3.9/site-packages/airflow/example_dags/plugins/workday.py
[2023-12-28T14:34:38.917-0300] {processor.py:841} WARNING - No viable dags retrieved from /home/pedro/projetos/projetos_python/proj_twitter_pipeline/venv/lib/python3.9/site-packages/airflow/example_dags/plugins/workday.py
[2023-12-28T14:34:38.922-0300] {processor.py:179} INFO - Processing /home/pedro/projetos/projetos_python/proj_twitter_pipeline/venv/lib/python3.9/site-packages/airflow/example_dags/plugins/workday.py took 0.294 seconds
[2023-12-28T14:35:28.337-0300] {processor.py:157} INFO - Started process (PID=27924) to work on /home/pedro/projetos/projetos_python/proj_twitter_pipeline/venv/lib/python3.9/site-packages/airflow/example_dags/plugins/workday.py
[2023-12-28T14:35:28.339-0300] {processor.py:829} INFO - Processing file /home/pedro/projetos/projetos_python/proj_twitter_pipeline/venv/lib/python3.9/site-packages/airflow/example_dags/plugins/workday.py for tasks to queue
[2023-12-28T14:35:28.340-0300] {logging_mixin.py:154} INFO - [2023-12-28T14:35:28.340-0300] {dagbag.py:536} INFO - Filling up the DagBag from /home/pedro/projetos/projetos_python/proj_twitter_pipeline/venv/lib/python3.9/site-packages/airflow/example_dags/plugins/workday.py
[2023-12-28T14:35:28.613-0300] {processor.py:841} WARNING - No viable dags retrieved from /home/pedro/projetos/projetos_python/proj_twitter_pipeline/venv/lib/python3.9/site-packages/airflow/example_dags/plugins/workday.py
[2023-12-28T14:35:28.618-0300] {processor.py:179} INFO - Processing /home/pedro/projetos/projetos_python/proj_twitter_pipeline/venv/lib/python3.9/site-packages/airflow/example_dags/plugins/workday.py took 0.283 seconds
[2023-12-28T14:36:10.961-0300] {processor.py:157} INFO - Started process (PID=28034) to work on /home/pedro/projetos/projetos_python/proj_twitter_pipeline/venv/lib/python3.9/site-packages/airflow/example_dags/plugins/workday.py
[2023-12-28T14:36:10.964-0300] {processor.py:829} INFO - Processing file /home/pedro/projetos/projetos_python/proj_twitter_pipeline/venv/lib/python3.9/site-packages/airflow/example_dags/plugins/workday.py for tasks to queue
[2023-12-28T14:36:10.965-0300] {logging_mixin.py:154} INFO - [2023-12-28T14:36:10.965-0300] {dagbag.py:536} INFO - Filling up the DagBag from /home/pedro/projetos/projetos_python/proj_twitter_pipeline/venv/lib/python3.9/site-packages/airflow/example_dags/plugins/workday.py
[2023-12-28T14:36:11.252-0300] {processor.py:841} WARNING - No viable dags retrieved from /home/pedro/projetos/projetos_python/proj_twitter_pipeline/venv/lib/python3.9/site-packages/airflow/example_dags/plugins/workday.py
[2023-12-28T14:36:11.256-0300] {processor.py:179} INFO - Processing /home/pedro/projetos/projetos_python/proj_twitter_pipeline/venv/lib/python3.9/site-packages/airflow/example_dags/plugins/workday.py took 0.300 seconds
[2023-12-28T14:37:01.185-0300] {processor.py:157} INFO - Started process (PID=28278) to work on /home/pedro/projetos/projetos_python/proj_twitter_pipeline/venv/lib/python3.9/site-packages/airflow/example_dags/plugins/workday.py
[2023-12-28T14:37:01.187-0300] {processor.py:829} INFO - Processing file /home/pedro/projetos/projetos_python/proj_twitter_pipeline/venv/lib/python3.9/site-packages/airflow/example_dags/plugins/workday.py for tasks to queue
[2023-12-28T14:37:01.188-0300] {logging_mixin.py:154} INFO - [2023-12-28T14:37:01.188-0300] {dagbag.py:536} INFO - Filling up the DagBag from /home/pedro/projetos/projetos_python/proj_twitter_pipeline/venv/lib/python3.9/site-packages/airflow/example_dags/plugins/workday.py
[2023-12-28T14:37:01.455-0300] {processor.py:841} WARNING - No viable dags retrieved from /home/pedro/projetos/projetos_python/proj_twitter_pipeline/venv/lib/python3.9/site-packages/airflow/example_dags/plugins/workday.py
[2023-12-28T14:37:01.460-0300] {processor.py:179} INFO - Processing /home/pedro/projetos/projetos_python/proj_twitter_pipeline/venv/lib/python3.9/site-packages/airflow/example_dags/plugins/workday.py took 0.277 seconds
[2023-12-28T14:37:47.667-0300] {processor.py:157} INFO - Started process (PID=28456) to work on /home/pedro/projetos/projetos_python/proj_twitter_pipeline/venv/lib/python3.9/site-packages/airflow/example_dags/plugins/workday.py
[2023-12-28T14:37:47.669-0300] {processor.py:829} INFO - Processing file /home/pedro/projetos/projetos_python/proj_twitter_pipeline/venv/lib/python3.9/site-packages/airflow/example_dags/plugins/workday.py for tasks to queue
[2023-12-28T14:37:47.670-0300] {logging_mixin.py:154} INFO - [2023-12-28T14:37:47.670-0300] {dagbag.py:536} INFO - Filling up the DagBag from /home/pedro/projetos/projetos_python/proj_twitter_pipeline/venv/lib/python3.9/site-packages/airflow/example_dags/plugins/workday.py
[2023-12-28T14:37:47.927-0300] {processor.py:841} WARNING - No viable dags retrieved from /home/pedro/projetos/projetos_python/proj_twitter_pipeline/venv/lib/python3.9/site-packages/airflow/example_dags/plugins/workday.py
[2023-12-28T14:37:47.932-0300] {processor.py:179} INFO - Processing /home/pedro/projetos/projetos_python/proj_twitter_pipeline/venv/lib/python3.9/site-packages/airflow/example_dags/plugins/workday.py took 0.267 seconds
[2023-12-28T14:38:28.847-0300] {processor.py:157} INFO - Started process (PID=28617) to work on /home/pedro/projetos/projetos_python/proj_twitter_pipeline/venv/lib/python3.9/site-packages/airflow/example_dags/plugins/workday.py
[2023-12-28T14:38:28.849-0300] {processor.py:829} INFO - Processing file /home/pedro/projetos/projetos_python/proj_twitter_pipeline/venv/lib/python3.9/site-packages/airflow/example_dags/plugins/workday.py for tasks to queue
[2023-12-28T14:38:28.850-0300] {logging_mixin.py:154} INFO - [2023-12-28T14:38:28.850-0300] {dagbag.py:536} INFO - Filling up the DagBag from /home/pedro/projetos/projetos_python/proj_twitter_pipeline/venv/lib/python3.9/site-packages/airflow/example_dags/plugins/workday.py
[2023-12-28T14:38:29.123-0300] {processor.py:841} WARNING - No viable dags retrieved from /home/pedro/projetos/projetos_python/proj_twitter_pipeline/venv/lib/python3.9/site-packages/airflow/example_dags/plugins/workday.py
[2023-12-28T14:38:29.128-0300] {processor.py:179} INFO - Processing /home/pedro/projetos/projetos_python/proj_twitter_pipeline/venv/lib/python3.9/site-packages/airflow/example_dags/plugins/workday.py took 0.284 seconds
[2023-12-28T14:39:20.469-0300] {processor.py:157} INFO - Started process (PID=28808) to work on /home/pedro/projetos/projetos_python/proj_twitter_pipeline/venv/lib/python3.9/site-packages/airflow/example_dags/plugins/workday.py
[2023-12-28T14:39:20.472-0300] {processor.py:829} INFO - Processing file /home/pedro/projetos/projetos_python/proj_twitter_pipeline/venv/lib/python3.9/site-packages/airflow/example_dags/plugins/workday.py for tasks to queue
[2023-12-28T14:39:20.473-0300] {logging_mixin.py:154} INFO - [2023-12-28T14:39:20.473-0300] {dagbag.py:536} INFO - Filling up the DagBag from /home/pedro/projetos/projetos_python/proj_twitter_pipeline/venv/lib/python3.9/site-packages/airflow/example_dags/plugins/workday.py
[2023-12-28T14:39:20.750-0300] {processor.py:841} WARNING - No viable dags retrieved from /home/pedro/projetos/projetos_python/proj_twitter_pipeline/venv/lib/python3.9/site-packages/airflow/example_dags/plugins/workday.py
[2023-12-28T14:39:20.756-0300] {processor.py:179} INFO - Processing /home/pedro/projetos/projetos_python/proj_twitter_pipeline/venv/lib/python3.9/site-packages/airflow/example_dags/plugins/workday.py took 0.289 seconds
[2023-12-28T14:40:05.323-0300] {processor.py:157} INFO - Started process (PID=28922) to work on /home/pedro/projetos/projetos_python/proj_twitter_pipeline/venv/lib/python3.9/site-packages/airflow/example_dags/plugins/workday.py
[2023-12-28T14:40:05.326-0300] {processor.py:829} INFO - Processing file /home/pedro/projetos/projetos_python/proj_twitter_pipeline/venv/lib/python3.9/site-packages/airflow/example_dags/plugins/workday.py for tasks to queue
[2023-12-28T14:40:05.327-0300] {logging_mixin.py:154} INFO - [2023-12-28T14:40:05.326-0300] {dagbag.py:536} INFO - Filling up the DagBag from /home/pedro/projetos/projetos_python/proj_twitter_pipeline/venv/lib/python3.9/site-packages/airflow/example_dags/plugins/workday.py
[2023-12-28T14:40:05.590-0300] {processor.py:841} WARNING - No viable dags retrieved from /home/pedro/projetos/projetos_python/proj_twitter_pipeline/venv/lib/python3.9/site-packages/airflow/example_dags/plugins/workday.py
[2023-12-28T14:40:05.595-0300] {processor.py:179} INFO - Processing /home/pedro/projetos/projetos_python/proj_twitter_pipeline/venv/lib/python3.9/site-packages/airflow/example_dags/plugins/workday.py took 0.274 seconds
[2023-12-28T14:40:52.942-0300] {processor.py:157} INFO - Started process (PID=29105) to work on /home/pedro/projetos/projetos_python/proj_twitter_pipeline/venv/lib/python3.9/site-packages/airflow/example_dags/plugins/workday.py
[2023-12-28T14:40:52.945-0300] {processor.py:829} INFO - Processing file /home/pedro/projetos/projetos_python/proj_twitter_pipeline/venv/lib/python3.9/site-packages/airflow/example_dags/plugins/workday.py for tasks to queue
[2023-12-28T14:40:52.946-0300] {logging_mixin.py:154} INFO - [2023-12-28T14:40:52.945-0300] {dagbag.py:536} INFO - Filling up the DagBag from /home/pedro/projetos/projetos_python/proj_twitter_pipeline/venv/lib/python3.9/site-packages/airflow/example_dags/plugins/workday.py
[2023-12-28T14:40:53.229-0300] {processor.py:841} WARNING - No viable dags retrieved from /home/pedro/projetos/projetos_python/proj_twitter_pipeline/venv/lib/python3.9/site-packages/airflow/example_dags/plugins/workday.py
[2023-12-28T14:40:53.234-0300] {processor.py:179} INFO - Processing /home/pedro/projetos/projetos_python/proj_twitter_pipeline/venv/lib/python3.9/site-packages/airflow/example_dags/plugins/workday.py took 0.294 seconds
[2023-12-28T14:41:39.475-0300] {processor.py:157} INFO - Started process (PID=29342) to work on /home/pedro/projetos/projetos_python/proj_twitter_pipeline/venv/lib/python3.9/site-packages/airflow/example_dags/plugins/workday.py
[2023-12-28T14:41:39.480-0300] {processor.py:829} INFO - Processing file /home/pedro/projetos/projetos_python/proj_twitter_pipeline/venv/lib/python3.9/site-packages/airflow/example_dags/plugins/workday.py for tasks to queue
[2023-12-28T14:41:39.485-0300] {logging_mixin.py:154} INFO - [2023-12-28T14:41:39.481-0300] {dagbag.py:536} INFO - Filling up the DagBag from /home/pedro/projetos/projetos_python/proj_twitter_pipeline/venv/lib/python3.9/site-packages/airflow/example_dags/plugins/workday.py
[2023-12-28T14:41:39.759-0300] {processor.py:841} WARNING - No viable dags retrieved from /home/pedro/projetos/projetos_python/proj_twitter_pipeline/venv/lib/python3.9/site-packages/airflow/example_dags/plugins/workday.py
[2023-12-28T14:41:39.764-0300] {processor.py:179} INFO - Processing /home/pedro/projetos/projetos_python/proj_twitter_pipeline/venv/lib/python3.9/site-packages/airflow/example_dags/plugins/workday.py took 0.292 seconds
[2023-12-28T14:42:25.248-0300] {processor.py:157} INFO - Started process (PID=29518) to work on /home/pedro/projetos/projetos_python/proj_twitter_pipeline/venv/lib/python3.9/site-packages/airflow/example_dags/plugins/workday.py
[2023-12-28T14:42:25.251-0300] {processor.py:829} INFO - Processing file /home/pedro/projetos/projetos_python/proj_twitter_pipeline/venv/lib/python3.9/site-packages/airflow/example_dags/plugins/workday.py for tasks to queue
[2023-12-28T14:42:25.252-0300] {logging_mixin.py:154} INFO - [2023-12-28T14:42:25.252-0300] {dagbag.py:536} INFO - Filling up the DagBag from /home/pedro/projetos/projetos_python/proj_twitter_pipeline/venv/lib/python3.9/site-packages/airflow/example_dags/plugins/workday.py
[2023-12-28T14:42:25.520-0300] {processor.py:841} WARNING - No viable dags retrieved from /home/pedro/projetos/projetos_python/proj_twitter_pipeline/venv/lib/python3.9/site-packages/airflow/example_dags/plugins/workday.py
[2023-12-28T14:42:25.526-0300] {processor.py:179} INFO - Processing /home/pedro/projetos/projetos_python/proj_twitter_pipeline/venv/lib/python3.9/site-packages/airflow/example_dags/plugins/workday.py took 0.282 seconds
[2023-12-28T14:43:11.338-0300] {processor.py:157} INFO - Started process (PID=29637) to work on /home/pedro/projetos/projetos_python/proj_twitter_pipeline/venv/lib/python3.9/site-packages/airflow/example_dags/plugins/workday.py
[2023-12-28T14:43:11.340-0300] {processor.py:829} INFO - Processing file /home/pedro/projetos/projetos_python/proj_twitter_pipeline/venv/lib/python3.9/site-packages/airflow/example_dags/plugins/workday.py for tasks to queue
[2023-12-28T14:43:11.341-0300] {logging_mixin.py:154} INFO - [2023-12-28T14:43:11.341-0300] {dagbag.py:536} INFO - Filling up the DagBag from /home/pedro/projetos/projetos_python/proj_twitter_pipeline/venv/lib/python3.9/site-packages/airflow/example_dags/plugins/workday.py
[2023-12-28T14:43:11.609-0300] {processor.py:841} WARNING - No viable dags retrieved from /home/pedro/projetos/projetos_python/proj_twitter_pipeline/venv/lib/python3.9/site-packages/airflow/example_dags/plugins/workday.py
[2023-12-28T14:43:11.614-0300] {processor.py:179} INFO - Processing /home/pedro/projetos/projetos_python/proj_twitter_pipeline/venv/lib/python3.9/site-packages/airflow/example_dags/plugins/workday.py took 0.278 seconds
[2023-12-28T14:43:58.622-0300] {processor.py:157} INFO - Started process (PID=29816) to work on /home/pedro/projetos/projetos_python/proj_twitter_pipeline/venv/lib/python3.9/site-packages/airflow/example_dags/plugins/workday.py
[2023-12-28T14:43:58.624-0300] {processor.py:829} INFO - Processing file /home/pedro/projetos/projetos_python/proj_twitter_pipeline/venv/lib/python3.9/site-packages/airflow/example_dags/plugins/workday.py for tasks to queue
[2023-12-28T14:43:58.625-0300] {logging_mixin.py:154} INFO - [2023-12-28T14:43:58.625-0300] {dagbag.py:536} INFO - Filling up the DagBag from /home/pedro/projetos/projetos_python/proj_twitter_pipeline/venv/lib/python3.9/site-packages/airflow/example_dags/plugins/workday.py
[2023-12-28T14:43:58.884-0300] {processor.py:841} WARNING - No viable dags retrieved from /home/pedro/projetos/projetos_python/proj_twitter_pipeline/venv/lib/python3.9/site-packages/airflow/example_dags/plugins/workday.py
[2023-12-28T14:43:58.888-0300] {processor.py:179} INFO - Processing /home/pedro/projetos/projetos_python/proj_twitter_pipeline/venv/lib/python3.9/site-packages/airflow/example_dags/plugins/workday.py took 0.269 seconds
[2023-12-28T14:44:47.479-0300] {processor.py:157} INFO - Started process (PID=29998) to work on /home/pedro/projetos/projetos_python/proj_twitter_pipeline/venv/lib/python3.9/site-packages/airflow/example_dags/plugins/workday.py
[2023-12-28T14:44:47.481-0300] {processor.py:829} INFO - Processing file /home/pedro/projetos/projetos_python/proj_twitter_pipeline/venv/lib/python3.9/site-packages/airflow/example_dags/plugins/workday.py for tasks to queue
[2023-12-28T14:44:47.482-0300] {logging_mixin.py:154} INFO - [2023-12-28T14:44:47.481-0300] {dagbag.py:536} INFO - Filling up the DagBag from /home/pedro/projetos/projetos_python/proj_twitter_pipeline/venv/lib/python3.9/site-packages/airflow/example_dags/plugins/workday.py
[2023-12-28T14:44:48.022-0300] {processor.py:841} WARNING - No viable dags retrieved from /home/pedro/projetos/projetos_python/proj_twitter_pipeline/venv/lib/python3.9/site-packages/airflow/example_dags/plugins/workday.py
[2023-12-28T14:44:48.042-0300] {processor.py:179} INFO - Processing /home/pedro/projetos/projetos_python/proj_twitter_pipeline/venv/lib/python3.9/site-packages/airflow/example_dags/plugins/workday.py took 0.566 seconds
[2023-12-28T14:45:35.754-0300] {processor.py:157} INFO - Started process (PID=30178) to work on /home/pedro/projetos/projetos_python/proj_twitter_pipeline/venv/lib/python3.9/site-packages/airflow/example_dags/plugins/workday.py
[2023-12-28T14:45:35.757-0300] {processor.py:829} INFO - Processing file /home/pedro/projetos/projetos_python/proj_twitter_pipeline/venv/lib/python3.9/site-packages/airflow/example_dags/plugins/workday.py for tasks to queue
[2023-12-28T14:45:35.757-0300] {logging_mixin.py:154} INFO - [2023-12-28T14:45:35.757-0300] {dagbag.py:536} INFO - Filling up the DagBag from /home/pedro/projetos/projetos_python/proj_twitter_pipeline/venv/lib/python3.9/site-packages/airflow/example_dags/plugins/workday.py
[2023-12-28T14:45:36.069-0300] {processor.py:841} WARNING - No viable dags retrieved from /home/pedro/projetos/projetos_python/proj_twitter_pipeline/venv/lib/python3.9/site-packages/airflow/example_dags/plugins/workday.py
[2023-12-28T14:45:36.074-0300] {processor.py:179} INFO - Processing /home/pedro/projetos/projetos_python/proj_twitter_pipeline/venv/lib/python3.9/site-packages/airflow/example_dags/plugins/workday.py took 0.323 seconds
[2023-12-28T14:46:24.073-0300] {processor.py:157} INFO - Started process (PID=30361) to work on /home/pedro/projetos/projetos_python/proj_twitter_pipeline/venv/lib/python3.9/site-packages/airflow/example_dags/plugins/workday.py
[2023-12-28T14:46:24.076-0300] {processor.py:829} INFO - Processing file /home/pedro/projetos/projetos_python/proj_twitter_pipeline/venv/lib/python3.9/site-packages/airflow/example_dags/plugins/workday.py for tasks to queue
[2023-12-28T14:46:24.077-0300] {logging_mixin.py:154} INFO - [2023-12-28T14:46:24.077-0300] {dagbag.py:536} INFO - Filling up the DagBag from /home/pedro/projetos/projetos_python/proj_twitter_pipeline/venv/lib/python3.9/site-packages/airflow/example_dags/plugins/workday.py
[2023-12-28T14:46:24.357-0300] {processor.py:841} WARNING - No viable dags retrieved from /home/pedro/projetos/projetos_python/proj_twitter_pipeline/venv/lib/python3.9/site-packages/airflow/example_dags/plugins/workday.py
[2023-12-28T14:46:24.362-0300] {processor.py:179} INFO - Processing /home/pedro/projetos/projetos_python/proj_twitter_pipeline/venv/lib/python3.9/site-packages/airflow/example_dags/plugins/workday.py took 0.292 seconds
[2023-12-28T14:47:11.668-0300] {processor.py:157} INFO - Started process (PID=30541) to work on /home/pedro/projetos/projetos_python/proj_twitter_pipeline/venv/lib/python3.9/site-packages/airflow/example_dags/plugins/workday.py
[2023-12-28T14:47:11.671-0300] {processor.py:829} INFO - Processing file /home/pedro/projetos/projetos_python/proj_twitter_pipeline/venv/lib/python3.9/site-packages/airflow/example_dags/plugins/workday.py for tasks to queue
[2023-12-28T14:47:11.674-0300] {logging_mixin.py:154} INFO - [2023-12-28T14:47:11.673-0300] {dagbag.py:536} INFO - Filling up the DagBag from /home/pedro/projetos/projetos_python/proj_twitter_pipeline/venv/lib/python3.9/site-packages/airflow/example_dags/plugins/workday.py
[2023-12-28T14:47:12.001-0300] {processor.py:841} WARNING - No viable dags retrieved from /home/pedro/projetos/projetos_python/proj_twitter_pipeline/venv/lib/python3.9/site-packages/airflow/example_dags/plugins/workday.py
[2023-12-28T14:47:12.007-0300] {processor.py:179} INFO - Processing /home/pedro/projetos/projetos_python/proj_twitter_pipeline/venv/lib/python3.9/site-packages/airflow/example_dags/plugins/workday.py took 0.343 seconds
[2023-12-28T14:47:59.211-0300] {processor.py:157} INFO - Started process (PID=30724) to work on /home/pedro/projetos/projetos_python/proj_twitter_pipeline/venv/lib/python3.9/site-packages/airflow/example_dags/plugins/workday.py
[2023-12-28T14:47:59.213-0300] {processor.py:829} INFO - Processing file /home/pedro/projetos/projetos_python/proj_twitter_pipeline/venv/lib/python3.9/site-packages/airflow/example_dags/plugins/workday.py for tasks to queue
[2023-12-28T14:47:59.214-0300] {logging_mixin.py:154} INFO - [2023-12-28T14:47:59.214-0300] {dagbag.py:536} INFO - Filling up the DagBag from /home/pedro/projetos/projetos_python/proj_twitter_pipeline/venv/lib/python3.9/site-packages/airflow/example_dags/plugins/workday.py
[2023-12-28T14:47:59.480-0300] {processor.py:841} WARNING - No viable dags retrieved from /home/pedro/projetos/projetos_python/proj_twitter_pipeline/venv/lib/python3.9/site-packages/airflow/example_dags/plugins/workday.py
[2023-12-28T14:47:59.485-0300] {processor.py:179} INFO - Processing /home/pedro/projetos/projetos_python/proj_twitter_pipeline/venv/lib/python3.9/site-packages/airflow/example_dags/plugins/workday.py took 0.276 seconds
[2023-12-28T14:48:42.178-0300] {processor.py:157} INFO - Started process (PID=30895) to work on /home/pedro/projetos/projetos_python/proj_twitter_pipeline/venv/lib/python3.9/site-packages/airflow/example_dags/plugins/workday.py
[2023-12-28T14:48:42.181-0300] {processor.py:829} INFO - Processing file /home/pedro/projetos/projetos_python/proj_twitter_pipeline/venv/lib/python3.9/site-packages/airflow/example_dags/plugins/workday.py for tasks to queue
[2023-12-28T14:48:42.182-0300] {logging_mixin.py:154} INFO - [2023-12-28T14:48:42.181-0300] {dagbag.py:536} INFO - Filling up the DagBag from /home/pedro/projetos/projetos_python/proj_twitter_pipeline/venv/lib/python3.9/site-packages/airflow/example_dags/plugins/workday.py
[2023-12-28T14:48:42.472-0300] {processor.py:841} WARNING - No viable dags retrieved from /home/pedro/projetos/projetos_python/proj_twitter_pipeline/venv/lib/python3.9/site-packages/airflow/example_dags/plugins/workday.py
[2023-12-28T14:48:42.477-0300] {processor.py:179} INFO - Processing /home/pedro/projetos/projetos_python/proj_twitter_pipeline/venv/lib/python3.9/site-packages/airflow/example_dags/plugins/workday.py took 0.304 seconds
[2023-12-28T14:49:32.096-0300] {processor.py:157} INFO - Started process (PID=31078) to work on /home/pedro/projetos/projetos_python/proj_twitter_pipeline/venv/lib/python3.9/site-packages/airflow/example_dags/plugins/workday.py
[2023-12-28T14:49:32.099-0300] {processor.py:829} INFO - Processing file /home/pedro/projetos/projetos_python/proj_twitter_pipeline/venv/lib/python3.9/site-packages/airflow/example_dags/plugins/workday.py for tasks to queue
[2023-12-28T14:49:32.100-0300] {logging_mixin.py:154} INFO - [2023-12-28T14:49:32.099-0300] {dagbag.py:536} INFO - Filling up the DagBag from /home/pedro/projetos/projetos_python/proj_twitter_pipeline/venv/lib/python3.9/site-packages/airflow/example_dags/plugins/workday.py
[2023-12-28T14:49:32.387-0300] {processor.py:841} WARNING - No viable dags retrieved from /home/pedro/projetos/projetos_python/proj_twitter_pipeline/venv/lib/python3.9/site-packages/airflow/example_dags/plugins/workday.py
[2023-12-28T14:49:32.391-0300] {processor.py:179} INFO - Processing /home/pedro/projetos/projetos_python/proj_twitter_pipeline/venv/lib/python3.9/site-packages/airflow/example_dags/plugins/workday.py took 0.297 seconds
[2023-12-28T14:50:16.872-0300] {processor.py:157} INFO - Started process (PID=31217) to work on /home/pedro/projetos/projetos_python/proj_twitter_pipeline/venv/lib/python3.9/site-packages/airflow/example_dags/plugins/workday.py
[2023-12-28T14:50:16.874-0300] {processor.py:829} INFO - Processing file /home/pedro/projetos/projetos_python/proj_twitter_pipeline/venv/lib/python3.9/site-packages/airflow/example_dags/plugins/workday.py for tasks to queue
[2023-12-28T14:50:16.875-0300] {logging_mixin.py:154} INFO - [2023-12-28T14:50:16.874-0300] {dagbag.py:536} INFO - Filling up the DagBag from /home/pedro/projetos/projetos_python/proj_twitter_pipeline/venv/lib/python3.9/site-packages/airflow/example_dags/plugins/workday.py
[2023-12-28T14:50:17.142-0300] {processor.py:841} WARNING - No viable dags retrieved from /home/pedro/projetos/projetos_python/proj_twitter_pipeline/venv/lib/python3.9/site-packages/airflow/example_dags/plugins/workday.py
[2023-12-28T14:50:17.147-0300] {processor.py:179} INFO - Processing /home/pedro/projetos/projetos_python/proj_twitter_pipeline/venv/lib/python3.9/site-packages/airflow/example_dags/plugins/workday.py took 0.279 seconds
[2023-12-28T14:51:07.627-0300] {processor.py:157} INFO - Started process (PID=31380) to work on /home/pedro/projetos/projetos_python/proj_twitter_pipeline/venv/lib/python3.9/site-packages/airflow/example_dags/plugins/workday.py
[2023-12-28T14:51:07.630-0300] {processor.py:829} INFO - Processing file /home/pedro/projetos/projetos_python/proj_twitter_pipeline/venv/lib/python3.9/site-packages/airflow/example_dags/plugins/workday.py for tasks to queue
[2023-12-28T14:51:07.630-0300] {logging_mixin.py:154} INFO - [2023-12-28T14:51:07.630-0300] {dagbag.py:536} INFO - Filling up the DagBag from /home/pedro/projetos/projetos_python/proj_twitter_pipeline/venv/lib/python3.9/site-packages/airflow/example_dags/plugins/workday.py
[2023-12-28T14:51:07.935-0300] {processor.py:841} WARNING - No viable dags retrieved from /home/pedro/projetos/projetos_python/proj_twitter_pipeline/venv/lib/python3.9/site-packages/airflow/example_dags/plugins/workday.py
[2023-12-28T14:51:07.942-0300] {processor.py:179} INFO - Processing /home/pedro/projetos/projetos_python/proj_twitter_pipeline/venv/lib/python3.9/site-packages/airflow/example_dags/plugins/workday.py took 0.317 seconds
[2023-12-28T14:51:56.320-0300] {processor.py:157} INFO - Started process (PID=31624) to work on /home/pedro/projetos/projetos_python/proj_twitter_pipeline/venv/lib/python3.9/site-packages/airflow/example_dags/plugins/workday.py
[2023-12-28T14:51:56.322-0300] {processor.py:829} INFO - Processing file /home/pedro/projetos/projetos_python/proj_twitter_pipeline/venv/lib/python3.9/site-packages/airflow/example_dags/plugins/workday.py for tasks to queue
[2023-12-28T14:51:56.323-0300] {logging_mixin.py:154} INFO - [2023-12-28T14:51:56.323-0300] {dagbag.py:536} INFO - Filling up the DagBag from /home/pedro/projetos/projetos_python/proj_twitter_pipeline/venv/lib/python3.9/site-packages/airflow/example_dags/plugins/workday.py
[2023-12-28T14:51:56.574-0300] {processor.py:841} WARNING - No viable dags retrieved from /home/pedro/projetos/projetos_python/proj_twitter_pipeline/venv/lib/python3.9/site-packages/airflow/example_dags/plugins/workday.py
[2023-12-28T14:51:56.579-0300] {processor.py:179} INFO - Processing /home/pedro/projetos/projetos_python/proj_twitter_pipeline/venv/lib/python3.9/site-packages/airflow/example_dags/plugins/workday.py took 0.261 seconds
[2023-12-28T14:52:43.669-0300] {processor.py:157} INFO - Started process (PID=31803) to work on /home/pedro/projetos/projetos_python/proj_twitter_pipeline/venv/lib/python3.9/site-packages/airflow/example_dags/plugins/workday.py
[2023-12-28T14:52:43.672-0300] {processor.py:829} INFO - Processing file /home/pedro/projetos/projetos_python/proj_twitter_pipeline/venv/lib/python3.9/site-packages/airflow/example_dags/plugins/workday.py for tasks to queue
[2023-12-28T14:52:43.673-0300] {logging_mixin.py:154} INFO - [2023-12-28T14:52:43.673-0300] {dagbag.py:536} INFO - Filling up the DagBag from /home/pedro/projetos/projetos_python/proj_twitter_pipeline/venv/lib/python3.9/site-packages/airflow/example_dags/plugins/workday.py
[2023-12-28T14:52:43.926-0300] {processor.py:841} WARNING - No viable dags retrieved from /home/pedro/projetos/projetos_python/proj_twitter_pipeline/venv/lib/python3.9/site-packages/airflow/example_dags/plugins/workday.py
[2023-12-28T14:52:43.931-0300] {processor.py:179} INFO - Processing /home/pedro/projetos/projetos_python/proj_twitter_pipeline/venv/lib/python3.9/site-packages/airflow/example_dags/plugins/workday.py took 0.263 seconds
[2023-12-28T14:53:29.707-0300] {processor.py:157} INFO - Started process (PID=31983) to work on /home/pedro/projetos/projetos_python/proj_twitter_pipeline/venv/lib/python3.9/site-packages/airflow/example_dags/plugins/workday.py
[2023-12-28T14:53:29.710-0300] {processor.py:829} INFO - Processing file /home/pedro/projetos/projetos_python/proj_twitter_pipeline/venv/lib/python3.9/site-packages/airflow/example_dags/plugins/workday.py for tasks to queue
[2023-12-28T14:53:29.710-0300] {logging_mixin.py:154} INFO - [2023-12-28T14:53:29.710-0300] {dagbag.py:536} INFO - Filling up the DagBag from /home/pedro/projetos/projetos_python/proj_twitter_pipeline/venv/lib/python3.9/site-packages/airflow/example_dags/plugins/workday.py
[2023-12-28T14:53:29.973-0300] {processor.py:841} WARNING - No viable dags retrieved from /home/pedro/projetos/projetos_python/proj_twitter_pipeline/venv/lib/python3.9/site-packages/airflow/example_dags/plugins/workday.py
[2023-12-28T14:53:29.978-0300] {processor.py:179} INFO - Processing /home/pedro/projetos/projetos_python/proj_twitter_pipeline/venv/lib/python3.9/site-packages/airflow/example_dags/plugins/workday.py took 0.273 seconds
[2023-12-28T14:54:16.297-0300] {processor.py:157} INFO - Started process (PID=32099) to work on /home/pedro/projetos/projetos_python/proj_twitter_pipeline/venv/lib/python3.9/site-packages/airflow/example_dags/plugins/workday.py
[2023-12-28T14:54:16.300-0300] {processor.py:829} INFO - Processing file /home/pedro/projetos/projetos_python/proj_twitter_pipeline/venv/lib/python3.9/site-packages/airflow/example_dags/plugins/workday.py for tasks to queue
[2023-12-28T14:54:16.300-0300] {logging_mixin.py:154} INFO - [2023-12-28T14:54:16.300-0300] {dagbag.py:536} INFO - Filling up the DagBag from /home/pedro/projetos/projetos_python/proj_twitter_pipeline/venv/lib/python3.9/site-packages/airflow/example_dags/plugins/workday.py
[2023-12-28T14:54:16.565-0300] {processor.py:841} WARNING - No viable dags retrieved from /home/pedro/projetos/projetos_python/proj_twitter_pipeline/venv/lib/python3.9/site-packages/airflow/example_dags/plugins/workday.py
[2023-12-28T14:54:16.570-0300] {processor.py:179} INFO - Processing /home/pedro/projetos/projetos_python/proj_twitter_pipeline/venv/lib/python3.9/site-packages/airflow/example_dags/plugins/workday.py took 0.275 seconds
[2023-12-28T14:55:05.563-0300] {processor.py:157} INFO - Started process (PID=32287) to work on /home/pedro/projetos/projetos_python/proj_twitter_pipeline/venv/lib/python3.9/site-packages/airflow/example_dags/plugins/workday.py
[2023-12-28T14:55:05.566-0300] {processor.py:829} INFO - Processing file /home/pedro/projetos/projetos_python/proj_twitter_pipeline/venv/lib/python3.9/site-packages/airflow/example_dags/plugins/workday.py for tasks to queue
[2023-12-28T14:55:05.566-0300] {logging_mixin.py:154} INFO - [2023-12-28T14:55:05.566-0300] {dagbag.py:536} INFO - Filling up the DagBag from /home/pedro/projetos/projetos_python/proj_twitter_pipeline/venv/lib/python3.9/site-packages/airflow/example_dags/plugins/workday.py
[2023-12-28T14:55:05.823-0300] {processor.py:841} WARNING - No viable dags retrieved from /home/pedro/projetos/projetos_python/proj_twitter_pipeline/venv/lib/python3.9/site-packages/airflow/example_dags/plugins/workday.py
[2023-12-28T14:55:05.828-0300] {processor.py:179} INFO - Processing /home/pedro/projetos/projetos_python/proj_twitter_pipeline/venv/lib/python3.9/site-packages/airflow/example_dags/plugins/workday.py took 0.267 seconds
[2023-12-28T14:55:50.756-0300] {processor.py:157} INFO - Started process (PID=32462) to work on /home/pedro/projetos/projetos_python/proj_twitter_pipeline/venv/lib/python3.9/site-packages/airflow/example_dags/plugins/workday.py
[2023-12-28T14:55:50.759-0300] {processor.py:829} INFO - Processing file /home/pedro/projetos/projetos_python/proj_twitter_pipeline/venv/lib/python3.9/site-packages/airflow/example_dags/plugins/workday.py for tasks to queue
[2023-12-28T14:55:50.759-0300] {logging_mixin.py:154} INFO - [2023-12-28T14:55:50.759-0300] {dagbag.py:536} INFO - Filling up the DagBag from /home/pedro/projetos/projetos_python/proj_twitter_pipeline/venv/lib/python3.9/site-packages/airflow/example_dags/plugins/workday.py
[2023-12-28T14:55:51.018-0300] {processor.py:841} WARNING - No viable dags retrieved from /home/pedro/projetos/projetos_python/proj_twitter_pipeline/venv/lib/python3.9/site-packages/airflow/example_dags/plugins/workday.py
[2023-12-28T14:55:51.022-0300] {processor.py:179} INFO - Processing /home/pedro/projetos/projetos_python/proj_twitter_pipeline/venv/lib/python3.9/site-packages/airflow/example_dags/plugins/workday.py took 0.268 seconds
[2023-12-28T14:56:41.001-0300] {processor.py:157} INFO - Started process (PID=32707) to work on /home/pedro/projetos/projetos_python/proj_twitter_pipeline/venv/lib/python3.9/site-packages/airflow/example_dags/plugins/workday.py
[2023-12-28T14:56:41.004-0300] {processor.py:829} INFO - Processing file /home/pedro/projetos/projetos_python/proj_twitter_pipeline/venv/lib/python3.9/site-packages/airflow/example_dags/plugins/workday.py for tasks to queue
[2023-12-28T14:56:41.004-0300] {logging_mixin.py:154} INFO - [2023-12-28T14:56:41.004-0300] {dagbag.py:536} INFO - Filling up the DagBag from /home/pedro/projetos/projetos_python/proj_twitter_pipeline/venv/lib/python3.9/site-packages/airflow/example_dags/plugins/workday.py
[2023-12-28T14:56:41.260-0300] {processor.py:841} WARNING - No viable dags retrieved from /home/pedro/projetos/projetos_python/proj_twitter_pipeline/venv/lib/python3.9/site-packages/airflow/example_dags/plugins/workday.py
[2023-12-28T14:56:41.264-0300] {processor.py:179} INFO - Processing /home/pedro/projetos/projetos_python/proj_twitter_pipeline/venv/lib/python3.9/site-packages/airflow/example_dags/plugins/workday.py took 0.265 seconds
[2023-12-28T14:57:32.561-0300] {processor.py:157} INFO - Started process (PID=429) to work on /home/pedro/projetos/projetos_python/proj_twitter_pipeline/venv/lib/python3.9/site-packages/airflow/example_dags/plugins/workday.py
[2023-12-28T14:57:32.564-0300] {processor.py:829} INFO - Processing file /home/pedro/projetos/projetos_python/proj_twitter_pipeline/venv/lib/python3.9/site-packages/airflow/example_dags/plugins/workday.py for tasks to queue
[2023-12-28T14:57:32.565-0300] {logging_mixin.py:154} INFO - [2023-12-28T14:57:32.565-0300] {dagbag.py:536} INFO - Filling up the DagBag from /home/pedro/projetos/projetos_python/proj_twitter_pipeline/venv/lib/python3.9/site-packages/airflow/example_dags/plugins/workday.py
[2023-12-28T14:57:32.959-0300] {processor.py:841} WARNING - No viable dags retrieved from /home/pedro/projetos/projetos_python/proj_twitter_pipeline/venv/lib/python3.9/site-packages/airflow/example_dags/plugins/workday.py
[2023-12-28T14:57:32.969-0300] {processor.py:179} INFO - Processing /home/pedro/projetos/projetos_python/proj_twitter_pipeline/venv/lib/python3.9/site-packages/airflow/example_dags/plugins/workday.py took 0.413 seconds
[2023-12-28T14:58:22.529-0300] {processor.py:157} INFO - Started process (PID=613) to work on /home/pedro/projetos/projetos_python/proj_twitter_pipeline/venv/lib/python3.9/site-packages/airflow/example_dags/plugins/workday.py
[2023-12-28T14:58:22.531-0300] {processor.py:829} INFO - Processing file /home/pedro/projetos/projetos_python/proj_twitter_pipeline/venv/lib/python3.9/site-packages/airflow/example_dags/plugins/workday.py for tasks to queue
[2023-12-28T14:58:22.532-0300] {logging_mixin.py:154} INFO - [2023-12-28T14:58:22.531-0300] {dagbag.py:536} INFO - Filling up the DagBag from /home/pedro/projetos/projetos_python/proj_twitter_pipeline/venv/lib/python3.9/site-packages/airflow/example_dags/plugins/workday.py
[2023-12-28T14:58:22.960-0300] {processor.py:841} WARNING - No viable dags retrieved from /home/pedro/projetos/projetos_python/proj_twitter_pipeline/venv/lib/python3.9/site-packages/airflow/example_dags/plugins/workday.py
[2023-12-28T14:58:22.964-0300] {processor.py:179} INFO - Processing /home/pedro/projetos/projetos_python/proj_twitter_pipeline/venv/lib/python3.9/site-packages/airflow/example_dags/plugins/workday.py took 0.437 seconds
[2023-12-28T14:59:14.560-0300] {processor.py:157} INFO - Started process (PID=744) to work on /home/pedro/projetos/projetos_python/proj_twitter_pipeline/venv/lib/python3.9/site-packages/airflow/example_dags/plugins/workday.py
[2023-12-28T14:59:14.563-0300] {processor.py:829} INFO - Processing file /home/pedro/projetos/projetos_python/proj_twitter_pipeline/venv/lib/python3.9/site-packages/airflow/example_dags/plugins/workday.py for tasks to queue
[2023-12-28T14:59:14.563-0300] {logging_mixin.py:154} INFO - [2023-12-28T14:59:14.563-0300] {dagbag.py:536} INFO - Filling up the DagBag from /home/pedro/projetos/projetos_python/proj_twitter_pipeline/venv/lib/python3.9/site-packages/airflow/example_dags/plugins/workday.py
[2023-12-28T14:59:14.811-0300] {processor.py:841} WARNING - No viable dags retrieved from /home/pedro/projetos/projetos_python/proj_twitter_pipeline/venv/lib/python3.9/site-packages/airflow/example_dags/plugins/workday.py
[2023-12-28T14:59:14.815-0300] {processor.py:179} INFO - Processing /home/pedro/projetos/projetos_python/proj_twitter_pipeline/venv/lib/python3.9/site-packages/airflow/example_dags/plugins/workday.py took 0.257 seconds
[2023-12-28T14:59:59.430-0300] {processor.py:157} INFO - Started process (PID=918) to work on /home/pedro/projetos/projetos_python/proj_twitter_pipeline/venv/lib/python3.9/site-packages/airflow/example_dags/plugins/workday.py
[2023-12-28T14:59:59.432-0300] {processor.py:829} INFO - Processing file /home/pedro/projetos/projetos_python/proj_twitter_pipeline/venv/lib/python3.9/site-packages/airflow/example_dags/plugins/workday.py for tasks to queue
[2023-12-28T14:59:59.433-0300] {logging_mixin.py:154} INFO - [2023-12-28T14:59:59.433-0300] {dagbag.py:536} INFO - Filling up the DagBag from /home/pedro/projetos/projetos_python/proj_twitter_pipeline/venv/lib/python3.9/site-packages/airflow/example_dags/plugins/workday.py
[2023-12-28T14:59:59.694-0300] {processor.py:841} WARNING - No viable dags retrieved from /home/pedro/projetos/projetos_python/proj_twitter_pipeline/venv/lib/python3.9/site-packages/airflow/example_dags/plugins/workday.py
[2023-12-28T14:59:59.698-0300] {processor.py:179} INFO - Processing /home/pedro/projetos/projetos_python/proj_twitter_pipeline/venv/lib/python3.9/site-packages/airflow/example_dags/plugins/workday.py took 0.271 seconds
[2023-12-28T15:00:49.755-0300] {processor.py:157} INFO - Started process (PID=1103) to work on /home/pedro/projetos/projetos_python/proj_twitter_pipeline/venv/lib/python3.9/site-packages/airflow/example_dags/plugins/workday.py
[2023-12-28T15:00:49.758-0300] {processor.py:829} INFO - Processing file /home/pedro/projetos/projetos_python/proj_twitter_pipeline/venv/lib/python3.9/site-packages/airflow/example_dags/plugins/workday.py for tasks to queue
[2023-12-28T15:00:49.759-0300] {logging_mixin.py:154} INFO - [2023-12-28T15:00:49.758-0300] {dagbag.py:536} INFO - Filling up the DagBag from /home/pedro/projetos/projetos_python/proj_twitter_pipeline/venv/lib/python3.9/site-packages/airflow/example_dags/plugins/workday.py
[2023-12-28T15:00:50.017-0300] {processor.py:841} WARNING - No viable dags retrieved from /home/pedro/projetos/projetos_python/proj_twitter_pipeline/venv/lib/python3.9/site-packages/airflow/example_dags/plugins/workday.py
[2023-12-28T15:00:50.021-0300] {processor.py:179} INFO - Processing /home/pedro/projetos/projetos_python/proj_twitter_pipeline/venv/lib/python3.9/site-packages/airflow/example_dags/plugins/workday.py took 0.268 seconds
[2023-12-28T15:01:36.579-0300] {processor.py:157} INFO - Started process (PID=1349) to work on /home/pedro/projetos/projetos_python/proj_twitter_pipeline/venv/lib/python3.9/site-packages/airflow/example_dags/plugins/workday.py
[2023-12-28T15:01:36.582-0300] {processor.py:829} INFO - Processing file /home/pedro/projetos/projetos_python/proj_twitter_pipeline/venv/lib/python3.9/site-packages/airflow/example_dags/plugins/workday.py for tasks to queue
[2023-12-28T15:01:36.582-0300] {logging_mixin.py:154} INFO - [2023-12-28T15:01:36.582-0300] {dagbag.py:536} INFO - Filling up the DagBag from /home/pedro/projetos/projetos_python/proj_twitter_pipeline/venv/lib/python3.9/site-packages/airflow/example_dags/plugins/workday.py
[2023-12-28T15:01:36.856-0300] {processor.py:841} WARNING - No viable dags retrieved from /home/pedro/projetos/projetos_python/proj_twitter_pipeline/venv/lib/python3.9/site-packages/airflow/example_dags/plugins/workday.py
[2023-12-28T15:01:36.860-0300] {processor.py:179} INFO - Processing /home/pedro/projetos/projetos_python/proj_twitter_pipeline/venv/lib/python3.9/site-packages/airflow/example_dags/plugins/workday.py took 0.283 seconds
[2023-12-28T15:02:26.153-0300] {processor.py:157} INFO - Started process (PID=1535) to work on /home/pedro/projetos/projetos_python/proj_twitter_pipeline/venv/lib/python3.9/site-packages/airflow/example_dags/plugins/workday.py
[2023-12-28T15:02:26.155-0300] {processor.py:829} INFO - Processing file /home/pedro/projetos/projetos_python/proj_twitter_pipeline/venv/lib/python3.9/site-packages/airflow/example_dags/plugins/workday.py for tasks to queue
[2023-12-28T15:02:26.156-0300] {logging_mixin.py:154} INFO - [2023-12-28T15:02:26.156-0300] {dagbag.py:536} INFO - Filling up the DagBag from /home/pedro/projetos/projetos_python/proj_twitter_pipeline/venv/lib/python3.9/site-packages/airflow/example_dags/plugins/workday.py
[2023-12-28T15:02:26.425-0300] {processor.py:841} WARNING - No viable dags retrieved from /home/pedro/projetos/projetos_python/proj_twitter_pipeline/venv/lib/python3.9/site-packages/airflow/example_dags/plugins/workday.py
[2023-12-28T15:02:26.430-0300] {processor.py:179} INFO - Processing /home/pedro/projetos/projetos_python/proj_twitter_pipeline/venv/lib/python3.9/site-packages/airflow/example_dags/plugins/workday.py took 0.279 seconds
[2023-12-28T15:03:15.039-0300] {processor.py:157} INFO - Started process (PID=1658) to work on /home/pedro/projetos/projetos_python/proj_twitter_pipeline/venv/lib/python3.9/site-packages/airflow/example_dags/plugins/workday.py
[2023-12-28T15:03:15.042-0300] {processor.py:829} INFO - Processing file /home/pedro/projetos/projetos_python/proj_twitter_pipeline/venv/lib/python3.9/site-packages/airflow/example_dags/plugins/workday.py for tasks to queue
[2023-12-28T15:03:15.043-0300] {logging_mixin.py:154} INFO - [2023-12-28T15:03:15.043-0300] {dagbag.py:536} INFO - Filling up the DagBag from /home/pedro/projetos/projetos_python/proj_twitter_pipeline/venv/lib/python3.9/site-packages/airflow/example_dags/plugins/workday.py
[2023-12-28T15:03:15.407-0300] {processor.py:841} WARNING - No viable dags retrieved from /home/pedro/projetos/projetos_python/proj_twitter_pipeline/venv/lib/python3.9/site-packages/airflow/example_dags/plugins/workday.py
[2023-12-28T15:03:15.437-0300] {processor.py:179} INFO - Processing /home/pedro/projetos/projetos_python/proj_twitter_pipeline/venv/lib/python3.9/site-packages/airflow/example_dags/plugins/workday.py took 0.403 seconds
[2023-12-28T15:04:08.726-0300] {processor.py:157} INFO - Started process (PID=1851) to work on /home/pedro/projetos/projetos_python/proj_twitter_pipeline/venv/lib/python3.9/site-packages/airflow/example_dags/plugins/workday.py
[2023-12-28T15:04:08.728-0300] {processor.py:829} INFO - Processing file /home/pedro/projetos/projetos_python/proj_twitter_pipeline/venv/lib/python3.9/site-packages/airflow/example_dags/plugins/workday.py for tasks to queue
[2023-12-28T15:04:08.729-0300] {logging_mixin.py:154} INFO - [2023-12-28T15:04:08.729-0300] {dagbag.py:536} INFO - Filling up the DagBag from /home/pedro/projetos/projetos_python/proj_twitter_pipeline/venv/lib/python3.9/site-packages/airflow/example_dags/plugins/workday.py
[2023-12-28T15:04:09.118-0300] {processor.py:841} WARNING - No viable dags retrieved from /home/pedro/projetos/projetos_python/proj_twitter_pipeline/venv/lib/python3.9/site-packages/airflow/example_dags/plugins/workday.py
[2023-12-28T15:04:09.122-0300] {processor.py:179} INFO - Processing /home/pedro/projetos/projetos_python/proj_twitter_pipeline/venv/lib/python3.9/site-packages/airflow/example_dags/plugins/workday.py took 0.398 seconds
[2023-12-28T15:04:59.393-0300] {processor.py:157} INFO - Started process (PID=2037) to work on /home/pedro/projetos/projetos_python/proj_twitter_pipeline/venv/lib/python3.9/site-packages/airflow/example_dags/plugins/workday.py
[2023-12-28T15:04:59.395-0300] {processor.py:829} INFO - Processing file /home/pedro/projetos/projetos_python/proj_twitter_pipeline/venv/lib/python3.9/site-packages/airflow/example_dags/plugins/workday.py for tasks to queue
[2023-12-28T15:04:59.396-0300] {logging_mixin.py:154} INFO - [2023-12-28T15:04:59.395-0300] {dagbag.py:536} INFO - Filling up the DagBag from /home/pedro/projetos/projetos_python/proj_twitter_pipeline/venv/lib/python3.9/site-packages/airflow/example_dags/plugins/workday.py
[2023-12-28T15:04:59.649-0300] {processor.py:841} WARNING - No viable dags retrieved from /home/pedro/projetos/projetos_python/proj_twitter_pipeline/venv/lib/python3.9/site-packages/airflow/example_dags/plugins/workday.py
[2023-12-28T15:04:59.654-0300] {processor.py:179} INFO - Processing /home/pedro/projetos/projetos_python/proj_twitter_pipeline/venv/lib/python3.9/site-packages/airflow/example_dags/plugins/workday.py took 0.263 seconds
[2023-12-28T15:05:46.283-0300] {processor.py:157} INFO - Started process (PID=2216) to work on /home/pedro/projetos/projetos_python/proj_twitter_pipeline/venv/lib/python3.9/site-packages/airflow/example_dags/plugins/workday.py
[2023-12-28T15:05:46.285-0300] {processor.py:829} INFO - Processing file /home/pedro/projetos/projetos_python/proj_twitter_pipeline/venv/lib/python3.9/site-packages/airflow/example_dags/plugins/workday.py for tasks to queue
[2023-12-28T15:05:46.285-0300] {logging_mixin.py:154} INFO - [2023-12-28T15:05:46.285-0300] {dagbag.py:536} INFO - Filling up the DagBag from /home/pedro/projetos/projetos_python/proj_twitter_pipeline/venv/lib/python3.9/site-packages/airflow/example_dags/plugins/workday.py
[2023-12-28T15:05:46.544-0300] {processor.py:841} WARNING - No viable dags retrieved from /home/pedro/projetos/projetos_python/proj_twitter_pipeline/venv/lib/python3.9/site-packages/airflow/example_dags/plugins/workday.py
[2023-12-28T15:05:46.549-0300] {processor.py:179} INFO - Processing /home/pedro/projetos/projetos_python/proj_twitter_pipeline/venv/lib/python3.9/site-packages/airflow/example_dags/plugins/workday.py took 0.269 seconds
[2023-12-28T15:06:36.112-0300] {processor.py:157} INFO - Started process (PID=2460) to work on /home/pedro/projetos/projetos_python/proj_twitter_pipeline/venv/lib/python3.9/site-packages/airflow/example_dags/plugins/workday.py
[2023-12-28T15:06:36.114-0300] {processor.py:829} INFO - Processing file /home/pedro/projetos/projetos_python/proj_twitter_pipeline/venv/lib/python3.9/site-packages/airflow/example_dags/plugins/workday.py for tasks to queue
[2023-12-28T15:06:36.116-0300] {logging_mixin.py:154} INFO - [2023-12-28T15:06:36.115-0300] {dagbag.py:536} INFO - Filling up the DagBag from /home/pedro/projetos/projetos_python/proj_twitter_pipeline/venv/lib/python3.9/site-packages/airflow/example_dags/plugins/workday.py
[2023-12-28T15:06:36.373-0300] {processor.py:841} WARNING - No viable dags retrieved from /home/pedro/projetos/projetos_python/proj_twitter_pipeline/venv/lib/python3.9/site-packages/airflow/example_dags/plugins/workday.py
[2023-12-28T15:06:36.379-0300] {processor.py:179} INFO - Processing /home/pedro/projetos/projetos_python/proj_twitter_pipeline/venv/lib/python3.9/site-packages/airflow/example_dags/plugins/workday.py took 0.269 seconds
[2023-12-28T15:07:25.193-0300] {processor.py:157} INFO - Started process (PID=2643) to work on /home/pedro/projetos/projetos_python/proj_twitter_pipeline/venv/lib/python3.9/site-packages/airflow/example_dags/plugins/workday.py
[2023-12-28T15:07:25.196-0300] {processor.py:829} INFO - Processing file /home/pedro/projetos/projetos_python/proj_twitter_pipeline/venv/lib/python3.9/site-packages/airflow/example_dags/plugins/workday.py for tasks to queue
[2023-12-28T15:07:25.197-0300] {logging_mixin.py:154} INFO - [2023-12-28T15:07:25.197-0300] {dagbag.py:536} INFO - Filling up the DagBag from /home/pedro/projetos/projetos_python/proj_twitter_pipeline/venv/lib/python3.9/site-packages/airflow/example_dags/plugins/workday.py
[2023-12-28T15:07:25.455-0300] {processor.py:841} WARNING - No viable dags retrieved from /home/pedro/projetos/projetos_python/proj_twitter_pipeline/venv/lib/python3.9/site-packages/airflow/example_dags/plugins/workday.py
[2023-12-28T15:07:25.459-0300] {processor.py:179} INFO - Processing /home/pedro/projetos/projetos_python/proj_twitter_pipeline/venv/lib/python3.9/site-packages/airflow/example_dags/plugins/workday.py took 0.268 seconds
[2023-12-28T15:08:13.553-0300] {processor.py:157} INFO - Started process (PID=2766) to work on /home/pedro/projetos/projetos_python/proj_twitter_pipeline/venv/lib/python3.9/site-packages/airflow/example_dags/plugins/workday.py
[2023-12-28T15:08:13.556-0300] {processor.py:829} INFO - Processing file /home/pedro/projetos/projetos_python/proj_twitter_pipeline/venv/lib/python3.9/site-packages/airflow/example_dags/plugins/workday.py for tasks to queue
[2023-12-28T15:08:13.556-0300] {logging_mixin.py:154} INFO - [2023-12-28T15:08:13.556-0300] {dagbag.py:536} INFO - Filling up the DagBag from /home/pedro/projetos/projetos_python/proj_twitter_pipeline/venv/lib/python3.9/site-packages/airflow/example_dags/plugins/workday.py
[2023-12-28T15:08:13.812-0300] {processor.py:841} WARNING - No viable dags retrieved from /home/pedro/projetos/projetos_python/proj_twitter_pipeline/venv/lib/python3.9/site-packages/airflow/example_dags/plugins/workday.py
[2023-12-28T15:08:13.817-0300] {processor.py:179} INFO - Processing /home/pedro/projetos/projetos_python/proj_twitter_pipeline/venv/lib/python3.9/site-packages/airflow/example_dags/plugins/workday.py took 0.266 seconds
[2023-12-28T15:09:01.383-0300] {processor.py:157} INFO - Started process (PID=2945) to work on /home/pedro/projetos/projetos_python/proj_twitter_pipeline/venv/lib/python3.9/site-packages/airflow/example_dags/plugins/workday.py
[2023-12-28T15:09:01.386-0300] {processor.py:829} INFO - Processing file /home/pedro/projetos/projetos_python/proj_twitter_pipeline/venv/lib/python3.9/site-packages/airflow/example_dags/plugins/workday.py for tasks to queue
[2023-12-28T15:09:01.387-0300] {logging_mixin.py:154} INFO - [2023-12-28T15:09:01.386-0300] {dagbag.py:536} INFO - Filling up the DagBag from /home/pedro/projetos/projetos_python/proj_twitter_pipeline/venv/lib/python3.9/site-packages/airflow/example_dags/plugins/workday.py
[2023-12-28T15:09:01.645-0300] {processor.py:841} WARNING - No viable dags retrieved from /home/pedro/projetos/projetos_python/proj_twitter_pipeline/venv/lib/python3.9/site-packages/airflow/example_dags/plugins/workday.py
[2023-12-28T15:09:01.650-0300] {processor.py:179} INFO - Processing /home/pedro/projetos/projetos_python/proj_twitter_pipeline/venv/lib/python3.9/site-packages/airflow/example_dags/plugins/workday.py took 0.268 seconds
[2023-12-28T15:09:51.554-0300] {processor.py:157} INFO - Started process (PID=3132) to work on /home/pedro/projetos/projetos_python/proj_twitter_pipeline/venv/lib/python3.9/site-packages/airflow/example_dags/plugins/workday.py
[2023-12-28T15:09:51.556-0300] {processor.py:829} INFO - Processing file /home/pedro/projetos/projetos_python/proj_twitter_pipeline/venv/lib/python3.9/site-packages/airflow/example_dags/plugins/workday.py for tasks to queue
[2023-12-28T15:09:51.557-0300] {logging_mixin.py:154} INFO - [2023-12-28T15:09:51.557-0300] {dagbag.py:536} INFO - Filling up the DagBag from /home/pedro/projetos/projetos_python/proj_twitter_pipeline/venv/lib/python3.9/site-packages/airflow/example_dags/plugins/workday.py
[2023-12-28T15:09:51.812-0300] {processor.py:841} WARNING - No viable dags retrieved from /home/pedro/projetos/projetos_python/proj_twitter_pipeline/venv/lib/python3.9/site-packages/airflow/example_dags/plugins/workday.py
[2023-12-28T15:09:51.817-0300] {processor.py:179} INFO - Processing /home/pedro/projetos/projetos_python/proj_twitter_pipeline/venv/lib/python3.9/site-packages/airflow/example_dags/plugins/workday.py took 0.265 seconds
[2023-12-28T15:10:35.613-0300] {processor.py:157} INFO - Started process (PID=3306) to work on /home/pedro/projetos/projetos_python/proj_twitter_pipeline/venv/lib/python3.9/site-packages/airflow/example_dags/plugins/workday.py
[2023-12-28T15:10:35.617-0300] {processor.py:829} INFO - Processing file /home/pedro/projetos/projetos_python/proj_twitter_pipeline/venv/lib/python3.9/site-packages/airflow/example_dags/plugins/workday.py for tasks to queue
[2023-12-28T15:10:35.618-0300] {logging_mixin.py:154} INFO - [2023-12-28T15:10:35.618-0300] {dagbag.py:536} INFO - Filling up the DagBag from /home/pedro/projetos/projetos_python/proj_twitter_pipeline/venv/lib/python3.9/site-packages/airflow/example_dags/plugins/workday.py
[2023-12-28T15:10:35.904-0300] {processor.py:841} WARNING - No viable dags retrieved from /home/pedro/projetos/projetos_python/proj_twitter_pipeline/venv/lib/python3.9/site-packages/airflow/example_dags/plugins/workday.py
[2023-12-28T15:10:35.910-0300] {processor.py:179} INFO - Processing /home/pedro/projetos/projetos_python/proj_twitter_pipeline/venv/lib/python3.9/site-packages/airflow/example_dags/plugins/workday.py took 0.299 seconds
[2023-12-28T15:11:26.058-0300] {processor.py:157} INFO - Started process (PID=3489) to work on /home/pedro/projetos/projetos_python/proj_twitter_pipeline/venv/lib/python3.9/site-packages/airflow/example_dags/plugins/workday.py
[2023-12-28T15:11:26.060-0300] {processor.py:829} INFO - Processing file /home/pedro/projetos/projetos_python/proj_twitter_pipeline/venv/lib/python3.9/site-packages/airflow/example_dags/plugins/workday.py for tasks to queue
[2023-12-28T15:11:26.061-0300] {logging_mixin.py:154} INFO - [2023-12-28T15:11:26.061-0300] {dagbag.py:536} INFO - Filling up the DagBag from /home/pedro/projetos/projetos_python/proj_twitter_pipeline/venv/lib/python3.9/site-packages/airflow/example_dags/plugins/workday.py
[2023-12-28T15:11:26.330-0300] {processor.py:841} WARNING - No viable dags retrieved from /home/pedro/projetos/projetos_python/proj_twitter_pipeline/venv/lib/python3.9/site-packages/airflow/example_dags/plugins/workday.py
[2023-12-28T15:11:26.335-0300] {processor.py:179} INFO - Processing /home/pedro/projetos/projetos_python/proj_twitter_pipeline/venv/lib/python3.9/site-packages/airflow/example_dags/plugins/workday.py took 0.279 seconds
[2023-12-28T15:12:13.087-0300] {processor.py:157} INFO - Started process (PID=3668) to work on /home/pedro/projetos/projetos_python/proj_twitter_pipeline/venv/lib/python3.9/site-packages/airflow/example_dags/plugins/workday.py
[2023-12-28T15:12:13.090-0300] {processor.py:829} INFO - Processing file /home/pedro/projetos/projetos_python/proj_twitter_pipeline/venv/lib/python3.9/site-packages/airflow/example_dags/plugins/workday.py for tasks to queue
[2023-12-28T15:12:13.091-0300] {logging_mixin.py:154} INFO - [2023-12-28T15:12:13.091-0300] {dagbag.py:536} INFO - Filling up the DagBag from /home/pedro/projetos/projetos_python/proj_twitter_pipeline/venv/lib/python3.9/site-packages/airflow/example_dags/plugins/workday.py
[2023-12-28T15:12:13.495-0300] {processor.py:841} WARNING - No viable dags retrieved from /home/pedro/projetos/projetos_python/proj_twitter_pipeline/venv/lib/python3.9/site-packages/airflow/example_dags/plugins/workday.py
[2023-12-28T15:12:13.506-0300] {processor.py:179} INFO - Processing /home/pedro/projetos/projetos_python/proj_twitter_pipeline/venv/lib/python3.9/site-packages/airflow/example_dags/plugins/workday.py took 0.424 seconds
[2023-12-28T15:12:50.423-0300] {processor.py:157} INFO - Started process (PID=3820) to work on /home/pedro/projetos/projetos_python/proj_twitter_pipeline/venv/lib/python3.9/site-packages/airflow/example_dags/plugins/workday.py
[2023-12-28T15:12:50.424-0300] {processor.py:829} INFO - Processing file /home/pedro/projetos/projetos_python/proj_twitter_pipeline/venv/lib/python3.9/site-packages/airflow/example_dags/plugins/workday.py for tasks to queue
[2023-12-28T15:12:50.425-0300] {logging_mixin.py:154} INFO - [2023-12-28T15:12:50.425-0300] {dagbag.py:536} INFO - Filling up the DagBag from /home/pedro/projetos/projetos_python/proj_twitter_pipeline/venv/lib/python3.9/site-packages/airflow/example_dags/plugins/workday.py
[2023-12-28T15:12:50.880-0300] {processor.py:841} WARNING - No viable dags retrieved from /home/pedro/projetos/projetos_python/proj_twitter_pipeline/venv/lib/python3.9/site-packages/airflow/example_dags/plugins/workday.py
[2023-12-28T15:12:50.889-0300] {processor.py:179} INFO - Processing /home/pedro/projetos/projetos_python/proj_twitter_pipeline/venv/lib/python3.9/site-packages/airflow/example_dags/plugins/workday.py took 0.474 seconds
[2023-12-28T15:13:44.162-0300] {processor.py:157} INFO - Started process (PID=4015) to work on /home/pedro/projetos/projetos_python/proj_twitter_pipeline/venv/lib/python3.9/site-packages/airflow/example_dags/plugins/workday.py
[2023-12-28T15:13:44.164-0300] {processor.py:829} INFO - Processing file /home/pedro/projetos/projetos_python/proj_twitter_pipeline/venv/lib/python3.9/site-packages/airflow/example_dags/plugins/workday.py for tasks to queue
[2023-12-28T15:13:44.165-0300] {logging_mixin.py:154} INFO - [2023-12-28T15:13:44.165-0300] {dagbag.py:536} INFO - Filling up the DagBag from /home/pedro/projetos/projetos_python/proj_twitter_pipeline/venv/lib/python3.9/site-packages/airflow/example_dags/plugins/workday.py
[2023-12-28T15:13:44.441-0300] {processor.py:841} WARNING - No viable dags retrieved from /home/pedro/projetos/projetos_python/proj_twitter_pipeline/venv/lib/python3.9/site-packages/airflow/example_dags/plugins/workday.py
[2023-12-28T15:13:44.446-0300] {processor.py:179} INFO - Processing /home/pedro/projetos/projetos_python/proj_twitter_pipeline/venv/lib/python3.9/site-packages/airflow/example_dags/plugins/workday.py took 0.287 seconds
[2023-12-28T15:14:37.674-0300] {processor.py:157} INFO - Started process (PID=4208) to work on /home/pedro/projetos/projetos_python/proj_twitter_pipeline/venv/lib/python3.9/site-packages/airflow/example_dags/plugins/workday.py
[2023-12-28T15:14:37.677-0300] {processor.py:829} INFO - Processing file /home/pedro/projetos/projetos_python/proj_twitter_pipeline/venv/lib/python3.9/site-packages/airflow/example_dags/plugins/workday.py for tasks to queue
[2023-12-28T15:14:37.677-0300] {logging_mixin.py:154} INFO - [2023-12-28T15:14:37.677-0300] {dagbag.py:536} INFO - Filling up the DagBag from /home/pedro/projetos/projetos_python/proj_twitter_pipeline/venv/lib/python3.9/site-packages/airflow/example_dags/plugins/workday.py
[2023-12-28T15:14:37.967-0300] {processor.py:841} WARNING - No viable dags retrieved from /home/pedro/projetos/projetos_python/proj_twitter_pipeline/venv/lib/python3.9/site-packages/airflow/example_dags/plugins/workday.py
[2023-12-28T15:14:37.971-0300] {processor.py:179} INFO - Processing /home/pedro/projetos/projetos_python/proj_twitter_pipeline/venv/lib/python3.9/site-packages/airflow/example_dags/plugins/workday.py took 0.300 seconds
[2023-12-28T15:15:28.562-0300] {processor.py:157} INFO - Started process (PID=4395) to work on /home/pedro/projetos/projetos_python/proj_twitter_pipeline/venv/lib/python3.9/site-packages/airflow/example_dags/plugins/workday.py
[2023-12-28T15:15:28.564-0300] {processor.py:829} INFO - Processing file /home/pedro/projetos/projetos_python/proj_twitter_pipeline/venv/lib/python3.9/site-packages/airflow/example_dags/plugins/workday.py for tasks to queue
[2023-12-28T15:15:28.565-0300] {logging_mixin.py:154} INFO - [2023-12-28T15:15:28.565-0300] {dagbag.py:536} INFO - Filling up the DagBag from /home/pedro/projetos/projetos_python/proj_twitter_pipeline/venv/lib/python3.9/site-packages/airflow/example_dags/plugins/workday.py
[2023-12-28T15:15:28.835-0300] {processor.py:841} WARNING - No viable dags retrieved from /home/pedro/projetos/projetos_python/proj_twitter_pipeline/venv/lib/python3.9/site-packages/airflow/example_dags/plugins/workday.py
[2023-12-28T15:15:28.840-0300] {processor.py:179} INFO - Processing /home/pedro/projetos/projetos_python/proj_twitter_pipeline/venv/lib/python3.9/site-packages/airflow/example_dags/plugins/workday.py took 0.280 seconds
[2023-12-28T15:16:15.500-0300] {processor.py:157} INFO - Started process (PID=4514) to work on /home/pedro/projetos/projetos_python/proj_twitter_pipeline/venv/lib/python3.9/site-packages/airflow/example_dags/plugins/workday.py
[2023-12-28T15:16:15.504-0300] {processor.py:829} INFO - Processing file /home/pedro/projetos/projetos_python/proj_twitter_pipeline/venv/lib/python3.9/site-packages/airflow/example_dags/plugins/workday.py for tasks to queue
[2023-12-28T15:16:15.506-0300] {logging_mixin.py:154} INFO - [2023-12-28T15:16:15.505-0300] {dagbag.py:536} INFO - Filling up the DagBag from /home/pedro/projetos/projetos_python/proj_twitter_pipeline/venv/lib/python3.9/site-packages/airflow/example_dags/plugins/workday.py
[2023-12-28T15:16:15.787-0300] {processor.py:841} WARNING - No viable dags retrieved from /home/pedro/projetos/projetos_python/proj_twitter_pipeline/venv/lib/python3.9/site-packages/airflow/example_dags/plugins/workday.py
[2023-12-28T15:16:15.792-0300] {processor.py:179} INFO - Processing /home/pedro/projetos/projetos_python/proj_twitter_pipeline/venv/lib/python3.9/site-packages/airflow/example_dags/plugins/workday.py took 0.293 seconds
